
Starting to launch opencl_compare...
Fast run...
Data size: 1000

Detection mode: All
------ Start hardware checking ------
Platform: Intel(R) OpenCL
Number of devices: 2
	Computing device 0 : Intel(R) Xeon(R) CPU E5-2650 v3 @ 2.30GHz
	Computing device 1 : Intel(R) Many Integrated Core Acceleration Card
Please enter the index of the device to use (0,1,2...) : Selected device: Intel(R) Xeon(R) CPU E5-2650 v3 @ 2.30GHz
------ End of hardware checking ------

length:33554432 localSize=512 R=0 L=1 Thr=0.171843GKeys/s best!
length:33554432 localSize=512 R=0 L=2 Thr=0.21303GKeys/s best!
length:33554432 localSize=512 R=0 L=3 Thr=0.243815GKeys/s best!
length:33554432 localSize=512 R=0 L=4 Thr=0.255537GKeys/s best!
length:33554432 localSize=512 R=0 L=5 Thr=0.265587GKeys/s best!
length:33554432 localSize=512 R=0 L=6 Thr=0.270034GKeys/s best!
length:33554432 localSize=512 R=0 L=7 Thr=0.266092GKeys/s
length:33554432 localSize=512 R=0 L=8 Thr=0.27709GKeys/s best!
length:33554432 localSize=512 R=0 L=9 Thr=0.285579GKeys/s best!
length:33554432 localSize=512 R=0 L=10 Thr=0.287309GKeys/s best!
length:33554432 localSize=512 R=0 L=11 Thr=0.291329GKeys/s best!
length:33554432 localSize=512 R=0 L=12 Thr=0.233499GKeys/s
length:33554432 localSize=512 R=0 L=13 Thr=0.295842GKeys/s best!
length:33554432 localSize=512 R=0 L=14 Thr=0.299575GKeys/s best!
length:33554432 localSize=512 R=0 L=15 Thr=0.303416GKeys/s best!
length:33554432 localSize=512 R=1 L=0 Thr=0.161917GKeys/s
length:33554432 localSize=512 R=1 L=1 Thr=0.201378GKeys/s
length:33554432 localSize=512 R=1 L=2 Thr=0.231799GKeys/s
length:33554432 localSize=512 R=1 L=3 Thr=0.249057GKeys/s
length:33554432 localSize=512 R=1 L=4 Thr=0.259943GKeys/s
length:33554432 localSize=512 R=1 L=5 Thr=0.27244GKeys/s
length:33554432 localSize=512 R=1 L=6 Thr=0.279106GKeys/s
length:33554432 localSize=512 R=1 L=7 Thr=0.285592GKeys/s
length:33554432 localSize=512 R=1 L=8 Thr=0.287283GKeys/s
length:33554432 localSize=512 R=1 L=9 Thr=0.28369GKeys/s
length:33554432 localSize=512 R=1 L=10 Thr=0.293829GKeys/s
length:33554432 localSize=512 R=1 L=11 Thr=0.293776GKeys/s
length:33554432 localSize=512 R=1 L=12 Thr=0.308821GKeys/s best!
length:33554432 localSize=512 R=1 L=13 Thr=0.308197GKeys/s
length:33554432 localSize=512 R=1 L=14 Thr=0.268853GKeys/s
length:33554432 localSize=512 R=2 L=0 Thr=0.225396GKeys/s
length:33554432 localSize=512 R=2 L=1 Thr=0.237174GKeys/s
length:33554432 localSize=512 R=2 L=2 Thr=0.253365GKeys/s
length:33554432 localSize=512 R=2 L=3 Thr=0.264336GKeys/s
length:33554432 localSize=512 R=2 L=4 Thr=0.273846GKeys/s
length:33554432 localSize=512 R=2 L=5 Thr=0.222223GKeys/s
length:33554432 localSize=512 R=2 L=6 Thr=0.281971GKeys/s
length:33554432 localSize=512 R=2 L=7 Thr=0.287569GKeys/s
length:33554432 localSize=512 R=2 L=8 Thr=0.294372GKeys/s
length:33554432 localSize=512 R=2 L=9 Thr=0.291141GKeys/s
length:33554432 localSize=512 R=2 L=10 Thr=0.297718GKeys/s
length:33554432 localSize=512 R=2 L=11 Thr=0.305794GKeys/s
length:33554432 localSize=512 R=2 L=12 Thr=0.307183GKeys/s
length:33554432 localSize=512 R=2 L=13 Thr=0.311612GKeys/s best!
length:33554432 localSize=512 R=3 L=0 Thr=0.251821GKeys/s
length:33554432 localSize=512 R=3 L=1 Thr=0.258446GKeys/s
length:33554432 localSize=512 R=3 L=2 Thr=0.269841GKeys/s
length:33554432 localSize=512 R=3 L=3 Thr=0.271552GKeys/s
length:33554432 localSize=512 R=3 L=4 Thr=0.286091GKeys/s
length:33554432 localSize=512 R=3 L=5 Thr=0.194993GKeys/s
length:33554432 localSize=512 R=3 L=6 Thr=0.291183GKeys/s
length:33554432 localSize=512 R=3 L=7 Thr=0.299381GKeys/s
length:33554432 localSize=512 R=3 L=8 Thr=0.296878GKeys/s
length:33554432 localSize=512 R=3 L=9 Thr=0.300242GKeys/s
length:33554432 localSize=512 R=3 L=10 Thr=0.310607GKeys/s
length:33554432 localSize=512 R=3 L=11 Thr=0.317452GKeys/s best!
length:33554432 localSize=512 R=3 L=12 Thr=0.323938GKeys/s best!
length:33554432 localSize=512 R=4 L=0 Thr=0.279791GKeys/s
length:33554432 localSize=512 R=4 L=1 Thr=0.272282GKeys/s
length:33554432 localSize=512 R=4 L=2 Thr=0.282507GKeys/s
length:33554432 localSize=512 R=4 L=3 Thr=0.298957GKeys/s
length:33554432 localSize=512 R=4 L=4 Thr=0.283042GKeys/s
length:33554432 localSize=512 R=4 L=5 Thr=0.303094GKeys/s
length:33554432 localSize=512 R=4 L=6 Thr=0.320082GKeys/s
length:33554432 localSize=512 R=4 L=7 Thr=0.318937GKeys/s
length:33554432 localSize=512 R=4 L=8 Thr=0.321097GKeys/s
length:33554432 localSize=512 R=4 L=9 Thr=0.327972GKeys/s best!
length:33554432 localSize=512 R=4 L=10 Thr=0.319038GKeys/s
length:33554432 localSize=512 R=4 L=11 Thr=0.332697GKeys/s best!
length:33554432 localSize=512 R=5 L=0 Thr=0.308638GKeys/s
length:33554432 localSize=512 R=5 L=1 Thr=0.301279GKeys/s
length:33554432 localSize=512 R=5 L=2 Thr=0.303658GKeys/s
length:33554432 localSize=512 R=5 L=3 Thr=0.315982GKeys/s
length:33554432 localSize=512 R=5 L=4 Thr=0.320062GKeys/s
length:33554432 localSize=512 R=5 L=5 Thr=0.325876GKeys/s
length:33554432 localSize=512 R=5 L=6 Thr=0.328648GKeys/s
length:33554432 localSize=512 R=5 L=7 Thr=0.329639GKeys/s
length:33554432 localSize=512 R=5 L=8 Thr=0.336035GKeys/s best!
length:33554432 localSize=512 R=5 L=9 Thr=0.338605GKeys/s best!
length:33554432 localSize=512 R=5 L=10 Thr=0.344142GKeys/s best!
length:33554432 localSize=512 R=6 L=0 Thr=0.319914GKeys/s
length:33554432 localSize=512 R=6 L=1 Thr=0.312714GKeys/s
length:33554432 localSize=512 R=6 L=2 Thr=0.311051GKeys/s
length:33554432 localSize=512 R=6 L=3 Thr=0.323286GKeys/s
length:33554432 localSize=512 R=6 L=4 Thr=0.32725GKeys/s
length:33554432 localSize=512 R=6 L=5 Thr=0.329726GKeys/s
length:33554432 localSize=512 R=6 L=6 Thr=0.327697GKeys/s
length:33554432 localSize=512 R=6 L=7 Thr=0.334739GKeys/s
length:33554432 localSize=512 R=6 L=8 Thr=0.338152GKeys/s
length:33554432 localSize=512 R=6 L=9 Thr=0.340802GKeys/s
length:33554432 localSize=512 R=7 L=0 Thr=0.328791GKeys/s
length:33554432 localSize=512 R=7 L=1 Thr=0.320997GKeys/s
length:33554432 localSize=512 R=7 L=2 Thr=0.324993GKeys/s
length:33554432 localSize=512 R=7 L=3 Thr=0.329354GKeys/s
length:33554432 localSize=512 R=7 L=4 Thr=0.33156GKeys/s
length:33554432 localSize=512 R=7 L=5 Thr=0.327981GKeys/s
length:33554432 localSize=512 R=7 L=6 Thr=0.337083GKeys/s
length:33554432 localSize=512 R=7 L=7 Thr=0.339832GKeys/s
length:33554432 localSize=512 R=7 L=8 Thr=0.33737GKeys/s
length:33554432 localSize=512 R=8 L=0 Thr=0.333378GKeys/s
length:33554432 localSize=512 R=8 L=1 Thr=0.325075GKeys/s
length:33554432 localSize=512 R=8 L=2 Thr=0.329993GKeys/s
length:33554432 localSize=512 R=8 L=3 Thr=0.33323GKeys/s
length:33554432 localSize=512 R=8 L=4 Thr=0.332625GKeys/s
length:33554432 localSize=512 R=8 L=5 Thr=0.339562GKeys/s
length:33554432 localSize=512 R=8 L=6 Thr=0.341955GKeys/s
length:33554432 localSize=512 R=8 L=7 Thr=0.343464GKeys/s
length:33554432 localSize=512 R=9 L=0 Thr=0.332462GKeys/s
length:33554432 localSize=512 R=9 L=1 Thr=0.327945GKeys/s
length:33554432 localSize=512 R=9 L=2 Thr=0.332331GKeys/s
length:33554432 localSize=512 R=9 L=3 Thr=0.331522GKeys/s
length:33554432 localSize=512 R=9 L=4 Thr=0.336914GKeys/s
length:33554432 localSize=512 R=9 L=5 Thr=0.337704GKeys/s
length:33554432 localSize=512 R=9 L=6 Thr=0.340762GKeys/s
length:33554432 localSize=512 R=10 L=0 Thr=0.338945GKeys/s
length:33554432 localSize=512 R=10 L=1 Thr=0.334475GKeys/s
length:33554432 localSize=512 R=10 L=2 Thr=0.333223GKeys/s
length:33554432 localSize=512 R=10 L=3 Thr=0.338069GKeys/s
length:33554432 localSize=512 R=10 L=4 Thr=0.337659GKeys/s
length:33554432 localSize=512 R=10 L=5 Thr=0.343141GKeys/s
length:33554432 localSize=512 R=11 L=0 Thr=0.347251GKeys/s best!
length:33554432 localSize=512 R=11 L=1 Thr=0.340459GKeys/s
length:33554432 localSize=512 R=11 L=2 Thr=0.344615GKeys/s
length:33554432 localSize=512 R=11 L=3 Thr=0.344589GKeys/s
length:33554432 localSize=512 R=11 L=4 Thr=0.346854GKeys/s
length:33554432 localSize=512 R=12 L=0 Thr=0.348624GKeys/s best!
length:33554432 localSize=512 R=12 L=1 Thr=0.345468GKeys/s
length:33554432 localSize=512 R=12 L=2 Thr=0.347551GKeys/s
length:33554432 localSize=512 R=12 L=3 Thr=0.350659GKeys/s best!
length:33554432 localSize=512 R=13 L=0 Thr=0.355603GKeys/s best!
length:33554432 localSize=512 R=13 L=1 Thr=0.349413GKeys/s
length:33554432 localSize=512 R=13 L=2 Thr=0.347253GKeys/s
length:33554432 localSize=512 R=14 L=0 Thr=0.358168GKeys/s best!
length:33554432 localSize=512 R=14 L=1 Thr=0.34933GKeys/s
length:33554432 localSize=512 R=15 L=0 Thr=0.361246GKeys/s best!
length:33554432 localSize=256 R=0 L=1 Thr=0.200829GKeys/s
length:33554432 localSize=256 R=0 L=2 Thr=0.240117GKeys/s
length:33554432 localSize=256 R=0 L=3 Thr=0.267389GKeys/s
length:33554432 localSize=256 R=0 L=4 Thr=0.284925GKeys/s
length:33554432 localSize=256 R=0 L=5 Thr=0.294612GKeys/s
length:33554432 localSize=256 R=0 L=6 Thr=0.303558GKeys/s
length:33554432 localSize=256 R=0 L=7 Thr=0.30899GKeys/s
length:33554432 localSize=256 R=0 L=8 Thr=0.314427GKeys/s
length:33554432 localSize=256 R=0 L=9 Thr=0.319011GKeys/s
length:33554432 localSize=256 R=0 L=10 Thr=0.321387GKeys/s
length:33554432 localSize=256 R=0 L=11 Thr=0.325395GKeys/s
length:33554432 localSize=256 R=0 L=12 Thr=0.325101GKeys/s
length:33554432 localSize=256 R=0 L=13 Thr=0.328442GKeys/s
length:33554432 localSize=256 R=0 L=14 Thr=0.330328GKeys/s
length:33554432 localSize=256 R=0 L=15 Thr=0.332639GKeys/s
length:33554432 localSize=256 R=0 L=16 Thr=0.328546GKeys/s
length:33554432 localSize=256 R=0 L=17 Thr=0.334699GKeys/s
length:33554432 localSize=256 R=0 L=18 Thr=0.337312GKeys/s
length:33554432 localSize=256 R=0 L=19 Thr=0.339024GKeys/s
length:33554432 localSize=256 R=0 L=20 Thr=0.339196GKeys/s
length:33554432 localSize=256 R=0 L=21 Thr=0.3388GKeys/s
length:33554432 localSize=256 R=0 L=22 Thr=0.340963GKeys/s
length:33554432 localSize=256 R=0 L=23 Thr=0.339966GKeys/s
length:33554432 localSize=256 R=0 L=24 Thr=0.342383GKeys/s
length:33554432 localSize=256 R=0 L=25 Thr=0.339731GKeys/s
length:33554432 localSize=256 R=0 L=26 Thr=0.345277GKeys/s
length:33554432 localSize=256 R=0 L=27 Thr=0.348519GKeys/s
length:33554432 localSize=256 R=0 L=28 Thr=0.342874GKeys/s
length:33554432 localSize=256 R=0 L=29 Thr=0.348098GKeys/s
length:33554432 localSize=256 R=0 L=30 Thr=0.346308GKeys/s
length:33554432 localSize=256 R=0 L=31 Thr=0.354779GKeys/s
length:33554432 localSize=256 R=1 L=0 Thr=0.184729GKeys/s
length:33554432 localSize=256 R=1 L=1 Thr=0.224394GKeys/s
length:33554432 localSize=256 R=1 L=2 Thr=0.253493GKeys/s
length:33554432 localSize=256 R=1 L=3 Thr=0.27037GKeys/s
length:33554432 localSize=256 R=1 L=4 Thr=0.285695GKeys/s
length:33554432 localSize=256 R=1 L=5 Thr=0.293111GKeys/s
length:33554432 localSize=256 R=1 L=6 Thr=0.30092GKeys/s
length:33554432 localSize=256 R=1 L=7 Thr=0.30372GKeys/s
length:33554432 localSize=256 R=1 L=8 Thr=0.311376GKeys/s
length:33554432 localSize=256 R=1 L=9 Thr=0.31491GKeys/s
length:33554432 localSize=256 R=1 L=10 Thr=0.319021GKeys/s
length:33554432 localSize=256 R=1 L=11 Thr=0.236763GKeys/s
length:33554432 localSize=256 R=1 L=12 Thr=0.323316GKeys/s
length:33554432 localSize=256 R=1 L=13 Thr=0.322144GKeys/s
length:33554432 localSize=256 R=1 L=14 Thr=0.32521GKeys/s
length:33554432 localSize=256 R=1 L=15 Thr=0.32531GKeys/s
length:33554432 localSize=256 R=1 L=16 Thr=0.329314GKeys/s
length:33554432 localSize=256 R=1 L=17 Thr=0.331802GKeys/s
length:33554432 localSize=256 R=1 L=18 Thr=0.333088GKeys/s
length:33554432 localSize=256 R=1 L=19 Thr=0.334655GKeys/s
length:33554432 localSize=256 R=1 L=20 Thr=0.333668GKeys/s
length:33554432 localSize=256 R=1 L=21 Thr=0.33439GKeys/s
length:33554432 localSize=256 R=1 L=22 Thr=0.334621GKeys/s
length:33554432 localSize=256 R=1 L=23 Thr=0.336984GKeys/s
length:33554432 localSize=256 R=1 L=24 Thr=0.337073GKeys/s
length:33554432 localSize=256 R=1 L=25 Thr=0.341941GKeys/s
length:33554432 localSize=256 R=1 L=26 Thr=0.344223GKeys/s
length:33554432 localSize=256 R=1 L=27 Thr=0.342972GKeys/s
length:33554432 localSize=256 R=1 L=28 Thr=0.344666GKeys/s
length:33554432 localSize=256 R=1 L=29 Thr=0.349456GKeys/s
length:33554432 localSize=256 R=1 L=30 Thr=0.351737GKeys/s
length:33554432 localSize=256 R=2 L=0 Thr=0.251788GKeys/s
length:33554432 localSize=256 R=2 L=1 Thr=0.260994GKeys/s
length:33554432 localSize=256 R=2 L=2 Thr=0.278058GKeys/s
length:33554432 localSize=256 R=2 L=3 Thr=0.290117GKeys/s
length:33554432 localSize=256 R=2 L=4 Thr=0.299169GKeys/s
length:33554432 localSize=256 R=2 L=5 Thr=0.300555GKeys/s
length:33554432 localSize=256 R=2 L=6 Thr=0.305842GKeys/s
length:33554432 localSize=256 R=2 L=7 Thr=0.313887GKeys/s
length:33554432 localSize=256 R=2 L=8 Thr=0.316861GKeys/s
length:33554432 localSize=256 R=2 L=9 Thr=0.32013GKeys/s
length:33554432 localSize=256 R=2 L=10 Thr=0.323534GKeys/s
length:33554432 localSize=256 R=2 L=11 Thr=0.325403GKeys/s
length:33554432 localSize=256 R=2 L=12 Thr=0.328134GKeys/s
length:33554432 localSize=256 R=2 L=13 Thr=0.327745GKeys/s
length:33554432 localSize=256 R=2 L=14 Thr=0.330673GKeys/s
length:33554432 localSize=256 R=2 L=15 Thr=0.330771GKeys/s
length:33554432 localSize=256 R=2 L=16 Thr=0.332381GKeys/s
length:33554432 localSize=256 R=2 L=17 Thr=0.334039GKeys/s
length:33554432 localSize=256 R=2 L=18 Thr=0.337235GKeys/s
length:33554432 localSize=256 R=2 L=19 Thr=0.334722GKeys/s
length:33554432 localSize=256 R=2 L=20 Thr=0.339831GKeys/s
length:33554432 localSize=256 R=2 L=21 Thr=0.340847GKeys/s
length:33554432 localSize=256 R=2 L=22 Thr=0.339321GKeys/s
length:33554432 localSize=256 R=2 L=23 Thr=0.339093GKeys/s
length:33554432 localSize=256 R=2 L=24 Thr=0.345958GKeys/s
length:33554432 localSize=256 R=2 L=25 Thr=0.346347GKeys/s
length:33554432 localSize=256 R=2 L=26 Thr=0.34674GKeys/s
length:33554432 localSize=256 R=2 L=27 Thr=0.348547GKeys/s
length:33554432 localSize=256 R=2 L=28 Thr=0.352817GKeys/s
length:33554432 localSize=256 R=2 L=29 Thr=0.349469GKeys/s
length:33554432 localSize=256 R=3 L=0 Thr=0.286048GKeys/s
length:33554432 localSize=256 R=3 L=1 Thr=0.285693GKeys/s
length:33554432 localSize=256 R=3 L=2 Thr=0.29647GKeys/s
length:33554432 localSize=256 R=3 L=3 Thr=0.304766GKeys/s
length:33554432 localSize=256 R=3 L=4 Thr=0.309563GKeys/s
length:33554432 localSize=256 R=3 L=5 Thr=0.315967GKeys/s
length:33554432 localSize=256 R=3 L=6 Thr=0.318319GKeys/s
length:33554432 localSize=256 R=3 L=7 Thr=0.320985GKeys/s
length:33554432 localSize=256 R=3 L=8 Thr=0.324897GKeys/s
length:33554432 localSize=256 R=3 L=9 Thr=0.325944GKeys/s
length:33554432 localSize=256 R=3 L=10 Thr=0.328602GKeys/s
length:33554432 localSize=256 R=3 L=11 Thr=0.330346GKeys/s
length:33554432 localSize=256 R=3 L=12 Thr=0.333706GKeys/s
length:33554432 localSize=256 R=3 L=13 Thr=0.330503GKeys/s
length:33554432 localSize=256 R=3 L=14 Thr=0.332449GKeys/s
length:33554432 localSize=256 R=3 L=15 Thr=0.335498GKeys/s
length:33554432 localSize=256 R=3 L=16 Thr=0.338018GKeys/s
length:33554432 localSize=256 R=3 L=17 Thr=0.336388GKeys/s
length:33554432 localSize=256 R=3 L=18 Thr=0.33914GKeys/s
length:33554432 localSize=256 R=3 L=19 Thr=0.335318GKeys/s
length:33554432 localSize=256 R=3 L=20 Thr=0.34132GKeys/s
length:33554432 localSize=256 R=3 L=21 Thr=0.275511GKeys/s
length:33554432 localSize=256 R=3 L=22 Thr=0.340801GKeys/s
length:33554432 localSize=256 R=3 L=23 Thr=0.346074GKeys/s
length:33554432 localSize=256 R=3 L=24 Thr=0.345952GKeys/s
length:33554432 localSize=256 R=3 L=25 Thr=0.347659GKeys/s
length:33554432 localSize=256 R=3 L=26 Thr=0.34975GKeys/s
length:33554432 localSize=256 R=3 L=27 Thr=0.349157GKeys/s
length:33554432 localSize=256 R=3 L=28 Thr=0.349949GKeys/s
length:33554432 localSize=256 R=4 L=0 Thr=0.30597GKeys/s
length:33554432 localSize=256 R=4 L=1 Thr=0.301068GKeys/s
length:33554432 localSize=256 R=4 L=2 Thr=0.307585GKeys/s
length:33554432 localSize=256 R=4 L=3 Thr=0.312492GKeys/s
length:33554432 localSize=256 R=4 L=4 Thr=0.317402GKeys/s
length:33554432 localSize=256 R=4 L=5 Thr=0.321186GKeys/s
length:33554432 localSize=256 R=4 L=6 Thr=0.323885GKeys/s
length:33554432 localSize=256 R=4 L=7 Thr=0.327345GKeys/s
length:33554432 localSize=256 R=4 L=8 Thr=0.329207GKeys/s
length:33554432 localSize=256 R=4 L=9 Thr=0.331164GKeys/s
length:33554432 localSize=256 R=4 L=10 Thr=0.333043GKeys/s
length:33554432 localSize=256 R=4 L=11 Thr=0.335061GKeys/s
length:33554432 localSize=256 R=4 L=12 Thr=0.334487GKeys/s
length:33554432 localSize=256 R=4 L=13 Thr=0.334977GKeys/s
length:33554432 localSize=256 R=4 L=14 Thr=0.338876GKeys/s
length:33554432 localSize=256 R=4 L=15 Thr=0.338466GKeys/s
length:33554432 localSize=256 R=4 L=16 Thr=0.340743GKeys/s
length:33554432 localSize=256 R=4 L=17 Thr=0.341628GKeys/s
length:33554432 localSize=256 R=4 L=18 Thr=0.341294GKeys/s
length:33554432 localSize=256 R=4 L=19 Thr=0.341922GKeys/s
length:33554432 localSize=256 R=4 L=20 Thr=0.343666GKeys/s
length:33554432 localSize=256 R=4 L=21 Thr=0.341519GKeys/s
length:33554432 localSize=256 R=4 L=22 Thr=0.345497GKeys/s
length:33554432 localSize=256 R=4 L=23 Thr=0.347882GKeys/s
length:33554432 localSize=256 R=4 L=24 Thr=0.348853GKeys/s
length:33554432 localSize=256 R=4 L=25 Thr=0.349511GKeys/s
length:33554432 localSize=256 R=4 L=26 Thr=0.349528GKeys/s
length:33554432 localSize=256 R=4 L=27 Thr=0.349185GKeys/s
length:33554432 localSize=256 R=5 L=0 Thr=0.321193GKeys/s
length:33554432 localSize=256 R=5 L=1 Thr=0.313268GKeys/s
length:33554432 localSize=256 R=5 L=2 Thr=0.319593GKeys/s
length:33554432 localSize=256 R=5 L=3 Thr=0.322308GKeys/s
length:33554432 localSize=256 R=5 L=4 Thr=0.324923GKeys/s
length:33554432 localSize=256 R=5 L=5 Thr=0.326063GKeys/s
length:33554432 localSize=256 R=5 L=6 Thr=0.327741GKeys/s
length:33554432 localSize=256 R=5 L=7 Thr=0.332118GKeys/s
length:33554432 localSize=256 R=5 L=8 Thr=0.333563GKeys/s
length:33554432 localSize=256 R=5 L=9 Thr=0.33318GKeys/s
length:33554432 localSize=256 R=5 L=10 Thr=0.335241GKeys/s
length:33554432 localSize=256 R=5 L=11 Thr=0.336755GKeys/s
length:33554432 localSize=256 R=5 L=12 Thr=0.336786GKeys/s
length:33554432 localSize=256 R=5 L=13 Thr=0.337895GKeys/s
length:33554432 localSize=256 R=5 L=14 Thr=0.34196GKeys/s
length:33554432 localSize=256 R=5 L=15 Thr=0.342298GKeys/s
length:33554432 localSize=256 R=5 L=16 Thr=0.338636GKeys/s
length:33554432 localSize=256 R=5 L=17 Thr=0.34356GKeys/s
length:33554432 localSize=256 R=5 L=18 Thr=0.344181GKeys/s
length:33554432 localSize=256 R=5 L=19 Thr=0.343054GKeys/s
length:33554432 localSize=256 R=5 L=20 Thr=0.342954GKeys/s
length:33554432 localSize=256 R=5 L=21 Thr=0.35072GKeys/s
length:33554432 localSize=256 R=5 L=22 Thr=0.348637GKeys/s
length:33554432 localSize=256 R=5 L=23 Thr=0.348687GKeys/s
length:33554432 localSize=256 R=5 L=24 Thr=0.352499GKeys/s
length:33554432 localSize=256 R=5 L=25 Thr=0.353023GKeys/s
length:33554432 localSize=256 R=5 L=26 Thr=0.353414GKeys/s
length:33554432 localSize=256 R=6 L=0 Thr=0.328355GKeys/s
length:33554432 localSize=256 R=6 L=1 Thr=0.317727GKeys/s
length:33554432 localSize=256 R=6 L=2 Thr=0.326598GKeys/s
length:33554432 localSize=256 R=6 L=3 Thr=0.327979GKeys/s
length:33554432 localSize=256 R=6 L=4 Thr=0.32434GKeys/s
length:33554432 localSize=256 R=6 L=5 Thr=0.329242GKeys/s
length:33554432 localSize=256 R=6 L=6 Thr=0.332765GKeys/s
length:33554432 localSize=256 R=6 L=7 Thr=0.336692GKeys/s
length:33554432 localSize=256 R=6 L=8 Thr=0.33619GKeys/s
length:33554432 localSize=256 R=6 L=9 Thr=0.337486GKeys/s
length:33554432 localSize=256 R=6 L=10 Thr=0.334605GKeys/s
length:33554432 localSize=256 R=6 L=11 Thr=0.339184GKeys/s
length:33554432 localSize=256 R=6 L=12 Thr=0.342427GKeys/s
length:33554432 localSize=256 R=6 L=13 Thr=0.343984GKeys/s
length:33554432 localSize=256 R=6 L=14 Thr=0.343065GKeys/s
length:33554432 localSize=256 R=6 L=15 Thr=0.344657GKeys/s
length:33554432 localSize=256 R=6 L=16 Thr=0.344789GKeys/s
length:33554432 localSize=256 R=6 L=17 Thr=0.344922GKeys/s
length:33554432 localSize=256 R=6 L=18 Thr=0.344981GKeys/s
length:33554432 localSize=256 R=6 L=19 Thr=0.339994GKeys/s
length:33554432 localSize=256 R=6 L=20 Thr=0.349367GKeys/s
length:33554432 localSize=256 R=6 L=21 Thr=0.34921GKeys/s
length:33554432 localSize=256 R=6 L=22 Thr=0.34965GKeys/s
length:33554432 localSize=256 R=6 L=23 Thr=0.348613GKeys/s
length:33554432 localSize=256 R=6 L=24 Thr=0.350214GKeys/s
length:33554432 localSize=256 R=6 L=25 Thr=0.351885GKeys/s
length:33554432 localSize=256 R=7 L=0 Thr=0.332991GKeys/s
length:33554432 localSize=256 R=7 L=1 Thr=0.309789GKeys/s
length:33554432 localSize=256 R=7 L=2 Thr=0.304242GKeys/s
length:33554432 localSize=256 R=7 L=3 Thr=0.331619GKeys/s
length:33554432 localSize=256 R=7 L=4 Thr=0.335643GKeys/s
length:33554432 localSize=256 R=7 L=5 Thr=0.336378GKeys/s
length:33554432 localSize=256 R=7 L=6 Thr=0.338743GKeys/s
length:33554432 localSize=256 R=7 L=7 Thr=0.33898GKeys/s
length:33554432 localSize=256 R=7 L=8 Thr=0.340822GKeys/s
length:33554432 localSize=256 R=7 L=9 Thr=0.338888GKeys/s
length:33554432 localSize=256 R=7 L=10 Thr=0.336957GKeys/s
length:33554432 localSize=256 R=7 L=11 Thr=0.34412GKeys/s
length:33554432 localSize=256 R=7 L=12 Thr=0.344496GKeys/s
length:33554432 localSize=256 R=7 L=13 Thr=0.344903GKeys/s
length:33554432 localSize=256 R=7 L=14 Thr=0.34596GKeys/s
length:33554432 localSize=256 R=7 L=15 Thr=0.346618GKeys/s
length:33554432 localSize=256 R=7 L=16 Thr=0.347789GKeys/s
length:33554432 localSize=256 R=7 L=17 Thr=0.34699GKeys/s
length:33554432 localSize=256 R=7 L=18 Thr=0.344748GKeys/s
length:33554432 localSize=256 R=7 L=19 Thr=0.350108GKeys/s
length:33554432 localSize=256 R=7 L=20 Thr=0.353137GKeys/s
length:33554432 localSize=256 R=7 L=21 Thr=0.35087GKeys/s
length:33554432 localSize=256 R=7 L=22 Thr=0.351587GKeys/s
length:33554432 localSize=256 R=7 L=23 Thr=0.352786GKeys/s
length:33554432 localSize=256 R=7 L=24 Thr=0.352648GKeys/s
length:33554432 localSize=256 R=8 L=0 Thr=0.341742GKeys/s
length:33554432 localSize=256 R=8 L=1 Thr=0.334396GKeys/s
length:33554432 localSize=256 R=8 L=2 Thr=0.336134GKeys/s
length:33554432 localSize=256 R=8 L=3 Thr=0.33959GKeys/s
length:33554432 localSize=256 R=8 L=4 Thr=0.340498GKeys/s
length:33554432 localSize=256 R=8 L=5 Thr=0.342738GKeys/s
length:33554432 localSize=256 R=8 L=6 Thr=0.34133GKeys/s
length:33554432 localSize=256 R=8 L=7 Thr=0.342996GKeys/s
length:33554432 localSize=256 R=8 L=8 Thr=0.344269GKeys/s
length:33554432 localSize=256 R=8 L=9 Thr=0.344586GKeys/s
length:33554432 localSize=256 R=8 L=10 Thr=0.3465GKeys/s
length:33554432 localSize=256 R=8 L=11 Thr=0.346708GKeys/s
length:33554432 localSize=256 R=8 L=12 Thr=0.347GKeys/s
length:33554432 localSize=256 R=8 L=13 Thr=0.346046GKeys/s
length:33554432 localSize=256 R=8 L=14 Thr=0.348975GKeys/s
length:33554432 localSize=256 R=8 L=15 Thr=0.345694GKeys/s
length:33554432 localSize=256 R=8 L=16 Thr=0.348857GKeys/s
length:33554432 localSize=256 R=8 L=17 Thr=0.346828GKeys/s
length:33554432 localSize=256 R=8 L=18 Thr=0.35297GKeys/s
length:33554432 localSize=256 R=8 L=19 Thr=0.352425GKeys/s
length:33554432 localSize=256 R=8 L=20 Thr=0.354619GKeys/s
length:33554432 localSize=256 R=8 L=21 Thr=0.354408GKeys/s
length:33554432 localSize=256 R=8 L=22 Thr=0.354877GKeys/s
length:33554432 localSize=256 R=8 L=23 Thr=0.355289GKeys/s
length:33554432 localSize=256 R=9 L=0 Thr=0.34793GKeys/s
length:33554432 localSize=256 R=9 L=1 Thr=0.337425GKeys/s
length:33554432 localSize=256 R=9 L=2 Thr=0.340896GKeys/s
length:33554432 localSize=256 R=9 L=3 Thr=0.340192GKeys/s
./bin/opencl_compare: line 101: 125052 Terminated              /ghome/zlai/workspace/opencl_study/opencl/bin/executor 1000
