
Starting to launch opencl_compare...
Fast run...
Data size: 33554432

Detection mode: All
------ Start hardware checking ------
Platform: Intel(R) OpenCL
Number of devices: 2
	Computing device 0 : Intel(R) Xeon(R) CPU E5-2650 v3 @ 2.30GHz
	Computing device 1 : Intel(R) Many Integrated Core Acceleration Card
Please enter the index of the device to use (0,1,2...) : Selected device: Intel(R) Many Integrated Core Acceleration Card
------ End of hardware checking ------

-----  Memory Access Test ----- 
Data type: int
Data size: 838860800
------------------ Coalesced Access ------------------
Data size: 512*16384*1(8388608) Time: 0.924069 ms	Throughput: 72.6232 GB/s
Data size: 512*16384*2(16777216) Time: 1.64845 ms	Throughput: 81.4208 GB/s
Data size: 512*16384*3(25165824) Time: 2.48696 ms	Throughput: 80.9529 GB/s
Data size: 512*16384*4(33554432) Time: 6.01196 ms	Throughput: 44.6503 GB/s
Data size: 512*16384*5(41943040) Time: 9.01536 ms	Throughput: 37.2192 GB/s
Data size: 512*16384*6(50331648) Time: 10.8689 ms	Throughput: 37.0465 GB/s
Data size: 512*16384*7(58720256) Time: 12.4991 ms	Throughput: 37.5837 GB/s
Data size: 512*16384*8(67108864) Time: 14.3761 ms	Throughput: 37.3448 GB/s
Data size: 512*16384*9(75497472) Time: 16.313 ms	Throughput: 37.0243 GB/s
Data size: 512*16384*10(83886080) Time: 17.965 ms	Throughput: 37.3554 GB/s
Data size: 512*16384*11(92274688) Time: 19.6383 ms	Throughput: 37.5896 GB/s
Data size: 512*16384*12(100663296) Time: 21.5813 ms	Throughput: 37.315 GB/s
Data size: 512*16384*13(109051904) Time: 23.391 ms	Throughput: 37.297 GB/s
Data size: 512*16384*14(117440512) Time: 25.0911 ms	Throughput: 37.4445 GB/s
Data size: 512*16384*15(125829120) Time: 26.9755 ms	Throughput: 37.3166 GB/s
Data size: 512*16384*16(134217728) Time: 28.8223 ms	Throughput: 37.2538 GB/s
Data size: 512*16384*17(142606336) Time: 30.9315 ms	Throughput: 36.8831 GB/s
Data size: 512*16384*18(150994944) Time: 33.2758 ms	Throughput: 36.3015 GB/s
Data size: 512*16384*19(159383552) Time: 34.4905 ms	Throughput: 36.9687 GB/s
Data size: 512*16384*20(167772160) Time: 35.6314 ms	Throughput: 37.6684 GB/s
Data size: 512*16384*21(176160768) Time: 37.1235 ms	Throughput: 37.9621 GB/s
Data size: 512*16384*22(184549376) Time: 39.5468 ms	Throughput: 37.3329 GB/s
Data size: 512*16384*23(192937984) Time: 41.6226 ms	Throughput: 37.0834 GB/s
Data size: 512*16384*24(201326592) Time: 43.4092 ms	Throughput: 37.103 GB/s
Data size: 512*16384*25(209715200) Time: 45.2509 ms	Throughput: 37.076 GB/s
Data size: 512*16384*26(218103808) Time: 47.101 ms	Throughput: 37.0444 GB/s
Data size: 512*16384*27(226492416) Time: 49.0126 ms	Throughput: 36.9688 GB/s
Data size: 512*16384*28(234881024) Time: 50.7878 ms	Throughput: 36.998 GB/s
Data size: 512*16384*29(243269632) Time: 52.5063 ms	Throughput: 37.0652 GB/s
Data size: 512*16384*30(251658240) Time: 54.339 ms	Throughput: 37.0501 GB/s
Data size: 512*16384*31(260046848) Time: 56.1275 ms	Throughput: 37.0651 GB/s
Data size: 512*16384*32(268435456) Time: 57.9829 ms	Throughput: 37.0365 GB/s
Data size: 512*16384*33(276824064) Time: 59.974 ms	Throughput: 36.9259 GB/s
Data size: 512*16384*34(285212672) Time: 61.8856 ms	Throughput: 36.8696 GB/s
Data size: 512*16384*35(293601280) Time: 64.0471 ms	Throughput: 36.6732 GB/s
Data size: 512*16384*36(301989888) Time: 66.0984 ms	Throughput: 36.5503 GB/s
Data size: 512*16384*37(310378496) Time: 67.534 ms	Throughput: 36.7671 GB/s
Data size: 512*16384*38(318767104) Time: 68.7518 ms	Throughput: 37.0919 GB/s
Data size: 512*16384*39(327155712) Time: 70.2698 ms	Throughput: 37.2457 GB/s
Data size: 512*16384*40(335544320) Time: 72.0407 ms	Throughput: 37.2616 GB/s
Data size: 512*16384*41(343932928) Time: 74.0138 ms	Throughput: 37.175 GB/s
Data size: 512*16384*42(352321536) Time: 75.9955 ms	Throughput: 37.0887 GB/s
Data size: 512*16384*43(360710144) Time: 77.9769 ms	Throughput: 37.0069 GB/s
Data size: 512*16384*44(369098752) Time: 80.0475 ms	Throughput: 36.888 GB/s
Data size: 512*16384*45(377487360) Time: 82.0444 ms	Throughput: 36.8081 GB/s
Data size: 512*16384*46(385875968) Time: 83.796 ms	Throughput: 36.8396 GB/s
Data size: 512*16384*47(394264576) Time: 85.4204 ms	Throughput: 36.9246 GB/s
Data size: 512*16384*48(402653184) Time: 87.1922 ms	Throughput: 36.9439 GB/s
Data size: 512*16384*49(411041792) Time: 89.0951 ms	Throughput: 36.9081 GB/s
Data size: 512*16384*50(419430400) Time: 91.0735 ms	Throughput: 36.8432 GB/s
Data size: 512*16384*51(427819008) Time: 92.7101 ms	Throughput: 36.9167 GB/s
Data size: 512*16384*52(436207616) Time: 94.8473 ms	Throughput: 36.7924 GB/s
Data size: 512*16384*53(444596224) Time: 96.9809 ms	Throughput: 36.675 GB/s
Data size: 512*16384*54(452984832) Time: 99.0096 ms	Throughput: 36.6013 GB/s
Data size: 512*16384*55(461373440) Time: 100.55 ms	Throughput: 36.7082 GB/s
Data size: 512*16384*56(469762048) Time: 101.916 ms	Throughput: 36.8743 GB/s
Data size: 512*16384*57(478150656) Time: 103.22 ms	Throughput: 37.0587 GB/s
Data size: 512*16384*58(486539264) Time: 104.864 ms	Throughput: 37.1178 GB/s
Data size: 512*16384*59(494927872) Time: 106.843 ms	Throughput: 37.0585 GB/s
Data size: 512*16384*60(503316480) Time: 108.805 ms	Throughput: 37.0069 GB/s
Data size: 512*16384*61(511705088) Time: 110.788 ms	Throughput: 36.9501 GB/s
Data size: 512*16384*62(520093696) Time: 112.759 ms	Throughput: 36.8993 GB/s
Data size: 512*16384*63(528482304) Time: 114.691 ms	Throughput: 36.8631 GB/s
Data size: 512*16384*64(536870912) Time: 116.598 ms	Throughput: 36.8356 GB/s
Data size: 512*16384*65(545259520) Time: 118.305 ms	Throughput: 36.8713 GB/s
Data size: 512*16384*66(553648128) Time: 120.044 ms	Throughput: 36.8962 GB/s
Data size: 512*16384*67(562036736) Time: 121.849 ms	Throughput: 36.9006 GB/s
Data size: 512*16384*68(570425344) Time: 123.717 ms	Throughput: 36.8859 GB/s
Data size: 512*16384*69(578813952) Time: 125.607 ms	Throughput: 36.8652 GB/s
Data size: 512*16384*70(587202560) Time: 127.536 ms	Throughput: 36.8338 GB/s
Data size: 512*16384*71(595591168) Time: 129.671 ms	Throughput: 36.7449 GB/s
Data size: 512*16384*72(603979776) Time: 131.691 ms	Throughput: 36.6906 GB/s
Data size: 512*16384*73(612368384) Time: 133.661 ms	Throughput: 36.652 GB/s
Data size: 512*16384*74(620756992) Time: 135.19 ms	Throughput: 36.7338 GB/s
Data size: 512*16384*75(629145600) Time: 136.642 ms	Throughput: 36.8348 GB/s
Data size: 512*16384*76(637534208) Time: 138.061 ms	Throughput: 36.9423 GB/s
Data size: 512*16384*77(645922816) Time: 139.704 ms	Throughput: 36.9881 GB/s
Data size: 512*16384*78(654311424) Time: 141.665 ms	Throughput: 36.9497 GB/s
Data size: 512*16384*79(662700032) Time: 143.612 ms	Throughput: 36.9163 GB/s
Data size: 512*16384*80(671088640) Time: 145.531 ms	Throughput: 36.8904 GB/s
Data size: 512*16384*81(679477248) Time: 147.567 ms	Throughput: 36.8364 GB/s
Data size: 512*16384*82(687865856) Time: 149.368 ms	Throughput: 36.8414 GB/s
Data size: 512*16384*83(696254464) Time: 151.131 ms	Throughput: 36.8556 GB/s
Data size: 512*16384*84(704643072) Time: 152.939 ms	Throughput: 36.8587 GB/s
Data size: 512*16384*85(713031680) Time: 154.839 ms	Throughput: 36.84 GB/s
Data size: 512*16384*86(721420288) Time: 156.686 ms	Throughput: 36.834 GB/s
Data size: 512*16384*87(729808896) Time: 158.564 ms	Throughput: 36.8209 GB/s
Data size: 512*16384*88(738197504) Time: 160.542 ms	Throughput: 36.7853 GB/s
Data size: 512*16384*89(746586112) Time: 162.472 ms	Throughput: 36.7614 GB/s
Data size: 512*16384*90(754974720) Time: 164.531 ms	Throughput: 36.7091 GB/s
Data size: 512*16384*91(763363328) Time: 166.475 ms	Throughput: 36.6835 GB/s
Data size: 512*16384*92(771751936) Time: 168.345 ms	Throughput: 36.6748 GB/s
Data size: 512*16384*93(780140544) Time: 170.008 ms	Throughput: 36.7108 GB/s
Data size: 512*16384*94(788529152) Time: 171.418 ms	Throughput: 36.8002 GB/s
Data size: 512*16384*95(796917760) Time: 172.888 ms	Throughput: 36.8756 GB/s
Data size: 512*16384*96(805306368) Time: 174.604 ms	Throughput: 36.8975 GB/s
Data size: 512*16384*97(813694976) Time: 176.518 ms	Throughput: 36.8775 GB/s
Data size: 512*16384*98(822083584) Time: 178.53 ms	Throughput: 36.8378 GB/s
Data size: 512*16384*99(830472192) Time: 180.356 ms	Throughput: 36.8371 GB/s
Data size: 512*16384*100(838860800) Time: 182.34 ms	Throughput: 36.8043 GB/s

------------------ Strided Access ------------------
Data size: 512*16384*1(8388608) Time: 0.941214 ms	Throughput: 71.3003 GB/s
Data size: 512*16384*2(16777216) Time: 1.56591 ms	Throughput: 85.7121 GB/s
Data size: 512*16384*3(25165824) Time: 2.29056 ms	Throughput: 87.8942 GB/s
Data size: 512*16384*4(33554432) Time: 2.93047 ms	Throughput: 91.6016 GB/s
Data size: 512*16384*5(41943040) Time: 3.64458 ms	Throughput: 92.0667 GB/s
Data size: 512*16384*6(50331648) Time: 4.29772 ms	Throughput: 93.6899 GB/s
Data size: 512*16384*7(58720256) Time: 5.18255 ms	Throughput: 90.643 GB/s
Data size: 512*16384*8(67108864) Time: 5.7638 ms	Throughput: 93.1452 GB/s
Data size: 512*16384*9(75497472) Time: 6.71322 ms	Throughput: 89.9687 GB/s
Data size: 512*16384*10(83886080) Time: 7.62517 ms	Throughput: 88.0097 GB/s
Data size: 512*16384*11(92274688) Time: 8.41249 ms	Throughput: 87.7502 GB/s
Data size: 512*16384*12(100663296) Time: 8.94069 ms	Throughput: 90.0721 GB/s
Data size: 512*16384*13(109051904) Time: 10.2007 ms	Throughput: 85.5247 GB/s
Data size: 512*16384*14(117440512) Time: 10.6602 ms	Throughput: 88.134 GB/s
Data size: 512*16384*15(125829120) Time: 14.9903 ms	Throughput: 67.1524 GB/s
Data size: 512*16384*16(134217728) Time: 12.6444 ms	Throughput: 84.9185 GB/s
Data size: 512*16384*17(142606336) Time: 13.2003 ms	Throughput: 86.4262 GB/s
Data size: 512*16384*18(150994944) Time: 14.2134 ms	Throughput: 84.9872 GB/s
Data size: 512*16384*19(159383552) Time: 14.8015 ms	Throughput: 86.1448 GB/s
Data size: 512*16384*20(167772160) Time: 16.9793 ms	Throughput: 79.048 GB/s
Data size: 512*16384*21(176160768) Time: 16.5102 ms	Throughput: 85.3583 GB/s
Data size: 512*16384*22(184549376) Time: 17.2951 ms	Throughput: 85.365 GB/s
Data size: 512*16384*23(192937984) Time: 18.1275 ms	Throughput: 85.1473 GB/s
Data size: 512*16384*24(201326592) Time: 19.3221 ms	Throughput: 83.356 GB/s
Data size: 512*16384*25(209715200) Time: 20.0038 ms	Throughput: 83.87 GB/s
Data size: 512*16384*26(218103808) Time: 20.7764 ms	Throughput: 83.9813 GB/s
Data size: 512*16384*27(226492416) Time: 21.9138 ms	Throughput: 82.6848 GB/s
Data size: 512*16384*28(234881024) Time: 22.47 ms	Throughput: 83.6248 GB/s
Data size: 512*16384*29(243269632) Time: 23.7688 ms	Throughput: 81.8786 GB/s
Data size: 512*16384*30(251658240) Time: 34.5717 ms	Throughput: 58.2344 GB/s
Data size: 512*16384*31(260046848) Time: 25.0941 ms	Throughput: 82.9031 GB/s
Data size: 512*16384*32(268435456) Time: 25.9997 ms	Throughput: 82.5965 GB/s
Data size: 512*16384*33(276824064) Time: 27.2111 ms	Throughput: 81.3856 GB/s
Data size: 512*16384*34(285212672) Time: 27.9691 ms	Throughput: 81.5793 GB/s
Data size: 512*16384*35(293601280) Time: 29.0285 ms	Throughput: 80.9138 GB/s
Data size: 512*16384*36(301989888) Time: 29.959 ms	Throughput: 80.6408 GB/s
Data size: 512*16384*37(310378496) Time: 30.6746 ms	Throughput: 80.9474 GB/s
Data size: 512*16384*38(318767104) Time: 32.2065 ms	Throughput: 79.1808 GB/s
Data size: 512*16384*39(327155712) Time: 32.923 ms	Throughput: 79.4961 GB/s
Data size: 512*16384*40(335544320) Time: 35.7926 ms	Throughput: 74.9975 GB/s
Data size: 512*16384*41(343932928) Time: 35.5258 ms	Throughput: 77.4497 GB/s
Data size: 512*16384*42(352321536) Time: 36.5381 ms	Throughput: 77.1407 GB/s
Data size: 512*16384*43(360710144) Time: 37.3591 ms	Throughput: 77.2418 GB/s
Data size: 512*16384*44(369098752) Time: 37.3996 ms	Throughput: 78.9524 GB/s
Data size: 512*16384*45(377487360) Time: 46.1387 ms	Throughput: 65.4526 GB/s
Data size: 512*16384*46(385875968) Time: 39.3229 ms	Throughput: 78.5041 GB/s
Data size: 512*16384*47(394264576) Time: 39.8531 ms	Throughput: 79.1437 GB/s
Data size: 512*16384*48(402653184) Time: 40.8043 ms	Throughput: 78.9432 GB/s
Data size: 512*16384*49(411041792) Time: 43.6486 ms	Throughput: 75.3365 GB/s
Data size: 512*16384*50(419430400) Time: 47.4813 ms	Throughput: 70.6688 GB/s
Data size: 512*16384*51(427819008) Time: 45.6372 ms	Throughput: 74.9948 GB/s
Data size: 512*16384*52(436207616) Time: 46.7205 ms	Throughput: 74.6923 GB/s
Data size: 512*16384*53(444596224) Time: 47.2238 ms	Throughput: 75.3174 GB/s
Data size: 512*16384*54(452984832) Time: 49.9314 ms	Throughput: 72.5771 GB/s
Data size: 512*16384*55(461373440) Time: 49.5384 ms	Throughput: 74.5077 GB/s
Data size: 512*16384*56(469762048) Time: 49.7327 ms	Throughput: 75.5659 GB/s
Data size: 512*16384*57(478150656) Time: 53.2142 ms	Throughput: 71.8832 GB/s
Data size: 512*16384*58(486539264) Time: 53.4468 ms	Throughput: 72.826 GB/s
Data size: 512*16384*59(494927872) Time: 54.6557 ms	Throughput: 72.443 GB/s
Data size: 512*16384*60(503316480) Time: 70.2782 ms	Throughput: 57.2942 GB/s
Data size: 512*16384*61(511705088) Time: 56.6409 ms	Throughput: 72.2735 GB/s
Data size: 512*16384*62(520093696) Time: 57.3582 ms	Throughput: 72.5397 GB/s
Data size: 512*16384*63(528482304) Time: 57.2116 ms	Throughput: 73.8987 GB/s
Data size: 512*16384*64(536870912) Time: 60.2245 ms	Throughput: 71.316 GB/s
Data size: 512*16384*65(545259520) Time: 62.8722 ms	Throughput: 69.38 GB/s
Data size: 512*16384*66(553648128) Time: 63.5309 ms	Throughput: 69.717 GB/s
Data size: 512*16384*67(562036736) Time: 67.3122 ms	Throughput: 66.7976 GB/s
Data size: 512*16384*68(570425344) Time: 67.4056 ms	Throughput: 67.7006 GB/s
Data size: 512*16384*69(578813952) Time: 68.02 ms	Throughput: 68.0757 GB/s
Data size: 512*16384*70(587202560) Time: 74.9437 ms	Throughput: 62.682 GB/s
Data size: 512*16384*71(595591168) Time: 70.6944 ms	Throughput: 67.399 GB/s
Data size: 512*16384*72(603979776) Time: 70.5473 ms	Throughput: 68.4908 GB/s
Data size: 512*16384*73(612368384) Time: 75.3746 ms	Throughput: 64.9947 GB/s
Data size: 512*16384*74(620756992) Time: 76.3371 ms	Throughput: 65.0543 GB/s
Data size: 512*16384*75(629145600) Time: 85.6346 ms	Throughput: 58.7749 GB/s
Data size: 512*16384*76(637534208) Time: 79.9077 ms	Throughput: 63.8271 GB/s
Data size: 512*16384*77(645922816) Time: 79.7301 ms	Throughput: 64.8109 GB/s
Data size: 512*16384*78(654311424) Time: 78.9384 ms	Throughput: 66.3111 GB/s
Data size: 512*16384*79(662700032) Time: 75.6337 ms	Throughput: 70.0957 GB/s
Data size: 512*16384*80(671088640) Time: 80.5809 ms	Throughput: 66.6251 GB/s
Data size: 512*16384*81(679477248) Time: 88.052 ms	Throughput: 61.7342 GB/s
Data size: 512*16384*82(687865856) Time: 88.9495 ms	Throughput: 61.8658 GB/s
Data size: 512*16384*83(696254464) Time: 94.1226 ms	Throughput: 59.1785 GB/s
Data size: 512*16384*84(704643072) Time: 97.288 ms	Throughput: 57.9429 GB/s
Data size: 512*16384*85(713031680) Time: 95.346 ms	Throughput: 59.8269 GB/s
Data size: 512*16384*86(721420288) Time: 98.2958 ms	Throughput: 58.7142 GB/s
Data size: 512*16384*87(729808896) Time: 93.6432 ms	Throughput: 62.3481 GB/s
Data size: 512*16384*88(738197504) Time: 90.5794 ms	Throughput: 65.1978 GB/s
Data size: 512*16384*89(746586112) Time: 102.389 ms	Throughput: 58.3334 GB/s
Data size: 512*16384*90(754974720) Time: 128.017 ms	Throughput: 47.1797 GB/s
Data size: 512*16384*91(763363328) Time: 108.237 ms	Throughput: 56.4218 GB/s
Data size: 512*16384*92(771751936) Time: 107.251 ms	Throughput: 57.5662 GB/s
Data size: 512*16384*93(780140544) Time: 105.297 ms	Throughput: 59.2716 GB/s
Data size: 512*16384*94(788529152) Time: 99.6258 ms	Throughput: 63.3193 GB/s
Data size: 512*16384*95(796917760) Time: 92.1377 ms	Throughput: 69.1936 GB/s
Data size: 512*16384*96(805306368) Time: 93.7579 ms	Throughput: 68.7137 GB/s
Data size: 512*16384*97(813694976) Time: 112.927 ms	Throughput: 57.6441 GB/s
Data size: 512*16384*98(822083584) Time: 112.805 ms	Throughput: 58.301 GB/s
Data size: 512*16384*99(830472192) Time: 122.782 ms	Throughput: 54.1105 GB/s
Data size: 512*16384*100(838860800) Time: 130.885 ms	Throughput: 51.2732 GB/s

------------------ Warpwise Strided Access ------------------
Data size: 512*16384*1(8388608) Time: 0.984703 ms	Throughput: 68.1514 GB/s
Data size: 512*16384*2(16777216) Time: 1.55666 ms	Throughput: 86.2214 GB/s
Data size: 512*16384*3(25165824) Time: 2.24199 ms	Throughput: 89.7983 GB/s
Data size: 512*16384*4(33554432) Time: 2.8831 ms	Throughput: 93.1065 GB/s
Data size: 512*16384*5(41943040) Time: 3.51129 ms	Throughput: 95.5616 GB/s
Data size: 512*16384*6(50331648) Time: 4.14576 ms	Throughput: 97.1241 GB/s
Data size: 512*16384*7(58720256) Time: 4.86653 ms	Throughput: 96.5292 GB/s
Data size: 512*16384*8(67108864) Time: 5.45353 ms	Throughput: 98.4447 GB/s
Data size: 512*16384*9(75497472) Time: 6.0566 ms	Throughput: 99.7226 GB/s
Data size: 512*16384*10(83886080) Time: 7.12592 ms	Throughput: 94.1758 GB/s
Data size: 512*16384*11(92274688) Time: 7.27215 ms	Throughput: 101.51 GB/s
Data size: 512*16384*12(100663296) Time: 8.02928 ms	Throughput: 100.296 GB/s
Data size: 512*16384*13(109051904) Time: 8.62066 ms	Throughput: 101.2 GB/s
Data size: 512*16384*14(117440512) Time: 9.20501 ms	Throughput: 102.067 GB/s
Data size: 512*16384*15(125829120) Time: 10.6165 ms	Throughput: 94.8181 GB/s
Data size: 512*16384*16(134217728) Time: 10.5834 ms	Throughput: 101.455 GB/s
Data size: 512*16384*17(142606336) Time: 11.1127 ms	Throughput: 102.662 GB/s
Data size: 512*16384*18(150994944) Time: 11.9698 ms	Throughput: 100.917 GB/s
Data size: 512*16384*19(159383552) Time: 12.4164 ms	Throughput: 102.692 GB/s
Data size: 512*16384*20(167772160) Time: 14.0093 ms	Throughput: 95.8065 GB/s
Data size: 512*16384*21(176160768) Time: 13.7005 ms	Throughput: 102.864 GB/s
Data size: 512*16384*22(184549376) Time: 14.319 ms	Throughput: 103.107 GB/s
Data size: 512*16384*23(192937984) Time: 14.9677 ms	Throughput: 103.123 GB/s
Data size: 512*16384*24(201326592) Time: 15.8126 ms	Throughput: 101.856 GB/s
Data size: 512*16384*25(209715200) Time: 16.3734 ms	Throughput: 102.467 GB/s
Data size: 512*16384*26(218103808) Time: 16.8749 ms	Throughput: 103.398 GB/s
Data size: 512*16384*27(226492416) Time: 17.5183 ms	Throughput: 103.431 GB/s
Data size: 512*16384*28(234881024) Time: 18.1529 ms	Throughput: 103.513 GB/s
Data size: 512*16384*29(243269632) Time: 18.8912 ms	Throughput: 103.019 GB/s
Data size: 512*16384*30(251658240) Time: 20.886 ms	Throughput: 96.393 GB/s
Data size: 512*16384*31(260046848) Time: 20.1169 ms	Throughput: 103.414 GB/s
Data size: 512*16384*32(268435456) Time: 20.8081 ms	Throughput: 103.204 GB/s
Data size: 512*16384*33(276824064) Time: 21.3845 ms	Throughput: 103.56 GB/s
Data size: 512*16384*34(285212672) Time: 21.9698 ms	Throughput: 103.856 GB/s
Data size: 512*16384*35(293601280) Time: 22.6886 ms	Throughput: 103.524 GB/s
Data size: 512*16384*36(301989888) Time: 23.4957 ms	Throughput: 102.824 GB/s
Data size: 512*16384*37(310378496) Time: 23.8971 ms	Throughput: 103.905 GB/s
Data size: 512*16384*38(318767104) Time: 24.4233 ms	Throughput: 104.414 GB/s
Data size: 512*16384*39(327155712) Time: 25.2346 ms	Throughput: 103.716 GB/s
Data size: 512*16384*40(335544320) Time: 27.6276 ms	Throughput: 97.1622 GB/s
Data size: 512*16384*41(343932928) Time: 26.3101 ms	Throughput: 104.578 GB/s
Data size: 512*16384*42(352321536) Time: 27.3362 ms	Throughput: 103.108 GB/s
Data size: 512*16384*43(360710144) Time: 27.5787 ms	Throughput: 104.635 GB/s
Data size: 512*16384*44(369098752) Time: 28.2311 ms	Throughput: 104.593 GB/s
Data size: 512*16384*45(377487360) Time: 31.1251 ms	Throughput: 97.0245 GB/s
Data size: 512*16384*46(385875968) Time: 29.3786 ms	Throughput: 105.077 GB/s
Data size: 512*16384*47(394264576) Time: 30.0608 ms	Throughput: 104.925 GB/s
Data size: 512*16384*48(402653184) Time: 31.2163 ms	Throughput: 103.19 GB/s
Data size: 512*16384*49(411041792) Time: 31.305 ms	Throughput: 105.042 GB/s
Data size: 512*16384*50(419430400) Time: 34.3498 ms	Throughput: 97.6845 GB/s
Data size: 512*16384*51(427819008) Time: 32.6083 ms	Throughput: 104.959 GB/s
Data size: 512*16384*52(436207616) Time: 33.1295 ms	Throughput: 105.334 GB/s
Data size: 512*16384*53(444596224) Time: 33.7537 ms	Throughput: 105.374 GB/s
Data size: 512*16384*54(452984832) Time: 34.8756 ms	Throughput: 103.909 GB/s
Data size: 512*16384*55(461373440) Time: 35.1793 ms	Throughput: 104.919 GB/s
Data size: 512*16384*56(469762048) Time: 35.6405 ms	Throughput: 105.445 GB/s
Data size: 512*16384*57(478150656) Time: 36.2546 ms	Throughput: 105.51 GB/s
Data size: 512*16384*58(486539264) Time: 37.0585 ms	Throughput: 105.032 GB/s
Data size: 512*16384*59(494927872) Time: 37.5744 ms	Throughput: 105.376 GB/s
Data size: 512*16384*60(503316480) Time: 41.5157 ms	Throughput: 96.9883 GB/s
Data size: 512*16384*61(511705088) Time: 38.7525 ms	Throughput: 105.635 GB/s
Data size: 512*16384*62(520093696) Time: 39.4448 ms	Throughput: 105.483 GB/s
Data size: 512*16384*63(528482304) Time: 40.0138 ms	Throughput: 105.66 GB/s
Data size: 512*16384*64(536870912) Time: 40.638 ms	Throughput: 105.688 GB/s
Data size: 512*16384*65(545259520) Time: 41.5223 ms	Throughput: 105.054 GB/s
Data size: 512*16384*66(553648128) Time: 42.4065 ms	Throughput: 104.446 GB/s
Data size: 512*16384*67(562036736) Time: 42.4492 ms	Throughput: 105.922 GB/s
Data size: 512*16384*68(570425344) Time: 43.0699 ms	Throughput: 105.953 GB/s
Data size: 512*16384*69(578813952) Time: 43.7674 ms	Throughput: 105.798 GB/s
Data size: 512*16384*70(587202560) Time: 47.5193 ms	Throughput: 98.857 GB/s
Data size: 512*16384*71(595591168) Time: 44.9337 ms	Throughput: 106.039 GB/s
Data size: 512*16384*72(603979776) Time: 46.2743 ms	Throughput: 104.417 GB/s
Data size: 512*16384*73(612368384) Time: 46.2206 ms	Throughput: 105.991 GB/s
Data size: 512*16384*74(620756992) Time: 46.7937 ms	Throughput: 106.127 GB/s
Data size: 512*16384*75(629145600) Time: 51.4758 ms	Throughput: 97.7773 GB/s
Data size: 512*16384*76(637534208) Time: 48.0059 ms	Throughput: 106.243 GB/s
Data size: 512*16384*77(645922816) Time: 48.653 ms	Throughput: 106.209 GB/s
Data size: 512*16384*78(654311424) Time: 49.9838 ms	Throughput: 104.724 GB/s
Data size: 512*16384*79(662700032) Time: 49.9445 ms	Throughput: 106.15 GB/s
Data size: 512*16384*80(671088640) Time: 54.1262 ms	Throughput: 99.1888 GB/s
Data size: 512*16384*81(679477248) Time: 51.1365 ms	Throughput: 106.3 GB/s
Data size: 512*16384*82(687865856) Time: 51.7334 ms	Throughput: 106.371 GB/s
Data size: 512*16384*83(696254464) Time: 52.3852 ms	Throughput: 106.328 GB/s
Data size: 512*16384*84(704643072) Time: 53.6674 ms	Throughput: 105.039 GB/s
Data size: 512*16384*85(713031680) Time: 53.8897 ms	Throughput: 105.851 GB/s
Data size: 512*16384*86(721420288) Time: 54.1929 ms	Throughput: 106.497 GB/s
Data size: 512*16384*87(729808896) Time: 55.0196 ms	Throughput: 106.116 GB/s
Data size: 512*16384*88(738197504) Time: 55.5293 ms	Throughput: 106.351 GB/s
Data size: 512*16384*89(746586112) Time: 56.0887 ms	Throughput: 106.487 GB/s
Data size: 512*16384*90(754974720) Time: 61.9786 ms	Throughput: 97.4497 GB/s
Data size: 512*16384*91(763363328) Time: 57.3006 ms	Throughput: 106.577 GB/s
Data size: 512*16384*92(771751936) Time: 58.0322 ms	Throughput: 106.389 GB/s
Data size: 512*16384*93(780140544) Time: 58.6607 ms	Throughput: 106.394 GB/s
Data size: 512*16384*94(788529152) Time: 59.1409 ms	Throughput: 106.664 GB/s
Data size: 512*16384*95(796917760) Time: 60.0698 ms	Throughput: 106.132 GB/s
Data size: 512*16384*96(805306368) Time: 61.1256 ms	Throughput: 105.397 GB/s
Data size: 512*16384*97(813694976) Time: 61.1484 ms	Throughput: 106.455 GB/s
Data size: 512*16384*98(822083584) Time: 61.7303 ms	Throughput: 106.539 GB/s
Data size: 512*16384*99(830472192) Time: 62.3125 ms	Throughput: 106.62 GB/s
Data size: 512*16384*100(838860800) Time: 66.99 ms	Throughput: 100.177 GB/s


strided_bandwidth = [71.3003,85.7121,87.8942,91.6016,92.0667,93.6899,90.643,93.1452,89.9687,88.0097,87.7502,90.0721,85.5247,88.134,67.1524,84.9185,86.4262,84.9872,86.1448,79.048,85.3583,85.365,85.1473,83.356,83.87,83.9813,82.6848,83.6248,81.8786,58.2344,82.9031,82.5965,81.3856,81.5793,80.9138,80.6408,80.9474,79.1808,79.4961,74.9975,77.4497,77.1407,77.2418,78.9524,65.4526,78.5041,79.1437,78.9432,75.3365,70.6688,74.9948,74.6923,75.3174,72.5771,74.5077,75.5659,71.8832,72.826,72.443,57.2942,72.2735,72.5397,73.8987,71.316,69.38,69.717,66.7976,67.7006,68.0757,62.682,67.399,68.4908,64.9947,65.0543,58.7749,63.8271,64.8109,66.3111,70.0957,66.6251,61.7342,61.8658,59.1785,57.9429,59.8269,58.7142,62.3481,65.1978,58.3334,47.1797,56.4218,57.5662,59.2716,63.3193,69.1936,68.7137,57.6441,58.301,54.1105,51.2732]
coalesced_bandwidth = [72.6232,81.4208,80.9529,44.6503,37.2192,37.0465,37.5837,37.3448,37.0243,37.3554,37.5896,37.315,37.297,37.4445,37.3166,37.2538,36.8831,36.3015,36.9687,37.6684,37.9621,37.3329,37.0834,37.103,37.076,37.0444,36.9688,36.998,37.0652,37.0501,37.0651,37.0365,36.9259,36.8696,36.6732,36.5503,36.7671,37.0919,37.2457,37.2616,37.175,37.0887,37.0069,36.888,36.8081,36.8396,36.9246,36.9439,36.9081,36.8432,36.9167,36.7924,36.675,36.6013,36.7082,36.8743,37.0587,37.1178,37.0585,37.0069,36.9501,36.8993,36.8631,36.8356,36.8713,36.8962,36.9006,36.8859,36.8652,36.8338,36.7449,36.6906,36.652,36.7338,36.8348,36.9423,36.9881,36.9497,36.9163,36.8904,36.8364,36.8414,36.8556,36.8587,36.84,36.834,36.8209,36.7853,36.7614,36.7091,36.6835,36.6748,36.7108,36.8002,36.8756,36.8975,36.8775,36.8378,36.8371,36.8043]
mix_bandwidth = [68.1514,86.2214,89.7983,93.1065,95.5616,97.1241,96.5292,98.4447,99.7226,94.1758,101.51,100.296,101.2,102.067,94.8181,101.455,102.662,100.917,102.692,95.8065,102.864,103.107,103.123,101.856,102.467,103.398,103.431,103.513,103.019,96.393,103.414,103.204,103.56,103.856,103.524,102.824,103.905,104.414,103.716,97.1622,104.578,103.108,104.635,104.593,97.0245,105.077,104.925,103.19,105.042,97.6845,104.959,105.334,105.374,103.909,104.919,105.445,105.51,105.032,105.376,96.9883,105.635,105.483,105.66,105.688,105.054,104.446,105.922,105.953,105.798,98.857,106.039,104.417,105.991,106.127,97.7773,106.243,106.209,104.724,106.15,99.1888,106.3,106.371,106.328,105.039,105.851,106.497,106.116,106.351,106.487,97.4497,106.577,106.389,106.394,106.664,106.132,105.397,106.455,106.539,106.62,100.177]
