zlai@gpu-ib-23:opencl$ ./bin/opencl_compare

Starting to launch opencl_compare...
Fast run...
Data size: 1000000000

Detection mode: All
------ Start hardware checking ------
Platform: Intel(R) OpenCL
Number of devices: 2
        Computing device 0 : Intel(R) Xeon(R) CPU E5-2650 v3 @ 2.30GHz
        Computing device 1 : Intel(R) Many Integrated Core Acceleration Card
Please enter the index of the device to use (0,1,2...) : 0
Selected device: Intel(R) Xeon(R) CPU E5-2650 v3 @ 2.30GHz
------ End of hardware checking ------

Maximal data size: 838860800 (3200MB)
------------------ Coalesced Access ------------------
Data size: 1024*8192*1(8388608,32MB) Time: 1.20038 ms   Throughput: 55.9063 GB/s
Data size: 1024*8192*2(16777216,64MB) Time: 2.7045 ms   Throughput: 49.6276 GB/s
Data size: 1024*8192*3(25165824,96MB) Time: 4.9723 ms   Throughput: 40.4896 GB/s
Data size: 1024*8192*4(33554432,128MB) Time: 7.68204 ms Throughput: 34.9432 GB/s
Data size: 1024*8192*5(41943040,160MB) Time: 7.50611 ms Throughput: 44.7028 GB/s
Data size: 1024*8192*6(50331648,192MB) Time: 9.39434 ms Throughput: 42.8613 GB/s
Data size: 1024*8192*7(58720256,224MB) Time: 10.7159 ms Throughput: 43.8379 GB/s
Data size: 1024*8192*8(67108864,256MB) Time: 12.7038 ms Throughput: 42.2607 GB/s
Data size: 1024*8192*9(75497472,288MB) Time: 17.5389 ms Throughput: 34.4367 GB/s
Data size: 1024*8192*10(83886080,320MB) Time: 18.9953 ms        Throughput: 35.3292 GB/s
Data size: 1024*8192*11(92274688,352MB) Time: 21.4152 ms        Throughput: 34.4707 GB/s
Data size: 1024*8192*12(100663296,384MB) Time: 21.9598 ms       Throughput: 36.6718 GB/s
Data size: 1024*8192*13(109051904,416MB) Time: 23.941 ms        Throughput: 36.4402 GB/s
Data size: 1024*8192*14(117440512,448MB) Time: 25.8445 ms       Throughput: 36.353 GB/s
Data size: 1024*8192*15(125829120,480MB) Time: 27.876 ms        Throughput: 36.1112 GB/s
Data size: 1024*8192*16(134217728,512MB) Time: 30.2341 ms       Throughput: 35.5143 GB/s
Data size: 1024*8192*17(142606336,544MB) Time: 32.7138 ms       Throughput: 34.8737 GB/s
Data size: 1024*8192*18(150994944,576MB) Time: 34.9002 ms       Throughput: 34.6118 GB/s
Data size: 1024*8192*19(159383552,608MB) Time: 36.5209 ms       Throughput: 34.9134 GB/s
Data size: 1024*8192*20(167772160,640MB) Time: 38.4864 ms       Throughput: 34.8741 GB/s
Data size: 1024*8192*21(176160768,672MB) Time: 40.3917 ms       Throughput: 34.8905 GB/s
Data size: 1024*8192*22(184549376,704MB) Time: 42.6899 ms       Throughput: 34.5842 GB/s
Data size: 1024*8192*23(192937984,736MB) Time: 44.5655 ms       Throughput: 34.6345 GB/s
Data size: 1024*8192*24(201326592,768MB) Time: 46.7231 ms       Throughput: 34.4715 GB/s
Data size: 1024*8192*25(209715200,800MB) Time: 48.6217 ms       Throughput: 34.5056 GB/s
Data size: 1024*8192*26(218103808,832MB) Time: 50.868 ms        Throughput: 34.3011 GB/s
Data size: 1024*8192*27(226492416,864MB) Time: 52.6609 ms       Throughput: 34.4077 GB/s
Data size: 1024*8192*28(234881024,896MB) Time: 54.8858 ms       Throughput: 34.2356 GB/s
Data size: 1024*8192*29(243269632,928MB) Time: 57.537 ms        Throughput: 33.8244 GB/s
Data size: 1024*8192*30(251658240,960MB) Time: 59.2434 ms       Throughput: 33.9829 GB/s
Data size: 1024*8192*31(260046848,992MB) Time: 61.4967 ms       Throughput: 33.8291 GB/s
Data size: 1024*8192*32(268435456,1024MB) Time: 63.4322 ms      Throughput: 33.8548 GB/s
Data size: 1024*8192*33(276824064,1056MB) Time: 64.6031 ms      Throughput: 34.28 GB/s
Data size: 1024*8192*34(285212672,1088MB) Time: 66.6444 ms      Throughput: 34.2369 GB/s
Data size: 1024*8192*35(293601280,1120MB) Time: 68.631 ms       Throughput: 34.2238 GB/s
Data size: 1024*8192*36(301989888,1152MB) Time: 70.6683 ms      Throughput: 34.1867 GB/s
Data size: 1024*8192*37(310378496,1184MB) Time: 73.264 ms       Throughput: 33.8915 GB/s
Data size: 1024*8192*38(318767104,1216MB) Time: 74.7647 ms      Throughput: 34.1088 GB/s
Data size: 1024*8192*39(327155712,1248MB) Time: 77.6063 ms      Throughput: 33.7247 GB/s
Data size: 1024*8192*40(335544320,1280MB) Time: 79.3729 ms      Throughput: 33.8195 GB/s
Data size: 1024*8192*41(343932928,1312MB) Time: 81.9056 ms      Throughput: 33.5931 GB/s
Data size: 1024*8192*42(352321536,1344MB) Time: 83.8321 ms      Throughput: 33.6216 GB/s
Data size: 1024*8192*43(360710144,1376MB) Time: 86.1173 ms      Throughput: 33.5087 GB/s
Data size: 1024*8192*44(369098752,1408MB) Time: 88.827 ms       Throughput: 33.242 GB/s
Data size: 1024*8192*45(377487360,1440MB) Time: 90.6444 ms      Throughput: 33.3159 GB/s
Data size: 1024*8192*46(385875968,1472MB) Time: 93.0164 ms      Throughput: 33.1878 GB/s
Data size: 1024*8192*47(394264576,1504MB) Time: 95.3732 ms      Throughput: 33.0713 GB/s
Data size: 1024*8192*48(402653184,1536MB) Time: 97.7733 ms      Throughput: 32.9458 GB/s
Data size: 1024*8192*49(411041792,1568MB) Time: 100.179 ms      Throughput: 32.8244 GB/s
Data size: 1024*8192*50(419430400,1600MB) Time: 102.983 ms      Throughput: 32.5826 GB/s
Data size: 1024*8192*51(427819008,1632MB) Time: 104.988 ms      Throughput: 32.5994 GB/s
Data size: 1024*8192*52(436207616,1664MB) Time: 107.313 ms      Throughput: 32.5186 GB/s
Data size: 1024*8192*53(444596224,1696MB) Time: 109.728 ms      Throughput: 32.4144 GB/s
Data size: 1024*8192*54(452984832,1728MB) Time: 111.901 ms      Throughput: 32.3848 GB/s
Data size: 1024*8192*55(461373440,1760MB) Time: 114.242 ms      Throughput: 32.3086 GB/s
Data size: 1024*8192*56(469762048,1792MB) Time: 116.651 ms      Throughput: 32.2165 GB/s
Data size: 1024*8192*57(478150656,1824MB) Time: 119.296 ms      Throughput: 32.0649 GB/s
Data size: 1024*8192*58(486539264,1856MB) Time: 121.877 ms      Throughput: 31.9364 GB/s
Data size: 1024*8192*59(494927872,1888MB) Time: 124.291 ms      Throughput: 31.8561 GB/s
Data size: 1024*8192*60(503316480,1920MB) Time: 127.489 ms      Throughput: 31.5835 GB/s
Data size: 1024*8192*61(511705088,1952MB) Time: 129.656 ms      Throughput: 31.5732 GB/s
Data size: 1024*8192*62(520093696,1984MB) Time: 132.56 ms       Throughput: 31.3878 GB/s
Data size: 1024*8192*63(528482304,2016MB) Time: 135.115 ms      Throughput: 31.2908 GB/s
Data size: 1024*8192*64(536870912,2048MB) Time: 137.955 ms      Throughput: 31.1331 GB/s
Data size: 1024*8192*65(545259520,2080MB) Time: 140.315 ms      Throughput: 31.0878 GB/s
Data size: 1024*8192*66(553648128,2112MB) Time: 143.075 ms      Throughput: 30.9572 GB/s
Data size: 1024*8192*67(562036736,2144MB) Time: 145.671 ms      Throughput: 30.8661 GB/s
Data size: 1024*8192*68(570425344,2176MB) Time: 149.106 ms      Throughput: 30.6051 GB/s
Data size: 1024*8192*69(578813952,2208MB) Time: 151.963 ms      Throughput: 30.4713 GB/s
Data size: 1024*8192*70(587202560,2240MB) Time: 153.984 ms      Throughput: 30.5073 GB/s
Data size: 1024*8192*71(595591168,2272MB) Time: 157.089 ms      Throughput: 30.3313 GB/s
Data size: 1024*8192*72(603979776,2304MB) Time: 160.1 ms        Throughput: 30.1801 GB/s
Data size: 1024*8192*73(612368384,2336MB) Time: 162.903 ms      Throughput: 30.0728 GB/s
Data size: 1024*8192*74(620756992,2368MB) Time: 165.768 ms      Throughput: 29.9579 GB/s
Data size: 1024*8192*75(629145600,2400MB) Time: 168.972 ms      Throughput: 29.787 GB/s
Data size: 1024*8192*76(637534208,2432MB) Time: 173.712 ms      Throughput: 29.3606 GB/s
Data size: 1024*8192*77(645922816,2464MB) Time: 177.112 ms      Throughput: 29.1757 GB/s
Data size: 1024*8192*78(654311424,2496MB) Time: 179.268 ms      Throughput: 29.1992 GB/s
Data size: 1024*8192*79(662700032,2528MB) Time: 182.802 ms      Throughput: 29.0019 GB/s
Data size: 1024*8192*80(671088640,2560MB) Time: 186.69 ms       Throughput: 28.7573 GB/s
Data size: 1024*8192*81(679477248,2592MB) Time: 189.073 ms      Throughput: 28.7498 GB/s
Data size: 1024*8192*82(687865856,2624MB) Time: 192.254 ms      Throughput: 28.6233 GB/s
Data size: 1024*8192*83(696254464,2656MB) Time: 196.191 ms      Throughput: 28.3909 GB/s
Data size: 1024*8192*84(704643072,2688MB) Time: 199.534 ms      Throughput: 28.2516 GB/s
Data size: 1024*8192*85(713031680,2720MB) Time: 203.273 ms      Throughput: 28.0621 GB/s
Data size: 1024*8192*86(721420288,2752MB) Time: 208.059 ms      Throughput: 27.7391 GB/s
Data size: 1024*8192*87(729808896,2784MB) Time: 212.397 ms      Throughput: 27.4885 GB/s
Data size: 1024*8192*88(738197504,2816MB) Time: 215.259 ms      Throughput: 27.4348 GB/s
Data size: 1024*8192*89(746586112,2848MB) Time: 218.903 ms      Throughput: 27.2846 GB/s
Data size: 1024*8192*90(754974720,2880MB) Time: 222.894 ms      Throughput: 27.0971 GB/s
Data size: 1024*8192*91(763363328,2912MB) Time: 227.45 ms       Throughput: 26.8495 GB/s
Data size: 1024*8192*92(771751936,2944MB) Time: 232.102 ms      Throughput: 26.6005 GB/s
Data size: 1024*8192*93(780140544,2976MB) Time: 234.705 ms      Throughput: 26.5913 GB/s
Data size: 1024*8192*94(788529152,3008MB) Time: 240.461 ms      Throughput: 26.2339 GB/s
Data size: 1024*8192*95(796917760,3040MB) Time: 243.999 ms      Throughput: 26.1285 GB/s
Data size: 1024*8192*96(805306368,3072MB) Time: 248.966 ms      Throughput: 25.8768 GB/s
Data size: 1024*8192*97(813694976,3104MB) Time: 254.543 ms      Throughput: 25.5735 GB/s
Data size: 1024*8192*98(822083584,3136MB) Time: 258.53 ms       Throughput: 25.4387 GB/s
Data size: 1024*8192*99(830472192,3168MB) Time: 262.919 ms      Throughput: 25.2693 GB/s
Data size: 1024*8192*100(838860800,3200MB) Time: 268.286 ms     Throughput: 25.0139 GB/s

------------------ Strided Access ------------------
Data size: 1024*8192*1(8388608,32MB) Time: 1.10642 ms   Throughput: 60.6541 GB/s
Data size: 1024*8192*2(16777216,64MB) Time: 2.63318 ms  Throughput: 50.9717 GB/s
Data size: 1024*8192*3(25165824,96MB) Time: 4.06102 ms  Throughput: 49.5753 GB/s
Data size: 1024*8192*4(33554432,128MB) Time: 5.23784 ms Throughput: 51.2493 GB/s
Data size: 1024*8192*5(41943040,160MB) Time: 6.70537 ms Throughput: 50.0411 GB/s
Data size: 1024*8192*6(50331648,192MB) Time: 8.04796 ms Throughput: 50.0317 GB/s
Data size: 1024*8192*7(58720256,224MB) Time: 9.45516 ms Throughput: 49.6831 GB/s
Data size: 1024*8192*8(67108864,256MB) Time: 10.719 ms  Throughput: 50.0859 GB/s
Data size: 1024*8192*9(75497472,288MB) Time: 12.0517 ms Throughput: 50.1156 GB/s
Data size: 1024*8192*10(83886080,320MB) Time: 13.3176 ms        Throughput: 50.3912 GB/s
Data size: 1024*8192*11(92274688,352MB) Time: 14.8501 ms        Throughput: 49.7101 GB/s
Data size: 1024*8192*12(100663296,384MB) Time: 15.7609 ms       Throughput: 51.0952 GB/s
Data size: 1024*8192*13(109051904,416MB) Time: 17.327 ms        Throughput: 50.3501 GB/s
Data size: 1024*8192*14(117440512,448MB) Time: 18.7057 ms       Throughput: 50.2267 GB/s
Data size: 1024*8192*15(125829120,480MB) Time: 19.7543 ms       Throughput: 50.9576 GB/s
Data size: 1024*8192*16(134217728,512MB) Time: 21.4999 ms       Throughput: 49.9416 GB/s
Data size: 1024*8192*17(142606336,544MB) Time: 22.8531 ms       Throughput: 49.921 GB/s
Data size: 1024*8192*18(150994944,576MB) Time: 24.186 ms        Throughput: 49.9446 GB/s
Data size: 1024*8192*19(159383552,608MB) Time: 25.5586 ms       Throughput: 49.8879 GB/s
Data size: 1024*8192*20(167772160,640MB) Time: 26.9769 ms       Throughput: 49.7527 GB/s
Data size: 1024*8192*21(176160768,672MB) Time: 28.7149 ms       Throughput: 49.0786 GB/s
Data size: 1024*8192*22(184549376,704MB) Time: 29.8694 ms       Throughput: 49.4284 GB/s
Data size: 1024*8192*23(192937984,736MB) Time: 31.0406 ms       Throughput: 49.7253 GB/s
Data size: 1024*8192*24(201326592,768MB) Time: 32.5774 ms       Throughput: 49.4396 GB/s
Data size: 1024*8192*25(209715200,800MB) Time: 33.8019 ms       Throughput: 49.6339 GB/s
Data size: 1024*8192*26(218103808,832MB) Time: 35.1952 ms       Throughput: 49.5758 GB/s
Data size: 1024*8192*27(226492416,864MB) Time: 36.4486 ms       Throughput: 49.7121 GB/s
Data size: 1024*8192*28(234881024,896MB) Time: 37.8312 ms       Throughput: 49.6692 GB/s
Data size: 1024*8192*29(243269632,928MB) Time: 39.299 ms        Throughput: 49.5218 GB/s
Data size: 1024*8192*30(251658240,960MB) Time: 40.907 ms        Throughput: 49.2157 GB/s
Data size: 1024*8192*31(260046848,992MB) Time: 41.9547 ms       Throughput: 49.5863 GB/s
Data size: 1024*8192*32(268435456,1024MB) Time: 43.4466 ms      Throughput: 49.4282 GB/s
Data size: 1024*8192*33(276824064,1056MB) Time: 44.8389 ms      Throughput: 49.39 GB/s
Data size: 1024*8192*34(285212672,1088MB) Time: 46.4018 ms      Throughput: 49.1726 GB/s
Data size: 1024*8192*35(293601280,1120MB) Time: 47.7686 ms      Throughput: 49.1706 GB/s
Data size: 1024*8192*36(301989888,1152MB) Time: 48.9464 ms      Throughput: 49.3585 GB/s
Data size: 1024*8192*37(310378496,1184MB) Time: 50.9234 ms      Throughput: 48.7601 GB/s
Data size: 1024*8192*38(318767104,1216MB) Time: 51.6492 ms      Throughput: 49.3742 GB/s
Data size: 1024*8192*39(327155712,1248MB) Time: 53.0173 ms      Throughput: 49.3659 GB/s
Data size: 1024*8192*40(335544320,1280MB) Time: 54.5913 ms      Throughput: 49.1718 GB/s
Data size: 1024*8192*41(343932928,1312MB) Time: 56.1485 ms      Throughput: 49.0033 GB/s
Data size: 1024*8192*42(352321536,1344MB) Time: 57.6418 ms      Throughput: 48.8981 GB/s
Data size: 1024*8192*43(360710144,1376MB) Time: 59.0977 ms      Throughput: 48.829 GB/s
Data size: 1024*8192*44(369098752,1408MB) Time: 60.3268 ms      Throughput: 48.9465 GB/s
Data size: 1024*8192*45(377487360,1440MB) Time: 61.599 ms       Throughput: 49.0251 GB/s
Data size: 1024*8192*46(385875968,1472MB) Time: 63.21 ms        Throughput: 48.8374 GB/s
Data size: 1024*8192*47(394264576,1504MB) Time: 64.1197 ms      Throughput: 49.1911 GB/s
Data size: 1024*8192*48(402653184,1536MB) Time: 65.8751 ms      Throughput: 48.899 GB/s
Data size: 1024*8192*49(411041792,1568MB) Time: 67.1338 ms      Throughput: 48.9818 GB/s
Data size: 1024*8192*50(419430400,1600MB) Time: 68.5947 ms      Throughput: 48.917 GB/s
Data size: 1024*8192*51(427819008,1632MB) Time: 70.0895 ms      Throughput: 48.8312 GB/s
Data size: 1024*8192*52(436207616,1664MB) Time: 72.0465 ms      Throughput: 48.4362 GB/s
Data size: 1024*8192*53(444596224,1696MB) Time: 72.7327 ms      Throughput: 48.9019 GB/s
Data size: 1024*8192*54(452984832,1728MB) Time: 74.4576 ms      Throughput: 48.6704 GB/s
Data size: 1024*8192*55(461373440,1760MB) Time: 75.267 ms       Throughput: 49.0386 GB/s
Data size: 1024*8192*56(469762048,1792MB) Time: 76.7564 ms      Throughput: 48.9614 GB/s
Data size: 1024*8192*57(478150656,1824MB) Time: 78.1465 ms      Throughput: 48.9491 GB/s
Data size: 1024*8192*58(486539264,1856MB) Time: 79.7158 ms      Throughput: 48.8274 GB/s
Data size: 1024*8192*59(494927872,1888MB) Time: 80.8111 ms      Throughput: 48.996 GB/s
Data size: 1024*8192*60(503316480,1920MB) Time: 83.1746 ms      Throughput: 48.4106 GB/s
Data size: 1024*8192*61(511705088,1952MB) Time: 84.054 ms       Throughput: 48.7025 GB/s
Data size: 1024*8192*62(520093696,1984MB) Time: 85.3536 ms      Throughput: 48.7472 GB/s
Data size: 1024*8192*63(528482304,2016MB) Time: 86.8633 ms      Throughput: 48.6726 GB/s
Data size: 1024*8192*64(536870912,2048MB) Time: 88.6664 ms      Throughput: 48.4396 GB/s
Data size: 1024*8192*65(545259520,2080MB) Time: 89.6193 ms      Throughput: 48.6734 GB/s
Data size: 1024*8192*66(553648128,2112MB) Time: 91.2164 ms      Throughput: 48.5569 GB/s
Data size: 1024*8192*67(562036736,2144MB) Time: 92.172 ms       Throughput: 48.7816 GB/s
Data size: 1024*8192*68(570425344,2176MB) Time: 94.0547 ms      Throughput: 48.5186 GB/s
Data size: 1024*8192*69(578813952,2208MB) Time: 95.315 ms       Throughput: 48.5811 GB/s
Data size: 1024*8192*70(587202560,2240MB) Time: 96.5721 ms      Throughput: 48.6436 GB/s
Data size: 1024*8192*71(595591168,2272MB) Time: 97.8283 ms      Throughput: 48.705 GB/s
Data size: 1024*8192*72(603979776,2304MB) Time: 99.6873 ms      Throughput: 48.4699 GB/s
Data size: 1024*8192*73(612368384,2336MB) Time: 100.822 ms      Throughput: 48.5899 GB/s
Data size: 1024*8192*74(620756992,2368MB) Time: 102.626 ms      Throughput: 48.39 GB/s
Data size: 1024*8192*75(629145600,2400MB) Time: 103.434 ms      Throughput: 48.6606 GB/s
Data size: 1024*8192*76(637534208,2432MB) Time: 105.212 ms      Throughput: 48.4762 GB/s
Data size: 1024*8192*77(645922816,2464MB) Time: 106.252 ms      Throughput: 48.6333 GB/s
Data size: 1024*8192*78(654311424,2496MB) Time: 107.888 ms      Throughput: 48.5176 GB/s
Data size: 1024*8192*79(662700032,2528MB) Time: 108.798 ms      Throughput: 48.7287 GB/s
Data size: 1024*8192*80(671088640,2560MB) Time: 109.971 ms      Throughput: 48.8193 GB/s
Data size: 1024*8192*81(679477248,2592MB) Time: 111.874 ms      Throughput: 48.5887 GB/s
Data size: 1024*8192*82(687865856,2624MB) Time: 113.496 ms      Throughput: 48.4857 GB/s
Data size: 1024*8192*83(696254464,2656MB) Time: 114.102 ms      Throughput: 48.8162 GB/s
Data size: 1024*8192*84(704643072,2688MB) Time: 115.385 ms      Throughput: 48.8551 GB/s
Data size: 1024*8192*85(713031680,2720MB) Time: 117.434 ms      Throughput: 48.5742 GB/s
Data size: 1024*8192*86(721420288,2752MB) Time: 118.431 ms      Throughput: 48.7318 GB/s
Data size: 1024*8192*87(729808896,2784MB) Time: 119.93 ms       Throughput: 48.6824 GB/s
Data size: 1024*8192*88(738197504,2816MB) Time: 121.27 ms       Throughput: 48.6978 GB/s
Data size: 1024*8192*89(746586112,2848MB) Time: 122.2 ms        Throughput: 48.8763 GB/s
Data size: 1024*8192*90(754974720,2880MB) Time: 123.965 ms      Throughput: 48.7217 GB/s
Data size: 1024*8192*91(763363328,2912MB) Time: 125.099 ms      Throughput: 48.8165 GB/s
Data size: 1024*8192*92(771751936,2944MB) Time: 126.326 ms      Throughput: 48.8737 GB/s
Data size: 1024*8192*93(780140544,2976MB) Time: 128.253 ms      Throughput: 48.6627 GB/s
Data size: 1024*8192*94(788529152,3008MB) Time: 129.697 ms      Throughput: 48.6382 GB/s
Data size: 1024*8192*95(796917760,3040MB) Time: 131.036 ms      Throughput: 48.6533 GB/s
Data size: 1024*8192*96(805306368,3072MB) Time: 132.678 ms      Throughput: 48.5571 GB/s
Data size: 1024*8192*97(813694976,3104MB) Time: 134.661 ms      Throughput: 48.3405 GB/s
Data size: 1024*8192*98(822083584,3136MB) Time: 135.361 ms      Throughput: 48.5863 GB/s
Data size: 1024*8192*99(830472192,3168MB) Time: 136.606 ms      Throughput: 48.6348 GB/s
Data size: 1024*8192*100(838860800,3200MB) Time: 137.68 ms      Throughput: 48.7428 GB/s

------------------ Warpwise Strided Access ------------------
Data size: 1024*8192*1(8388608,32MB) Time: 1.12662 ms   Throughput: 59.5665 GB/s
Data size: 1024*8192*2(16777216,64MB) Time: 2.61049 ms  Throughput: 51.4148 GB/s
Data size: 1024*8192*3(25165824,96MB) Time: 3.92927 ms  Throughput: 51.2377 GB/s
Data size: 1024*8192*4(33554432,128MB) Time: 5.19272 ms Throughput: 51.6945 GB/s
Data size: 1024*8192*5(41943040,160MB) Time: 6.53068 ms Throughput: 51.3797 GB/s
Data size: 1024*8192*6(50331648,192MB) Time: 7.9749 ms  Throughput: 50.4901 GB/s
Data size: 1024*8192*7(58720256,224MB) Time: 9.21315 ms Throughput: 50.9882 GB/s
Data size: 1024*8192*8(67108864,256MB) Time: 10.3697 ms Throughput: 51.7732 GB/s
Data size: 1024*8192*9(75497472,288MB) Time: 11.7089 ms Throughput: 51.5831 GB/s
Data size: 1024*8192*10(83886080,320MB) Time: 13.1996 ms        Throughput: 50.8416 GB/s
Data size: 1024*8192*11(92274688,352MB) Time: 14.4189 ms        Throughput: 51.1965 GB/s
Data size: 1024*8192*12(100663296,384MB) Time: 15.882 ms        Throughput: 50.7056 GB/s
Data size: 1024*8192*13(109051904,416MB) Time: 16.9975 ms       Throughput: 51.3261 GB/s
Data size: 1024*8192*14(117440512,448MB) Time: 18.7212 ms       Throughput: 50.1851 GB/s
Data size: 1024*8192*15(125829120,480MB) Time: 19.9956 ms       Throughput: 50.3427 GB/s
Data size: 1024*8192*16(134217728,512MB) Time: 21.5392 ms       Throughput: 49.8505 GB/s
Data size: 1024*8192*17(142606336,544MB) Time: 22.4738 ms       Throughput: 50.7636 GB/s
Data size: 1024*8192*18(150994944,576MB) Time: 23.9651 ms       Throughput: 50.4049 GB/s
Data size: 1024*8192*19(159383552,608MB) Time: 26.3274 ms       Throughput: 48.4312 GB/s
Data size: 1024*8192*20(167772160,640MB) Time: 26.8425 ms       Throughput: 50.0019 GB/s
Data size: 1024*8192*21(176160768,672MB) Time: 27.9033 ms       Throughput: 50.506 GB/s
Data size: 1024*8192*22(184549376,704MB) Time: 29.6571 ms       Throughput: 49.7822 GB/s
Data size: 1024*8192*23(192937984,736MB) Time: 30.7946 ms       Throughput: 50.1225 GB/s
Data size: 1024*8192*24(201326592,768MB) Time: 32.0972 ms       Throughput: 50.1793 GB/s
Data size: 1024*8192*25(209715200,800MB) Time: 33.531 ms        Throughput: 50.0349 GB/s
Data size: 1024*8192*26(218103808,832MB) Time: 35.4207 ms       Throughput: 49.2602 GB/s
Data size: 1024*8192*27(226492416,864MB) Time: 36.1143 ms       Throughput: 50.1724 GB/s
Data size: 1024*8192*28(234881024,896MB) Time: 37.6043 ms       Throughput: 49.969 GB/s
Data size: 1024*8192*29(243269632,928MB) Time: 38.9529 ms       Throughput: 49.9618 GB/s
Data size: 1024*8192*30(251658240,960MB) Time: 40.5148 ms       Throughput: 49.6921 GB/s
Data size: 1024*8192*31(260046848,992MB) Time: 41.7374 ms       Throughput: 49.8444 GB/s
Data size: 1024*8192*32(268435456,1024MB) Time: 43.3439 ms      Throughput: 49.5452 GB/s
Data size: 1024*8192*33(276824064,1056MB) Time: 44.5891 ms      Throughput: 49.6667 GB/s
Data size: 1024*8192*34(285212672,1088MB) Time: 45.8412 ms      Throughput: 49.774 GB/s
Data size: 1024*8192*35(293601280,1120MB) Time: 47.2478 ms      Throughput: 49.7126 GB/s
Data size: 1024*8192*36(301989888,1152MB) Time: 48.5986 ms      Throughput: 49.7117 GB/s
Data size: 1024*8192*37(310378496,1184MB) Time: 49.8315 ms      Throughput: 49.8285 GB/s
Data size: 1024*8192*38(318767104,1216MB) Time: 51.5732 ms      Throughput: 49.447 GB/s
Data size: 1024*8192*39(327155712,1248MB) Time: 54.5647 ms      Throughput: 47.966 GB/s
Data size: 1024*8192*40(335544320,1280MB) Time: 54.6546 ms      Throughput: 49.1149 GB/s
Data size: 1024*8192*41(343932928,1312MB) Time: 55.9149 ms      Throughput: 49.2081 GB/s
Data size: 1024*8192*42(352321536,1344MB) Time: 57.0121 ms      Throughput: 49.4381 GB/s
Data size: 1024*8192*43(360710144,1376MB) Time: 58.33 ms        Throughput: 49.4717 GB/s
Data size: 1024*8192*44(369098752,1408MB) Time: 59.8578 ms      Throughput: 49.3301 GB/s
Data size: 1024*8192*45(377487360,1440MB) Time: 61.4401 ms      Throughput: 49.1519 GB/s
Data size: 1024*8192*46(385875968,1472MB) Time: 62.6117 ms      Throughput: 49.304 GB/s
Data size: 1024*8192*47(394264576,1504MB) Time: 63.6229 ms      Throughput: 49.5752 GB/s
Data size: 1024*8192*48(402653184,1536MB) Time: 65.2509 ms      Throughput: 49.3667 GB/s
Data size: 1024*8192*49(411041792,1568MB) Time: 66.748 ms       Throughput: 49.2649 GB/s
Data size: 1024*8192*50(419430400,1600MB) Time: 68.221 ms       Throughput: 49.1849 GB/s
Data size: 1024*8192*51(427819008,1632MB) Time: 69.8328 ms      Throughput: 49.0107 GB/s
Data size: 1024*8192*52(436207616,1664MB) Time: 71.2867 ms      Throughput: 48.9525 GB/s
Data size: 1024*8192*53(444596224,1696MB) Time: 72.2372 ms      Throughput: 49.2374 GB/s
Data size: 1024*8192*54(452984832,1728MB) Time: 74.1459 ms      Throughput: 48.875 GB/s
Data size: 1024*8192*55(461373440,1760MB) Time: 75.2929 ms      Throughput: 49.0217 GB/s
Data size: 1024*8192*56(469762048,1792MB) Time: 76.9061 ms      Throughput: 48.8661 GB/s
Data size: 1024*8192*57(478150656,1824MB) Time: 77.7628 ms      Throughput: 49.1907 GB/s
Data size: 1024*8192*58(486539264,1856MB) Time: 80.3749 ms      Throughput: 48.427 GB/s
Data size: 1024*8192*59(494927872,1888MB) Time: 80.7663 ms      Throughput: 49.0232 GB/s
Data size: 1024*8192*60(503316480,1920MB) Time: 82.5005 ms      Throughput: 48.8061 GB/s
Data size: 1024*8192*61(511705088,1952MB) Time: 83.725 ms       Throughput: 48.8939 GB/s
Data size: 1024*8192*62(520093696,1984MB) Time: 85.3842 ms      Throughput: 48.7297 GB/s
Data size: 1024*8192*63(528482304,2016MB) Time: 86.3965 ms      Throughput: 48.9356 GB/s
Data size: 1024*8192*64(536870912,2048MB) Time: 88.2059 ms      Throughput: 48.6925 GB/s
Data size: 1024*8192*65(545259520,2080MB) Time: 89.2633 ms      Throughput: 48.8675 GB/s
Data size: 1024*8192*66(553648128,2112MB) Time: 90.7018 ms      Throughput: 48.8324 GB/s
Data size: 1024*8192*67(562036736,2144MB) Time: 92.0967 ms      Throughput: 48.8215 GB/s
Data size: 1024*8192*68(570425344,2176MB) Time: 93.5765 ms      Throughput: 48.7665 GB/s
Data size: 1024*8192*69(578813952,2208MB) Time: 95.9325 ms      Throughput: 48.2684 GB/s
Data size: 1024*8192*70(587202560,2240MB) Time: 96.1024 ms      Throughput: 48.8814 GB/s
Data size: 1024*8192*71(595591168,2272MB) Time: 97.572 ms       Throughput: 48.833 GB/s
Data size: 1024*8192*72(603979776,2304MB) Time: 98.9526 ms      Throughput: 48.8298 GB/s
Data size: 1024*8192*73(612368384,2336MB) Time: 100.443 ms      Throughput: 48.7733 GB/s
Data size: 1024*8192*74(620756992,2368MB) Time: 102.04 ms       Throughput: 48.6676 GB/s
Data size: 1024*8192*75(629145600,2400MB) Time: 103.408 ms      Throughput: 48.673 GB/s
Data size: 1024*8192*76(637534208,2432MB) Time: 104.592 ms      Throughput: 48.7635 GB/s
Data size: 1024*8192*77(645922816,2464MB) Time: 106.259 ms      Throughput: 48.63 GB/s
Data size: 1024*8192*78(654311424,2496MB) Time: 107.262 ms      Throughput: 48.801 GB/s
Data size: 1024*8192*79(662700032,2528MB) Time: 108.225 ms      Throughput: 48.987 GB/s
Data size: 1024*8192*80(671088640,2560MB) Time: 109.932 ms      Throughput: 48.8365 GB/s
Data size: 1024*8192*81(679477248,2592MB) Time: 111.167 ms      Throughput: 48.8979 GB/s
Data size: 1024*8192*82(687865856,2624MB) Time: 112.587 ms      Throughput: 48.8771 GB/s
Data size: 1024*8192*83(696254464,2656MB) Time: 115.078 ms      Throughput: 48.4021 GB/s
Data size: 1024*8192*84(704643072,2688MB) Time: 114.504 ms      Throughput: 49.2309 GB/s
Data size: 1024*8192*85(713031680,2720MB) Time: 116.57 ms       Throughput: 48.9341 GB/s
Data size: 1024*8192*86(721420288,2752MB) Time: 118.99 ms       Throughput: 48.5027 GB/s
Data size: 1024*8192*87(729808896,2784MB) Time: 118.966 ms      Throughput: 49.077 GB/s
Data size: 1024*8192*88(738197504,2816MB) Time: 120.505 ms      Throughput: 49.007 GB/s
Data size: 1024*8192*89(746586112,2848MB) Time: 122.054 ms      Throughput: 48.9347 GB/s
Data size: 1024*8192*90(754974720,2880MB) Time: 123.56 ms       Throughput: 48.8815 GB/s
Data size: 1024*8192*91(763363328,2912MB) Time: 124.406 ms      Throughput: 49.0885 GB/s
Data size: 1024*8192*92(771751936,2944MB) Time: 126.221 ms      Throughput: 48.9142 GB/s
Data size: 1024*8192*93(780140544,2976MB) Time: 127.589 ms      Throughput: 48.916 GB/s
Data size: 1024*8192*94(788529152,3008MB) Time: 129.213 ms      Throughput: 48.8206 GB/s
Data size: 1024*8192*95(796917760,3040MB) Time: 130.405 ms      Throughput: 48.8889 GB/s
Data size: 1024*8192*96(805306368,3072MB) Time: 132.007 ms      Throughput: 48.804 GB/s
Data size: 1024*8192*97(813694976,3104MB) Time: 133.825 ms      Throughput: 48.6424 GB/s
Data size: 1024*8192*98(822083584,3136MB) Time: 134.721 ms      Throughput: 48.817 GB/s
Data size: 1024*8192*99(830472192,3168MB) Time: 136.353 ms      Throughput: 48.7249 GB/s
Data size: 1024*8192*100(838860800,3200MB) Time: 137.851 ms     Throughput: 48.6823 GB/s


strided_bandwidth = [60.6541,50.9717,49.5753,51.2493,50.0411,50.0317,49.6831,50.0859,50.1156,50.3912,49.7101,51.0952,50.3501,50.2267,50.9576,49.9416,49.921,49.9446,49.8879,49.7527,49.0786,49.4284,49.7253,49.4396,49.6339,49.5758,49.7121,49.6692,49.5218,49.2157,49.5863,49.4282,49.39,49.1726,49.1706,49.3585,48.7601,49.3742,49.3659,49.1718,49.0033,48.8981,48.829,48.9465,49.0251,48.8374,49.1911,48.899,48.9818,48.917,48.8312,48.4362,48.9019,48.6704,49.0386,48.9614,48.9491,48.8274,48.996,48.4106,48.7025,48.7472,48.6726,48.4396,48.6734,48.5569,48.7816,48.5186,48.5811,48.6436,48.705,48.4699,48.5899,48.39,48.6606,48.4762,48.6333,48.5176,48.7287,48.8193,48.5887,48.4857,48.8162,48.8551,48.5742,48.7318,48.6824,48.6978,48.8763,48.7217,48.8165,48.8737,48.6627,48.6382,48.6533,48.5571,48.3405,48.5863,48.6348,48.7428]
coalesced_bandwidth = [55.9063,49.6276,40.4896,34.9432,44.7028,42.8613,43.8379,42.2607,34.4367,35.3292,34.4707,36.6718,36.4402,36.353,36.1112,35.5143,34.8737,34.6118,34.9134,34.8741,34.8905,34.5842,34.6345,34.4715,34.5056,34.3011,34.4077,34.2356,33.8244,33.9829,33.8291,33.8548,34.28,34.2369,34.2238,34.1867,33.8915,34.1088,33.7247,33.8195,33.5931,33.6216,33.5087,33.242,33.3159,33.1878,33.0713,32.9458,32.8244,32.5826,32.5994,32.5186,32.4144,32.3848,32.3086,32.2165,32.0649,31.9364,31.8561,31.5835,31.5732,31.3878,31.2908,31.1331,31.0878,30.9572,30.8661,30.6051,30.4713,30.5073,30.3313,30.1801,30.0728,29.9579,29.787,29.3606,29.1757,29.1992,29.0019,28.7573,28.7498,28.6233,28.3909,28.2516,28.0621,27.7391,27.4885,27.4348,27.2846,27.0971,26.8495,26.6005,26.5913,26.2339,26.1285,25.8768,25.5735,25.4387,25.2693,25.0139]
mix_bandwidth = [59.5665,51.4148,51.2377,51.6945,51.3797,50.4901,50.9882,51.7732,51.5831,50.8416,51.1965,50.7056,51.3261,50.1851,50.3427,49.8505,50.7636,50.4049,48.4312,50.0019,50.506,49.7822,50.1225,50.1793,50.0349,49.2602,50.1724,49.969,49.9618,49.6921,49.8444,49.5452,49.6667,49.774,49.7126,49.7117,49.8285,49.447,47.966,49.1149,49.2081,49.4381,49.4717,49.3301,49.1519,49.304,49.5752,49.3667,49.2649,49.1849,49.0107,48.9525,49.2374,48.875,49.0217,48.8661,49.1907,48.427,49.0232,48.8061,48.8939,48.7297,48.9356,48.6925,48.8675,48.8324,48.8215,48.7665,48.2684,48.8814,48.833,48.8298,48.7733,48.6676,48.673,48.7635,48.63,48.801,48.987,48.8365,48.8979,48.8771,48.4021,49.2309,48.9341,48.5027,49.077,49.007,48.9347,48.8815,49.0885,48.9142,48.916,48.8206,48.8889,48.804,48.6424,48.817,48.7249,48.6823]
