zlai@gpu-ib-16:opencl$ ./bin/opencl_compare

Starting to launch opencl_compare...
Fast run...
Data size: 1000000000

Detection mode: All
------ Start hardware checking ------
Platform: NVIDIA CUDA
Number of devices: 2
        Computing device 0 : Tesla K40m
        Computing device 1 : Tesla K40m
Please enter the index of the device to use (0,1,2...) : 0
Selected device: Tesla K40m
------ End of hardware checking ------

Maximal data size: 838860800 (3200MB)
------------------ Coalesced Access ------------------
Data size: 1024*8192*1(8388608,32MB) Time: 0.450901 ms  Throughput: 148.833 GB/s
Data size: 1024*8192*2(16777216,64MB) Time: 0.65222 ms  Throughput: 205.786 GB/s
Data size: 1024*8192*3(25165824,96MB) Time: 1.01984 ms  Throughput: 197.409 GB/s
Data size: 1024*8192*4(33554432,128MB) Time: 1.31879 ms Throughput: 203.547 GB/s
Data size: 1024*8192*5(41943040,160MB) Time: 1.62488 ms Throughput: 206.504 GB/s
Data size: 1024*8192*6(50331648,192MB) Time: 1.94785 ms Throughput: 206.717 GB/s
Data size: 1024*8192*7(58720256,224MB) Time: 2.25306 ms Throughput: 208.5 GB/s
Data size: 1024*8192*8(67108864,256MB) Time: 2.553 ms   Throughput: 210.29 GB/s
Data size: 1024*8192*9(75497472,288MB) Time: 2.9093 ms  Throughput: 207.603 GB/s
Data size: 1024*8192*10(83886080,320MB) Time: 3.19832 ms        Throughput: 209.825 GB/s
Data size: 1024*8192*11(92274688,352MB) Time: 3.52548 ms        Throughput: 209.389 GB/s
Data size: 1024*8192*12(100663296,384MB) Time: 3.83032 ms       Throughput: 210.245 GB/s
Data size: 1024*8192*13(109051904,416MB) Time: 4.15111 ms       Throughput: 210.164 GB/s
Data size: 1024*8192*14(117440512,448MB) Time: 4.46401 ms       Throughput: 210.466 GB/s
Data size: 1024*8192*15(125829120,480MB) Time: 4.78963 ms       Throughput: 210.169 GB/s
Data size: 1024*8192*16(134217728,512MB) Time: 5.08944 ms       Throughput: 210.974 GB/s
Data size: 1024*8192*17(142606336,544MB) Time: 5.42601 ms       Throughput: 210.256 GB/s
Data size: 1024*8192*18(150994944,576MB) Time: 5.73161 ms       Throughput: 210.754 GB/s
Data size: 1024*8192*19(159383552,608MB) Time: 6.06004 ms       Throughput: 210.406 GB/s
Data size: 1024*8192*20(167772160,640MB) Time: 6.36838 ms       Throughput: 210.757 GB/s
Data size: 1024*8192*21(176160768,672MB) Time: 6.68999 ms       Throughput: 210.656 GB/s
Data size: 1024*8192*22(184549376,704MB) Time: 6.99654 ms       Throughput: 211.018 GB/s
Data size: 1024*8192*23(192937984,736MB) Time: 7.33306 ms       Throughput: 210.486 GB/s
Data size: 1024*8192*24(201326592,768MB) Time: 7.64007 ms       Throughput: 210.811 GB/s
Data size: 1024*8192*25(209715200,800MB) Time: 7.97785 ms       Throughput: 210.297 GB/s
Data size: 1024*8192*26(218103808,832MB) Time: 8.29038 ms       Throughput: 210.465 GB/s
Data size: 1024*8192*27(226492416,864MB) Time: 8.63534 ms       Throughput: 209.828 GB/s
Data size: 1024*8192*28(234881024,896MB) Time: 8.94349 ms       Throughput: 210.102 GB/s
Data size: 1024*8192*29(243269632,928MB) Time: 9.29341 ms       Throughput: 209.413 GB/s
Data size: 1024*8192*30(251658240,960MB) Time: 9.61041 ms       Throughput: 209.488 GB/s
Data size: 1024*8192*31(260046848,992MB) Time: 9.95419 ms       Throughput: 208.995 GB/s
Data size: 1024*8192*32(268435456,1024MB) Time: 10.2741 ms      Throughput: 209.02 GB/s
Data size: 1024*8192*33(276824064,1056MB) Time: 10.6116 ms      Throughput: 208.696 GB/s
Data size: 1024*8192*34(285212672,1088MB) Time: 10.936 ms       Throughput: 208.642 GB/s
Data size: 1024*8192*35(293601280,1120MB) Time: 11.2701 ms      Throughput: 208.411 GB/s
Data size: 1024*8192*36(301989888,1152MB) Time: 11.5957 ms      Throughput: 208.347 GB/s
Data size: 1024*8192*37(310378496,1184MB) Time: 11.9275 ms      Throughput: 208.176 GB/s
Data size: 1024*8192*38(318767104,1216MB) Time: 12.2453 ms      Throughput: 208.254 GB/s
Data size: 1024*8192*39(327155712,1248MB) Time: 12.5818 ms      Throughput: 208.019 GB/s
Data size: 1024*8192*40(335544320,1280MB) Time: 12.8986 ms      Throughput: 208.112 GB/s
Data size: 1024*8192*41(343932928,1312MB) Time: 13.2477 ms      Throughput: 207.694 GB/s
Data size: 1024*8192*42(352321536,1344MB) Time: 13.5578 ms      Throughput: 207.893 GB/s
Data size: 1024*8192*43(360710144,1376MB) Time: 13.9234 ms      Throughput: 207.254 GB/s
Data size: 1024*8192*44(369098752,1408MB) Time: 14.2648 ms      Throughput: 206.998 GB/s
Data size: 1024*8192*45(377487360,1440MB) Time: 14.6098 ms      Throughput: 206.704 GB/s
Data size: 1024*8192*46(385875968,1472MB) Time: 14.9288 ms      Throughput: 206.782 GB/s
Data size: 1024*8192*47(394264576,1504MB) Time: 15.2021 ms      Throughput: 207.479 GB/s
Data size: 1024*8192*48(402653184,1536MB) Time: 15.5718 ms      Throughput: 206.863 GB/s
Data size: 1024*8192*49(411041792,1568MB) Time: 15.888 ms       Throughput: 206.969 GB/s
Data size: 1024*8192*50(419430400,1600MB) Time: 16.1975 ms      Throughput: 207.158 GB/s
Data size: 1024*8192*51(427819008,1632MB) Time: 16.4855 ms      Throughput: 207.61 GB/s
Data size: 1024*8192*52(436207616,1664MB) Time: 16.8317 ms      Throughput: 207.327 GB/s
Data size: 1024*8192*53(444596224,1696MB) Time: 17.1458 ms      Throughput: 207.443 GB/s
Data size: 1024*8192*54(452984832,1728MB) Time: 17.4556 ms      Throughput: 207.605 GB/s
Data size: 1024*8192*55(461373440,1760MB) Time: 17.7757 ms      Throughput: 207.642 GB/s
Data size: 1024*8192*56(469762048,1792MB) Time: 18.1082 ms      Throughput: 207.535 GB/s
Data size: 1024*8192*57(478150656,1824MB) Time: 18.4242 ms      Throughput: 207.618 GB/s
Data size: 1024*8192*58(486539264,1856MB) Time: 18.7619 ms      Throughput: 207.459 GB/s
Data size: 1024*8192*59(494927872,1888MB) Time: 19.0777 ms      Throughput: 207.542 GB/s
Data size: 1024*8192*60(503316480,1920MB) Time: 19.3999 ms      Throughput: 207.555 GB/s
Data size: 1024*8192*61(511705088,1952MB) Time: 19.7395 ms      Throughput: 207.383 GB/s
Data size: 1024*8192*62(520093696,1984MB) Time: 20.0972 ms      Throughput: 207.031 GB/s
Data size: 1024*8192*63(528482304,2016MB) Time: 20.3571 ms      Throughput: 207.684 GB/s
Data size: 1024*8192*64(536870912,2048MB) Time: 20.7575 ms      Throughput: 206.911 GB/s
Data size: 1024*8192*65(545259520,2080MB) Time: 21.0437 ms      Throughput: 207.287 GB/s
Data size: 1024*8192*66(553648128,2112MB) Time: 21.3545 ms      Throughput: 207.412 GB/s
Data size: 1024*8192*67(562036736,2144MB) Time: 21.7067 ms      Throughput: 207.138 GB/s
Data size: 1024*8192*68(570425344,2176MB) Time: 22.0909 ms      Throughput: 206.574 GB/s
Data size: 1024*8192*69(578813952,2208MB) Time: 22.3248 ms      Throughput: 207.415 GB/s
Data size: 1024*8192*70(587202560,2240MB) Time: 22.7311 ms      Throughput: 206.661 GB/s
Data size: 1024*8192*71(595591168,2272MB) Time: 23.0508 ms      Throughput: 206.705 GB/s
Data size: 1024*8192*72(603979776,2304MB) Time: 23.3802 ms      Throughput: 206.663 GB/s
Data size: 1024*8192*73(612368384,2336MB) Time: 23.7481 ms      Throughput: 206.288 GB/s
Data size: 1024*8192*74(620756992,2368MB) Time: 24.086 ms       Throughput: 206.18 GB/s
Data size: 1024*8192*75(629145600,2400MB) Time: 24.3521 ms      Throughput: 206.683 GB/s
Data size: 1024*8192*76(637534208,2432MB) Time: 24.7952 ms      Throughput: 205.696 GB/s
Data size: 1024*8192*77(645922816,2464MB) Time: 25.057 ms       Throughput: 206.225 GB/s
Data size: 1024*8192*78(654311424,2496MB) Time: 25.4392 ms      Throughput: 205.765 GB/s
Data size: 1024*8192*79(662700032,2528MB) Time: 25.7103 ms      Throughput: 206.205 GB/s
Data size: 1024*8192*80(671088640,2560MB) Time: 26.1645 ms      Throughput: 205.191 GB/s
Data size: 1024*8192*81(679477248,2592MB) Time: 26.4572 ms      Throughput: 205.457 GB/s
Data size: 1024*8192*82(687865856,2624MB) Time: 26.8259 ms      Throughput: 205.135 GB/s
Data size: 1024*8192*83(696254464,2656MB) Time: 27.1344 ms      Throughput: 205.276 GB/s
Data size: 1024*8192*84(704643072,2688MB) Time: 27.504 ms       Throughput: 204.957 GB/s
Data size: 1024*8192*85(713031680,2720MB) Time: 27.843 ms       Throughput: 204.872 GB/s
Data size: 1024*8192*86(721420288,2752MB) Time: 28.2309 ms      Throughput: 204.434 GB/s
Data size: 1024*8192*87(729808896,2784MB) Time: 28.5037 ms      Throughput: 204.832 GB/s
Data size: 1024*8192*88(738197504,2816MB) Time: 28.9074 ms      Throughput: 204.293 GB/s
Data size: 1024*8192*89(746586112,2848MB) Time: 29.1593 ms      Throughput: 204.829 GB/s
Data size: 1024*8192*90(754974720,2880MB) Time: 29.6195 ms      Throughput: 203.913 GB/s
Data size: 1024*8192*91(763363328,2912MB) Time: 30.0404 ms      Throughput: 203.29 GB/s
Data size: 1024*8192*92(771751936,2944MB) Time: 30.3485 ms      Throughput: 203.437 GB/s
Data size: 1024*8192*93(780140544,2976MB) Time: 30.7564 ms      Throughput: 202.921 GB/s
Data size: 1024*8192*94(788529152,3008MB) Time: 31.1195 ms      Throughput: 202.71 GB/s
Data size: 1024*8192*95(796917760,3040MB) Time: 31.4667 ms      Throughput: 202.606 GB/s
Data size: 1024*8192*96(805306368,3072MB) Time: 31.8594 ms      Throughput: 202.215 GB/s
Data size: 1024*8192*97(813694976,3104MB) Time: 32.1052 ms      Throughput: 202.757 GB/s
Data size: 1024*8192*98(822083584,3136MB) Time: 32.6322 ms      Throughput: 201.539 GB/s
Data size: 1024*8192*99(830472192,3168MB) Time: 32.8637 ms      Throughput: 202.161 GB/s
Data size: 1024*8192*100(838860800,3200MB) Time: 33.3656 ms     Throughput: 201.132 GB/s

------------------ Strided Access ------------------
Data size: 1024*8192*1(8388608,32MB) Time: 0.450524 ms  Throughput: 148.957 GB/s
Data size: 1024*8192*2(16777216,64MB) Time: 0.721845 ms Throughput: 185.937 GB/s
Data size: 1024*8192*3(25165824,96MB) Time: 1.27057 ms  Throughput: 158.454 GB/s
Data size: 1024*8192*4(33554432,128MB) Time: 1.93992 ms Throughput: 138.375 GB/s
Data size: 1024*8192*5(41943040,160MB) Time: 2.94404 ms Throughput: 113.974 GB/s
Data size: 1024*8192*6(50331648,192MB) Time: 4.03132 ms Throughput: 99.8812 GB/s
Data size: 1024*8192*7(58720256,224MB) Time: 5.93457 ms Throughput: 79.1568 GB/s
Data size: 1024*8192*8(67108864,256MB) Time: 9.68347 ms Throughput: 55.442 GB/s
Data size: 1024*8192*9(75497472,288MB) Time: 16.4416 ms Throughput: 36.7348 GB/s
Data size: 1024*8192*10(83886080,320MB) Time: 18.5968 ms        Throughput: 36.0862 GB/s
Data size: 1024*8192*11(92274688,352MB) Time: 23.6874 ms        Throughput: 31.1642 GB/s
Data size: 1024*8192*12(100663296,384MB) Time: 26.5243 ms       Throughput: 30.3611 GB/s
Data size: 1024*8192*13(109051904,416MB) Time: 31.9164 ms       Throughput: 27.3344 GB/s
Data size: 1024*8192*14(117440512,448MB) Time: 35.6325 ms       Throughput: 26.367 GB/s
Data size: 1024*8192*15(125829120,480MB) Time: 41.3386 ms       Throughput: 24.3509 GB/s
Data size: 1024*8192*16(134217728,512MB) Time: 42.8932 ms       Throughput: 25.0329 GB/s
Data size: 1024*8192*17(142606336,544MB) Time: 53.0487 ms       Throughput: 21.5057 GB/s
Data size: 1024*8192*18(150994944,576MB) Time: 57.939 ms        Throughput: 20.8488 GB/s
Data size: 1024*8192*19(159383552,608MB) Time: 66.61 ms Throughput: 19.1423 GB/s
Data size: 1024*8192*20(167772160,640MB) Time: 71.6695 ms       Throughput: 18.7273 GB/s
Data size: 1024*8192*21(176160768,672MB) Time: 81.0628 ms       Throughput: 17.3851 GB/s
Data size: 1024*8192*22(184549376,704MB) Time: 86.9611 ms       Throughput: 16.9776 GB/s
Data size: 1024*8192*23(192937984,736MB) Time: 97.8274 ms       Throughput: 15.7778 GB/s
Data size: 1024*8192*24(201326592,768MB) Time: 104.218 ms       Throughput: 15.4543 GB/s
Data size: 1024*8192*25(209715200,800MB) Time: 116.774 ms       Throughput: 14.3672 GB/s
Data size: 1024*8192*26(218103808,832MB) Time: 124.025 ms       Throughput: 14.0684 GB/s
Data size: 1024*8192*27(226492416,864MB) Time: 147.889 ms       Throughput: 12.2521 GB/s
Data size: 1024*8192*28(234881024,896MB) Time: 149.236 ms       Throughput: 12.5911 GB/s
Data size: 1024*8192*29(243269632,928MB) Time: 174.591 ms       Throughput: 11.1469 GB/s
Data size: 1024*8192*30(251658240,960MB) Time: 164.802 ms       Throughput: 12.2163 GB/s
Data size: 1024*8192*31(260046848,992MB) Time: 195.495 ms       Throughput: 10.6416 GB/s
Data size: 1024*8192*32(268435456,1024MB) Time: 163.706 ms      Throughput: 13.1179 GB/s
Data size: 1024*8192*33(276824064,1056MB) Time: 210.954 ms      Throughput: 10.498 GB/s
Data size: 1024*8192*34(285212672,1088MB) Time: 202.414 ms      Throughput: 11.2724 GB/s
Data size: 1024*8192*35(293601280,1120MB) Time: 242.019 ms      Throughput: 9.70506 GB/s
Data size: 1024*8192*36(301989888,1152MB) Time: 232.383 ms      Throughput: 10.3963 GB/s
Data size: 1024*8192*37(310378496,1184MB) Time: 267.703 ms      Throughput: 9.27531 GB/s
Data size: 1024*8192*38(318767104,1216MB) Time: 251.557 ms      Throughput: 10.1374 GB/s
Data size: 1024*8192*39(327155712,1248MB) Time: 289.083 ms      Throughput: 9.05362 GB/s
Data size: 1024*8192*40(335544320,1280MB) Time: 274.152 ms      Throughput: 9.79147 GB/s
Data size: 1024*8192*41(343932928,1312MB) Time: 311.427 ms      Throughput: 8.83503 GB/s
Data size: 1024*8192*42(352321536,1344MB) Time: 299.301 ms      Throughput: 9.41718 GB/s
Data size: 1024*8192*43(360710144,1376MB) Time: 334.482 ms      Throughput: 8.6273 GB/s
Data size: 1024*8192*44(369098752,1408MB) Time: 316.223 ms      Throughput: 9.33769 GB/s
Data size: 1024*8192*45(377487360,1440MB) Time: 355.619 ms      Throughput: 8.49195 GB/s
Data size: 1024*8192*46(385875968,1472MB) Time: 332.092 ms      Throughput: 9.29564 GB/s
Data size: 1024*8192*47(394264576,1504MB) Time: 375.272 ms      Throughput: 8.40488 GB/s
Data size: 1024*8192*48(402653184,1536MB) Time: 340.168 ms      Throughput: 9.46951 GB/s
Data size: 1024*8192*49(411041792,1568MB) Time: 396.035 ms      Throughput: 8.30313 GB/s
Data size: 1024*8192*50(419430400,1600MB) Time: 372.295 ms      Throughput: 9.01287 GB/s
Data size: 1024*8192*51(427819008,1632MB) Time: 418.083 ms      Throughput: 8.18631 GB/s
Data size: 1024*8192*52(436207616,1664MB) Time: 387.381 ms      Throughput: 9.00833 GB/s
Data size: 1024*8192*53(444596224,1696MB) Time: 435.242 ms      Throughput: 8.17193 GB/s
Data size: 1024*8192*54(452984832,1728MB) Time: 409.907 ms      Throughput: 8.84074 GB/s
Data size: 1024*8192*55(461373440,1760MB) Time: 457.395 ms      Throughput: 8.06958 GB/s
Data size: 1024*8192*56(469762048,1792MB) Time: 423.401 ms      Throughput: 8.87598 GB/s
Data size: 1024*8192*57(478150656,1824MB) Time: 476.808 ms      Throughput: 8.02253 GB/s
Data size: 1024*8192*58(486539264,1856MB) Time: 442.808 ms      Throughput: 8.79007 GB/s
Data size: 1024*8192*59(494927872,1888MB) Time: 497.897 ms      Throughput: 7.95229 GB/s
Data size: 1024*8192*60(503316480,1920MB) Time: 468.791 ms      Throughput: 8.58919 GB/s
Data size: 1024*8192*61(511705088,1952MB) Time: 517.197 ms      Throughput: 7.91505 GB/s
Data size: 1024*8192*62(520093696,1984MB) Time: 464.55 ms       Throughput: 8.95652 GB/s
Data size: 1024*8192*63(528482304,2016MB) Time: 533.655 ms      Throughput: 7.92245 GB/s
Data size: 1024*8192*64(536870912,2048MB) Time: 471.816 ms      Throughput: 9.10306 GB/s
Data size: 1024*8192*65(545259520,2080MB) Time: 549.886 ms      Throughput: 7.93269 GB/s
Data size: 1024*8192*66(553648128,2112MB) Time: 496.727 ms      Throughput: 8.91674 GB/s
Data size: 1024*8192*67(562036736,2144MB) Time: 572.764 ms      Throughput: 7.85016 GB/s
Data size: 1024*8192*68(570425344,2176MB) Time: 522.076 ms      Throughput: 8.74088 GB/s
Data size: 1024*8192*69(578813952,2208MB) Time: 594.368 ms      Throughput: 7.79065 GB/s
Data size: 1024*8192*70(587202560,2240MB) Time: 528.141 ms      Throughput: 8.89464 GB/s
Data size: 1024*8192*71(595591168,2272MB) Time: 617.093 ms      Throughput: 7.72125 GB/s
Data size: 1024*8192*72(603979776,2304MB) Time: 551.349 ms      Throughput: 8.76366 GB/s
Data size: 1024*8192*73(612368384,2336MB) Time: 637.546 ms      Throughput: 7.68407 GB/s
Data size: 1024*8192*74(620756992,2368MB) Time: 563.834 ms      Throughput: 8.80766 GB/s
Data size: 1024*8192*75(629145600,2400MB) Time: 652.796 ms      Throughput: 7.71017 GB/s
Data size: 1024*8192*76(637534208,2432MB) Time: 585.601 ms      Throughput: 8.70948 GB/s
Data size: 1024*8192*77(645922816,2464MB) Time: 679.559 ms      Throughput: 7.60402 GB/s
Data size: 1024*8192*78(654311424,2496MB) Time: 599.345 ms      Throughput: 8.73368 GB/s
Data size: 1024*8192*79(662700032,2528MB) Time: 691.692 ms      Throughput: 7.66468 GB/s
Data size: 1024*8192*80(671088640,2560MB) Time: 616.837 ms      Throughput: 8.70362 GB/s
Data size: 1024*8192*81(679477248,2592MB) Time: 708.939 ms      Throughput: 7.66754 GB/s
Data size: 1024*8192*82(687865856,2624MB) Time: 640.815 ms      Throughput: 8.58739 GB/s
Data size: 1024*8192*83(696254464,2656MB) Time: 734.47 ms       Throughput: 7.58374 GB/s
Data size: 1024*8192*84(704643072,2688MB) Time: 659.869 ms      Throughput: 8.54283 GB/s
Data size: 1024*8192*85(713031680,2720MB) Time: 759.804 ms      Throughput: 7.50753 GB/s
Data size: 1024*8192*86(721420288,2752MB) Time: 675.181 ms      Throughput: 8.54788 GB/s
Data size: 1024*8192*87(729808896,2784MB) Time: 778.489 ms      Throughput: 7.49975 GB/s
Data size: 1024*8192*88(738197504,2816MB) Time: 700.765 ms      Throughput: 8.42733 GB/s
Data size: 1024*8192*89(746586112,2848MB) Time: 798.003 ms      Throughput: 7.48454 GB/s
Data size: 1024*8192*90(754974720,2880MB) Time: 714.154 ms      Throughput: 8.45728 GB/s
Data size: 1024*8192*91(763363328,2912MB) Time: 813.802 ms      Throughput: 7.50417 GB/s
Data size: 1024*8192*92(771751936,2944MB) Time: 723.74 ms       Throughput: 8.53071 GB/s
Data size: 1024*8192*93(780140544,2976MB) Time: 837.134 ms      Throughput: 7.45535 GB/s
Data size: 1024*8192*94(788529152,3008MB) Time: 749.843 ms      Throughput: 8.41273 GB/s
Data size: 1024*8192*95(796917760,3040MB) Time: 860.954 ms      Throughput: 7.40497 GB/s
Data size: 1024*8192*96(805306368,3072MB) Time: 755.378 ms      Throughput: 8.52878 GB/s
Data size: 1024*8192*97(813694976,3104MB) Time: 873.143 ms      Throughput: 7.45532 GB/s
Data size: 1024*8192*98(822083584,3136MB) Time: 787.534 ms      Throughput: 8.35096 GB/s
Data size: 1024*8192*99(830472192,3168MB) Time: 896.734 ms      Throughput: 7.40886 GB/s
Data size: 1024*8192*100(838860800,3200MB) Time: 805.983 ms     Throughput: 8.32633 GB/s

------------------ Warpwise Strided Access ------------------
Data size: 1024*8192*1(8388608,32MB) Time: 0.462887 ms  Throughput: 144.979 GB/s
Data size: 1024*8192*2(16777216,64MB) Time: 0.640814 ms Throughput: 209.449 GB/s
Data size: 1024*8192*3(25165824,96MB) Time: 1.03353 ms  Throughput: 194.796 GB/s
Data size: 1024*8192*4(33554432,128MB) Time: 1.25606 ms Throughput: 213.712 GB/s
Data size: 1024*8192*5(41943040,160MB) Time: 1.60007 ms Throughput: 209.706 GB/s
Data size: 1024*8192*6(50331648,192MB) Time: 1.86235 ms Throughput: 216.207 GB/s
Data size: 1024*8192*7(58720256,224MB) Time: 2.22688 ms Throughput: 210.951 GB/s
Data size: 1024*8192*8(67108864,256MB) Time: 2.45946 ms Throughput: 218.288 GB/s
Data size: 1024*8192*9(75497472,288MB) Time: 2.86357 ms Throughput: 210.919 GB/s
Data size: 1024*8192*10(83886080,320MB) Time: 3.11984 ms        Throughput: 215.103 GB/s
Data size: 1024*8192*11(92274688,352MB) Time: 3.48754 ms        Throughput: 211.667 GB/s
Data size: 1024*8192*12(100663296,384MB) Time: 3.72972 ms       Throughput: 215.916 GB/s
Data size: 1024*8192*13(109051904,416MB) Time: 4.11983 ms       Throughput: 211.76 GB/s
Data size: 1024*8192*14(117440512,448MB) Time: 4.37928 ms       Throughput: 214.539 GB/s
Data size: 1024*8192*15(125829120,480MB) Time: 4.7406 ms        Throughput: 212.343 GB/s
Data size: 1024*8192*16(134217728,512MB) Time: 4.95247 ms       Throughput: 216.809 GB/s
Data size: 1024*8192*17(142606336,544MB) Time: 5.40494 ms       Throughput: 211.076 GB/s
Data size: 1024*8192*18(150994944,576MB) Time: 5.70137 ms       Throughput: 211.872 GB/s
Data size: 1024*8192*19(159383552,608MB) Time: 5.99845 ms       Throughput: 212.566 GB/s
Data size: 1024*8192*20(167772160,640MB) Time: 6.2578 ms        Throughput: 214.481 GB/s
Data size: 1024*8192*21(176160768,672MB) Time: 6.91211 ms       Throughput: 203.887 GB/s
Data size: 1024*8192*22(184549376,704MB) Time: 6.90478 ms       Throughput: 213.822 GB/s
Data size: 1024*8192*23(192937984,736MB) Time: 7.2803 ms        Throughput: 212.011 GB/s
Data size: 1024*8192*24(201326592,768MB) Time: 7.50948 ms       Throughput: 214.477 GB/s
Data size: 1024*8192*25(209715200,800MB) Time: 7.97318 ms       Throughput: 210.421 GB/s
Data size: 1024*8192*26(218103808,832MB) Time: 8.18208 ms       Throughput: 213.25 GB/s
Data size: 1024*8192*27(226492416,864MB) Time: 8.54429 ms       Throughput: 212.064 GB/s
Data size: 1024*8192*28(234881024,896MB) Time: 8.821 ms Throughput: 213.02 GB/s
Data size: 1024*8192*29(243269632,928MB) Time: 9.20819 ms       Throughput: 211.351 GB/s
Data size: 1024*8192*30(251658240,960MB) Time: 9.4141 ms        Throughput: 213.856 GB/s
Data size: 1024*8192*31(260046848,992MB) Time: 10.2798 ms       Throughput: 202.376 GB/s
Data size: 1024*8192*32(268435456,1024MB) Time: 9.85279 ms      Throughput: 217.957 GB/s
Data size: 1024*8192*33(276824064,1056MB) Time: 10.9316 ms      Throughput: 202.587 GB/s
Data size: 1024*8192*34(285212672,1088MB) Time: 10.7182 ms      Throughput: 212.881 GB/s
Data size: 1024*8192*35(293601280,1120MB) Time: 11.0754 ms      Throughput: 212.075 GB/s
Data size: 1024*8192*36(301989888,1152MB) Time: 11.4034 ms      Throughput: 211.859 GB/s
Data size: 1024*8192*37(310378496,1184MB) Time: 11.7941 ms      Throughput: 210.531 GB/s
Data size: 1024*8192*38(318767104,1216MB) Time: 11.9146 ms      Throughput: 214.034 GB/s
Data size: 1024*8192*39(327155712,1248MB) Time: 12.3859 ms      Throughput: 211.309 GB/s
Data size: 1024*8192*40(335544320,1280MB) Time: 12.61 ms        Throughput: 212.876 GB/s
Data size: 1024*8192*41(343932928,1312MB) Time: 13.008 ms       Throughput: 211.52 GB/s
Data size: 1024*8192*42(352321536,1344MB) Time: 13.7158 ms      Throughput: 205.498 GB/s
Data size: 1024*8192*43(360710144,1376MB) Time: 13.883 ms       Throughput: 207.857 GB/s
Data size: 1024*8192*44(369098752,1408MB) Time: 13.8723 ms      Throughput: 212.855 GB/s
Data size: 1024*8192*45(377487360,1440MB) Time: 14.3513 ms      Throughput: 210.426 GB/s
Data size: 1024*8192*46(385875968,1472MB) Time: 14.449 ms       Throughput: 213.649 GB/s
Data size: 1024*8192*47(394264576,1504MB) Time: 14.9229 ms      Throughput: 211.361 GB/s
Data size: 1024*8192*48(402653184,1536MB) Time: 15.0464 ms      Throughput: 214.086 GB/s
Data size: 1024*8192*49(411041792,1568MB) Time: 15.5954 ms      Throughput: 210.852 GB/s
Data size: 1024*8192*50(419430400,1600MB) Time: 15.7794 ms      Throughput: 212.647 GB/s
Data size: 1024*8192*51(427819008,1632MB) Time: 16.3393 ms      Throughput: 209.467 GB/s
Data size: 1024*8192*52(436207616,1664MB) Time: 16.3917 ms      Throughput: 212.892 GB/s
Data size: 1024*8192*53(444596224,1696MB) Time: 16.8424 ms      Throughput: 211.179 GB/s
Data size: 1024*8192*54(452984832,1728MB) Time: 17.1205 ms      Throughput: 211.668 GB/s
Data size: 1024*8192*55(461373440,1760MB) Time: 17.6696 ms      Throughput: 208.889 GB/s
Data size: 1024*8192*56(469762048,1792MB) Time: 17.7074 ms      Throughput: 212.233 GB/s
Data size: 1024*8192*57(478150656,1824MB) Time: 18.1215 ms      Throughput: 211.086 GB/s
Data size: 1024*8192*58(486539264,1856MB) Time: 18.1987 ms      Throughput: 213.879 GB/s
Data size: 1024*8192*59(494927872,1888MB) Time: 18.7502 ms      Throughput: 211.167 GB/s
Data size: 1024*8192*60(503316480,1920MB) Time: 18.9139 ms      Throughput: 212.887 GB/s
Data size: 1024*8192*61(511705088,1952MB) Time: 19.4799 ms      Throughput: 210.147 GB/s
Data size: 1024*8192*62(520093696,1984MB) Time: 19.9307 ms      Throughput: 208.761 GB/s
Data size: 1024*8192*63(528482304,2016MB) Time: 21.6694 ms      Throughput: 195.107 GB/s
Data size: 1024*8192*64(536870912,2048MB) Time: 20.0548 ms      Throughput: 214.161 GB/s
Data size: 1024*8192*65(545259520,2080MB) Time: 21.1625 ms      Throughput: 206.123 GB/s
Data size: 1024*8192*66(553648128,2112MB) Time: 21.3134 ms      Throughput: 207.812 GB/s
Data size: 1024*8192*67(562036736,2144MB) Time: 21.3205 ms      Throughput: 210.89 GB/s
Data size: 1024*8192*68(570425344,2176MB) Time: 21.5229 ms      Throughput: 212.025 GB/s
Data size: 1024*8192*69(578813952,2208MB) Time: 22.6469 ms      Throughput: 204.466 GB/s
Data size: 1024*8192*70(587202560,2240MB) Time: 22.002 ms       Throughput: 213.509 GB/s
Data size: 1024*8192*71(595591168,2272MB) Time: 22.6763 ms      Throughput: 210.12 GB/s
Data size: 1024*8192*72(603979776,2304MB) Time: 22.7624 ms      Throughput: 212.273 GB/s
Data size: 1024*8192*73(612368384,2336MB) Time: 23.3522 ms      Throughput: 209.785 GB/s
Data size: 1024*8192*74(620756992,2368MB) Time: 23.3484 ms      Throughput: 212.693 GB/s
Data size: 1024*8192*75(629145600,2400MB) Time: 23.906 ms       Throughput: 210.54 GB/s
Data size: 1024*8192*76(637534208,2432MB) Time: 24.0036 ms      Throughput: 212.48 GB/s
Data size: 1024*8192*77(645922816,2464MB) Time: 24.6871 ms      Throughput: 209.315 GB/s
Data size: 1024*8192*78(654311424,2496MB) Time: 24.6139 ms      Throughput: 212.664 GB/s
Data size: 1024*8192*79(662700032,2528MB) Time: 25.4705 ms      Throughput: 208.146 GB/s
Data size: 1024*8192*80(671088640,2560MB) Time: 25.2721 ms      Throughput: 212.436 GB/s
Data size: 1024*8192*81(679477248,2592MB) Time: 25.8132 ms      Throughput: 210.583 GB/s
Data size: 1024*8192*82(687865856,2624MB) Time: 25.8583 ms      Throughput: 212.811 GB/s
Data size: 1024*8192*83(696254464,2656MB) Time: 26.682 ms       Throughput: 208.757 GB/s
Data size: 1024*8192*84(704643072,2688MB) Time: 27.058 ms       Throughput: 208.336 GB/s
Data size: 1024*8192*85(713031680,2720MB) Time: 27.6764 ms      Throughput: 206.105 GB/s
Data size: 1024*8192*86(721420288,2752MB) Time: 27.2281 ms      Throughput: 211.963 GB/s
Data size: 1024*8192*87(729808896,2784MB) Time: 27.9546 ms      Throughput: 208.855 GB/s
Data size: 1024*8192*88(738197504,2816MB) Time: 27.8434 ms      Throughput: 212.1 GB/s
Data size: 1024*8192*89(746586112,2848MB) Time: 28.7534 ms      Throughput: 207.721 GB/s
Data size: 1024*8192*90(754974720,2880MB) Time: 28.3649 ms      Throughput: 212.932 GB/s
Data size: 1024*8192*91(763363328,2912MB) Time: 29.1899 ms      Throughput: 209.213 GB/s
Data size: 1024*8192*92(771751936,2944MB) Time: 28.988 ms       Throughput: 212.986 GB/s
Data size: 1024*8192*93(780140544,2976MB) Time: 30.0312 ms      Throughput: 207.821 GB/s
Data size: 1024*8192*94(788529152,3008MB) Time: 29.7046 ms      Throughput: 212.366 GB/s
Data size: 1024*8192*95(796917760,3040MB) Time: 30.3379 ms      Throughput: 210.145 GB/s
Data size: 1024*8192*96(805306368,3072MB) Time: 30.1111 ms      Throughput: 213.956 GB/s
Data size: 1024*8192*97(813694976,3104MB) Time: 31.0267 ms      Throughput: 209.805 GB/s
Data size: 1024*8192*98(822083584,3136MB) Time: 30.9705 ms      Throughput: 212.353 GB/s
Data size: 1024*8192*99(830472192,3168MB) Time: 31.9081 ms      Throughput: 208.216 GB/s
Data size: 1024*8192*100(838860800,3200MB) Time: 31.6369 ms     Throughput: 212.122 GB/s


strided_bandwidth = [148.957,185.937,158.454,138.375,113.974,99.8812,79.1568,55.442,36.7348,36.0862,31.1642,30.3611,27.3344,26.367,24.3509,25.0329,21.5057,20.8488,19.1423,18.7273,17.3851,16.9776,15.7778,15.4543,14.3672,14.0684,12.2521,12.5911,11.1469,12.2163,10.6416,13.1179,10.498,11.2724,9.70506,10.3963,9.27531,10.1374,9.05362,9.79147,8.83503,9.41718,8.6273,9.33769,8.49195,9.29564,8.40488,9.46951,8.30313,9.01287,8.18631,9.00833,8.17193,8.84074,8.06958,8.87598,8.02253,8.79007,7.95229,8.58919,7.91505,8.95652,7.92245,9.10306,7.93269,8.91674,7.85016,8.74088,7.79065,8.89464,7.72125,8.76366,7.68407,8.80766,7.71017,8.70948,7.60402,8.73368,7.66468,8.70362,7.66754,8.58739,7.58374,8.54283,7.50753,8.54788,7.49975,8.42733,7.48454,8.45728,7.50417,8.53071,7.45535,8.41273,7.40497,8.52878,7.45532,8.35096,7.40886,8.32633]
coalesced_bandwidth = [148.833,205.786,197.409,203.547,206.504,206.717,208.5,210.29,207.603,209.825,209.389,210.245,210.164,210.466,210.169,210.974,210.256,210.754,210.406,210.757,210.656,211.018,210.486,210.811,210.297,210.465,209.828,210.102,209.413,209.488,208.995,209.02,208.696,208.642,208.411,208.347,208.176,208.254,208.019,208.112,207.694,207.893,207.254,206.998,206.704,206.782,207.479,206.863,206.969,207.158,207.61,207.327,207.443,207.605,207.642,207.535,207.618,207.459,207.542,207.555,207.383,207.031,207.684,206.911,207.287,207.412,207.138,206.574,207.415,206.661,206.705,206.663,206.288,206.18,206.683,205.696,206.225,205.765,206.205,205.191,205.457,205.135,205.276,204.957,204.872,204.434,204.832,204.293,204.829,203.913,203.29,203.437,202.921,202.71,202.606,202.215,202.757,201.539,202.161,201.132]
mix_bandwidth = [144.979,209.449,194.796,213.712,209.706,216.207,210.951,218.288,210.919,215.103,211.667,215.916,211.76,214.539,212.343,216.809,211.076,211.872,212.566,214.481,203.887,213.822,212.011,214.477,210.421,213.25,212.064,213.02,211.351,213.856,202.376,217.957,202.587,212.881,212.075,211.859,210.531,214.034,211.309,212.876,211.52,205.498,207.857,212.855,210.426,213.649,211.361,214.086,210.852,212.647,209.467,212.892,211.179,211.668,208.889,212.233,211.086,213.879,211.167,212.887,210.147,208.761,195.107,214.161,206.123,207.812,210.89,212.025,204.466,213.509,210.12,212.273,209.785,212.693,210.54,212.48,209.315,212.664,208.146,212.436,210.583,212.811,208.757,208.336,206.105,211.963,208.855,212.1,207.721,212.932,209.213,212.986,207.821,212.366,210.145,213.956,209.805,212.353,208.216,212.122]
