
Starting to launch opencl_compare...
Fast run...
Data size: 33554432

Detection mode: All
------ Start hardware checking ------
Platform: Intel(R) OpenCL
Number of devices: 2
	Computing device 0 : Intel(R) Xeon(R) CPU E5-2650 v3 @ 2.30GHz
	Computing device 1 : Intel(R) Many Integrated Core Acceleration Card
Please enter the index of the device to use (0,1,2...) : Selected device: Intel(R) Xeon(R) CPU E5-2650 v3 @ 2.30GHz
------ End of hardware checking ------

-----  Memory Bandwidth Test ----- 
Data type: float
Data size: 671088640
------------------ Coalesced Access ------------------
Data size: 1024*32768*1(33554432) Time: 5.78252 ms	Throughput: 46.4219 GB/s
Data size: 1024*32768*2(67108864) Time: 10.776 ms	Throughput: 49.8211 GB/s
Data size: 1024*32768*3(100663296) Time: 16.1741 ms	Throughput: 49.79 GB/s
Data size: 1024*32768*4(134217728) Time: 21.3609 ms	Throughput: 50.2666 GB/s
Data size: 1024*32768*5(167772160) Time: 26.8551 ms	Throughput: 49.9784 GB/s
Data size: 1024*32768*6(201326592) Time: 33.0386 ms	Throughput: 48.7494 GB/s
Data size: 1024*32768*7(234881024) Time: 38.4425 ms	Throughput: 48.8795 GB/s
Data size: 1024*32768*8(268435456) Time: 45.2772 ms	Throughput: 47.4296 GB/s
Data size: 1024*32768*9(301989888) Time: 63.4941 ms	Throughput: 38.0495 GB/s
Data size: 1024*32768*10(335544320) Time: 71.113 ms	Throughput: 37.7477 GB/s
Data size: 1024*32768*11(369098752) Time: 78.9371 ms	Throughput: 37.4069 GB/s
Data size: 1024*32768*12(402653184) Time: 86.2858 ms	Throughput: 37.332 GB/s
Data size: 1024*32768*13(436207616) Time: 93.2289 ms	Throughput: 37.4311 GB/s
Data size: 1024*32768*14(469762048) Time: 100.61 ms	Throughput: 37.353 GB/s
Data size: 1024*32768*15(503316480) Time: 107.903 ms	Throughput: 37.3162 GB/s
Data size: 1024*32768*16(536870912) Time: 115.595 ms	Throughput: 37.1555 GB/s
Data size: 1024*32768*17(570425344) Time: 123.414 ms	Throughput: 36.9764 GB/s
Data size: 1024*32768*18(603979776) Time: 130.871 ms	Throughput: 36.9206 GB/s
Data size: 1024*32768*19(637534208) Time: 138.668 ms	Throughput: 36.7805 GB/s
Data size: 1024*32768*20(671088640) Time: 146.139 ms	Throughput: 36.7369 GB/s

------------------ Strided Access ------------------
Data size: 1024*32768*1(33554432) Time: 5.30322 ms	Throughput: 50.6175 GB/s
Data size: 1024*32768*2(67108864) Time: 10.5422 ms	Throughput: 50.9261 GB/s
Data size: 1024*32768*3(100663296) Time: 15.8438 ms	Throughput: 50.828 GB/s
Data size: 1024*32768*4(134217728) Time: 21.3155 ms	Throughput: 50.3738 GB/s
Data size: 1024*32768*5(167772160) Time: 26.5853 ms	Throughput: 50.4858 GB/s
Data size: 1024*32768*6(201326592) Time: 32.0537 ms	Throughput: 50.2474 GB/s
Data size: 1024*32768*7(234881024) Time: 37.0751 ms	Throughput: 50.6823 GB/s
Data size: 1024*32768*8(268435456) Time: 42.7028 ms	Throughput: 50.2891 GB/s
Data size: 1024*32768*9(301989888) Time: 47.9063 ms	Throughput: 50.4301 GB/s
Data size: 1024*32768*10(335544320) Time: 52.8197 ms	Throughput: 50.821 GB/s
Data size: 1024*32768*11(369098752) Time: 58.4639 ms	Throughput: 50.5062 GB/s
Data size: 1024*32768*12(402653184) Time: 63.9811 ms	Throughput: 50.3465 GB/s
Data size: 1024*32768*13(436207616) Time: 69.1015 ms	Throughput: 50.5005 GB/s
Data size: 1024*32768*14(469762048) Time: 74.4763 ms	Throughput: 50.4603 GB/s
Data size: 1024*32768*15(503316480) Time: 79.6288 ms	Throughput: 50.5663 GB/s
Data size: 1024*32768*16(536870912) Time: 85.0664 ms	Throughput: 50.4896 GB/s
Data size: 1024*32768*17(570425344) Time: 90.4681 ms	Throughput: 50.4421 GB/s
Data size: 1024*32768*18(603979776) Time: 95.3154 ms	Throughput: 50.6932 GB/s
Data size: 1024*32768*19(637534208) Time: 101.509 ms	Throughput: 50.2447 GB/s
Data size: 1024*32768*20(671088640) Time: 106.121 ms	Throughput: 50.5904 GB/s

Time for memory read: 2.30737 ms.	Bandwidth: 58.1691 GB/s
Time for memory write: 3.06564 ms.	Bandwidth: 43.7813 GB/s
Time for memory mul: 5.28501 ms.	Bandwidth: 50.7918 GB/s
Time for memory triad: 7.19784 ms.	Bandwidth: 55.9408 GB/s
