
Starting to launch opencl_compare...
Fast run...
Data size: 33554432

Detection mode: All
------ Start hardware checking ------
Platform: NVIDIA CUDA
Number of devices: 2
	Computing device 0 : Tesla K40m
	Computing device 1 : Tesla K40m
Please enter the index of the device to use (0,1,2...) : Selected device: Tesla K40m
------ End of hardware checking ------

-----  Memory Bandwidth Test ----- 
Data type: float
Data size: 671088640
------------------ Coalesced Access ------------------
Data size: 1024*32768*1(33554432) Time: 1.77524 ms	Throughput: 151.211 GB/s
Data size: 1024*32768*2(67108864) Time: 2.56367 ms	Throughput: 209.415 GB/s
Data size: 1024*32768*3(100663296) Time: 4.05422 ms	Throughput: 198.634 GB/s
Data size: 1024*32768*4(134217728) Time: 5.22939 ms	Throughput: 205.328 GB/s
Data size: 1024*32768*5(167772160) Time: 6.47074 ms	Throughput: 207.422 GB/s
Data size: 1024*32768*6(201326592) Time: 7.7586 ms	Throughput: 207.591 GB/s
Data size: 1024*32768*7(234881024) Time: 9.00704 ms	Throughput: 208.62 GB/s
Data size: 1024*32768*8(268435456) Time: 10.2266 ms	Throughput: 209.989 GB/s
Data size: 1024*32768*9(301989888) Time: 11.6614 ms	Throughput: 207.172 GB/s
Data size: 1024*32768*10(335544320) Time: 12.8184 ms	Throughput: 209.415 GB/s
Data size: 1024*32768*11(369098752) Time: 14.2059 ms	Throughput: 207.857 GB/s
Data size: 1024*32768*12(402653184) Time: 15.3476 ms	Throughput: 209.885 GB/s
Data size: 1024*32768*13(436207616) Time: 16.664 ms	Throughput: 209.413 GB/s
Data size: 1024*32768*14(469762048) Time: 17.8903 ms	Throughput: 210.063 GB/s
Data size: 1024*32768*15(503316480) Time: 19.1901 ms	Throughput: 209.823 GB/s
Data size: 1024*32768*16(536870912) Time: 20.4182 ms	Throughput: 210.35 GB/s
Data size: 1024*32768*17(570425344) Time: 21.7647 ms	Throughput: 209.67 GB/s
Data size: 1024*32768*18(603979776) Time: 22.9888 ms	Throughput: 210.183 GB/s
Data size: 1024*32768*19(637534208) Time: 24.3118 ms	Throughput: 209.786 GB/s
Data size: 1024*32768*20(671088640) Time: 25.5683 ms	Throughput: 209.975 GB/s

------------------ Strided Access ------------------
Data size: 1024*32768*1(33554432) Time: 1.77929 ms	Throughput: 150.867 GB/s
Data size: 1024*32768*2(67108864) Time: 2.90444 ms	Throughput: 184.845 GB/s
Data size: 1024*32768*3(100663296) Time: 5.28771 ms	Throughput: 152.298 GB/s
Data size: 1024*32768*4(134217728) Time: 7.85615 ms	Throughput: 136.675 GB/s
Data size: 1024*32768*5(167772160) Time: 11.9655 ms	Throughput: 112.171 GB/s
Data size: 1024*32768*6(201326592) Time: 16.2393 ms	Throughput: 99.1801 GB/s
Data size: 1024*32768*7(234881024) Time: 23.1376 ms	Throughput: 81.2117 GB/s
Data size: 1024*32768*8(268435456) Time: 37.1417 ms	Throughput: 57.8186 GB/s
Data size: 1024*32768*9(301989888) Time: 65.288 ms	Throughput: 37.004 GB/s
Data size: 1024*32768*10(335544320) Time: 73.2227 ms	Throughput: 36.6601 GB/s
Data size: 1024*32768*11(369098752) Time: 94.1619 ms	Throughput: 31.3586 GB/s
Data size: 1024*32768*12(402653184) Time: 104.751 ms	Throughput: 30.7512 GB/s
Data size: 1024*32768*13(436207616) Time: 126.33 ms	Throughput: 27.6233 GB/s
Data size: 1024*32768*14(469762048) Time: 140.464 ms	Throughput: 26.7549 GB/s
Data size: 1024*32768*15(503316480) Time: 163.077 ms	Throughput: 24.691 GB/s
Data size: 1024*32768*16(536870912) Time: 169.004 ms	Throughput: 25.4134 GB/s
Data size: 1024*32768*17(570425344) Time: 208.052 ms	Throughput: 21.9339 GB/s
Data size: 1024*32768*18(603979776) Time: 226.374 ms	Throughput: 21.3444 GB/s
Data size: 1024*32768*19(637534208) Time: 260.721 ms	Throughput: 19.5622 GB/s
Data size: 1024*32768*20(671088640) Time: 277.554 ms	Throughput: 19.3429 GB/s

Time for memory read: 0.768747 ms.	Bandwidth: 174.593 GB/s
Time for memory write: 0.574688 ms.	Bandwidth: 233.549 GB/s
Time for memory mul: 1.47143 ms.	Bandwidth: 182.432 GB/s
Time for memory triad: 2.11312 ms.	Bandwidth: 190.549 GB/s
