
Starting to launch opencl_compare...
Fast run...
Data size: 33554432

Detection mode: All
------ Start hardware checking ------
Platform: Intel(R) OpenCL
Number of devices: 2
	Computing device 0 : Intel(R) Xeon(R) CPU E5-2650 v3 @ 2.30GHz
	Computing device 1 : Intel(R) Many Integrated Core Acceleration Card
Please enter the index of the device to use (0,1,2...) : Selected device: Intel(R) Many Integrated Core Acceleration Card
------ End of hardware checking ------

-----  Memory Bandwidth Test ----- 
Data type: float
Data size: 671088640
------------------ Coalesced Access ------------------
Data size: 1024*32768*1(33554432) Time: 2.8132 ms	Throughput: 95.4198 GB/s
Data size: 1024*32768*2(67108864) Time: 5.84209 ms	Throughput: 91.8971 GB/s
Data size: 1024*32768*3(100663296) Time: 9.10349 ms	Throughput: 88.4613 GB/s
Data size: 1024*32768*4(134217728) Time: 23.2865 ms	Throughput: 46.11 GB/s
Data size: 1024*32768*5(167772160) Time: 35.2084 ms	Throughput: 38.1209 GB/s
Data size: 1024*32768*6(201326592) Time: 42.7275 ms	Throughput: 37.695 GB/s
Data size: 1024*32768*7(234881024) Time: 49.0393 ms	Throughput: 38.3172 GB/s
Data size: 1024*32768*8(268435456) Time: 56.7216 ms	Throughput: 37.8601 GB/s
Data size: 1024*32768*9(301989888) Time: 64.7606 ms	Throughput: 37.3054 GB/s
Data size: 1024*32768*10(335544320) Time: 70.4558 ms	Throughput: 38.0998 GB/s
Data size: 1024*32768*11(369098752) Time: 77.8594 ms	Throughput: 37.9246 GB/s
Data size: 1024*32768*12(402653184) Time: 85.5359 ms	Throughput: 37.6594 GB/s
Data size: 1024*32768*13(436207616) Time: 92.5583 ms	Throughput: 37.7023 GB/s
Data size: 1024*32768*14(469762048) Time: 99.482 ms	Throughput: 37.7766 GB/s
Data size: 1024*32768*15(503316480) Time: 106.782 ms	Throughput: 37.7081 GB/s
Data size: 1024*32768*16(536870912) Time: 114.531 ms	Throughput: 37.5004 GB/s
Data size: 1024*32768*17(570425344) Time: 123.508 ms	Throughput: 36.9482 GB/s
Data size: 1024*32768*18(603979776) Time: 132.535 ms	Throughput: 36.4571 GB/s
Data size: 1024*32768*19(637534208) Time: 137.267 ms	Throughput: 37.1558 GB/s
Data size: 1024*32768*20(671088640) Time: 140.883 ms	Throughput: 38.1077 GB/s

------------------ Strided Access ------------------
Data size: 1024*32768*1(33554432) Time: 2.88451 ms	Throughput: 93.0609 GB/s
Data size: 1024*32768*2(67108864) Time: 5.43368 ms	Throughput: 98.8042 GB/s
Data size: 1024*32768*3(100663296) Time: 8.1174 ms	Throughput: 99.2075 GB/s
Data size: 1024*32768*4(134217728) Time: 10.6646 ms	Throughput: 100.683 GB/s
Data size: 1024*32768*5(167772160) Time: 14.3924 ms	Throughput: 93.2562 GB/s
Data size: 1024*32768*6(201326592) Time: 16.2606 ms	Throughput: 99.0502 GB/s
Data size: 1024*32768*7(234881024) Time: 19.2816 ms	Throughput: 97.4531 GB/s
Data size: 1024*32768*8(268435456) Time: 21.6804 ms	Throughput: 99.0518 GB/s
Data size: 1024*32768*9(301989888) Time: 25.7214 ms	Throughput: 93.9264 GB/s
Data size: 1024*32768*10(335544320) Time: 29.5854 ms	Throughput: 90.7324 GB/s
Data size: 1024*32768*11(369098752) Time: 32.1613 ms	Throughput: 91.812 GB/s
Data size: 1024*32768*12(402653184) Time: 34.5606 ms	Throughput: 93.2051 GB/s
Data size: 1024*32768*13(436207616) Time: 39.3011 ms	Throughput: 88.7929 GB/s
Data size: 1024*32768*14(469762048) Time: 41.2247 ms	Throughput: 91.1613 GB/s
Data size: 1024*32768*15(503316480) Time: 57.5751 ms	Throughput: 69.9353 GB/s
Data size: 1024*32768*16(536870912) Time: 48.7847 ms	Throughput: 88.0393 GB/s
Data size: 1024*32768*17(570425344) Time: 51.2384 ms	Throughput: 89.0622 GB/s
Data size: 1024*32768*18(603979776) Time: 55.0003 ms	Throughput: 87.8511 GB/s
Data size: 1024*32768*19(637534208) Time: 57.7743 ms	Throughput: 88.2793 GB/s
Data size: 1024*32768*20(671088640) Time: 64.6525 ms	Throughput: 83.0395 GB/s

Time for memory read: 1.15591 ms.	Bandwidth: 116.114 GB/s
Time for memory write: 2.00831 ms.	Bandwidth: 66.8312 GB/s
Time for memory mul: 3.11621 ms.	Bandwidth: 86.1416 GB/s
Time for memory triad: 4.39023 ms.	Bandwidth: 91.7157 GB/s
