
Starting to launch opencl_compare...
Fast run...
Data size: 1000

Detection mode: All
------ Start hardware checking ------
Platform: Intel(R) OpenCL
Number of devices: 2
	Computing device 0 : Intel(R) Xeon(R) CPU E5-2650 v3 @ 2.30GHz
	Computing device 1 : Intel(R) Many Integrated Core Acceleration Card
Please enter the index of the device to use (0,1,2...) : Selected device: Intel(R) Many Integrated Core Acceleration Card
------ End of hardware checking ------

length:16777216 localSize=2048 R=0 L=1 Thr=0.754396GB/s best!
length:16777216 localSize=2048 R=0 L=2 Thr=1.25791GB/s best!
length:16777216 localSize=2048 R=1 L=0 Thr=0.735587GB/s
length:16777216 localSize=2048 R=1 L=1 Thr=0.99046GB/s
length:16777216 localSize=2048 R=1 L=2 Thr=1.36824GB/s best!
length:16777216 localSize=2048 R=2 L=0 Thr=1.27652GB/s
length:16777216 localSize=2048 R=2 L=1 Thr=1.36261GB/s
length:16777216 localSize=2048 R=2 L=2 Thr=1.68105GB/s best!
length:16777216 localSize=2048 R=3 L=0 Thr=1.79927GB/s best!
length:16777216 localSize=2048 R=3 L=1 Thr=1.72327GB/s
length:16777216 localSize=2048 R=3 L=2 Thr=2.04149GB/s best!
length:16777216 localSize=1024 R=0 L=1 Thr=0.915852GB/s
length:16777216 localSize=1024 R=0 L=2 Thr=1.29794GB/s
length:16777216 localSize=1024 R=1 L=0 Thr=0.858315GB/s
length:16777216 localSize=1024 R=1 L=1 Thr=1.29537GB/s
length:16777216 localSize=1024 R=1 L=2 Thr=1.75299GB/s
length:16777216 localSize=1024 R=2 L=0 Thr=1.39144GB/s
length:16777216 localSize=1024 R=2 L=1 Thr=1.7015GB/s
length:16777216 localSize=1024 R=2 L=2 Thr=2.14422GB/s best!
length:16777216 localSize=1024 R=3 L=0 Thr=1.83943GB/s
length:16777216 localSize=1024 R=3 L=1 Thr=2.11412GB/s
length:16777216 localSize=1024 R=3 L=2 Thr=2.51956GB/s best!
length:16777216 localSize=1024 R=4 L=0 Thr=2.41429GB/s
length:16777216 localSize=1024 R=4 L=1 Thr=2.53699GB/s best!
length:16777216 localSize=1024 R=4 L=2 Thr=2.75496GB/s best!
length:16777216 localSize=1024 R=5 L=0 Thr=2.75192GB/s
length:16777216 localSize=1024 R=5 L=1 Thr=2.81832GB/s best!
length:16777216 localSize=1024 R=5 L=2 Thr=3.02801GB/s best!
length:16777216 localSize=1024 R=6 L=0 Thr=2.42724GB/s
length:16777216 localSize=1024 R=6 L=1 Thr=2.99104GB/s
length:16777216 localSize=1024 R=6 L=2 Thr=3.23593GB/s best!
length:16777216 localSize=1024 R=7 L=0 Thr=2.90837GB/s
length:16777216 localSize=1024 R=7 L=1 Thr=3.43791GB/s best!
length:16777216 localSize=1024 R=7 L=2 Thr=-nanGB/s
length:16777216 localSize=512 R=0 L=1 Thr=1.08813GB/s
length:16777216 localSize=512 R=0 L=2 Thr=1.41724GB/s
length:16777216 localSize=512 R=1 L=0 Thr=1.01702GB/s
length:16777216 localSize=512 R=1 L=1 Thr=1.36735GB/s
length:16777216 localSize=512 R=1 L=2 Thr=1.31675GB/s
length:16777216 localSize=512 R=2 L=0 Thr=1.51573GB/s
length:16777216 localSize=512 R=2 L=1 Thr=1.24308GB/s
length:16777216 localSize=512 R=2 L=2 Thr=2.19715GB/s
length:16777216 localSize=512 R=3 L=0 Thr=1.11176GB/s
length:16777216 localSize=512 R=3 L=1 Thr=2.07798GB/s
length:16777216 localSize=512 R=3 L=2 Thr=2.48911GB/s
length:16777216 localSize=512 R=4 L=0 Thr=2.00203GB/s
length:16777216 localSize=512 R=4 L=1 Thr=2.25447GB/s
length:16777216 localSize=512 R=4 L=2 Thr=2.24023GB/s
length:16777216 localSize=512 R=5 L=0 Thr=2.06777GB/s
length:16777216 localSize=512 R=5 L=1 Thr=2.01395GB/s
length:16777216 localSize=512 R=5 L=2 Thr=2.416GB/s
length:16777216 localSize=512 R=6 L=0 Thr=1.80453GB/s
length:16777216 localSize=512 R=6 L=1 Thr=2.13908GB/s
length:16777216 localSize=512 R=6 L=2 Thr=2.6857GB/s
length:16777216 localSize=512 R=7 L=0 Thr=1.81173GB/s
length:16777216 localSize=512 R=7 L=1 Thr=2.59938GB/s
length:16777216 localSize=512 R=7 L=2 Thr=3.8721GB/s best!
length:16777216 localSize=512 R=8 L=0 Thr=2.48363GB/s
length:16777216 localSize=512 R=8 L=1 Thr=3.99471GB/s best!
length:16777216 localSize=512 R=8 L=2 Thr=3.042GB/s
length:16777216 localSize=512 R=9 L=0 Thr=3.56666GB/s
length:16777216 localSize=512 R=9 L=1 Thr=2.61684GB/s
length:16777216 localSize=512 R=9 L=2 Thr=2.75834GB/s
length:16777216 localSize=512 R=10 L=0 Thr=2.30538GB/s
length:16777216 localSize=512 R=10 L=1 Thr=2.74647GB/s
length:16777216 localSize=512 R=10 L=2 Thr=2.74736GB/s
length:16777216 localSize=512 R=11 L=0 Thr=2.1042GB/s
length:16777216 localSize=512 R=11 L=1 Thr=-nanGB/s
length:16777216 localSize=512 R=11 L=2 Thr=5.3836GB/s best!
length:16777216 localSize=512 R=12 L=0 Thr=2.25573GB/s
length:16777216 localSize=512 R=12 L=1 Thr=4.4611GB/s
length:16777216 localSize=512 R=12 L=2 Thr=3.52172GB/s
length:16777216 localSize=512 R=13 L=0 Thr=3.86523GB/s
length:16777216 localSize=512 R=13 L=1 Thr=3.36143GB/s
length:16777216 localSize=512 R=13 L=2 Thr=3.3938GB/s
length:16777216 localSize=512 R=14 L=0 Thr=4.24914GB/s
length:16777216 localSize=512 R=14 L=1 Thr=4.54943GB/s
length:16777216 localSize=512 R=14 L=2 Thr=4.83362GB/s
length:16777216 localSize=512 R=15 L=0 Thr=3.10299GB/s
length:16777216 localSize=512 R=15 L=1 Thr=4.97716GB/s
length:16777216 localSize=512 R=15 L=2 Thr=5.3445GB/s
length:16777216 localSize=256 R=0 L=1 Thr=1.1927GB/s
length:16777216 localSize=256 R=0 L=2 Thr=1.42767GB/s
length:16777216 localSize=256 R=1 L=0 Thr=1.12587GB/s
length:16777216 localSize=256 R=1 L=1 Thr=1.61013GB/s
length:16777216 localSize=256 R=1 L=2 Thr=1.35026GB/s
length:16777216 localSize=256 R=2 L=0 Thr=1.37192GB/s
length:16777216 localSize=256 R=2 L=1 Thr=1.34526GB/s
length:16777216 localSize=256 R=2 L=2 Thr=2.05403GB/s
length:16777216 localSize=256 R=3 L=0 Thr=1.22311GB/s
length:16777216 localSize=256 R=3 L=1 Thr=-nanGB/s
length:16777216 localSize=256 R=3 L=2 Thr=1.4868GB/s
length:16777216 localSize=256 R=4 L=0 Thr=1.99461GB/s
length:16777216 localSize=256 R=4 L=1 Thr=1.34136GB/s
length:16777216 localSize=256 R=4 L=2 Thr=1.37331GB/s
length:16777216 localSize=256 R=5 L=0 Thr=1.36879GB/s
length:16777216 localSize=256 R=5 L=1 Thr=1.30232GB/s
length:16777216 localSize=256 R=5 L=2 Thr=1.69616GB/s
length:16777216 localSize=256 R=6 L=0 Thr=1.28105GB/s
length:16777216 localSize=256 R=6 L=1 Thr=1.44458GB/s
length:16777216 localSize=256 R=6 L=2 Thr=2.50106GB/s
length:16777216 localSize=256 R=7 L=0 Thr=1.39901GB/s
length:16777216 localSize=256 R=7 L=1 Thr=2.33104GB/s
length:16777216 localSize=256 R=7 L=2 Thr=3.99319GB/s
length:16777216 localSize=256 R=8 L=0 Thr=2.52221GB/s
length:16777216 localSize=256 R=8 L=1 Thr=3.84847GB/s
length:16777216 localSize=256 R=8 L=2 Thr=2.27511GB/s
length:16777216 localSize=256 R=9 L=0 Thr=3.88904GB/s
length:16777216 localSize=256 R=9 L=1 Thr=2.14465GB/s
length:16777216 localSize=256 R=9 L=2 Thr=1.77232GB/s
length:16777216 localSize=256 R=10 L=0 Thr=2.1412GB/s
length:16777216 localSize=256 R=10 L=1 Thr=1.69GB/s
length:16777216 localSize=256 R=10 L=2 Thr=1.86937GB/s
length:16777216 localSize=256 R=11 L=0 Thr=1.54484GB/s
length:16777216 localSize=256 R=11 L=1 Thr=1.94338GB/s
length:16777216 localSize=256 R=11 L=2 Thr=1.91067GB/s
length:16777216 localSize=256 R=12 L=0 Thr=1.89313GB/s
length:16777216 localSize=256 R=12 L=1 Thr=1.65563GB/s
length:16777216 localSize=256 R=12 L=2 Thr=1.8883GB/s
length:16777216 localSize=256 R=13 L=0 Thr=1.72936GB/s
length:16777216 localSize=256 R=13 L=1 Thr=1.81947GB/s
length:16777216 localSize=256 R=13 L=2 Thr=2.01084GB/s
length:16777216 localSize=256 R=14 L=0 Thr=1.49697GB/s
length:16777216 localSize=256 R=14 L=1 Thr=1.77449GB/s
length:16777216 localSize=256 R=14 L=2 Thr=2.41154GB/s
length:16777216 localSize=256 R=15 L=0 Thr=1.65564GB/s
length:16777216 localSize=256 R=15 L=1 Thr=2.32138GB/s
length:16777216 localSize=256 R=15 L=2 Thr=4.10175GB/s
length:16777216 localSize=256 R=16 L=0 Thr=2.02071GB/s
length:16777216 localSize=256 R=16 L=1 Thr=2.97332GB/s
length:16777216 localSize=256 R=16 L=2 Thr=4.08562GB/s
length:16777216 localSize=256 R=17 L=0 Thr=3.79988GB/s
length:16777216 localSize=256 R=17 L=1 Thr=4.76528GB/s
length:16777216 localSize=256 R=17 L=2 Thr=-nanGB/s
length:16777216 localSize=256 R=18 L=0 Thr=4.14448GB/s
length:16777216 localSize=256 R=18 L=1 Thr=3.01425GB/s
length:16777216 localSize=256 R=18 L=2 Thr=2.34908GB/s
length:16777216 localSize=256 R=19 L=0 Thr=2.90601GB/s
length:16777216 localSize=256 R=19 L=1 Thr=2.3GB/s
length:16777216 localSize=256 R=19 L=2 Thr=1.94131GB/s
length:16777216 localSize=256 R=20 L=0 Thr=2.04343GB/s
length:16777216 localSize=256 R=20 L=1 Thr=1.88493GB/s
length:16777216 localSize=256 R=20 L=2 Thr=2.17292GB/s
length:16777216 localSize=256 R=21 L=0 Thr=2.01097GB/s
length:16777216 localSize=256 R=21 L=1 Thr=2.14509GB/s
length:16777216 localSize=256 R=21 L=2 Thr=2.1968GB/s
length:16777216 localSize=256 R=22 L=0 Thr=1.90693GB/s
length:16777216 localSize=256 R=22 L=1 Thr=2.2583GB/s
length:16777216 localSize=256 R=22 L=2 Thr=2.36432GB/s
length:16777216 localSize=256 R=23 L=0 Thr=1.89648GB/s
length:16777216 localSize=256 R=23 L=1 Thr=2.10735GB/s
length:16777216 localSize=256 R=23 L=2 Thr=2.48795GB/s
length:16777216 localSize=256 R=24 L=0 Thr=-nanGB/s
length:16777216 localSize=256 R=24 L=1 Thr=2.32628GB/s
length:16777216 localSize=256 R=24 L=2 Thr=4.60494GB/s
length:16777216 localSize=256 R=25 L=0 Thr=-nanGB/s
length:16777216 localSize=256 R=25 L=1 Thr=3.74711GB/s
length:16777216 localSize=256 R=25 L=2 Thr=4.39547GB/s
length:16777216 localSize=256 R=26 L=0 Thr=4.57565GB/s
length:16777216 localSize=256 R=26 L=1 Thr=4.59623GB/s
length:16777216 localSize=256 R=26 L=2 Thr=3.71841GB/s
length:16777216 localSize=256 R=27 L=0 Thr=4.72516GB/s
length:16777216 localSize=256 R=27 L=1 Thr=3.12646GB/s
length:16777216 localSize=256 R=27 L=2 Thr=2.74839GB/s
length:16777216 localSize=256 R=28 L=0 Thr=3.24386GB/s
length:16777216 localSize=256 R=28 L=1 Thr=2.48528GB/s
length:16777216 localSize=256 R=28 L=2 Thr=2.7473GB/s
length:16777216 localSize=256 R=29 L=0 Thr=2.38113GB/s
length:16777216 localSize=256 R=29 L=1 Thr=2.95938GB/s
length:16777216 localSize=256 R=29 L=2 Thr=2.57873GB/s
length:16777216 localSize=256 R=30 L=0 Thr=2.42415GB/s
length:16777216 localSize=256 R=30 L=1 Thr=2.61969GB/s
length:16777216 localSize=256 R=30 L=2 Thr=2.97704GB/s
length:16777216 localSize=256 R=31 L=0 Thr=2.4506GB/s
length:16777216 localSize=256 R=31 L=1 Thr=2.61093GB/s
length:16777216 localSize=256 R=31 L=2 Thr=2.87787GB/s
length:16777216 localSize=128 R=0 L=1 Thr=0.912601GB/s
length:16777216 localSize=128 R=0 L=2 Thr=1.26814GB/s
length:16777216 localSize=128 R=1 L=0 Thr=0.89869GB/s
length:16777216 localSize=128 R=1 L=1 Thr=1.29328GB/s
length:16777216 localSize=128 R=1 L=2 Thr=1.2794GB/s
length:16777216 localSize=128 R=2 L=0 Thr=1.23823GB/s
length:16777216 localSize=128 R=2 L=1 Thr=1.24987GB/s
length:16777216 localSize=128 R=2 L=2 Thr=1.63169GB/s
length:16777216 localSize=128 R=3 L=0 Thr=1.22269GB/s
length:16777216 localSize=128 R=3 L=1 Thr=1.5765GB/s
length:16777216 localSize=128 R=3 L=2 Thr=1.36079GB/s
length:16777216 localSize=128 R=4 L=0 Thr=1.34675GB/s
length:16777216 localSize=128 R=4 L=1 Thr=1.2955GB/s
length:16777216 localSize=128 R=4 L=2 Thr=1.38449GB/s
length:16777216 localSize=128 R=5 L=0 Thr=1.15573GB/s
length:16777216 localSize=128 R=5 L=1 Thr=1.33732GB/s
length:16777216 localSize=128 R=5 L=2 Thr=1.22976GB/s
length:16777216 localSize=128 R=6 L=0 Thr=1.37782GB/s
length:16777216 localSize=128 R=6 L=1 Thr=1.28164GB/s
length:16777216 localSize=128 R=6 L=2 Thr=1.94754GB/s
length:16777216 localSize=128 R=7 L=0 Thr=1.19175GB/s
length:16777216 localSize=128 R=7 L=1 Thr=1.87353GB/s
length:16777216 localSize=128 R=7 L=2 Thr=1.44905GB/s
length:16777216 localSize=128 R=8 L=0 Thr=1.77311GB/s
length:16777216 localSize=128 R=8 L=1 Thr=1.38639GB/s
length:16777216 localSize=128 R=8 L=2 Thr=1.57259GB/s
length:16777216 localSize=128 R=9 L=0 Thr=1.40762GB/s
length:16777216 localSize=128 R=9 L=1 Thr=1.54651GB/s
length:16777216 localSize=128 R=9 L=2 Thr=1.60045GB/s
length:16777216 localSize=128 R=10 L=0 Thr=1.47904GB/s
length:16777216 localSize=128 R=10 L=1 Thr=1.63114GB/s
length:16777216 localSize=128 R=10 L=2 Thr=1.56676GB/s
length:16777216 localSize=128 R=11 L=0 Thr=1.52723GB/s
length:16777216 localSize=128 R=11 L=1 Thr=1.44875GB/s
length:16777216 localSize=128 R=11 L=2 Thr=1.38025GB/s
length:16777216 localSize=128 R=12 L=0 Thr=1.27381GB/s
length:16777216 localSize=128 R=12 L=1 Thr=1.3387GB/s
length:16777216 localSize=128 R=12 L=2 Thr=-nanGB/s
length:16777216 localSize=128 R=13 L=0 Thr=1.241GB/s
length:16777216 localSize=128 R=13 L=1 Thr=1.55261GB/s
length:16777216 localSize=128 R=13 L=2 Thr=1.98455GB/s
length:16777216 localSize=128 R=14 L=0 Thr=1.48547GB/s
length:16777216 localSize=128 R=14 L=1 Thr=1.8465GB/s
length:16777216 localSize=128 R=14 L=2 Thr=2.65736GB/s
length:16777216 localSize=128 R=15 L=0 Thr=1.66866GB/s
length:16777216 localSize=128 R=15 L=1 Thr=2.52207GB/s
length:16777216 localSize=128 R=15 L=2 Thr=8.26881GB/s best!
length:16777216 localSize=128 R=16 L=0 Thr=2.36388GB/s
length:16777216 localSize=128 R=16 L=1 Thr=8.56272GB/s best!
length:16777216 localSize=128 R=16 L=2 Thr=4.57483GB/s
length:16777216 localSize=128 R=17 L=0 Thr=7.1358GB/s
length:16777216 localSize=128 R=17 L=1 Thr=4.52662GB/s
length:16777216 localSize=128 R=17 L=2 Thr=3.02084GB/s
length:16777216 localSize=128 R=18 L=0 Thr=4.20422GB/s
length:16777216 localSize=128 R=18 L=1 Thr=2.79653GB/s
length:16777216 localSize=128 R=18 L=2 Thr=2.28984GB/s
length:16777216 localSize=128 R=19 L=0 Thr=2.7872GB/s
length:16777216 localSize=128 R=19 L=1 Thr=2.23964GB/s
length:16777216 localSize=128 R=19 L=2 Thr=1.88683GB/s
length:16777216 localSize=128 R=20 L=0 Thr=2.21486GB/s
length:16777216 localSize=128 R=20 L=1 Thr=1.91269GB/s
length:16777216 localSize=128 R=20 L=2 Thr=1.83752GB/s
length:16777216 localSize=128 R=21 L=0 Thr=1.78895GB/s
length:16777216 localSize=128 R=21 L=1 Thr=1.69364GB/s
length:16777216 localSize=128 R=21 L=2 Thr=1.70178GB/s
length:16777216 localSize=128 R=22 L=0 Thr=1.68076GB/s
length:16777216 localSize=128 R=22 L=1 Thr=1.66575GB/s
length:16777216 localSize=128 R=22 L=2 Thr=1.86131GB/s
length:16777216 localSize=128 R=23 L=0 Thr=1.66356GB/s
length:16777216 localSize=128 R=23 L=1 Thr=1.89342GB/s
length:16777216 localSize=128 R=23 L=2 Thr=1.92401GB/s
length:16777216 localSize=128 R=24 L=0 Thr=1.81107GB/s
length:16777216 localSize=128 R=24 L=1 Thr=1.91116GB/s
length:16777216 localSize=128 R=24 L=2 Thr=-nanGB/s
length:16777216 localSize=128 R=25 L=0 Thr=1.49159GB/s
length:16777216 localSize=128 R=25 L=1 Thr=1.68588GB/s
length:16777216 localSize=128 R=25 L=2 Thr=1.71542GB/s
length:16777216 localSize=128 R=26 L=0 Thr=1.63038GB/s
length:16777216 localSize=128 R=26 L=1 Thr=1.71183GB/s
length:16777216 localSize=128 R=26 L=2 Thr=1.74974GB/s
length:16777216 localSize=128 R=27 L=0 Thr=1.67846GB/s
length:16777216 localSize=128 R=27 L=1 Thr=1.81776GB/s
length:16777216 localSize=128 R=27 L=2 Thr=2.07191GB/s
length:16777216 localSize=128 R=28 L=0 Thr=1.86744GB/s
length:16777216 localSize=128 R=28 L=1 Thr=1.80521GB/s
length:16777216 localSize=128 R=28 L=2 Thr=2.04575GB/s
length:16777216 localSize=128 R=29 L=0 Thr=1.7615GB/s
length:16777216 localSize=128 R=29 L=1 Thr=2.02431GB/s
length:16777216 localSize=128 R=29 L=2 Thr=2.05224GB/s
length:16777216 localSize=128 R=30 L=0 Thr=1.88908GB/s
length:16777216 localSize=128 R=30 L=1 Thr=2.02852GB/s
length:16777216 localSize=128 R=30 L=2 Thr=2.56285GB/s
length:16777216 localSize=128 R=31 L=0 Thr=1.82698GB/s
length:16777216 localSize=128 R=31 L=1 Thr=2.30714GB/s
length:16777216 localSize=128 R=31 L=2 Thr=2.82269GB/s
length:16777216 localSize=128 R=32 L=0 Thr=2.00229GB/s
length:16777216 localSize=128 R=32 L=1 Thr=2.44559GB/s
length:16777216 localSize=128 R=32 L=2 Thr=5.13143GB/s
length:16777216 localSize=128 R=33 L=0 Thr=2.98404GB/s
length:16777216 localSize=128 R=33 L=1 Thr=3.80105GB/s
length:16777216 localSize=128 R=33 L=2 Thr=4.53248GB/s
length:16777216 localSize=128 R=34 L=0 Thr=3.67025GB/s
length:16777216 localSize=128 R=34 L=1 Thr=4.46514GB/s
length:16777216 localSize=128 R=34 L=2 Thr=-nanGB/s
length:16777216 localSize=128 R=35 L=0 Thr=3.8957GB/s
length:16777216 localSize=128 R=35 L=1 Thr=4.41333GB/s
length:16777216 localSize=128 R=35 L=2 Thr=3.90185GB/s
length:16777216 localSize=128 R=36 L=0 Thr=4.71111GB/s
length:16777216 localSize=128 R=36 L=1 Thr=4.22383GB/s
length:16777216 localSize=128 R=36 L=2 Thr=3.43333GB/s
length:16777216 localSize=128 R=37 L=0 Thr=3.29013GB/s
length:16777216 localSize=128 R=37 L=1 Thr=3.1709GB/s
length:16777216 localSize=128 R=37 L=2 Thr=2.66322GB/s
length:16777216 localSize=128 R=38 L=0 Thr=3.23544GB/s
length:16777216 localSize=128 R=38 L=1 Thr=2.47842GB/s
length:16777216 localSize=128 R=38 L=2 Thr=2.67004GB/s
length:16777216 localSize=128 R=39 L=0 Thr=2.48116GB/s
length:16777216 localSize=128 R=39 L=1 Thr=-nanGB/s
length:16777216 localSize=128 R=39 L=2 Thr=-nanGB/s
length:16777216 localSize=128 R=40 L=0 Thr=2.13569GB/s
length:16777216 localSize=128 R=40 L=1 Thr=2.09375GB/s
length:16777216 localSize=128 R=40 L=2 Thr=-nanGB/s
length:16777216 localSize=128 R=41 L=0 Thr=2.06363GB/s
length:16777216 localSize=128 R=41 L=1 Thr=2.06503GB/s
length:16777216 localSize=128 R=41 L=2 Thr=2.10727GB/s
length:16777216 localSize=128 R=42 L=0 Thr=1.8675GB/s
length:16777216 localSize=128 R=42 L=1 Thr=2.21033GB/s
length:16777216 localSize=128 R=42 L=2 Thr=2.11939GB/s
length:16777216 localSize=128 R=43 L=0 Thr=1.85012GB/s
length:16777216 localSize=128 R=43 L=1 Thr=2.03562GB/s
length:16777216 localSize=128 R=43 L=2 Thr=2.25102GB/s
length:16777216 localSize=128 R=44 L=0 Thr=1.87731GB/s
length:16777216 localSize=128 R=44 L=1 Thr=2.15167GB/s
length:16777216 localSize=128 R=44 L=2 Thr=2.2797GB/s
length:16777216 localSize=128 R=45 L=0 Thr=2.16736GB/s
length:16777216 localSize=128 R=45 L=1 Thr=2.29025GB/s
length:16777216 localSize=128 R=45 L=2 Thr=2.18146GB/s
length:16777216 localSize=128 R=46 L=0 Thr=1.70686GB/s
length:16777216 localSize=128 R=46 L=1 Thr=2.08878GB/s
length:16777216 localSize=128 R=46 L=2 Thr=2.01033GB/s
length:16777216 localSize=128 R=47 L=0 Thr=2.2654GB/s
length:16777216 localSize=128 R=47 L=1 Thr=2.29289GB/s
length:16777216 localSize=128 R=47 L=2 Thr=2.29237GB/s
length:16777216 localSize=128 R=48 L=0 Thr=2.05004GB/s
length:16777216 localSize=128 R=48 L=1 Thr=2.17537GB/s
length:16777216 localSize=128 R=48 L=2 Thr=2.53977GB/s
length:16777216 localSize=128 R=49 L=0 Thr=1.99788GB/s
length:16777216 localSize=128 R=49 L=1 Thr=-nanGB/s
length:16777216 localSize=128 R=49 L=2 Thr=2.0697GB/s
length:16777216 localSize=128 R=50 L=0 Thr=2.23206GB/s
length:16777216 localSize=128 R=50 L=1 Thr=2.50858GB/s
length:16777216 localSize=128 R=50 L=2 Thr=3.34853GB/s
length:16777216 localSize=128 R=51 L=0 Thr=-nanGB/s
length:16777216 localSize=128 R=51 L=1 Thr=4.05399GB/s
length:16777216 localSize=128 R=51 L=2 Thr=3.9602GB/s
length:16777216 localSize=128 R=52 L=0 Thr=-nanGB/s
length:16777216 localSize=128 R=52 L=1 Thr=4.67301GB/s
length:16777216 localSize=128 R=52 L=2 Thr=4.88715GB/s
length:16777216 localSize=128 R=53 L=0 Thr=2.86923GB/s
length:16777216 localSize=128 R=53 L=1 Thr=-nanGB/s
length:16777216 localSize=128 R=53 L=2 Thr=4.59683GB/s
length:16777216 localSize=128 R=54 L=0 Thr=3.18006GB/s
length:16777216 localSize=128 R=54 L=1 Thr=3.5927GB/s
length:16777216 localSize=128 R=54 L=2 Thr=3.55002GB/s
length:16777216 localSize=128 R=55 L=0 Thr=3.81354GB/s
length:16777216 localSize=128 R=55 L=1 Thr=3.05691GB/s
length:16777216 localSize=128 R=55 L=2 Thr=3.03611GB/s
length:16777216 localSize=128 R=56 L=0 Thr=-nanGB/s
length:16777216 localSize=128 R=56 L=1 Thr=3.34053GB/s
length:16777216 localSize=128 R=56 L=2 Thr=2.62442GB/s
length:16777216 localSize=128 R=57 L=0 Thr=3.12792GB/s
length:16777216 localSize=128 R=57 L=1 Thr=2.90123GB/s
length:16777216 localSize=128 R=57 L=2 Thr=2.47667GB/s
length:16777216 localSize=128 R=58 L=0 Thr=2.72455GB/s
length:16777216 localSize=128 R=58 L=1 Thr=2.6099GB/s
length:16777216 localSize=128 R=58 L=2 Thr=2.55786GB/s
length:16777216 localSize=128 R=59 L=0 Thr=-nanGB/s
length:16777216 localSize=128 R=59 L=1 Thr=2.71559GB/s
length:16777216 localSize=128 R=59 L=2 Thr=2.52896GB/s
length:16777216 localSize=128 R=60 L=0 Thr=2.71865GB/s
length:16777216 localSize=128 R=60 L=1 Thr=2.52482GB/s
length:16777216 localSize=128 R=60 L=2 Thr=2.75297GB/s
length:16777216 localSize=128 R=61 L=0 Thr=2.44903GB/s
length:16777216 localSize=128 R=61 L=1 Thr=2.63375GB/s
length:16777216 localSize=128 R=61 L=2 Thr=2.52544GB/s
length:16777216 localSize=128 R=62 L=0 Thr=2.58322GB/s
length:16777216 localSize=128 R=62 L=1 Thr=2.42354GB/s
length:16777216 localSize=128 R=62 L=2 Thr=2.5199GB/s
length:16777216 localSize=128 R=63 L=0 Thr=2.58752GB/s
length:16777216 localSize=128 R=63 L=1 Thr=2.56343GB/s
length:16777216 localSize=128 R=63 L=2 Thr=2.22363GB/s
length:16777216 localSize=64 R=0 L=1 Thr=0.611055GB/s
length:16777216 localSize=64 R=0 L=2 Thr=0.907562GB/s
length:16777216 localSize=64 R=1 L=0 Thr=0.611144GB/s
length:16777216 localSize=64 R=1 L=1 Thr=0.890916GB/s
length:16777216 localSize=64 R=1 L=2 Thr=0.992537GB/s
length:16777216 localSize=64 R=2 L=0 Thr=0.934468GB/s
length:16777216 localSize=64 R=2 L=1 Thr=0.973256GB/s
length:16777216 localSize=64 R=2 L=2 Thr=1.30088GB/s
length:16777216 localSize=64 R=3 L=0 Thr=0.980275GB/s
length:16777216 localSize=64 R=3 L=1 Thr=1.26936GB/s
length:16777216 localSize=64 R=3 L=2 Thr=1.15674GB/s
length:16777216 localSize=64 R=4 L=0 Thr=1.27781GB/s
length:16777216 localSize=64 R=4 L=1 Thr=1.1544GB/s
length:16777216 localSize=64 R=4 L=2 Thr=1.32353GB/s
length:16777216 localSize=64 R=5 L=0 Thr=1.07836GB/s
length:16777216 localSize=64 R=5 L=1 Thr=1.23483GB/s
length:16777216 localSize=64 R=5 L=2 Thr=1.15906GB/s
length:16777216 localSize=64 R=6 L=0 Thr=1.24099GB/s
length:16777216 localSize=64 R=6 L=1 Thr=1.19435GB/s
length:16777216 localSize=64 R=6 L=2 Thr=1.60292GB/s
length:16777216 localSize=64 R=7 L=0 Thr=1.1146GB/s
length:16777216 localSize=64 R=7 L=1 Thr=1.4427GB/s
length:16777216 localSize=64 R=7 L=2 Thr=1.33322GB/s
length:16777216 localSize=64 R=8 L=0 Thr=1.4321GB/s
length:16777216 localSize=64 R=8 L=1 Thr=1.23844GB/s
length:16777216 localSize=64 R=8 L=2 Thr=1.33334GB/s
length:16777216 localSize=64 R=9 L=0 Thr=1.25286GB/s
length:16777216 localSize=64 R=9 L=1 Thr=1.23321GB/s
length:16777216 localSize=64 R=9 L=2 Thr=1.612GB/s
length:16777216 localSize=64 R=10 L=0 Thr=1.2371GB/s
length:16777216 localSize=64 R=10 L=1 Thr=1.44307GB/s
length:16777216 localSize=64 R=10 L=2 Thr=1.29555GB/s
length:16777216 localSize=64 R=11 L=0 Thr=1.44253GB/s
length:16777216 localSize=64 R=11 L=1 Thr=1.29646GB/s
length:16777216 localSize=64 R=11 L=2 Thr=1.26118GB/s
length:16777216 localSize=64 R=12 L=0 Thr=1.26491GB/s
length:16777216 localSize=64 R=12 L=1 Thr=1.2491GB/s
length:16777216 localSize=64 R=12 L=2 Thr=1.30411GB/s
length:16777216 localSize=64 R=13 L=0 Thr=1.25391GB/s
length:16777216 localSize=64 R=13 L=1 Thr=1.39292GB/s
length:16777216 localSize=64 R=13 L=2 Thr=1.52173GB/s
length:16777216 localSize=64 R=14 L=0 Thr=1.21507GB/s
length:16777216 localSize=64 R=14 L=1 Thr=1.32138GB/s
length:16777216 localSize=64 R=14 L=2 Thr=1.7854GB/s
length:16777216 localSize=64 R=15 L=0 Thr=1.47126GB/s
length:16777216 localSize=64 R=15 L=1 Thr=1.92295GB/s
length:16777216 localSize=64 R=15 L=2 Thr=2.1228GB/s
length:16777216 localSize=64 R=16 L=0 Thr=1.6485GB/s
length:16777216 localSize=64 R=16 L=1 Thr=2.974GB/s
length:16777216 localSize=64 R=16 L=2 Thr=1.55214GB/s
length:16777216 localSize=64 R=17 L=0 Thr=3.04274GB/s
length:16777216 localSize=64 R=17 L=1 Thr=1.49136GB/s
length:16777216 localSize=64 R=17 L=2 Thr=1.46635GB/s
length:16777216 localSize=64 R=18 L=0 Thr=1.42218GB/s
length:16777216 localSize=64 R=18 L=1 Thr=1.39456GB/s
length:16777216 localSize=64 R=18 L=2 Thr=1.44648GB/s
length:16777216 localSize=64 R=19 L=0 Thr=1.47055GB/s
length:16777216 localSize=64 R=19 L=1 Thr=1.50858GB/s
length:16777216 localSize=64 R=19 L=2 Thr=1.32714GB/s
length:16777216 localSize=64 R=20 L=0 Thr=1.5331GB/s
length:16777216 localSize=64 R=20 L=1 Thr=1.34746GB/s
length:16777216 localSize=64 R=20 L=2 Thr=1.56305GB/s
length:16777216 localSize=64 R=21 L=0 Thr=1.31702GB/s
length:16777216 localSize=64 R=21 L=1 Thr=1.52343GB/s
length:16777216 localSize=64 R=21 L=2 Thr=1.4549GB/s
length:16777216 localSize=64 R=22 L=0 Thr=1.51543GB/s
length:16777216 localSize=64 R=22 L=1 Thr=1.515GB/s
length:16777216 localSize=64 R=22 L=2 Thr=1.53131GB/s
length:16777216 localSize=64 R=23 L=0 Thr=1.45759GB/s
length:16777216 localSize=64 R=23 L=1 Thr=1.49994GB/s
length:16777216 localSize=64 R=23 L=2 Thr=1.68487GB/s
length:16777216 localSize=64 R=24 L=0 Thr=1.50552GB/s
length:16777216 localSize=64 R=24 L=1 Thr=1.47688GB/s
length:16777216 localSize=64 R=24 L=2 Thr=1.39882GB/s
length:16777216 localSize=64 R=25 L=0 Thr=1.37879GB/s
length:16777216 localSize=64 R=25 L=1 Thr=1.30698GB/s
length:16777216 localSize=64 R=25 L=2 Thr=1.49206GB/s
length:16777216 localSize=64 R=26 L=0 Thr=1.36834GB/s
length:16777216 localSize=64 R=26 L=1 Thr=1.3932GB/s
length:16777216 localSize=64 R=26 L=2 Thr=1.62283GB/s
length:16777216 localSize=64 R=27 L=0 Thr=1.36441GB/s
length:16777216 localSize=64 R=27 L=1 Thr=1.56935GB/s
length:16777216 localSize=64 R=27 L=2 Thr=1.57869GB/s
length:16777216 localSize=64 R=28 L=0 Thr=1.54365GB/s
length:16777216 localSize=64 R=28 L=1 Thr=1.71868GB/s
length:16777216 localSize=64 R=28 L=2 Thr=1.76819GB/s
length:16777216 localSize=64 R=29 L=0 Thr=1.64084GB/s
length:16777216 localSize=64 R=29 L=1 Thr=2.01169GB/s
length:16777216 localSize=64 R=29 L=2 Thr=2.25068GB/s
length:16777216 localSize=64 R=30 L=0 Thr=1.74631GB/s
length:16777216 localSize=64 R=30 L=1 Thr=1.92325GB/s
length:16777216 localSize=64 R=30 L=2 Thr=2.56453GB/s
length:16777216 localSize=64 R=31 L=0 Thr=2.12503GB/s
length:16777216 localSize=64 R=31 L=1 Thr=2.68228GB/s
length:16777216 localSize=64 R=31 L=2 Thr=3.48209GB/s
length:16777216 localSize=64 R=32 L=0 Thr=2.49373GB/s
length:16777216 localSize=64 R=32 L=1 Thr=3.07913GB/s
length:16777216 localSize=64 R=32 L=2 Thr=7.31219GB/s
length:16777216 localSize=64 R=33 L=0 Thr=2.92801GB/s
length:16777216 localSize=64 R=33 L=1 Thr=7.28873GB/s
length:16777216 localSize=64 R=33 L=2 Thr=5.22294GB/s
length:16777216 localSize=64 R=34 L=0 Thr=7.83954GB/s
length:16777216 localSize=64 R=34 L=1 Thr=5.86722GB/s
length:16777216 localSize=64 R=34 L=2 Thr=4.44822GB/s
length:16777216 localSize=64 R=35 L=0 Thr=7.10519GB/s
length:16777216 localSize=64 R=35 L=1 Thr=4.43563GB/s
length:16777216 localSize=64 R=35 L=2 Thr=3.68027GB/s
length:16777216 localSize=64 R=36 L=0 Thr=4.39484GB/s
length:16777216 localSize=64 R=36 L=1 Thr=3.76406GB/s
length:16777216 localSize=64 R=36 L=2 Thr=2.9643GB/s
length:16777216 localSize=64 R=37 L=0 Thr=3.68736GB/s
length:16777216 localSize=64 R=37 L=1 Thr=2.98999GB/s
length:16777216 localSize=64 R=37 L=2 Thr=2.55595GB/s
length:16777216 localSize=64 R=38 L=0 Thr=3.15547GB/s
length:16777216 localSize=64 R=38 L=1 Thr=2.53037GB/s
length:16777216 localSize=64 R=38 L=2 Thr=2.42202GB/s
length:16777216 localSize=64 R=39 L=0 Thr=2.57227GB/s
length:16777216 localSize=64 R=39 L=1 Thr=2.31911GB/s
length:16777216 localSize=64 R=39 L=2 Thr=2.29024GB/s
length:16777216 localSize=64 R=40 L=0 Thr=2.26288GB/s
length:16777216 localSize=64 R=40 L=1 Thr=2.15898GB/s
length:16777216 localSize=64 R=40 L=2 Thr=1.90557GB/s
length:16777216 localSize=64 R=41 L=0 Thr=2.20179GB/s
length:16777216 localSize=64 R=41 L=1 Thr=1.92018GB/s
length:16777216 localSize=64 R=41 L=2 Thr=1.84176GB/s
length:16777216 localSize=64 R=42 L=0 Thr=1.84356GB/s
length:16777216 localSize=64 R=42 L=1 Thr=1.78583GB/s
length:16777216 localSize=64 R=42 L=2 Thr=1.77156GB/s
length:16777216 localSize=64 R=43 L=0 Thr=1.87198GB/s
length:16777216 localSize=64 R=43 L=1 Thr=1.8218GB/s
length:16777216 localSize=64 R=43 L=2 Thr=1.69598GB/s
length:16777216 localSize=64 R=44 L=0 Thr=1.75355GB/s
length:16777216 localSize=64 R=44 L=1 Thr=1.62072GB/s
length:16777216 localSize=64 R=44 L=2 Thr=1.62906GB/s
length:16777216 localSize=64 R=45 L=0 Thr=1.63998GB/s
length:16777216 localSize=64 R=45 L=1 Thr=1.62874GB/s
length:16777216 localSize=64 R=45 L=2 Thr=1.82375GB/s
length:16777216 localSize=64 R=46 L=0 Thr=1.61656GB/s
length:16777216 localSize=64 R=46 L=1 Thr=1.81964GB/s
length:16777216 localSize=64 R=46 L=2 Thr=1.89751GB/s
length:16777216 localSize=64 R=47 L=0 Thr=1.99113GB/s
length:16777216 localSize=64 R=47 L=1 Thr=2.04322GB/s
length:16777216 localSize=64 R=47 L=2 Thr=1.93634GB/s
length:16777216 localSize=64 R=48 L=0 Thr=1.7823GB/s
length:16777216 localSize=64 R=48 L=1 Thr=1.59343GB/s
length:16777216 localSize=64 R=48 L=2 Thr=1.798GB/s
length:16777216 localSize=64 R=49 L=0 Thr=1.59937GB/s
length:16777216 localSize=64 R=49 L=1 Thr=1.66151GB/s
length:16777216 localSize=64 R=49 L=2 Thr=1.72389GB/s
length:16777216 localSize=64 R=50 L=0 Thr=1.70665GB/s
length:16777216 localSize=64 R=50 L=1 Thr=1.84319GB/s
length:16777216 localSize=64 R=50 L=2 Thr=1.93248GB/s
length:16777216 localSize=64 R=51 L=0 Thr=1.75468GB/s
length:16777216 localSize=64 R=51 L=1 Thr=1.84832GB/s
length:16777216 localSize=64 R=51 L=2 Thr=1.71408GB/s
length:16777216 localSize=64 R=52 L=0 Thr=1.72266GB/s
length:16777216 localSize=64 R=52 L=1 Thr=1.713GB/s
length:16777216 localSize=64 R=52 L=2 Thr=1.82145GB/s
length:16777216 localSize=64 R=53 L=0 Thr=1.69991GB/s
length:16777216 localSize=64 R=53 L=1 Thr=1.83912GB/s
length:16777216 localSize=64 R=53 L=2 Thr=1.76296GB/s
length:16777216 localSize=64 R=54 L=0 Thr=1.81988GB/s
length:16777216 localSize=64 R=54 L=1 Thr=1.92287GB/s
length:16777216 localSize=64 R=54 L=2 Thr=1.99244GB/s
length:16777216 localSize=64 R=55 L=0 Thr=1.74495GB/s
length:16777216 localSize=64 R=55 L=1 Thr=1.92555GB/s
length:16777216 localSize=64 R=55 L=2 Thr=-nanGB/s
length:16777216 localSize=64 R=56 L=0 Thr=1.93617GB/s
length:16777216 localSize=64 R=56 L=1 Thr=1.9291GB/s
length:16777216 localSize=64 R=56 L=2 Thr=1.85904GB/s
length:16777216 localSize=64 R=57 L=0 Thr=-nanGB/s
length:16777216 localSize=64 R=57 L=1 Thr=1.81292GB/s
length:16777216 localSize=64 R=57 L=2 Thr=1.95738GB/s
length:16777216 localSize=64 R=58 L=0 Thr=1.82907GB/s
length:16777216 localSize=64 R=58 L=1 Thr=1.85606GB/s
length:16777216 localSize=64 R=58 L=2 Thr=1.94356GB/s
length:16777216 localSize=64 R=59 L=0 Thr=1.8777GB/s
length:16777216 localSize=64 R=59 L=1 Thr=2.01547GB/s
length:16777216 localSize=64 R=59 L=2 Thr=2.17245GB/s
length:16777216 localSize=64 R=60 L=0 Thr=1.80556GB/s
length:16777216 localSize=64 R=60 L=1 Thr=1.97811GB/s
length:16777216 localSize=64 R=60 L=2 Thr=1.96649GB/s
length:16777216 localSize=64 R=61 L=0 Thr=1.90249GB/s
length:16777216 localSize=64 R=61 L=1 Thr=2.22332GB/s
length:16777216 localSize=64 R=61 L=2 Thr=2.39927GB/s
length:16777216 localSize=64 R=62 L=0 Thr=2.13423GB/s
length:16777216 localSize=64 R=62 L=1 Thr=2.19732GB/s
length:16777216 localSize=64 R=62 L=2 Thr=2.31833GB/s
length:16777216 localSize=64 R=63 L=0 Thr=2.18401GB/s
length:16777216 localSize=64 R=63 L=1 Thr=-nanGB/s
length:16777216 localSize=64 R=63 L=2 Thr=2.4811GB/s
length:16777216 localSize=64 R=64 L=0 Thr=2.27312GB/s
length:16777216 localSize=64 R=64 L=1 Thr=2.11112GB/s
length:16777216 localSize=64 R=64 L=2 Thr=2.67184GB/s
length:16777216 localSize=64 R=65 L=0 Thr=2.15822GB/s
length:16777216 localSize=64 R=65 L=1 Thr=2.44609GB/s
length:16777216 localSize=64 R=65 L=2 Thr=2.5088GB/s
length:16777216 localSize=64 R=66 L=0 Thr=2.59857GB/s
length:16777216 localSize=64 R=66 L=1 Thr=2.99747GB/s
length:16777216 localSize=64 R=66 L=2 Thr=4.28524GB/s
length:16777216 localSize=64 R=67 L=0 Thr=2.61181GB/s
length:16777216 localSize=64 R=67 L=1 Thr=3.60354GB/s
length:16777216 localSize=64 R=67 L=2 Thr=8.86063GB/s best!
length:16777216 localSize=64 R=68 L=0 Thr=-nanGB/s
length:16777216 localSize=64 R=68 L=1 Thr=8.52039GB/s
length:16777216 localSize=64 R=68 L=2 Thr=-nanGB/s
length:16777216 localSize=64 R=69 L=0 Thr=7.34328GB/s
length:16777216 localSize=64 R=69 L=1 Thr=5.06324GB/s
length:16777216 localSize=64 R=69 L=2 Thr=5.16332GB/s
length:16777216 localSize=64 R=70 L=0 Thr=-nanGB/s
length:16777216 localSize=64 R=70 L=1 Thr=4.00359GB/s
length:16777216 localSize=64 R=70 L=2 Thr=4.79745GB/s
length:16777216 localSize=64 R=71 L=0 Thr=4.49185GB/s
length:16777216 localSize=64 R=71 L=1 Thr=4.92533GB/s
length:16777216 localSize=64 R=71 L=2 Thr=4.27576GB/s
length:16777216 localSize=64 R=72 L=0 Thr=4.82252GB/s
length:16777216 localSize=64 R=72 L=1 Thr=3.94423GB/s
length:16777216 localSize=64 R=72 L=2 Thr=4.42621GB/s
length:16777216 localSize=64 R=73 L=0 Thr=4.03855GB/s
length:16777216 localSize=64 R=73 L=1 Thr=4.0774GB/s
length:16777216 localSize=64 R=73 L=2 Thr=3.87797GB/s
length:16777216 localSize=64 R=74 L=0 Thr=4.22434GB/s
length:16777216 localSize=64 R=74 L=1 Thr=3.47263GB/s
length:16777216 localSize=64 R=74 L=2 Thr=3.00908GB/s
length:16777216 localSize=64 R=75 L=0 Thr=3.42518GB/s
length:16777216 localSize=64 R=75 L=1 Thr=3.70385GB/s
length:16777216 localSize=64 R=75 L=2 Thr=3.2325GB/s
length:16777216 localSize=64 R=76 L=0 Thr=3.44366GB/s
length:16777216 localSize=64 R=76 L=1 Thr=-nanGB/s
length:16777216 localSize=64 R=76 L=2 Thr=2.97034GB/s
length:16777216 localSize=64 R=77 L=0 Thr=3.1443GB/s
length:16777216 localSize=64 R=77 L=1 Thr=2.60762GB/s
length:16777216 localSize=64 R=77 L=2 Thr=2.96291GB/s
length:16777216 localSize=64 R=78 L=0 Thr=-nanGB/s
length:16777216 localSize=64 R=78 L=1 Thr=2.57506GB/s
length:16777216 localSize=64 R=78 L=2 Thr=2.63145GB/s
length:16777216 localSize=64 R=79 L=0 Thr=2.30395GB/s
length:16777216 localSize=64 R=79 L=1 Thr=2.46285GB/s
length:16777216 localSize=64 R=79 L=2 Thr=2.41721GB/s
length:16777216 localSize=64 R=80 L=0 Thr=2.34046GB/s
length:16777216 localSize=64 R=80 L=1 Thr=2.654GB/s
length:16777216 localSize=64 R=80 L=2 Thr=2.60895GB/s
length:16777216 localSize=64 R=81 L=0 Thr=2.27505GB/s
length:16777216 localSize=64 R=81 L=1 Thr=2.23428GB/s
length:16777216 localSize=64 R=81 L=2 Thr=2.20885GB/s
length:16777216 localSize=64 R=82 L=0 Thr=-nanGB/s
length:16777216 localSize=64 R=82 L=1 Thr=2.19845GB/s
length:16777216 localSize=64 R=82 L=2 Thr=2.17753GB/s
length:16777216 localSize=64 R=83 L=0 Thr=2.24499GB/s
length:16777216 localSize=64 R=83 L=1 Thr=2.18732GB/s
length:16777216 localSize=64 R=83 L=2 Thr=1.9256GB/s
length:16777216 localSize=64 R=84 L=0 Thr=2.1805GB/s
length:16777216 localSize=64 R=84 L=1 Thr=2.02093GB/s
length:16777216 localSize=64 R=84 L=2 Thr=2.27045GB/s
length:16777216 localSize=64 R=85 L=0 Thr=2.23704GB/s
length:16777216 localSize=64 R=85 L=1 Thr=2.38868GB/s
length:16777216 localSize=64 R=85 L=2 Thr=2.04194GB/s
length:16777216 localSize=64 R=86 L=0 Thr=2.34328GB/s
length:16777216 localSize=64 R=86 L=1 Thr=2.14748GB/s
length:16777216 localSize=64 R=86 L=2 Thr=2.38826GB/s
length:16777216 localSize=64 R=87 L=0 Thr=2.10114GB/s
length:16777216 localSize=64 R=87 L=1 Thr=2.32561GB/s
length:16777216 localSize=64 R=87 L=2 Thr=2.42159GB/s
length:16777216 localSize=64 R=88 L=0 Thr=2.17482GB/s
length:16777216 localSize=64 R=88 L=1 Thr=2.48418GB/s
length:16777216 localSize=64 R=88 L=2 Thr=2.31045GB/s
length:16777216 localSize=64 R=89 L=0 Thr=2.61888GB/s
length:16777216 localSize=64 R=89 L=1 Thr=2.59874GB/s
length:16777216 localSize=64 R=89 L=2 Thr=2.29545GB/s
length:16777216 localSize=64 R=90 L=0 Thr=2.6246GB/s
length:16777216 localSize=64 R=90 L=1 Thr=2.05706GB/s
length:16777216 localSize=64 R=90 L=2 Thr=2.45963GB/s
length:16777216 localSize=64 R=91 L=0 Thr=2.40455GB/s
length:16777216 localSize=64 R=91 L=1 Thr=2.26189GB/s
length:16777216 localSize=64 R=91 L=2 Thr=2.4228GB/s
length:16777216 localSize=64 R=92 L=0 Thr=2.64852GB/s
length:16777216 localSize=64 R=92 L=1 Thr=2.34197GB/s
length:16777216 localSize=64 R=92 L=2 Thr=2.3174GB/s
length:16777216 localSize=64 R=93 L=0 Thr=2.32855GB/s
length:16777216 localSize=64 R=93 L=1 Thr=2.48315GB/s
length:16777216 localSize=64 R=93 L=2 Thr=2.27622GB/s
length:16777216 localSize=64 R=94 L=0 Thr=2.48882GB/s
length:16777216 localSize=64 R=94 L=1 Thr=2.45683GB/s
length:16777216 localSize=64 R=94 L=2 Thr=2.26984GB/s
length:16777216 localSize=64 R=95 L=0 Thr=2.28711GB/s
length:16777216 localSize=64 R=95 L=1 Thr=2.36475GB/s
length:16777216 localSize=64 R=95 L=2 Thr=2.26498GB/s
length:16777216 localSize=64 R=96 L=0 Thr=2.15037GB/s
length:16777216 localSize=64 R=96 L=1 Thr=2.50826GB/s
length:16777216 localSize=64 R=96 L=2 Thr=2.47311GB/s
length:16777216 localSize=64 R=97 L=0 Thr=2.3581GB/s
length:16777216 localSize=64 R=97 L=1 Thr=2.3674GB/s
length:16777216 localSize=64 R=97 L=2 Thr=2.90522GB/s
length:16777216 localSize=64 R=98 L=0 Thr=2.08191GB/s
length:16777216 localSize=64 R=98 L=1 Thr=2.45616GB/s
length:16777216 localSize=64 R=98 L=2 Thr=2.83682GB/s
length:16777216 localSize=64 R=99 L=0 Thr=2.5001GB/s
length:16777216 localSize=64 R=99 L=1 Thr=2.52896GB/s
length:16777216 localSize=64 R=99 L=2 Thr=-nanGB/s
length:16777216 localSize=64 R=100 L=0 Thr=2.74146GB/s
length:16777216 localSize=64 R=100 L=1 Thr=2.58785GB/s
length:16777216 localSize=64 R=100 L=2 Thr=2.90927GB/s
length:16777216 localSize=64 R=101 L=0 Thr=2.12795GB/s
length:16777216 localSize=64 R=101 L=1 Thr=2.55294GB/s
length:16777216 localSize=64 R=101 L=2 Thr=5.21821GB/s
length:16777216 localSize=64 R=102 L=0 Thr=2.19359GB/s
length:16777216 localSize=64 R=102 L=1 Thr=4.92376GB/s
length:16777216 localSize=64 R=102 L=2 Thr=5.44512GB/s
length:16777216 localSize=64 R=103 L=0 Thr=-nanGB/s
length:16777216 localSize=64 R=103 L=1 Thr=5.16829GB/s
length:16777216 localSize=64 R=103 L=2 Thr=3.36221GB/s
length:16777216 localSize=64 R=104 L=0 Thr=-nanGB/s
length:16777216 localSize=64 R=104 L=1 Thr=4.32033GB/s
length:16777216 localSize=64 R=104 L=2 Thr=5.99466GB/s
length:16777216 localSize=64 R=105 L=0 Thr=8.00367GB/s
length:16777216 localSize=64 R=105 L=1 Thr=6.5595GB/s
length:16777216 localSize=64 R=105 L=2 Thr=5.01933GB/s
length:16777216 localSize=64 R=106 L=0 Thr=5.44851GB/s
length:16777216 localSize=64 R=106 L=1 Thr=4.80575GB/s
length:16777216 localSize=64 R=106 L=2 Thr=5.52803GB/s
length:16777216 localSize=64 R=107 L=0 Thr=3.93523GB/s
length:16777216 localSize=64 R=107 L=1 Thr=-nanGB/s
length:16777216 localSize=64 R=107 L=2 Thr=4.99257GB/s
length:16777216 localSize=64 R=108 L=0 Thr=4.85932GB/s
length:16777216 localSize=64 R=108 L=1 Thr=4.35628GB/s
length:16777216 localSize=64 R=108 L=2 Thr=3.34592GB/s
length:16777216 localSize=64 R=109 L=0 Thr=4.4542GB/s
length:16777216 localSize=64 R=109 L=1 Thr=4.09887GB/s
length:16777216 localSize=64 R=109 L=2 Thr=3.85483GB/s
length:16777216 localSize=64 R=110 L=0 Thr=4.34567GB/s
length:16777216 localSize=64 R=110 L=1 Thr=4.00712GB/s
length:16777216 localSize=64 R=110 L=2 Thr=3.5894GB/s
length:16777216 localSize=64 R=111 L=0 Thr=3.25264GB/s
length:16777216 localSize=64 R=111 L=1 Thr=3.23687GB/s
length:16777216 localSize=64 R=111 L=2 Thr=3.3317GB/s
length:16777216 localSize=64 R=112 L=0 Thr=3.64275GB/s
length:16777216 localSize=64 R=112 L=1 Thr=4.06182GB/s
length:16777216 localSize=64 R=112 L=2 Thr=3.13367GB/s
length:16777216 localSize=64 R=113 L=0 Thr=3.53469GB/s
length:16777216 localSize=64 R=113 L=1 Thr=3.24872GB/s
length:16777216 localSize=64 R=113 L=2 Thr=3.35429GB/s
length:16777216 localSize=64 R=114 L=0 Thr=3.69637GB/s
length:16777216 localSize=64 R=114 L=1 Thr=3.24905GB/s
length:16777216 localSize=64 R=114 L=2 Thr=2.75555GB/s
length:16777216 localSize=64 R=115 L=0 Thr=3.23518GB/s
length:16777216 localSize=64 R=115 L=1 Thr=2.7615GB/s
length:16777216 localSize=64 R=115 L=2 Thr=2.96666GB/s
length:16777216 localSize=64 R=116 L=0 Thr=2.7977GB/s
length:16777216 localSize=64 R=116 L=1 Thr=3.30532GB/s
length:16777216 localSize=64 R=116 L=2 Thr=2.85816GB/s
length:16777216 localSize=64 R=117 L=0 Thr=2.82476GB/s
length:16777216 localSize=64 R=117 L=1 Thr=2.76082GB/s
length:16777216 localSize=64 R=117 L=2 Thr=3.0165GB/s
length:16777216 localSize=64 R=118 L=0 Thr=2.897GB/s
length:16777216 localSize=64 R=118 L=1 Thr=3.37306GB/s
length:16777216 localSize=64 R=118 L=2 Thr=3.04237GB/s
length:16777216 localSize=64 R=119 L=0 Thr=2.86399GB/s
length:16777216 localSize=64 R=119 L=1 Thr=2.85726GB/s
length:16777216 localSize=64 R=119 L=2 Thr=2.73673GB/s
length:16777216 localSize=64 R=120 L=0 Thr=3.19199GB/s
length:16777216 localSize=64 R=120 L=1 Thr=3.26048GB/s
length:16777216 localSize=64 R=120 L=2 Thr=2.98945GB/s
length:16777216 localSize=64 R=121 L=0 Thr=3.01382GB/s
length:16777216 localSize=64 R=121 L=1 Thr=3.68102GB/s
length:16777216 localSize=64 R=121 L=2 Thr=2.90641GB/s
length:16777216 localSize=64 R=122 L=0 Thr=3.60684GB/s
length:16777216 localSize=64 R=122 L=1 Thr=3.2194GB/s
length:16777216 localSize=64 R=122 L=2 Thr=2.97408GB/s
length:16777216 localSize=64 R=123 L=0 Thr=2.84938GB/s
length:16777216 localSize=64 R=123 L=1 Thr=2.9447GB/s
length:16777216 localSize=64 R=123 L=2 Thr=2.581GB/s
length:16777216 localSize=64 R=124 L=0 Thr=3.75397GB/s
length:16777216 localSize=64 R=124 L=1 Thr=3.49479GB/s
length:16777216 localSize=64 R=124 L=2 Thr=2.71614GB/s
length:16777216 localSize=64 R=125 L=0 Thr=2.66041GB/s
length:16777216 localSize=64 R=125 L=1 Thr=2.61175GB/s
length:16777216 localSize=64 R=125 L=2 Thr=3.09901GB/s
length:16777216 localSize=64 R=126 L=0 Thr=2.62433GB/s
length:16777216 localSize=64 R=126 L=1 Thr=2.63417GB/s
length:16777216 localSize=64 R=126 L=2 Thr=2.70911GB/s
length:16777216 localSize=64 R=127 L=0 Thr=2.53513GB/s
length:16777216 localSize=64 R=127 L=1 Thr=2.7083GB/s
length:16777216 localSize=64 R=127 L=2 Thr=2.73822GB/s
Final res:
	Best localSize=64
	Best R=67
	Best L=2
	Throughput=8.86063GB/s
