
Starting to launch opencl_compare...
Fast run...
Data size: 1000

Detection mode: All
------ Start hardware checking ------
Platform: Intel(R) OpenCL
Number of devices: 2
	Computing device 0 : Intel(R) Xeon(R) CPU E5-2650 v3 @ 2.30GHz
	Computing device 1 : Intel(R) Many Integrated Core Acceleration Card
Please enter the index of the device to use (0,1,2...) : Selected device: Intel(R) Many Integrated Core Acceleration Card
------ End of hardware checking ------

length:16777216 localSize=2048 R=0 L=1 Thr=0.973057GB/s best!
length:16777216 localSize=2048 R=0 L=2 Thr=1.42783GB/s best!
length:16777216 localSize=2048 R=1 L=0 Thr=0.888499GB/s
length:16777216 localSize=2048 R=1 L=1 Thr=1.08631GB/s
length:16777216 localSize=2048 R=1 L=2 Thr=1.49767GB/s best!
length:16777216 localSize=2048 R=2 L=0 Thr=1.59923GB/s best!
length:16777216 localSize=2048 R=2 L=1 Thr=1.51423GB/s
length:16777216 localSize=2048 R=2 L=2 Thr=1.88972GB/s best!
length:16777216 localSize=2048 R=3 L=0 Thr=2.14809GB/s best!
length:16777216 localSize=2048 R=3 L=1 Thr=1.89009GB/s
length:16777216 localSize=2048 R=3 L=2 Thr=2.19018GB/s best!
length:16777216 localSize=1024 R=0 L=1 Thr=0.969505GB/s
length:16777216 localSize=1024 R=0 L=2 Thr=1.33606GB/s
length:16777216 localSize=1024 R=1 L=0 Thr=1.07202GB/s
length:16777216 localSize=1024 R=1 L=1 Thr=1.37947GB/s
length:16777216 localSize=1024 R=1 L=2 Thr=1.88434GB/s
length:16777216 localSize=1024 R=2 L=0 Thr=1.71625GB/s
length:16777216 localSize=1024 R=2 L=1 Thr=1.92702GB/s
length:16777216 localSize=1024 R=2 L=2 Thr=2.34871GB/s best!
length:16777216 localSize=1024 R=3 L=0 Thr=2.44113GB/s best!
length:16777216 localSize=1024 R=3 L=1 Thr=2.24653GB/s
length:16777216 localSize=1024 R=3 L=2 Thr=2.63511GB/s best!
length:16777216 localSize=1024 R=4 L=0 Thr=2.81745GB/s best!
length:16777216 localSize=1024 R=4 L=1 Thr=2.73994GB/s
length:16777216 localSize=1024 R=4 L=2 Thr=2.65052GB/s
length:16777216 localSize=1024 R=5 L=0 Thr=3.0661GB/s best!
length:16777216 localSize=1024 R=5 L=1 Thr=3.03277GB/s
length:16777216 localSize=1024 R=5 L=2 Thr=3.20659GB/s best!
length:16777216 localSize=1024 R=6 L=0 Thr=-nanGB/s
length:16777216 localSize=1024 R=6 L=1 Thr=3.15699GB/s
length:16777216 localSize=1024 R=6 L=2 Thr=3.72539GB/s best!
length:16777216 localSize=1024 R=7 L=0 Thr=4.14308GB/s best!
length:16777216 localSize=1024 R=7 L=1 Thr=3.57285GB/s
length:16777216 localSize=1024 R=7 L=2 Thr=3.69634GB/s
length:16777216 localSize=512 R=0 L=1 Thr=1.1945GB/s
length:16777216 localSize=512 R=0 L=2 Thr=1.66512GB/s
length:16777216 localSize=512 R=1 L=0 Thr=1.15702GB/s
length:16777216 localSize=512 R=1 L=1 Thr=1.55449GB/s
length:16777216 localSize=512 R=1 L=2 Thr=1.40969GB/s
length:16777216 localSize=512 R=2 L=0 Thr=1.62332GB/s
length:16777216 localSize=512 R=2 L=1 Thr=1.29595GB/s
length:16777216 localSize=512 R=2 L=2 Thr=2.34658GB/s
length:16777216 localSize=512 R=3 L=0 Thr=1.17366GB/s
length:16777216 localSize=512 R=3 L=1 Thr=2.48912GB/s
length:16777216 localSize=512 R=3 L=2 Thr=2.58514GB/s
length:16777216 localSize=512 R=4 L=0 Thr=2.25272GB/s
length:16777216 localSize=512 R=4 L=1 Thr=2.31388GB/s
length:16777216 localSize=512 R=4 L=2 Thr=2.41252GB/s
length:16777216 localSize=512 R=5 L=0 Thr=2.06354GB/s
length:16777216 localSize=512 R=5 L=1 Thr=2.01796GB/s
length:16777216 localSize=512 R=5 L=2 Thr=2.43869GB/s
length:16777216 localSize=512 R=6 L=0 Thr=1.99646GB/s
length:16777216 localSize=512 R=6 L=1 Thr=2.20825GB/s
length:16777216 localSize=512 R=6 L=2 Thr=2.67715GB/s
length:16777216 localSize=512 R=7 L=0 Thr=2.00914GB/s
length:16777216 localSize=512 R=7 L=1 Thr=2.83352GB/s
length:16777216 localSize=512 R=7 L=2 Thr=4.35145GB/s best!
length:16777216 localSize=512 R=8 L=0 Thr=-nanGB/s
length:16777216 localSize=512 R=8 L=1 Thr=4.13015GB/s
length:16777216 localSize=512 R=8 L=2 Thr=3.1637GB/s
length:16777216 localSize=512 R=9 L=0 Thr=3.82675GB/s
length:16777216 localSize=512 R=9 L=1 Thr=3.01949GB/s
length:16777216 localSize=512 R=9 L=2 Thr=2.81753GB/s
length:16777216 localSize=512 R=10 L=0 Thr=2.53742GB/s
length:16777216 localSize=512 R=10 L=1 Thr=2.60583GB/s
length:16777216 localSize=512 R=10 L=2 Thr=2.74437GB/s
length:16777216 localSize=512 R=11 L=0 Thr=2.32881GB/s
length:16777216 localSize=512 R=11 L=1 Thr=2.8051GB/s
length:16777216 localSize=512 R=11 L=2 Thr=5.05991GB/s best!
length:16777216 localSize=512 R=12 L=0 Thr=2.27216GB/s
length:16777216 localSize=512 R=12 L=1 Thr=4.99916GB/s
length:16777216 localSize=512 R=12 L=2 Thr=3.56248GB/s
length:16777216 localSize=512 R=13 L=0 Thr=4.0177GB/s
length:16777216 localSize=512 R=13 L=1 Thr=4.05835GB/s
length:16777216 localSize=512 R=13 L=2 Thr=3.37025GB/s
length:16777216 localSize=512 R=14 L=0 Thr=2.89466GB/s
length:16777216 localSize=512 R=14 L=1 Thr=-nanGB/s
length:16777216 localSize=512 R=14 L=2 Thr=3.08301GB/s
length:16777216 localSize=512 R=15 L=0 Thr=3.60704GB/s
length:16777216 localSize=512 R=15 L=1 Thr=4.04146GB/s
length:16777216 localSize=512 R=15 L=2 Thr=5.34191GB/s best!
length:16777216 localSize=256 R=0 L=1 Thr=1.1169GB/s
length:16777216 localSize=256 R=0 L=2 Thr=1.48063GB/s
length:16777216 localSize=256 R=1 L=0 Thr=1.11482GB/s
length:16777216 localSize=256 R=1 L=1 Thr=1.50308GB/s
length:16777216 localSize=256 R=1 L=2 Thr=1.41985GB/s
length:16777216 localSize=256 R=2 L=0 Thr=1.28561GB/s
length:16777216 localSize=256 R=2 L=1 Thr=1.34208GB/s
length:16777216 localSize=256 R=2 L=2 Thr=2.01026GB/s
length:16777216 localSize=256 R=3 L=0 Thr=1.23305GB/s
length:16777216 localSize=256 R=3 L=1 Thr=2.108GB/s
length:16777216 localSize=256 R=3 L=2 Thr=1.49342GB/s
length:16777216 localSize=256 R=4 L=0 Thr=2.03103GB/s
length:16777216 localSize=256 R=4 L=1 Thr=1.37405GB/s
length:16777216 localSize=256 R=4 L=2 Thr=1.4316GB/s
length:16777216 localSize=256 R=5 L=0 Thr=1.36692GB/s
length:16777216 localSize=256 R=5 L=1 Thr=1.42309GB/s
length:16777216 localSize=256 R=5 L=2 Thr=1.58037GB/s
length:16777216 localSize=256 R=6 L=0 Thr=1.32486GB/s
length:16777216 localSize=256 R=6 L=1 Thr=1.49793GB/s
length:16777216 localSize=256 R=6 L=2 Thr=2.75702GB/s
length:16777216 localSize=256 R=7 L=0 Thr=1.52247GB/s
length:16777216 localSize=256 R=7 L=1 Thr=2.27904GB/s
length:16777216 localSize=256 R=7 L=2 Thr=4.21427GB/s
length:16777216 localSize=256 R=8 L=0 Thr=2.39793GB/s
length:16777216 localSize=256 R=8 L=1 Thr=3.86185GB/s
length:16777216 localSize=256 R=8 L=2 Thr=2.3095GB/s
length:16777216 localSize=256 R=9 L=0 Thr=4.35175GB/s
length:16777216 localSize=256 R=9 L=1 Thr=2.20561GB/s
length:16777216 localSize=256 R=9 L=2 Thr=1.70123GB/s
length:16777216 localSize=256 R=10 L=0 Thr=2.20274GB/s
length:16777216 localSize=256 R=10 L=1 Thr=1.71596GB/s
length:16777216 localSize=256 R=10 L=2 Thr=1.96184GB/s
length:16777216 localSize=256 R=11 L=0 Thr=1.59461GB/s
length:16777216 localSize=256 R=11 L=1 Thr=1.80881GB/s
length:16777216 localSize=256 R=11 L=2 Thr=1.93337GB/s
length:16777216 localSize=256 R=12 L=0 Thr=1.68261GB/s
length:16777216 localSize=256 R=12 L=1 Thr=1.66749GB/s
length:16777216 localSize=256 R=12 L=2 Thr=1.91733GB/s
length:16777216 localSize=256 R=13 L=0 Thr=1.57599GB/s
length:16777216 localSize=256 R=13 L=1 Thr=-nanGB/s
length:16777216 localSize=256 R=13 L=2 Thr=1.95317GB/s
length:16777216 localSize=256 R=14 L=0 Thr=1.79198GB/s
length:16777216 localSize=256 R=14 L=1 Thr=1.84533GB/s
length:16777216 localSize=256 R=14 L=2 Thr=2.34212GB/s
length:16777216 localSize=256 R=15 L=0 Thr=1.67051GB/s
length:16777216 localSize=256 R=15 L=1 Thr=2.00365GB/s
length:16777216 localSize=256 R=15 L=2 Thr=3.06765GB/s
length:16777216 localSize=256 R=16 L=0 Thr=2.03773GB/s
length:16777216 localSize=256 R=16 L=1 Thr=4.56466GB/s
length:16777216 localSize=256 R=16 L=2 Thr=4.3626GB/s
length:16777216 localSize=256 R=17 L=0 Thr=3.05976GB/s
length:16777216 localSize=256 R=17 L=1 Thr=4.12019GB/s
length:16777216 localSize=256 R=17 L=2 Thr=2.95319GB/s
length:16777216 localSize=256 R=18 L=0 Thr=-nanGB/s
length:16777216 localSize=256 R=18 L=1 Thr=3.1214GB/s
length:16777216 localSize=256 R=18 L=2 Thr=2.53944GB/s
length:16777216 localSize=256 R=19 L=0 Thr=-nanGB/s
length:16777216 localSize=256 R=19 L=1 Thr=2.53955GB/s
length:16777216 localSize=256 R=19 L=2 Thr=2.02458GB/s
length:16777216 localSize=256 R=20 L=0 Thr=2.04274GB/s
length:16777216 localSize=256 R=20 L=1 Thr=1.94114GB/s
length:16777216 localSize=256 R=20 L=2 Thr=2.17707GB/s
length:16777216 localSize=256 R=21 L=0 Thr=1.90644GB/s
length:16777216 localSize=256 R=21 L=1 Thr=2.13218GB/s
length:16777216 localSize=256 R=21 L=2 Thr=2.06423GB/s
length:16777216 localSize=256 R=22 L=0 Thr=1.83255GB/s
length:16777216 localSize=256 R=22 L=1 Thr=2.06668GB/s
length:16777216 localSize=256 R=22 L=2 Thr=2.28726GB/s
length:16777216 localSize=256 R=23 L=0 Thr=2.22246GB/s
length:16777216 localSize=256 R=23 L=1 Thr=2.38258GB/s
length:16777216 localSize=256 R=23 L=2 Thr=2.78291GB/s
length:16777216 localSize=256 R=24 L=0 Thr=2.23128GB/s
length:16777216 localSize=256 R=24 L=1 Thr=-nanGB/s
length:16777216 localSize=256 R=24 L=2 Thr=3.66172GB/s
length:16777216 localSize=256 R=25 L=0 Thr=2.38151GB/s
length:16777216 localSize=256 R=25 L=1 Thr=4.85797GB/s
length:16777216 localSize=256 R=25 L=2 Thr=5.09141GB/s
length:16777216 localSize=256 R=26 L=0 Thr=3.56336GB/s
length:16777216 localSize=256 R=26 L=1 Thr=4.53853GB/s
length:16777216 localSize=256 R=26 L=2 Thr=3.24276GB/s
length:16777216 localSize=256 R=27 L=0 Thr=3.8203GB/s
length:16777216 localSize=256 R=27 L=1 Thr=2.92604GB/s
length:16777216 localSize=256 R=27 L=2 Thr=3.07465GB/s
length:16777216 localSize=256 R=28 L=0 Thr=3.45587GB/s
length:16777216 localSize=256 R=28 L=1 Thr=2.43007GB/s
length:16777216 localSize=256 R=28 L=2 Thr=2.57232GB/s
length:16777216 localSize=256 R=29 L=0 Thr=2.50101GB/s
length:16777216 localSize=256 R=29 L=1 Thr=2.74348GB/s
length:16777216 localSize=256 R=29 L=2 Thr=2.60721GB/s
length:16777216 localSize=256 R=30 L=0 Thr=2.7696GB/s
length:16777216 localSize=256 R=30 L=1 Thr=2.60457GB/s
length:16777216 localSize=256 R=30 L=2 Thr=-nanGB/s
length:16777216 localSize=256 R=31 L=0 Thr=-nanGB/s
length:16777216 localSize=256 R=31 L=1 Thr=2.38892GB/s
length:16777216 localSize=256 R=31 L=2 Thr=2.76582GB/s
length:16777216 localSize=128 R=0 L=1 Thr=0.928759GB/s
length:16777216 localSize=128 R=0 L=2 Thr=1.2571GB/s
length:16777216 localSize=128 R=1 L=0 Thr=0.947603GB/s
length:16777216 localSize=128 R=1 L=1 Thr=1.25964GB/s
length:16777216 localSize=128 R=1 L=2 Thr=1.30037GB/s
length:16777216 localSize=128 R=2 L=0 Thr=1.21743GB/s
length:16777216 localSize=128 R=2 L=1 Thr=1.23564GB/s
length:16777216 localSize=128 R=2 L=2 Thr=1.75429GB/s
length:16777216 localSize=128 R=3 L=0 Thr=1.19177GB/s
length:16777216 localSize=128 R=3 L=1 Thr=1.67799GB/s
length:16777216 localSize=128 R=3 L=2 Thr=1.4699GB/s
length:16777216 localSize=128 R=4 L=0 Thr=1.43893GB/s
length:16777216 localSize=128 R=4 L=1 Thr=1.36929GB/s
length:16777216 localSize=128 R=4 L=2 Thr=1.38433GB/s
length:16777216 localSize=128 R=5 L=0 Thr=1.2847GB/s
length:16777216 localSize=128 R=5 L=1 Thr=1.40076GB/s
length:16777216 localSize=128 R=5 L=2 Thr=1.38471GB/s
length:16777216 localSize=128 R=6 L=0 Thr=1.22735GB/s
length:16777216 localSize=128 R=6 L=1 Thr=1.30341GB/s
length:16777216 localSize=128 R=6 L=2 Thr=1.88981GB/s
length:16777216 localSize=128 R=7 L=0 Thr=1.19616GB/s
length:16777216 localSize=128 R=7 L=1 Thr=2.02596GB/s
length:16777216 localSize=128 R=7 L=2 Thr=1.49217GB/s
length:16777216 localSize=128 R=8 L=0 Thr=1.7856GB/s
length:16777216 localSize=128 R=8 L=1 Thr=1.4264GB/s
length:16777216 localSize=128 R=8 L=2 Thr=1.52105GB/s
length:16777216 localSize=128 R=9 L=0 Thr=1.41308GB/s
length:16777216 localSize=128 R=9 L=1 Thr=1.55852GB/s
length:16777216 localSize=128 R=9 L=2 Thr=1.69236GB/s
length:16777216 localSize=128 R=10 L=0 Thr=1.37137GB/s
length:16777216 localSize=128 R=10 L=1 Thr=1.50632GB/s
length:16777216 localSize=128 R=10 L=2 Thr=1.42444GB/s
length:16777216 localSize=128 R=11 L=0 Thr=1.56715GB/s
length:16777216 localSize=128 R=11 L=1 Thr=1.48033GB/s
length:16777216 localSize=128 R=11 L=2 Thr=1.40734GB/s
length:16777216 localSize=128 R=12 L=0 Thr=1.3046GB/s
length:16777216 localSize=128 R=12 L=1 Thr=1.34541GB/s
length:16777216 localSize=128 R=12 L=2 Thr=1.64155GB/s
length:16777216 localSize=128 R=13 L=0 Thr=1.27493GB/s
length:16777216 localSize=128 R=13 L=1 Thr=1.63598GB/s
length:16777216 localSize=128 R=13 L=2 Thr=1.82613GB/s
length:16777216 localSize=128 R=14 L=0 Thr=1.51439GB/s
length:16777216 localSize=128 R=14 L=1 Thr=1.83624GB/s
length:16777216 localSize=128 R=14 L=2 Thr=2.6808GB/s
length:16777216 localSize=128 R=15 L=0 Thr=1.70702GB/s
length:16777216 localSize=128 R=15 L=1 Thr=2.46834GB/s
length:16777216 localSize=128 R=15 L=2 Thr=7.75043GB/s best!
length:16777216 localSize=128 R=16 L=0 Thr=2.493GB/s
length:16777216 localSize=128 R=16 L=1 Thr=8.56415GB/s best!
length:16777216 localSize=128 R=16 L=2 Thr=4.52122GB/s
length:16777216 localSize=128 R=17 L=0 Thr=-nanGB/s
length:16777216 localSize=128 R=17 L=1 Thr=4.22119GB/s
length:16777216 localSize=128 R=17 L=2 Thr=3.06582GB/s
length:16777216 localSize=128 R=18 L=0 Thr=4.27049GB/s
length:16777216 localSize=128 R=18 L=1 Thr=2.85508GB/s
length:16777216 localSize=128 R=18 L=2 Thr=2.29122GB/s
length:16777216 localSize=128 R=19 L=0 Thr=2.91574GB/s
length:16777216 localSize=128 R=19 L=1 Thr=2.25461GB/s
length:16777216 localSize=128 R=19 L=2 Thr=1.92909GB/s
length:16777216 localSize=128 R=20 L=0 Thr=2.24119GB/s
length:16777216 localSize=128 R=20 L=1 Thr=1.90007GB/s
length:16777216 localSize=128 R=20 L=2 Thr=1.78924GB/s
length:16777216 localSize=128 R=21 L=0 Thr=1.8632GB/s
length:16777216 localSize=128 R=21 L=1 Thr=1.77226GB/s
length:16777216 localSize=128 R=21 L=2 Thr=1.81088GB/s
length:16777216 localSize=128 R=22 L=0 Thr=1.69813GB/s
length:16777216 localSize=128 R=22 L=1 Thr=1.73089GB/s
length:16777216 localSize=128 R=22 L=2 Thr=1.87563GB/s
length:16777216 localSize=128 R=23 L=0 Thr=1.58439GB/s
length:16777216 localSize=128 R=23 L=1 Thr=1.9052GB/s
length:16777216 localSize=128 R=23 L=2 Thr=1.91074GB/s
length:16777216 localSize=128 R=24 L=0 Thr=1.62045GB/s
length:16777216 localSize=128 R=24 L=1 Thr=1.73797GB/s
length:16777216 localSize=128 R=24 L=2 Thr=1.77637GB/s
length:16777216 localSize=128 R=25 L=0 Thr=1.74038GB/s
length:16777216 localSize=128 R=25 L=1 Thr=1.73282GB/s
length:16777216 localSize=128 R=25 L=2 Thr=-nanGB/s
length:16777216 localSize=128 R=26 L=0 Thr=1.59797GB/s
length:16777216 localSize=128 R=26 L=1 Thr=1.84344GB/s
length:16777216 localSize=128 R=26 L=2 Thr=1.90496GB/s
length:16777216 localSize=128 R=27 L=0 Thr=1.72783GB/s
length:16777216 localSize=128 R=27 L=1 Thr=1.80161GB/s
length:16777216 localSize=128 R=27 L=2 Thr=1.74753GB/s
length:16777216 localSize=128 R=28 L=0 Thr=1.63426GB/s
length:16777216 localSize=128 R=28 L=1 Thr=1.80882GB/s
length:16777216 localSize=128 R=28 L=2 Thr=2.04561GB/s
length:16777216 localSize=128 R=29 L=0 Thr=1.73822GB/s
length:16777216 localSize=128 R=29 L=1 Thr=1.85579GB/s
length:16777216 localSize=128 R=29 L=2 Thr=1.93144GB/s
length:16777216 localSize=128 R=30 L=0 Thr=1.83204GB/s
length:16777216 localSize=128 R=30 L=1 Thr=2.05212GB/s
length:16777216 localSize=128 R=30 L=2 Thr=2.7449GB/s
length:16777216 localSize=128 R=31 L=0 Thr=1.8229GB/s
length:16777216 localSize=128 R=31 L=1 Thr=2.17214GB/s
length:16777216 localSize=128 R=31 L=2 Thr=2.38079GB/s
length:16777216 localSize=128 R=32 L=0 Thr=2.41044GB/s
length:16777216 localSize=128 R=32 L=1 Thr=2.54522GB/s
length:16777216 localSize=128 R=32 L=2 Thr=3.94704GB/s
length:16777216 localSize=128 R=33 L=0 Thr=2.12717GB/s
length:16777216 localSize=128 R=33 L=1 Thr=3.57807GB/s
length:16777216 localSize=128 R=33 L=2 Thr=4.21372GB/s
length:16777216 localSize=128 R=34 L=0 Thr=3.85239GB/s
length:16777216 localSize=128 R=34 L=1 Thr=4.06202GB/s
length:16777216 localSize=128 R=34 L=2 Thr=4.37925GB/s
length:16777216 localSize=128 R=35 L=0 Thr=4.45877GB/s
length:16777216 localSize=128 R=35 L=1 Thr=4.3576GB/s
length:16777216 localSize=128 R=35 L=2 Thr=4.23506GB/s
length:16777216 localSize=128 R=36 L=0 Thr=4.77677GB/s
length:16777216 localSize=128 R=36 L=1 Thr=3.71726GB/s
length:16777216 localSize=128 R=36 L=2 Thr=2.93228GB/s
length:16777216 localSize=128 R=37 L=0 Thr=3.7227GB/s
length:16777216 localSize=128 R=37 L=1 Thr=3.08053GB/s
length:16777216 localSize=128 R=37 L=2 Thr=2.33722GB/s
length:16777216 localSize=128 R=38 L=0 Thr=2.82012GB/s
length:16777216 localSize=128 R=38 L=1 Thr=2.61863GB/s
length:16777216 localSize=128 R=38 L=2 Thr=2.39789GB/s
length:16777216 localSize=128 R=39 L=0 Thr=2.63368GB/s
length:16777216 localSize=128 R=39 L=1 Thr=2.33273GB/s
length:16777216 localSize=128 R=39 L=2 Thr=2.15612GB/s
length:16777216 localSize=128 R=40 L=0 Thr=2.27651GB/s
length:16777216 localSize=128 R=40 L=1 Thr=2.19551GB/s
length:16777216 localSize=128 R=40 L=2 Thr=1.89345GB/s
length:16777216 localSize=128 R=41 L=0 Thr=2.1009GB/s
length:16777216 localSize=128 R=41 L=1 Thr=1.87923GB/s
length:16777216 localSize=128 R=41 L=2 Thr=2.04037GB/s
length:16777216 localSize=128 R=42 L=0 Thr=1.93786GB/s
length:16777216 localSize=128 R=42 L=1 Thr=2.31822GB/s
length:16777216 localSize=128 R=42 L=2 Thr=2.04809GB/s
length:16777216 localSize=128 R=43 L=0 Thr=2.0534GB/s
length:16777216 localSize=128 R=43 L=1 Thr=1.93903GB/s
length:16777216 localSize=128 R=43 L=2 Thr=2.22891GB/s
length:16777216 localSize=128 R=44 L=0 Thr=2.17937GB/s
length:16777216 localSize=128 R=44 L=1 Thr=1.95438GB/s
length:16777216 localSize=128 R=44 L=2 Thr=2.11765GB/s
length:16777216 localSize=128 R=45 L=0 Thr=2.14464GB/s
length:16777216 localSize=128 R=45 L=1 Thr=2.08162GB/s
length:16777216 localSize=128 R=45 L=2 Thr=2.1482GB/s
length:16777216 localSize=128 R=46 L=0 Thr=1.96331GB/s
length:16777216 localSize=128 R=46 L=1 Thr=2.13641GB/s
length:16777216 localSize=128 R=46 L=2 Thr=2.10384GB/s
length:16777216 localSize=128 R=47 L=0 Thr=2.13134GB/s
length:16777216 localSize=128 R=47 L=1 Thr=2.2527GB/s
length:16777216 localSize=128 R=47 L=2 Thr=2.08691GB/s
length:16777216 localSize=128 R=48 L=0 Thr=2.07222GB/s
length:16777216 localSize=128 R=48 L=1 Thr=2.5022GB/s
length:16777216 localSize=128 R=48 L=2 Thr=2.14115GB/s
length:16777216 localSize=128 R=49 L=0 Thr=2.19841GB/s
length:16777216 localSize=128 R=49 L=1 Thr=2.2104GB/s
length:16777216 localSize=128 R=49 L=2 Thr=2.53032GB/s
length:16777216 localSize=128 R=50 L=0 Thr=2.20997GB/s
length:16777216 localSize=128 R=50 L=1 Thr=2.4372GB/s
length:16777216 localSize=128 R=50 L=2 Thr=-nanGB/s
length:16777216 localSize=128 R=51 L=0 Thr=2.29712GB/s
length:16777216 localSize=128 R=51 L=1 Thr=3.42813GB/s
length:16777216 localSize=128 R=51 L=2 Thr=4.32187GB/s
length:16777216 localSize=128 R=52 L=0 Thr=4.38138GB/s
length:16777216 localSize=128 R=52 L=1 Thr=4.26228GB/s
length:16777216 localSize=128 R=52 L=2 Thr=3.50575GB/s
length:16777216 localSize=128 R=53 L=0 Thr=4.03927GB/s
length:16777216 localSize=128 R=53 L=1 Thr=-nanGB/s
length:16777216 localSize=128 R=53 L=2 Thr=4.2787GB/s
length:16777216 localSize=128 R=54 L=0 Thr=4.05792GB/s
length:16777216 localSize=128 R=54 L=1 Thr=3.44393GB/s
length:16777216 localSize=128 R=54 L=2 Thr=3.69742GB/s
length:16777216 localSize=128 R=55 L=0 Thr=3.35405GB/s
length:16777216 localSize=128 R=55 L=1 Thr=3.0929GB/s
length:16777216 localSize=128 R=55 L=2 Thr=3.61309GB/s
length:16777216 localSize=128 R=56 L=0 Thr=2.95696GB/s
length:16777216 localSize=128 R=56 L=1 Thr=3.2783GB/s
length:16777216 localSize=128 R=56 L=2 Thr=2.69857GB/s
length:16777216 localSize=128 R=57 L=0 Thr=-nanGB/s
length:16777216 localSize=128 R=57 L=1 Thr=2.56795GB/s
length:16777216 localSize=128 R=57 L=2 Thr=2.65232GB/s
length:16777216 localSize=128 R=58 L=0 Thr=2.69008GB/s
length:16777216 localSize=128 R=58 L=1 Thr=2.3681GB/s
length:16777216 localSize=128 R=58 L=2 Thr=2.56339GB/s
length:16777216 localSize=128 R=59 L=0 Thr=2.80805GB/s
length:16777216 localSize=128 R=59 L=1 Thr=2.45289GB/s
length:16777216 localSize=128 R=59 L=2 Thr=2.35763GB/s
length:16777216 localSize=128 R=60 L=0 Thr=2.49595GB/s
length:16777216 localSize=128 R=60 L=1 Thr=2.78533GB/s
length:16777216 localSize=128 R=60 L=2 Thr=2.46503GB/s
length:16777216 localSize=128 R=61 L=0 Thr=2.52928GB/s
length:16777216 localSize=128 R=61 L=1 Thr=2.51139GB/s
length:16777216 localSize=128 R=61 L=2 Thr=2.68204GB/s
length:16777216 localSize=128 R=62 L=0 Thr=2.67735GB/s
length:16777216 localSize=128 R=62 L=1 Thr=2.52956GB/s
length:16777216 localSize=128 R=62 L=2 Thr=2.88434GB/s
length:16777216 localSize=64 R=0 L=1 Thr=0.612949GB/s
length:16777216 localSize=64 R=0 L=2 Thr=0.967691GB/s
length:16777216 localSize=64 R=1 L=0 Thr=0.615549GB/s
length:16777216 localSize=64 R=1 L=1 Thr=0.960328GB/s
length:16777216 localSize=64 R=1 L=2 Thr=0.99537GB/s
length:16777216 localSize=64 R=2 L=0 Thr=0.966714GB/s
length:16777216 localSize=64 R=2 L=1 Thr=0.974425GB/s
length:16777216 localSize=64 R=2 L=2 Thr=1.3366GB/s
length:16777216 localSize=64 R=3 L=0 Thr=0.97513GB/s
length:16777216 localSize=64 R=3 L=1 Thr=1.29831GB/s
length:16777216 localSize=64 R=3 L=2 Thr=1.19481GB/s
length:16777216 localSize=64 R=4 L=0 Thr=1.27934GB/s
length:16777216 localSize=64 R=4 L=1 Thr=1.10059GB/s
length:16777216 localSize=64 R=4 L=2 Thr=1.24626GB/s
length:16777216 localSize=64 R=5 L=0 Thr=1.10388GB/s
length:16777216 localSize=64 R=5 L=1 Thr=1.29653GB/s
length:16777216 localSize=64 R=5 L=2 Thr=1.21646GB/s
length:16777216 localSize=64 R=6 L=0 Thr=1.21538GB/s
length:16777216 localSize=64 R=6 L=1 Thr=1.13164GB/s
length:16777216 localSize=64 R=6 L=2 Thr=1.61445GB/s
length:16777216 localSize=64 R=7 L=0 Thr=1.17005GB/s
length:16777216 localSize=64 R=7 L=1 Thr=1.56828GB/s
length:16777216 localSize=64 R=7 L=2 Thr=1.35226GB/s
length:16777216 localSize=64 R=8 L=0 Thr=1.53332GB/s
length:16777216 localSize=64 R=8 L=1 Thr=1.32762GB/s
length:16777216 localSize=64 R=8 L=2 Thr=1.4308GB/s
length:16777216 localSize=64 R=9 L=0 Thr=1.29731GB/s
length:16777216 localSize=64 R=9 L=1 Thr=1.34927GB/s
length:16777216 localSize=64 R=9 L=2 Thr=1.78302GB/s
length:16777216 localSize=64 R=10 L=0 Thr=1.40313GB/s
length:16777216 localSize=64 R=10 L=1 Thr=1.57614GB/s
length:16777216 localSize=64 R=10 L=2 Thr=1.40224GB/s
length:16777216 localSize=64 R=11 L=0 Thr=1.53874GB/s
length:16777216 localSize=64 R=11 L=1 Thr=1.31462GB/s
length:16777216 localSize=64 R=11 L=2 Thr=1.29754GB/s
length:16777216 localSize=64 R=12 L=0 Thr=1.35418GB/s
length:16777216 localSize=64 R=12 L=1 Thr=1.29148GB/s
length:16777216 localSize=64 R=12 L=2 Thr=1.27485GB/s
length:16777216 localSize=64 R=13 L=0 Thr=1.28984GB/s
length:16777216 localSize=64 R=13 L=1 Thr=1.25318GB/s
length:16777216 localSize=64 R=13 L=2 Thr=1.4546GB/s
length:16777216 localSize=64 R=14 L=0 Thr=1.25347GB/s
length:16777216 localSize=64 R=14 L=1 Thr=1.42006GB/s
length:16777216 localSize=64 R=14 L=2 Thr=1.82089GB/s
length:16777216 localSize=64 R=15 L=0 Thr=1.31645GB/s
length:16777216 localSize=64 R=15 L=1 Thr=1.78937GB/s
length:16777216 localSize=64 R=15 L=2 Thr=2.18709GB/s
length:16777216 localSize=64 R=16 L=0 Thr=1.7124GB/s
length:16777216 localSize=64 R=16 L=1 Thr=2.05451GB/s
length:16777216 localSize=64 R=16 L=2 Thr=1.50458GB/s
length:16777216 localSize=64 R=17 L=0 Thr=2.34321GB/s
length:16777216 localSize=64 R=17 L=1 Thr=1.43107GB/s
length:16777216 localSize=64 R=17 L=2 Thr=1.49928GB/s
length:16777216 localSize=64 R=18 L=0 Thr=1.40573GB/s
length:16777216 localSize=64 R=18 L=1 Thr=1.4466GB/s
length:16777216 localSize=64 R=18 L=2 Thr=1.55051GB/s
length:16777216 localSize=64 R=19 L=0 Thr=1.4858GB/s
length:16777216 localSize=64 R=19 L=1 Thr=1.51066GB/s
length:16777216 localSize=64 R=19 L=2 Thr=1.51809GB/s
length:16777216 localSize=64 R=20 L=0 Thr=1.46443GB/s
length:16777216 localSize=64 R=20 L=1 Thr=1.33888GB/s
length:16777216 localSize=64 R=20 L=2 Thr=1.54643GB/s
length:16777216 localSize=64 R=21 L=0 Thr=1.3835GB/s
length:16777216 localSize=64 R=21 L=1 Thr=1.54812GB/s
length:16777216 localSize=64 R=21 L=2 Thr=1.52107GB/s
length:16777216 localSize=64 R=22 L=0 Thr=1.62829GB/s
length:16777216 localSize=64 R=22 L=1 Thr=1.40889GB/s
length:16777216 localSize=64 R=22 L=2 Thr=1.48261GB/s
length:16777216 localSize=64 R=23 L=0 Thr=1.41873GB/s
length:16777216 localSize=64 R=23 L=1 Thr=1.53547GB/s
length:16777216 localSize=64 R=23 L=2 Thr=1.64425GB/s
length:16777216 localSize=64 R=24 L=0 Thr=1.46636GB/s
length:16777216 localSize=64 R=24 L=1 Thr=1.46633GB/s
length:16777216 localSize=64 R=24 L=2 Thr=1.40848GB/s
length:16777216 localSize=64 R=25 L=0 Thr=1.41652GB/s
length:16777216 localSize=64 R=25 L=1 Thr=1.33368GB/s
length:16777216 localSize=64 R=25 L=2 Thr=1.59107GB/s
length:16777216 localSize=64 R=26 L=0 Thr=1.37991GB/s
length:16777216 localSize=64 R=26 L=1 Thr=1.41522GB/s
length:16777216 localSize=64 R=26 L=2 Thr=1.60311GB/s
length:16777216 localSize=64 R=27 L=0 Thr=1.43612GB/s
length:16777216 localSize=64 R=27 L=1 Thr=1.66195GB/s
length:16777216 localSize=64 R=27 L=2 Thr=1.61947GB/s
length:16777216 localSize=64 R=28 L=0 Thr=1.59223GB/s
length:16777216 localSize=64 R=28 L=1 Thr=1.59369GB/s
length:16777216 localSize=64 R=28 L=2 Thr=1.82925GB/s
length:16777216 localSize=64 R=29 L=0 Thr=1.71023GB/s
length:16777216 localSize=64 R=29 L=1 Thr=1.92672GB/s
length:16777216 localSize=64 R=29 L=2 Thr=2.24849GB/s
length:16777216 localSize=64 R=30 L=0 Thr=1.8093GB/s
length:16777216 localSize=64 R=30 L=1 Thr=1.90316GB/s
length:16777216 localSize=64 R=30 L=2 Thr=2.58183GB/s
length:16777216 localSize=64 R=31 L=0 Thr=2.09448GB/s
length:16777216 localSize=64 R=31 L=1 Thr=2.90663GB/s
length:16777216 localSize=64 R=31 L=2 Thr=3.60912GB/s
length:16777216 localSize=64 R=32 L=0 Thr=2.7138GB/s
length:16777216 localSize=64 R=32 L=1 Thr=3.15201GB/s
length:16777216 localSize=64 R=32 L=2 Thr=7.27014GB/s
length:16777216 localSize=64 R=33 L=0 Thr=3.27322GB/s
length:16777216 localSize=64 R=33 L=1 Thr=8.59252GB/s best!
length:16777216 localSize=64 R=33 L=2 Thr=6.46976GB/s
length:16777216 localSize=64 R=34 L=0 Thr=8.31586GB/s
length:16777216 localSize=64 R=34 L=1 Thr=5.51453GB/s
length:16777216 localSize=64 R=34 L=2 Thr=4.47271GB/s
length:16777216 localSize=64 R=35 L=0 Thr=6.0468GB/s
length:16777216 localSize=64 R=35 L=1 Thr=4.37328GB/s
length:16777216 localSize=64 R=35 L=2 Thr=3.61167GB/s
length:16777216 localSize=64 R=36 L=0 Thr=4.57707GB/s
length:16777216 localSize=64 R=36 L=1 Thr=3.91097GB/s
length:16777216 localSize=64 R=36 L=2 Thr=3.26161GB/s
length:16777216 localSize=64 R=37 L=0 Thr=3.79445GB/s
length:16777216 localSize=64 R=37 L=1 Thr=-nanGB/s
length:16777216 localSize=64 R=37 L=2 Thr=2.50239GB/s
length:16777216 localSize=64 R=38 L=0 Thr=3.06899GB/s
length:16777216 localSize=64 R=38 L=1 Thr=2.54573GB/s
length:16777216 localSize=64 R=38 L=2 Thr=2.37035GB/s
length:16777216 localSize=64 R=39 L=0 Thr=2.56919GB/s
length:16777216 localSize=64 R=39 L=1 Thr=2.27719GB/s
length:16777216 localSize=64 R=39 L=2 Thr=2.24299GB/s
length:16777216 localSize=64 R=40 L=0 Thr=2.39024GB/s
length:16777216 localSize=64 R=40 L=1 Thr=2.24643GB/s
length:16777216 localSize=64 R=40 L=2 Thr=1.93821GB/s
length:16777216 localSize=64 R=41 L=0 Thr=2.34348GB/s
length:16777216 localSize=64 R=41 L=1 Thr=1.87634GB/s
length:16777216 localSize=64 R=41 L=2 Thr=1.82235GB/s
length:16777216 localSize=64 R=42 L=0 Thr=1.912GB/s
length:16777216 localSize=64 R=42 L=1 Thr=1.8519GB/s
length:16777216 localSize=64 R=42 L=2 Thr=2.04823GB/s
length:16777216 localSize=64 R=43 L=0 Thr=1.80608GB/s
length:16777216 localSize=64 R=43 L=1 Thr=1.7686GB/s
length:16777216 localSize=64 R=43 L=2 Thr=1.76588GB/s
length:16777216 localSize=64 R=44 L=0 Thr=1.76086GB/s
length:16777216 localSize=64 R=44 L=1 Thr=1.68914GB/s
length:16777216 localSize=64 R=44 L=2 Thr=1.69614GB/s
length:16777216 localSize=64 R=45 L=0 Thr=1.88196GB/s
length:16777216 localSize=64 R=45 L=1 Thr=1.68626GB/s
length:16777216 localSize=64 R=45 L=2 Thr=1.84235GB/s
length:16777216 localSize=64 R=46 L=0 Thr=1.70298GB/s
length:16777216 localSize=64 R=46 L=1 Thr=1.91494GB/s
length:16777216 localSize=64 R=46 L=2 Thr=2.1323GB/s
length:16777216 localSize=64 R=47 L=0 Thr=1.74882GB/s
length:16777216 localSize=64 R=47 L=1 Thr=1.90109GB/s
length:16777216 localSize=64 R=47 L=2 Thr=1.95826GB/s
length:16777216 localSize=64 R=48 L=0 Thr=1.80678GB/s
length:16777216 localSize=64 R=48 L=1 Thr=2.0688GB/s
length:16777216 localSize=64 R=48 L=2 Thr=2.01496GB/s
length:16777216 localSize=64 R=49 L=0 Thr=1.71697GB/s
length:16777216 localSize=64 R=49 L=1 Thr=1.71554GB/s
length:16777216 localSize=64 R=49 L=2 Thr=1.70484GB/s
length:16777216 localSize=64 R=50 L=0 Thr=1.77386GB/s
length:16777216 localSize=64 R=50 L=1 Thr=1.64904GB/s
length:16777216 localSize=64 R=50 L=2 Thr=1.72868GB/s
length:16777216 localSize=64 R=51 L=0 Thr=1.6892GB/s
length:16777216 localSize=64 R=51 L=1 Thr=1.85379GB/s
length:16777216 localSize=64 R=51 L=2 Thr=1.76324GB/s
length:16777216 localSize=64 R=52 L=0 Thr=-nanGB/s
length:16777216 localSize=64 R=52 L=1 Thr=1.78097GB/s
length:16777216 localSize=64 R=52 L=2 Thr=1.85856GB/s
length:16777216 localSize=64 R=53 L=0 Thr=1.86892GB/s
length:16777216 localSize=64 R=53 L=1 Thr=1.85419GB/s
length:16777216 localSize=64 R=53 L=2 Thr=1.69712GB/s
length:16777216 localSize=64 R=54 L=0 Thr=1.85264GB/s
length:16777216 localSize=64 R=54 L=1 Thr=1.80739GB/s
length:16777216 localSize=64 R=54 L=2 Thr=1.85287GB/s
length:16777216 localSize=64 R=55 L=0 Thr=-nanGB/s
length:16777216 localSize=64 R=55 L=1 Thr=1.80571GB/s
length:16777216 localSize=64 R=55 L=2 Thr=2.09134GB/s
length:16777216 localSize=64 R=56 L=0 Thr=1.86087GB/s
length:16777216 localSize=64 R=56 L=1 Thr=2.08316GB/s
length:16777216 localSize=64 R=56 L=2 Thr=1.81622GB/s
length:16777216 localSize=64 R=57 L=0 Thr=1.91919GB/s
length:16777216 localSize=64 R=57 L=1 Thr=1.84175GB/s
length:16777216 localSize=64 R=57 L=2 Thr=2.152GB/s
length:16777216 localSize=64 R=58 L=0 Thr=1.95341GB/s
length:16777216 localSize=64 R=58 L=1 Thr=1.97121GB/s
length:16777216 localSize=64 R=58 L=2 Thr=2.07228GB/s
length:16777216 localSize=64 R=59 L=0 Thr=1.8613GB/s
length:16777216 localSize=64 R=59 L=1 Thr=2.02313GB/s
length:16777216 localSize=64 R=59 L=2 Thr=1.90402GB/s
length:16777216 localSize=64 R=60 L=0 Thr=1.86785GB/s
length:16777216 localSize=64 R=60 L=1 Thr=2.15049GB/s
length:16777216 localSize=64 R=60 L=2 Thr=-nanGB/s
length:16777216 localSize=64 R=61 L=0 Thr=2.08831GB/s
length:16777216 localSize=64 R=61 L=1 Thr=-nanGB/s
length:16777216 localSize=64 R=61 L=2 Thr=2.06273GB/s
length:16777216 localSize=64 R=62 L=0 Thr=2.05991GB/s
length:16777216 localSize=64 R=62 L=1 Thr=2.11671GB/s
length:16777216 localSize=64 R=62 L=2 Thr=2.18477GB/s
length:16777216 localSize=64 R=63 L=0 Thr=2.2159GB/s
length:16777216 localSize=64 R=63 L=1 Thr=2.26395GB/s
length:16777216 localSize=64 R=63 L=2 Thr=2.38372GB/s
length:16777216 localSize=64 R=64 L=0 Thr=2.15729GB/s
length:16777216 localSize=64 R=64 L=1 Thr=2.34631GB/s
length:16777216 localSize=64 R=64 L=2 Thr=2.99818GB/s
length:16777216 localSize=64 R=65 L=0 Thr=2.27434GB/s
length:16777216 localSize=64 R=65 L=1 Thr=2.85643GB/s
length:16777216 localSize=64 R=65 L=2 Thr=3.60547GB/s
length:16777216 localSize=64 R=66 L=0 Thr=2.8132GB/s
length:16777216 localSize=64 R=66 L=1 Thr=2.64968GB/s
length:16777216 localSize=64 R=66 L=2 Thr=4.49896GB/s
length:16777216 localSize=64 R=67 L=0 Thr=2.63916GB/s
length:16777216 localSize=64 R=67 L=1 Thr=4.54284GB/s
length:16777216 localSize=64 R=67 L=2 Thr=8.19256GB/s
length:16777216 localSize=64 R=68 L=0 Thr=4.76581GB/s
length:16777216 localSize=64 R=68 L=1 Thr=7.47259GB/s
length:16777216 localSize=64 R=68 L=2 Thr=5.92738GB/s
length:16777216 localSize=64 R=69 L=0 Thr=7.30572GB/s
length:16777216 localSize=64 R=69 L=1 Thr=4.38414GB/s
length:16777216 localSize=64 R=69 L=2 Thr=4.97165GB/s
length:16777216 localSize=64 R=70 L=0 Thr=4.997GB/s
length:16777216 localSize=64 R=70 L=1 Thr=5.07861GB/s
length:16777216 localSize=64 R=70 L=2 Thr=4.96309GB/s
length:16777216 localSize=64 R=71 L=0 Thr=5.10569GB/s
length:16777216 localSize=64 R=71 L=1 Thr=5.37121GB/s
length:16777216 localSize=64 R=71 L=2 Thr=4.22503GB/s
length:16777216 localSize=64 R=72 L=0 Thr=5.21144GB/s
length:16777216 localSize=64 R=72 L=1 Thr=4.41306GB/s
length:16777216 localSize=64 R=72 L=2 Thr=4.09025GB/s
length:16777216 localSize=64 R=73 L=0 Thr=4.4646GB/s
length:16777216 localSize=64 R=73 L=1 Thr=4.23957GB/s
length:16777216 localSize=64 R=73 L=2 Thr=3.61038GB/s
length:16777216 localSize=64 R=74 L=0 Thr=3.98694GB/s
length:16777216 localSize=64 R=74 L=1 Thr=3.34144GB/s
length:16777216 localSize=64 R=74 L=2 Thr=-nanGB/s
length:16777216 localSize=64 R=75 L=0 Thr=-nanGB/s
length:16777216 localSize=64 R=75 L=1 Thr=3.3249GB/s
length:16777216 localSize=64 R=75 L=2 Thr=3.413GB/s
length:16777216 localSize=64 R=76 L=0 Thr=3.60942GB/s
length:16777216 localSize=64 R=76 L=1 Thr=3.41483GB/s
length:16777216 localSize=64 R=76 L=2 Thr=-nanGB/s
length:16777216 localSize=64 R=77 L=0 Thr=-nanGB/s
length:16777216 localSize=64 R=77 L=1 Thr=2.78261GB/s
length:16777216 localSize=64 R=77 L=2 Thr=2.51879GB/s
length:16777216 localSize=64 R=78 L=0 Thr=2.813GB/s
length:16777216 localSize=64 R=78 L=1 Thr=2.28905GB/s
length:16777216 localSize=64 R=78 L=2 Thr=2.69398GB/s
length:16777216 localSize=64 R=79 L=0 Thr=2.74444GB/s
length:16777216 localSize=64 R=79 L=1 Thr=2.67039GB/s
length:16777216 localSize=64 R=79 L=2 Thr=2.22835GB/s
length:16777216 localSize=64 R=80 L=0 Thr=2.75159GB/s
length:16777216 localSize=64 R=80 L=1 Thr=2.35095GB/s
length:16777216 localSize=64 R=80 L=2 Thr=2.49651GB/s
length:16777216 localSize=64 R=81 L=0 Thr=2.17941GB/s
length:16777216 localSize=64 R=81 L=1 Thr=2.35449GB/s
length:16777216 localSize=64 R=81 L=2 Thr=2.17038GB/s
length:16777216 localSize=64 R=82 L=0 Thr=2.18398GB/s
length:16777216 localSize=64 R=82 L=1 Thr=2.17735GB/s
length:16777216 localSize=64 R=82 L=2 Thr=2.17472GB/s
length:16777216 localSize=64 R=83 L=0 Thr=2.19639GB/s
length:16777216 localSize=64 R=83 L=1 Thr=2.08478GB/s
length:16777216 localSize=64 R=83 L=2 Thr=1.96263GB/s
length:16777216 localSize=64 R=84 L=0 Thr=1.99195GB/s
length:16777216 localSize=64 R=84 L=1 Thr=1.94176GB/s
length:16777216 localSize=64 R=84 L=2 Thr=-nanGB/s
length:16777216 localSize=64 R=85 L=0 Thr=1.81502GB/s
length:16777216 localSize=64 R=85 L=1 Thr=2.20407GB/s
length:16777216 localSize=64 R=85 L=2 Thr=2.00008GB/s
length:16777216 localSize=64 R=86 L=0 Thr=2.33595GB/s
length:16777216 localSize=64 R=86 L=1 Thr=1.96874GB/s
length:16777216 localSize=64 R=86 L=2 Thr=2.38414GB/s
length:16777216 localSize=64 R=87 L=0 Thr=2.04183GB/s
length:16777216 localSize=64 R=87 L=1 Thr=-nanGB/s
length:16777216 localSize=64 R=87 L=2 Thr=2.14038GB/s
length:16777216 localSize=64 R=88 L=0 Thr=2.08678GB/s
length:16777216 localSize=64 R=88 L=1 Thr=2.13257GB/s
length:16777216 localSize=64 R=88 L=2 Thr=2.48364GB/s
length:16777216 localSize=64 R=89 L=0 Thr=1.97774GB/s
length:16777216 localSize=64 R=89 L=1 Thr=2.24513GB/s
length:16777216 localSize=64 R=89 L=2 Thr=2.10085GB/s
length:16777216 localSize=64 R=90 L=0 Thr=2.69443GB/s
length:16777216 localSize=64 R=90 L=1 Thr=2.13302GB/s
length:16777216 localSize=64 R=90 L=2 Thr=2.16757GB/s
length:16777216 localSize=64 R=91 L=0 Thr=2.18045GB/s
length:16777216 localSize=64 R=91 L=1 Thr=2.17404GB/s
length:16777216 localSize=64 R=91 L=2 Thr=2.14854GB/s
length:16777216 localSize=64 R=92 L=0 Thr=2.15167GB/s
length:16777216 localSize=64 R=92 L=1 Thr=2.26927GB/s
length:16777216 localSize=64 R=92 L=2 Thr=2.56401GB/s
length:16777216 localSize=64 R=93 L=0 Thr=2.30955GB/s
length:16777216 localSize=64 R=93 L=1 Thr=2.45095GB/s
length:16777216 localSize=64 R=93 L=2 Thr=2.55498GB/s
length:16777216 localSize=64 R=94 L=0 Thr=2.40457GB/s
length:16777216 localSize=64 R=94 L=1 Thr=-nanGB/s
length:16777216 localSize=64 R=94 L=2 Thr=2.33565GB/s
length:16777216 localSize=64 R=95 L=0 Thr=2.07775GB/s
length:16777216 localSize=64 R=95 L=1 Thr=-nanGB/s
length:16777216 localSize=64 R=95 L=2 Thr=2.30317GB/s
length:16777216 localSize=64 R=96 L=0 Thr=2.23299GB/s
length:16777216 localSize=64 R=96 L=1 Thr=2.46554GB/s
length:16777216 localSize=64 R=96 L=2 Thr=2.38286GB/s
length:16777216 localSize=64 R=97 L=0 Thr=2.33159GB/s
length:16777216 localSize=64 R=97 L=1 Thr=2.32298GB/s
length:16777216 localSize=64 R=97 L=2 Thr=2.69058GB/s

