10 length: 1024 Time:0.433333 ms        Throughput:0.00220079 Gkeys/s
11 length: 2048 Time:0.43166 ms Throughput:0.00441864 Gkeys/s
12 length: 4096 Time:0.42232 ms Throughput:0.00903272 Gkeys/s
13 length: 8192 Time:0.43796 ms Throughput:0.0174203 Gkeys/s
14 length: 16384        Time:0.427265 ms        Throughput:0.0357127 Gkeys/s
15 length: 32768        Time:0.482479 ms        Throughput:0.0632516 Gkeys/s
16 length: 65536        Time:0.4041 ms  Throughput:0.15104 Gkeys/s
17 length: 131072       Time:0.546104 ms        Throughput:0.223529 Gkeys/s
18 length: 262144       Time:0.673891 ms        Throughput:0.362285 Gkeys/s
19 length: 524288       Time:0.807735 ms        Throughput:0.604507 Gkeys/s
20 length: 1048576      Time:1.52374 ms Throughput:0.640899 Gkeys/s
21 length: 2097152      Time:2.218 ms   Throughput:0.880579 Gkeys/s
22 length: 4194304      Time:2.75853 ms Throughput:1.41606 Gkeys/s
23 length: 8388608      Time:4.61061 ms Throughput:1.69446 Gkeys/s
24 length: 16777216     Time:8.47705 ms Throughput:1.84321 Gkeys/s
25 length: 33554432     Time:18.6668 ms Throughput:1.67409 Gkeys/s
26 length: 67108864     Time:30.2949 ms Throughput:2.06305 Gkeys/s
27 length: 134217728    Time:53.9808 ms Throughput:2.31564 Gkeys/s
28 length: 268435456    Time:103.656 ms Throughput:2.41183 Gkeys/s
29 length: 536870912    Time:207.647 ms Throughput:2.40793 Gkeys/s
30 length: 1073741824   Time:317.373 ms Throughput:3.15087 Gkeys/s
