10 length: 1024 Time:0.0740851 ms       Throughput:0.0128727 Gkeys/s
11 length: 2048 Time:0.0744375 ms       Throughput:0.0256235 Gkeys/s
12 length: 4096 Time:0.0751042 ms       Throughput:0.0507921 Gkeys/s
13 length: 8192 Time:0.0769149 ms       Throughput:0.0991927 Gkeys/s
14 length: 16384        Time:0.0806222 ms       Throughput:0.189263 Gkeys/s
15 length: 32768        Time:0.86846 ms Throughput:0.0351399 Gkeys/s
16 length: 65536        Time:0.865049 ms        Throughput:0.0705569 Gkeys/s
17 length: 131072       Time:0.980776 ms        Throughput:0.124463 Gkeys/s
18 length: 262144       Time:1.43338 ms Throughput:0.170325 Gkeys/s
19 length: 524288       Time:1.64063 ms Throughput:0.297619 Gkeys/s
20 length: 1048576      Time:5.00076 ms Throughput:0.195283 Gkeys/s
21 length: 2097152      Time:6.56558 ms Throughput:0.297479 Gkeys/s
22 length: 4194304      Time:8.19578 ms Throughput:0.476617 Gkeys/s
23 length: 8388608      Time:10.5781 ms Throughput:0.738551 Gkeys/s
24 length: 16777216     Time:13.512 ms  Throughput:1.15638 Gkeys/s
25 length: 33554432     Time:16.9837 ms Throughput:1.84 Gkeys/s
26 length: 67108864     Time:27.122 ms  Throughput:2.3044 Gkeys/s
27 length: 134217728    Time:47.9056 ms Throughput:2.6093 Gkeys/s
28 length: 268435456    Time:81.7974 ms Throughput:3.05633 Gkeys/s
29 length: 536870912    Time:145.345 ms Throughput:3.4401 Gkeys/s
30 length: 1073741824   Time:279.507 ms Throughput:3.57773 Gkeys/s
