10 length: 1024 Time:0.020069 ms        Throughput:0.0475199 Gkeys/s
11 length: 2048 Time:0.194976 ms        Throughput:0.00978247 Gkeys/s
12 length: 4096 Time:0.207705 ms        Throughput:0.018366 Gkeys/s
13 length: 8192 Time:0.224191 ms        Throughput:0.0340307 Gkeys/s
14 length: 16384        Time:0.244023 ms        Throughput:0.0625301 Gkeys/s
15 length: 32768        Time:1.05073 ms Throughput:0.0290441 Gkeys/s
16 length: 65536        Time:1.30173 ms Throughput:0.0468878 Gkeys/s
17 length: 131072       Time:1.02049 ms Throughput:0.119619 Gkeys/s
18 length: 262144       Time:2.13972 ms Throughput:0.114099 Gkeys/s
19 length: 524288       Time:2.21119 ms Throughput:0.220823 Gkeys/s
20 length: 1048576      Time:4.69804 ms Throughput:0.207866 Gkeys/s
21 length: 2097152      Time:6.93294 ms Throughput:0.281717 Gkeys/s
22 length: 4194304      Time:9.26834 ms Throughput:0.421462 Gkeys/s
23 length: 8388608      Time:13.4077 ms Throughput:0.582689 Gkeys/s
24 length: 16777216     Time:15.5657 ms Throughput:1.00381 Gkeys/s
25 length: 33554432     Time:20.6315 ms Throughput:1.51467 Gkeys/s
26 length: 67108864     Time:33.1995 ms Throughput:1.88256 Gkeys/s
27 length: 134217728    Time:49.1689 ms Throughput:2.54226 Gkeys/s
28 length: 268435456    Time:80.6098 ms Throughput:3.10136 Gkeys/s
29 length: 536870912    Time:148.233 ms Throughput:3.37306 Gkeys/s
30 length: 1073741824   Time:300.074 ms Throughput:3.33251 Gkeys/s
