
Starting to launch opencl_compare...
Fast run...
Data size: 1000

Detection mode: All
------ Start hardware checking ------
Platform: Intel(R) OpenCL
Number of devices: 2
	Computing device 0 : Intel(R) Xeon(R) CPU E5-2650 v3 @ 2.30GHz
	Computing device 1 : Intel(R) Many Integrated Core Acceleration Card
Please enter the index of the device to use (0,1,2...) : Selected device: Intel(R) Xeon(R) CPU E5-2650 v3 @ 2.30GHz
------ End of hardware checking ------

length:16777216 localSize=512 R=0 L=1 Thr=4.1138GB/s best!
length:16777216 localSize=512 R=1 L=0 Thr=4.43081GB/s best!
length:16777216 localSize=512 R=1 L=1 Thr=3.30735GB/s
length:16777216 localSize=512 R=2 L=0 Thr=6.73313GB/s best!
length:16777216 localSize=512 R=2 L=1 Thr=4.38171GB/s
length:16777216 localSize=512 R=3 L=0 Thr=8.18626GB/s best!
length:16777216 localSize=512 R=3 L=1 Thr=5.3493GB/s
length:16777216 localSize=512 R=4 L=0 Thr=9.37827GB/s best!
length:16777216 localSize=512 R=4 L=1 Thr=6.0516GB/s
length:16777216 localSize=512 R=5 L=0 Thr=9.97349GB/s best!
length:16777216 localSize=512 R=5 L=1 Thr=6.50276GB/s
length:16777216 localSize=512 R=6 L=0 Thr=10.6079GB/s best!
length:16777216 localSize=512 R=6 L=1 Thr=7.13492GB/s
length:16777216 localSize=512 R=7 L=0 Thr=10.4145GB/s
length:16777216 localSize=512 R=7 L=1 Thr=7.70663GB/s
length:16777216 localSize=512 R=8 L=0 Thr=11.1482GB/s best!
length:16777216 localSize=512 R=8 L=1 Thr=8.03961GB/s
length:16777216 localSize=512 R=9 L=0 Thr=11.1389GB/s
length:16777216 localSize=512 R=9 L=1 Thr=8.36471GB/s
length:16777216 localSize=512 R=10 L=0 Thr=11.6408GB/s best!
length:16777216 localSize=512 R=10 L=1 Thr=8.60095GB/s
length:16777216 localSize=512 R=11 L=0 Thr=11.4275GB/s
length:16777216 localSize=512 R=11 L=1 Thr=8.92912GB/s
length:16777216 localSize=512 R=12 L=0 Thr=11.794GB/s best!
length:16777216 localSize=512 R=12 L=1 Thr=9.10724GB/s
length:16777216 localSize=512 R=13 L=0 Thr=11.7909GB/s
length:16777216 localSize=512 R=13 L=1 Thr=9.42733GB/s
length:16777216 localSize=512 R=14 L=0 Thr=12.0774GB/s best!
length:16777216 localSize=512 R=14 L=1 Thr=9.39468GB/s
length:16777216 localSize=512 R=15 L=0 Thr=12.0572GB/s
length:16777216 localSize=512 R=15 L=1 Thr=9.78313GB/s
length:16777216 localSize=256 R=0 L=1 Thr=2.41363GB/s
length:16777216 localSize=256 R=1 L=0 Thr=2.26472GB/s
length:16777216 localSize=256 R=1 L=1 Thr=3.34716GB/s
length:16777216 localSize=256 R=2 L=0 Thr=4.48684GB/s
length:16777216 localSize=256 R=2 L=1 Thr=4.70181GB/s
length:16777216 localSize=256 R=3 L=0 Thr=6.48541GB/s
length:16777216 localSize=256 R=3 L=1 Thr=5.50198GB/s
length:16777216 localSize=256 R=4 L=0 Thr=8.95922GB/s
length:16777216 localSize=256 R=4 L=1 Thr=6.24994GB/s
length:16777216 localSize=256 R=5 L=0 Thr=9.89605GB/s
length:16777216 localSize=256 R=5 L=1 Thr=6.9215GB/s
length:16777216 localSize=256 R=6 L=0 Thr=10.4624GB/s
length:16777216 localSize=256 R=6 L=1 Thr=7.38238GB/s
length:16777216 localSize=256 R=7 L=0 Thr=10.828GB/s
length:16777216 localSize=256 R=7 L=1 Thr=7.92678GB/s
length:16777216 localSize=256 R=8 L=0 Thr=11.6016GB/s
length:16777216 localSize=256 R=8 L=1 Thr=8.30903GB/s
length:16777216 localSize=256 R=9 L=0 Thr=11.2339GB/s
length:16777216 localSize=256 R=9 L=1 Thr=8.54855GB/s
length:16777216 localSize=256 R=10 L=0 Thr=11.6369GB/s
length:16777216 localSize=256 R=10 L=1 Thr=8.94872GB/s
length:16777216 localSize=256 R=11 L=0 Thr=11.7178GB/s
length:16777216 localSize=256 R=11 L=1 Thr=9.24637GB/s
length:16777216 localSize=256 R=12 L=0 Thr=11.9997GB/s
length:16777216 localSize=256 R=12 L=1 Thr=9.40417GB/s
length:16777216 localSize=256 R=13 L=0 Thr=11.7588GB/s
length:16777216 localSize=256 R=13 L=1 Thr=9.73687GB/s
length:16777216 localSize=256 R=14 L=0 Thr=12.1481GB/s best!
length:16777216 localSize=256 R=14 L=1 Thr=9.81791GB/s
length:16777216 localSize=256 R=15 L=0 Thr=12.2903GB/s best!
length:16777216 localSize=256 R=15 L=1 Thr=10.1639GB/s
length:16777216 localSize=256 R=16 L=0 Thr=12.2373GB/s
length:16777216 localSize=256 R=16 L=1 Thr=10.1344GB/s
length:16777216 localSize=256 R=17 L=0 Thr=12.3741GB/s best!
length:16777216 localSize=256 R=17 L=1 Thr=10.1975GB/s
length:16777216 localSize=256 R=18 L=0 Thr=12.2957GB/s
length:16777216 localSize=256 R=18 L=1 Thr=10.4205GB/s
length:16777216 localSize=256 R=19 L=0 Thr=12.5554GB/s best!
length:16777216 localSize=256 R=19 L=1 Thr=10.5486GB/s
length:16777216 localSize=256 R=20 L=0 Thr=12.6801GB/s best!
length:16777216 localSize=256 R=20 L=1 Thr=10.6528GB/s
length:16777216 localSize=256 R=21 L=0 Thr=12.7556GB/s best!
length:16777216 localSize=256 R=21 L=1 Thr=10.8134GB/s
length:16777216 localSize=256 R=22 L=0 Thr=12.561GB/s
length:16777216 localSize=256 R=22 L=1 Thr=10.8122GB/s
length:16777216 localSize=256 R=23 L=0 Thr=12.5677GB/s
length:16777216 localSize=256 R=23 L=1 Thr=11.0806GB/s
length:16777216 localSize=256 R=24 L=0 Thr=12.8326GB/s best!
length:16777216 localSize=256 R=24 L=1 Thr=10.9491GB/s
length:16777216 localSize=256 R=25 L=0 Thr=12.701GB/s
length:16777216 localSize=256 R=25 L=1 Thr=11.1014GB/s
length:16777216 localSize=256 R=26 L=0 Thr=12.8004GB/s
length:16777216 localSize=256 R=26 L=1 Thr=11.1306GB/s
length:16777216 localSize=256 R=27 L=0 Thr=12.7867GB/s
length:16777216 localSize=256 R=27 L=1 Thr=11.1353GB/s
length:16777216 localSize=256 R=28 L=0 Thr=12.9134GB/s best!
length:16777216 localSize=256 R=28 L=1 Thr=11.336GB/s
length:16777216 localSize=256 R=29 L=0 Thr=12.9642GB/s best!
length:16777216 localSize=256 R=29 L=1 Thr=11.37GB/s
length:16777216 localSize=256 R=30 L=0 Thr=12.948GB/s
length:16777216 localSize=256 R=30 L=1 Thr=11.465GB/s
length:16777216 localSize=256 R=31 L=0 Thr=12.8948GB/s
length:16777216 localSize=256 R=31 L=1 Thr=11.4383GB/s
length:16777216 localSize=128 R=0 L=1 Thr=1.28525GB/s
length:16777216 localSize=128 R=1 L=0 Thr=1.26718GB/s
length:16777216 localSize=128 R=1 L=1 Thr=2.63492GB/s
length:16777216 localSize=128 R=2 L=0 Thr=2.44932GB/s
length:16777216 localSize=128 R=2 L=1 Thr=3.85226GB/s
length:16777216 localSize=128 R=3 L=0 Thr=3.80713GB/s
length:16777216 localSize=128 R=3 L=1 Thr=5.13768GB/s
length:16777216 localSize=128 R=4 L=0 Thr=4.85542GB/s
length:16777216 localSize=128 R=4 L=1 Thr=5.97879GB/s
length:16777216 localSize=128 R=5 L=0 Thr=6.06671GB/s
length:16777216 localSize=128 R=5 L=1 Thr=6.53369GB/s
length:16777216 localSize=128 R=6 L=0 Thr=8.14213GB/s
length:16777216 localSize=128 R=6 L=1 Thr=7.18715GB/s
length:16777216 localSize=128 R=7 L=0 Thr=8.14212GB/s
length:16777216 localSize=128 R=7 L=1 Thr=7.78731GB/s
length:16777216 localSize=128 R=8 L=0 Thr=9.08608GB/s
length:16777216 localSize=128 R=8 L=1 Thr=8.01603GB/s
length:16777216 localSize=128 R=9 L=0 Thr=10.5055GB/s
length:16777216 localSize=128 R=9 L=1 Thr=8.37419GB/s
length:16777216 localSize=128 R=10 L=0 Thr=11.1562GB/s
length:16777216 localSize=128 R=10 L=1 Thr=8.76987GB/s
length:16777216 localSize=128 R=11 L=0 Thr=11.1661GB/s
length:16777216 localSize=128 R=11 L=1 Thr=9.01229GB/s
length:16777216 localSize=128 R=12 L=0 Thr=11.4228GB/s
length:16777216 localSize=128 R=12 L=1 Thr=9.34289GB/s
length:16777216 localSize=128 R=13 L=0 Thr=11.7294GB/s
length:16777216 localSize=128 R=13 L=1 Thr=9.38981GB/s
length:16777216 localSize=128 R=14 L=0 Thr=11.9629GB/s
length:16777216 localSize=128 R=14 L=1 Thr=9.72577GB/s
length:16777216 localSize=128 R=15 L=0 Thr=12.0306GB/s
length:16777216 localSize=128 R=15 L=1 Thr=9.90558GB/s
length:16777216 localSize=128 R=16 L=0 Thr=12.1343GB/s
length:16777216 localSize=128 R=16 L=1 Thr=9.984GB/s
length:16777216 localSize=128 R=17 L=0 Thr=12.11GB/s
length:16777216 localSize=128 R=17 L=1 Thr=10.1326GB/s
length:16777216 localSize=128 R=18 L=0 Thr=11.9601GB/s
length:16777216 localSize=128 R=18 L=1 Thr=10.1579GB/s
length:16777216 localSize=128 R=19 L=0 Thr=12.1385GB/s
length:16777216 localSize=128 R=19 L=1 Thr=10.4502GB/s
length:16777216 localSize=128 R=20 L=0 Thr=12.2061GB/s
length:16777216 localSize=128 R=20 L=1 Thr=10.605GB/s
length:16777216 localSize=128 R=21 L=0 Thr=12.3188GB/s
length:16777216 localSize=128 R=21 L=1 Thr=10.5401GB/s
length:16777216 localSize=128 R=22 L=0 Thr=12.5038GB/s
length:16777216 localSize=128 R=22 L=1 Thr=10.6575GB/s
length:16777216 localSize=128 R=23 L=0 Thr=12.416GB/s
length:16777216 localSize=128 R=23 L=1 Thr=10.9375GB/s
length:16777216 localSize=128 R=24 L=0 Thr=12.574GB/s
length:16777216 localSize=128 R=24 L=1 Thr=11.0691GB/s
length:16777216 localSize=128 R=25 L=0 Thr=12.472GB/s
length:16777216 localSize=128 R=25 L=1 Thr=11.0476GB/s
length:16777216 localSize=128 R=26 L=0 Thr=12.5144GB/s
length:16777216 localSize=128 R=26 L=1 Thr=11.1525GB/s
length:16777216 localSize=128 R=27 L=0 Thr=12.7488GB/s
length:16777216 localSize=128 R=27 L=1 Thr=11.0954GB/s
length:16777216 localSize=128 R=28 L=0 Thr=12.7769GB/s
length:16777216 localSize=128 R=28 L=1 Thr=11.2849GB/s
length:16777216 localSize=128 R=29 L=0 Thr=12.6432GB/s
length:16777216 localSize=128 R=29 L=1 Thr=11.4103GB/s
length:16777216 localSize=128 R=30 L=0 Thr=12.6843GB/s
length:16777216 localSize=128 R=30 L=1 Thr=11.4437GB/s
length:16777216 localSize=128 R=31 L=0 Thr=12.7046GB/s
length:16777216 localSize=128 R=31 L=1 Thr=11.3918GB/s
length:16777216 localSize=128 R=32 L=0 Thr=12.8958GB/s
length:16777216 localSize=128 R=32 L=1 Thr=11.643GB/s
length:16777216 localSize=128 R=33 L=0 Thr=12.5486GB/s
length:16777216 localSize=128 R=33 L=1 Thr=11.5468GB/s
length:16777216 localSize=128 R=34 L=0 Thr=12.3936GB/s
length:16777216 localSize=128 R=34 L=1 Thr=11.5956GB/s
length:16777216 localSize=128 R=35 L=0 Thr=12.8786GB/s
length:16777216 localSize=128 R=35 L=1 Thr=11.7118GB/s
length:16777216 localSize=128 R=36 L=0 Thr=13.1391GB/s best!
length:16777216 localSize=128 R=36 L=1 Thr=11.6309GB/s
length:16777216 localSize=128 R=37 L=0 Thr=12.7926GB/s
length:16777216 localSize=128 R=37 L=1 Thr=11.7699GB/s
length:16777216 localSize=128 R=38 L=0 Thr=12.9292GB/s
length:16777216 localSize=128 R=38 L=1 Thr=11.6024GB/s
length:16777216 localSize=128 R=39 L=0 Thr=12.7854GB/s
length:16777216 localSize=128 R=39 L=1 Thr=11.9147GB/s
length:16777216 localSize=128 R=40 L=0 Thr=12.8579GB/s
length:16777216 localSize=128 R=40 L=1 Thr=11.6686GB/s
length:16777216 localSize=128 R=41 L=0 Thr=12.6968GB/s
length:16777216 localSize=128 R=41 L=1 Thr=11.9377GB/s
length:16777216 localSize=128 R=42 L=0 Thr=12.9247GB/s
length:16777216 localSize=128 R=42 L=1 Thr=11.8848GB/s
length:16777216 localSize=128 R=43 L=0 Thr=12.828GB/s
length:16777216 localSize=128 R=43 L=1 Thr=11.9259GB/s
length:16777216 localSize=128 R=44 L=0 Thr=12.7788GB/s
length:16777216 localSize=128 R=44 L=1 Thr=11.8889GB/s
length:16777216 localSize=128 R=45 L=0 Thr=12.9694GB/s
length:16777216 localSize=128 R=45 L=1 Thr=12.104GB/s
length:16777216 localSize=128 R=46 L=0 Thr=13.1169GB/s
length:16777216 localSize=128 R=46 L=1 Thr=11.8062GB/s
length:16777216 localSize=128 R=47 L=0 Thr=12.6848GB/s
length:16777216 localSize=128 R=47 L=1 Thr=12.0502GB/s
length:16777216 localSize=128 R=48 L=0 Thr=12.9247GB/s
length:16777216 localSize=128 R=48 L=1 Thr=12.0009GB/s
length:16777216 localSize=128 R=49 L=0 Thr=12.899GB/s
length:16777216 localSize=128 R=49 L=1 Thr=11.9544GB/s
length:16777216 localSize=128 R=50 L=0 Thr=12.8044GB/s
length:16777216 localSize=128 R=50 L=1 Thr=11.9752GB/s
length:16777216 localSize=128 R=51 L=0 Thr=12.8972GB/s
length:16777216 localSize=128 R=51 L=1 Thr=12.2325GB/s
length:16777216 localSize=128 R=52 L=0 Thr=12.8361GB/s
length:16777216 localSize=128 R=52 L=1 Thr=12.1224GB/s
length:16777216 localSize=128 R=53 L=0 Thr=12.8879GB/s
length:16777216 localSize=128 R=53 L=1 Thr=12.0556GB/s
length:16777216 localSize=128 R=54 L=0 Thr=12.7419GB/s
length:16777216 localSize=128 R=54 L=1 Thr=12.2511GB/s
length:16777216 localSize=128 R=55 L=0 Thr=13.1001GB/s
length:16777216 localSize=128 R=55 L=1 Thr=12.2087GB/s
length:16777216 localSize=128 R=56 L=0 Thr=12.9679GB/s
length:16777216 localSize=128 R=56 L=1 Thr=12.3164GB/s
length:16777216 localSize=128 R=57 L=0 Thr=12.8493GB/s
length:16777216 localSize=128 R=57 L=1 Thr=12.2716GB/s
length:16777216 localSize=128 R=58 L=0 Thr=13.1303GB/s
length:16777216 localSize=128 R=58 L=1 Thr=12.0964GB/s
length:16777216 localSize=128 R=59 L=0 Thr=12.9947GB/s
length:16777216 localSize=128 R=59 L=1 Thr=12.262GB/s
length:16777216 localSize=128 R=60 L=0 Thr=13.1232GB/s
length:16777216 localSize=128 R=60 L=1 Thr=12.3903GB/s
length:16777216 localSize=128 R=61 L=0 Thr=12.8796GB/s
length:16777216 localSize=128 R=61 L=1 Thr=12.3786GB/s
length:16777216 localSize=128 R=62 L=0 Thr=12.9672GB/s
length:16777216 localSize=128 R=62 L=1 Thr=12.2921GB/s
length:16777216 localSize=128 R=63 L=0 Thr=13.0405GB/s
length:16777216 localSize=128 R=63 L=1 Thr=12.4338GB/s
length:16777216 localSize=64 R=0 L=1 Thr=0.762715GB/s
length:16777216 localSize=64 R=1 L=0 Thr=0.79992GB/s
length:16777216 localSize=64 R=1 L=1 Thr=1.47928GB/s
length:16777216 localSize=64 R=2 L=0 Thr=1.5448GB/s
length:16777216 localSize=64 R=2 L=1 Thr=2.30735GB/s
length:16777216 localSize=64 R=3 L=0 Thr=2.23263GB/s
length:16777216 localSize=64 R=3 L=1 Thr=3.01119GB/s
length:16777216 localSize=64 R=4 L=0 Thr=3.09659GB/s
length:16777216 localSize=64 R=4 L=1 Thr=3.67234GB/s
length:16777216 localSize=64 R=5 L=0 Thr=3.69236GB/s
length:16777216 localSize=64 R=5 L=1 Thr=4.53841GB/s
length:16777216 localSize=64 R=6 L=0 Thr=4.40965GB/s
length:16777216 localSize=64 R=6 L=1 Thr=5.44922GB/s
length:16777216 localSize=64 R=7 L=0 Thr=5.14457GB/s
length:16777216 localSize=64 R=7 L=1 Thr=5.76338GB/s
length:16777216 localSize=64 R=8 L=0 Thr=5.85921GB/s
length:16777216 localSize=64 R=8 L=1 Thr=6.38253GB/s
length:16777216 localSize=64 R=9 L=0 Thr=6.42977GB/s
length:16777216 localSize=64 R=9 L=1 Thr=7.03606GB/s
length:16777216 localSize=64 R=10 L=0 Thr=7.10862GB/s
length:16777216 localSize=64 R=10 L=1 Thr=7.83153GB/s
length:16777216 localSize=64 R=11 L=0 Thr=7.70922GB/s
length:16777216 localSize=64 R=11 L=1 Thr=8.61213GB/s
length:16777216 localSize=64 R=12 L=0 Thr=8.95084GB/s
length:16777216 localSize=64 R=12 L=1 Thr=8.82907GB/s
length:16777216 localSize=64 R=13 L=0 Thr=9.33896GB/s
length:16777216 localSize=64 R=13 L=1 Thr=9.05747GB/s
length:16777216 localSize=64 R=14 L=0 Thr=10.5976GB/s
length:16777216 localSize=64 R=14 L=1 Thr=9.29246GB/s
length:16777216 localSize=64 R=15 L=0 Thr=11.0391GB/s
length:16777216 localSize=64 R=15 L=1 Thr=9.56349GB/s
length:16777216 localSize=64 R=16 L=0 Thr=11.7585GB/s
length:16777216 localSize=64 R=16 L=1 Thr=9.5313GB/s
length:16777216 localSize=64 R=17 L=0 Thr=11.543GB/s
length:16777216 localSize=64 R=17 L=1 Thr=9.67634GB/s
length:16777216 localSize=64 R=18 L=0 Thr=11.4941GB/s
length:16777216 localSize=64 R=18 L=1 Thr=9.91934GB/s
length:16777216 localSize=64 R=19 L=0 Thr=11.7508GB/s
length:16777216 localSize=64 R=19 L=1 Thr=10.0431GB/s
length:16777216 localSize=64 R=20 L=0 Thr=11.7931GB/s
length:16777216 localSize=64 R=20 L=1 Thr=10.4143GB/s
length:16777216 localSize=64 R=21 L=0 Thr=11.6916GB/s
length:16777216 localSize=64 R=21 L=1 Thr=10.3881GB/s
length:16777216 localSize=64 R=22 L=0 Thr=12.0365GB/s
length:16777216 localSize=64 R=22 L=1 Thr=10.5058GB/s
length:16777216 localSize=64 R=23 L=0 Thr=12.2916GB/s
length:16777216 localSize=64 R=23 L=1 Thr=10.6978GB/s
length:16777216 localSize=64 R=24 L=0 Thr=12.3481GB/s
length:16777216 localSize=64 R=24 L=1 Thr=10.6446GB/s
length:16777216 localSize=64 R=25 L=0 Thr=12.3405GB/s
length:16777216 localSize=64 R=25 L=1 Thr=10.8115GB/s
length:16777216 localSize=64 R=26 L=0 Thr=12.0956GB/s
length:16777216 localSize=64 R=26 L=1 Thr=10.947GB/s
length:16777216 localSize=64 R=27 L=0 Thr=12.4309GB/s
length:16777216 localSize=64 R=27 L=1 Thr=11.1319GB/s
length:16777216 localSize=64 R=28 L=0 Thr=12.5317GB/s
length:16777216 localSize=64 R=28 L=1 Thr=11.2773GB/s
length:16777216 localSize=64 R=29 L=0 Thr=12.2901GB/s
length:16777216 localSize=64 R=29 L=1 Thr=10.9443GB/s
length:16777216 localSize=64 R=30 L=0 Thr=12.4474GB/s
length:16777216 localSize=64 R=30 L=1 Thr=11.2062GB/s
length:16777216 localSize=64 R=31 L=0 Thr=12.4498GB/s
length:16777216 localSize=64 R=31 L=1 Thr=11.4364GB/s
length:16777216 localSize=64 R=32 L=0 Thr=12.8145GB/s
length:16777216 localSize=64 R=32 L=1 Thr=11.2449GB/s
length:16777216 localSize=64 R=33 L=0 Thr=12.3177GB/s
length:16777216 localSize=64 R=33 L=1 Thr=11.4845GB/s
length:16777216 localSize=64 R=34 L=0 Thr=12.4017GB/s
length:16777216 localSize=64 R=34 L=1 Thr=11.4482GB/s
length:16777216 localSize=64 R=35 L=0 Thr=12.5413GB/s
length:16777216 localSize=64 R=35 L=1 Thr=11.4848GB/s
length:16777216 localSize=64 R=36 L=0 Thr=12.6658GB/s
length:16777216 localSize=64 R=36 L=1 Thr=11.5656GB/s
length:16777216 localSize=64 R=37 L=0 Thr=12.6118GB/s
length:16777216 localSize=64 R=37 L=1 Thr=11.6713GB/s
length:16777216 localSize=64 R=38 L=0 Thr=12.7154GB/s
length:16777216 localSize=64 R=38 L=1 Thr=11.5657GB/s
length:16777216 localSize=64 R=39 L=0 Thr=12.585GB/s
length:16777216 localSize=64 R=39 L=1 Thr=11.5482GB/s
length:16777216 localSize=64 R=40 L=0 Thr=13.0028GB/s
length:16777216 localSize=64 R=40 L=1 Thr=11.8028GB/s
length:16777216 localSize=64 R=41 L=0 Thr=12.5313GB/s
length:16777216 localSize=64 R=41 L=1 Thr=11.6313GB/s
length:16777216 localSize=64 R=42 L=0 Thr=12.8034GB/s
length:16777216 localSize=64 R=42 L=1 Thr=11.7899GB/s
length:16777216 localSize=64 R=43 L=0 Thr=12.8241GB/s
length:16777216 localSize=64 R=43 L=1 Thr=11.8267GB/s
length:16777216 localSize=64 R=44 L=0 Thr=12.6338GB/s
length:16777216 localSize=64 R=44 L=1 Thr=11.9452GB/s
length:16777216 localSize=64 R=45 L=0 Thr=12.6188GB/s
length:16777216 localSize=64 R=45 L=1 Thr=11.9911GB/s
length:16777216 localSize=64 R=46 L=0 Thr=12.6753GB/s
length:16777216 localSize=64 R=46 L=1 Thr=11.8418GB/s
length:16777216 localSize=64 R=47 L=0 Thr=12.7083GB/s
length:16777216 localSize=64 R=47 L=1 Thr=12.0121GB/s
length:16777216 localSize=64 R=48 L=0 Thr=13.0699GB/s
length:16777216 localSize=64 R=48 L=1 Thr=11.9202GB/s
length:16777216 localSize=64 R=49 L=0 Thr=12.809GB/s
length:16777216 localSize=64 R=49 L=1 Thr=11.939GB/s
length:16777216 localSize=64 R=50 L=0 Thr=12.7664GB/s
length:16777216 localSize=64 R=50 L=1 Thr=11.9255GB/s
length:16777216 localSize=64 R=51 L=0 Thr=12.8332GB/s
length:16777216 localSize=64 R=51 L=1 Thr=12.0718GB/s
length:16777216 localSize=64 R=52 L=0 Thr=12.7477GB/s
length:16777216 localSize=64 R=52 L=1 Thr=12.096GB/s
length:16777216 localSize=64 R=53 L=0 Thr=12.798GB/s
length:16777216 localSize=64 R=53 L=1 Thr=11.9211GB/s
length:16777216 localSize=64 R=54 L=0 Thr=12.6989GB/s
length:16777216 localSize=64 R=54 L=1 Thr=12.0062GB/s
length:16777216 localSize=64 R=55 L=0 Thr=12.9237GB/s
length:16777216 localSize=64 R=55 L=1 Thr=11.9606GB/s
length:16777216 localSize=64 R=56 L=0 Thr=12.8839GB/s
length:16777216 localSize=64 R=56 L=1 Thr=11.9912GB/s
length:16777216 localSize=64 R=57 L=0 Thr=12.7452GB/s
length:16777216 localSize=64 R=57 L=1 Thr=11.9566GB/s
length:16777216 localSize=64 R=58 L=0 Thr=12.9213GB/s
length:16777216 localSize=64 R=58 L=1 Thr=12.168GB/s
length:16777216 localSize=64 R=59 L=0 Thr=12.879GB/s
length:16777216 localSize=64 R=59 L=1 Thr=12.1144GB/s
length:16777216 localSize=64 R=60 L=0 Thr=12.7892GB/s
length:16777216 localSize=64 R=60 L=1 Thr=12.2442GB/s
length:16777216 localSize=64 R=61 L=0 Thr=12.8037GB/s
length:16777216 localSize=64 R=61 L=1 Thr=12.1876GB/s
length:16777216 localSize=64 R=62 L=0 Thr=12.8502GB/s
length:16777216 localSize=64 R=62 L=1 Thr=12.2221GB/s
length:16777216 localSize=64 R=63 L=0 Thr=12.64GB/s
length:16777216 localSize=64 R=63 L=1 Thr=12.1378GB/s
length:16777216 localSize=64 R=64 L=0 Thr=13.0861GB/s
length:16777216 localSize=64 R=64 L=1 Thr=12.216GB/s
length:16777216 localSize=64 R=65 L=0 Thr=12.6091GB/s
length:16777216 localSize=64 R=65 L=1 Thr=12.1249GB/s
length:16777216 localSize=64 R=66 L=0 Thr=12.8226GB/s
length:16777216 localSize=64 R=66 L=1 Thr=12.0965GB/s
length:16777216 localSize=64 R=67 L=0 Thr=12.7276GB/s
length:16777216 localSize=64 R=67 L=1 Thr=12.1629GB/s
length:16777216 localSize=64 R=68 L=0 Thr=12.7641GB/s
length:16777216 localSize=64 R=68 L=1 Thr=12.3339GB/s
length:16777216 localSize=64 R=69 L=0 Thr=12.7175GB/s
length:16777216 localSize=64 R=69 L=1 Thr=12.3171GB/s
length:16777216 localSize=64 R=70 L=0 Thr=12.9458GB/s
length:16777216 localSize=64 R=70 L=1 Thr=12.199GB/s
length:16777216 localSize=64 R=71 L=0 Thr=12.983GB/s
length:16777216 localSize=64 R=71 L=1 Thr=12.3228GB/s
length:16777216 localSize=64 R=72 L=0 Thr=13.1298GB/s
length:16777216 localSize=64 R=72 L=1 Thr=12.2838GB/s
length:16777216 localSize=64 R=73 L=0 Thr=12.9407GB/s
length:16777216 localSize=64 R=73 L=1 Thr=12.2496GB/s
length:16777216 localSize=64 R=74 L=0 Thr=12.9686GB/s
length:16777216 localSize=64 R=74 L=1 Thr=12.4168GB/s
length:16777216 localSize=64 R=75 L=0 Thr=12.9247GB/s
length:16777216 localSize=64 R=75 L=1 Thr=12.4429GB/s
length:16777216 localSize=64 R=76 L=0 Thr=13.0605GB/s
length:16777216 localSize=64 R=76 L=1 Thr=12.5072GB/s
length:16777216 localSize=64 R=77 L=0 Thr=12.8237GB/s
length:16777216 localSize=64 R=77 L=1 Thr=12.3037GB/s
length:16777216 localSize=64 R=78 L=0 Thr=12.9538GB/s
length:16777216 localSize=64 R=78 L=1 Thr=12.3241GB/s
length:16777216 localSize=64 R=79 L=0 Thr=12.8962GB/s
length:16777216 localSize=64 R=79 L=1 Thr=12.5496GB/s
length:16777216 localSize=64 R=80 L=0 Thr=13.1129GB/s
length:16777216 localSize=64 R=80 L=1 Thr=12.5995GB/s
length:16777216 localSize=64 R=81 L=0 Thr=12.8864GB/s
length:16777216 localSize=64 R=81 L=1 Thr=12.1976GB/s
length:16777216 localSize=64 R=82 L=0 Thr=12.9546GB/s
length:16777216 localSize=64 R=82 L=1 Thr=12.4936GB/s
length:16777216 localSize=64 R=83 L=0 Thr=13.1673GB/s best!
length:16777216 localSize=64 R=83 L=1 Thr=12.4436GB/s
length:16777216 localSize=64 R=84 L=0 Thr=12.9712GB/s
length:16777216 localSize=64 R=84 L=1 Thr=12.4709GB/s
length:16777216 localSize=64 R=85 L=0 Thr=13.0536GB/s
length:16777216 localSize=64 R=85 L=1 Thr=12.4983GB/s
length:16777216 localSize=64 R=86 L=0 Thr=12.949GB/s
length:16777216 localSize=64 R=86 L=1 Thr=12.6239GB/s
length:16777216 localSize=64 R=87 L=0 Thr=13.2085GB/s best!
length:16777216 localSize=64 R=87 L=1 Thr=12.6098GB/s
length:16777216 localSize=64 R=88 L=0 Thr=13.0412GB/s
length:16777216 localSize=64 R=88 L=1 Thr=12.3893GB/s
length:16777216 localSize=64 R=89 L=0 Thr=12.9896GB/s
length:16777216 localSize=64 R=89 L=1 Thr=12.5067GB/s
length:16777216 localSize=64 R=90 L=0 Thr=13.0976GB/s
length:16777216 localSize=64 R=90 L=1 Thr=12.6927GB/s
length:16777216 localSize=64 R=91 L=0 Thr=13.1304GB/s
length:16777216 localSize=64 R=91 L=1 Thr=12.6869GB/s
length:16777216 localSize=64 R=92 L=0 Thr=13.1433GB/s
length:16777216 localSize=64 R=92 L=1 Thr=12.6231GB/s
length:16777216 localSize=64 R=93 L=0 Thr=13.0349GB/s
length:16777216 localSize=64 R=93 L=1 Thr=12.6613GB/s
length:16777216 localSize=64 R=94 L=0 Thr=13.0307GB/s
length:16777216 localSize=64 R=94 L=1 Thr=12.6437GB/s
length:16777216 localSize=64 R=95 L=0 Thr=13.0055GB/s
length:16777216 localSize=64 R=95 L=1 Thr=12.4599GB/s
length:16777216 localSize=64 R=96 L=0 Thr=13.2326GB/s best!
length:16777216 localSize=64 R=96 L=1 Thr=12.7078GB/s
length:16777216 localSize=64 R=97 L=0 Thr=13.0864GB/s
length:16777216 localSize=64 R=97 L=1 Thr=12.5087GB/s
length:16777216 localSize=64 R=98 L=0 Thr=13.039GB/s
length:16777216 localSize=64 R=98 L=1 Thr=12.506GB/s
length:16777216 localSize=64 R=99 L=0 Thr=13.1271GB/s
length:16777216 localSize=64 R=99 L=1 Thr=12.7042GB/s
length:16777216 localSize=64 R=100 L=0 Thr=12.9501GB/s
length:16777216 localSize=64 R=100 L=1 Thr=12.5743GB/s
length:16777216 localSize=64 R=101 L=0 Thr=13.1838GB/s
length:16777216 localSize=64 R=101 L=1 Thr=12.507GB/s
length:16777216 localSize=64 R=102 L=0 Thr=13.1422GB/s
length:16777216 localSize=64 R=102 L=1 Thr=12.526GB/s
length:16777216 localSize=64 R=103 L=0 Thr=13.0291GB/s
length:16777216 localSize=64 R=103 L=1 Thr=12.6295GB/s
length:16777216 localSize=64 R=104 L=0 Thr=13.1125GB/s
length:16777216 localSize=64 R=104 L=1 Thr=12.55GB/s
length:16777216 localSize=64 R=105 L=0 Thr=13.0759GB/s
length:16777216 localSize=64 R=105 L=1 Thr=12.7499GB/s
length:16777216 localSize=64 R=106 L=0 Thr=13.0453GB/s
length:16777216 localSize=64 R=106 L=1 Thr=12.5714GB/s
length:16777216 localSize=64 R=107 L=0 Thr=13.2341GB/s best!
length:16777216 localSize=64 R=107 L=1 Thr=12.7885GB/s
length:16777216 localSize=64 R=108 L=0 Thr=13.2189GB/s
length:16777216 localSize=64 R=108 L=1 Thr=12.5694GB/s
length:16777216 localSize=64 R=109 L=0 Thr=13.0672GB/s
length:16777216 localSize=64 R=109 L=1 Thr=12.7416GB/s
length:16777216 localSize=64 R=110 L=0 Thr=13.2182GB/s
length:16777216 localSize=64 R=110 L=1 Thr=12.8157GB/s
length:16777216 localSize=64 R=111 L=0 Thr=13.2564GB/s best!
length:16777216 localSize=64 R=111 L=1 Thr=12.8103GB/s
length:16777216 localSize=64 R=112 L=0 Thr=13.3421GB/s best!
length:16777216 localSize=64 R=112 L=1 Thr=12.8983GB/s
length:16777216 localSize=64 R=113 L=0 Thr=13.0166GB/s
length:16777216 localSize=64 R=113 L=1 Thr=12.7788GB/s
length:16777216 localSize=64 R=114 L=0 Thr=13.0536GB/s
length:16777216 localSize=64 R=114 L=1 Thr=12.8011GB/s
length:16777216 localSize=64 R=115 L=0 Thr=13.179GB/s
length:16777216 localSize=64 R=115 L=1 Thr=12.8672GB/s
length:16777216 localSize=64 R=116 L=0 Thr=13.089GB/s
length:16777216 localSize=64 R=116 L=1 Thr=12.7442GB/s
length:16777216 localSize=64 R=117 L=0 Thr=13.2461GB/s
length:16777216 localSize=64 R=117 L=1 Thr=12.7518GB/s
length:16777216 localSize=64 R=118 L=0 Thr=13.2871GB/s
length:16777216 localSize=64 R=118 L=1 Thr=12.8537GB/s
length:16777216 localSize=64 R=119 L=0 Thr=13.1355GB/s
length:16777216 localSize=64 R=119 L=1 Thr=12.7899GB/s
length:16777216 localSize=64 R=120 L=0 Thr=13.1939GB/s
length:16777216 localSize=64 R=120 L=1 Thr=12.7768GB/s
length:16777216 localSize=64 R=121 L=0 Thr=13.0716GB/s
length:16777216 localSize=64 R=121 L=1 Thr=12.6814GB/s
length:16777216 localSize=64 R=122 L=0 Thr=13.3017GB/s
length:16777216 localSize=64 R=122 L=1 Thr=12.6571GB/s
length:16777216 localSize=64 R=123 L=0 Thr=13.1104GB/s
length:16777216 localSize=64 R=123 L=1 Thr=12.8025GB/s
length:16777216 localSize=64 R=124 L=0 Thr=13.1258GB/s
length:16777216 localSize=64 R=124 L=1 Thr=12.8741GB/s
length:16777216 localSize=64 R=125 L=0 Thr=13.1104GB/s
length:16777216 localSize=64 R=125 L=1 Thr=12.9382GB/s
length:16777216 localSize=64 R=126 L=0 Thr=13.2306GB/s
length:16777216 localSize=64 R=126 L=1 Thr=12.8935GB/s
length:16777216 localSize=64 R=127 L=0 Thr=13.3094GB/s
length:16777216 localSize=64 R=127 L=1 Thr=12.9342GB/s
Final res:
	Best localSize=64
	Best R=112
	Best L=0
	Throughput=13.3421GB/s
