
Starting to launch opencl_compare...
Fast run...
Data size: 1000

Detection mode: All
------ Start hardware checking ------
Platform: Intel(R) OpenCL
Number of devices: 2
	Computing device 0 : Intel(R) Xeon(R) CPU E5-2650 v3 @ 2.30GHz
	Computing device 1 : Intel(R) Many Integrated Core Acceleration Card
Please enter the index of the device to use (0,1,2...) : Selected device: Intel(R) Many Integrated Core Acceleration Card
------ End of hardware checking ------

length:16777216 localSize=2048 R=0 L=1 Thr=1.1065GB/s best!
length:16777216 localSize=2048 R=0 L=2 Thr=1.67626GB/s best!
length:16777216 localSize=2048 R=1 L=0 Thr=1.02659GB/s
length:16777216 localSize=2048 R=1 L=1 Thr=1.20591GB/s
length:16777216 localSize=2048 R=1 L=2 Thr=1.6691GB/s
length:16777216 localSize=2048 R=2 L=0 Thr=1.81136GB/s best!
length:16777216 localSize=2048 R=2 L=1 Thr=1.68213GB/s
length:16777216 localSize=2048 R=2 L=2 Thr=2.0741GB/s best!
length:16777216 localSize=2048 R=3 L=0 Thr=2.4602GB/s best!
length:16777216 localSize=2048 R=3 L=1 Thr=2.1224GB/s
length:16777216 localSize=2048 R=3 L=2 Thr=2.51949GB/s best!
length:16777216 localSize=1024 R=0 L=1 Thr=1.25393GB/s
length:16777216 localSize=1024 R=0 L=2 Thr=1.60262GB/s
length:16777216 localSize=1024 R=1 L=0 Thr=1.29847GB/s
length:16777216 localSize=1024 R=1 L=1 Thr=1.57589GB/s
length:16777216 localSize=1024 R=1 L=2 Thr=2.14679GB/s
length:16777216 localSize=1024 R=2 L=0 Thr=1.9731GB/s
length:16777216 localSize=1024 R=2 L=1 Thr=2.10773GB/s
length:16777216 localSize=1024 R=2 L=2 Thr=2.62547GB/s best!
length:16777216 localSize=1024 R=3 L=0 Thr=2.54669GB/s
length:16777216 localSize=1024 R=3 L=1 Thr=2.64487GB/s best!
length:16777216 localSize=1024 R=3 L=2 Thr=2.96141GB/s best!
length:16777216 localSize=1024 R=4 L=0 Thr=3.21707GB/s best!
length:16777216 localSize=1024 R=4 L=1 Thr=3.02246GB/s
length:16777216 localSize=1024 R=4 L=2 Thr=3.31702GB/s best!
length:16777216 localSize=1024 R=5 L=0 Thr=3.68274GB/s best!
length:16777216 localSize=1024 R=5 L=1 Thr=3.35641GB/s
length:16777216 localSize=1024 R=5 L=2 Thr=3.72171GB/s best!
length:16777216 localSize=1024 R=6 L=0 Thr=3.43602GB/s
length:16777216 localSize=1024 R=6 L=1 Thr=3.45828GB/s
length:16777216 localSize=1024 R=6 L=2 Thr=3.57709GB/s
length:16777216 localSize=1024 R=7 L=0 Thr=3.59313GB/s
length:16777216 localSize=1024 R=7 L=1 Thr=3.63536GB/s
length:16777216 localSize=1024 R=7 L=2 Thr=4.03673GB/s best!
length:16777216 localSize=512 R=0 L=1 Thr=1.40217GB/s
length:16777216 localSize=512 R=0 L=2 Thr=1.84467GB/s
length:16777216 localSize=512 R=1 L=0 Thr=1.33203GB/s
length:16777216 localSize=512 R=1 L=1 Thr=1.72892GB/s
length:16777216 localSize=512 R=1 L=2 Thr=1.48267GB/s
length:16777216 localSize=512 R=2 L=0 Thr=1.88812GB/s
length:16777216 localSize=512 R=2 L=1 Thr=1.34431GB/s
length:16777216 localSize=512 R=2 L=2 Thr=2.80162GB/s
length:16777216 localSize=512 R=3 L=0 Thr=1.29965GB/s
length:16777216 localSize=512 R=3 L=1 Thr=2.53934GB/s
length:16777216 localSize=512 R=3 L=2 Thr=2.9148GB/s
length:16777216 localSize=512 R=4 L=0 Thr=2.47699GB/s
length:16777216 localSize=512 R=4 L=1 Thr=2.29943GB/s
length:16777216 localSize=512 R=4 L=2 Thr=2.40214GB/s
length:16777216 localSize=512 R=5 L=0 Thr=2.13936GB/s
length:16777216 localSize=512 R=5 L=1 Thr=2.08901GB/s
length:16777216 localSize=512 R=5 L=2 Thr=2.29684GB/s
length:16777216 localSize=512 R=6 L=0 Thr=1.96983GB/s
length:16777216 localSize=512 R=6 L=1 Thr=2.21775GB/s
length:16777216 localSize=512 R=6 L=2 Thr=2.67817GB/s
length:16777216 localSize=512 R=7 L=0 Thr=1.96465GB/s
length:16777216 localSize=512 R=7 L=1 Thr=-nanGB/s
length:16777216 localSize=512 R=7 L=2 Thr=-nanGB/s
length:16777216 localSize=512 R=8 L=0 Thr=2.68929GB/s
length:16777216 localSize=512 R=8 L=1 Thr=4.13566GB/s best!
length:16777216 localSize=512 R=8 L=2 Thr=2.71304GB/s
length:16777216 localSize=512 R=9 L=0 Thr=4.02031GB/s
length:16777216 localSize=512 R=9 L=1 Thr=2.85865GB/s
length:16777216 localSize=512 R=9 L=2 Thr=-nanGB/s
length:16777216 localSize=512 R=10 L=0 Thr=2.21779GB/s
length:16777216 localSize=512 R=10 L=1 Thr=2.98917GB/s
length:16777216 localSize=512 R=10 L=2 Thr=3.02058GB/s
length:16777216 localSize=512 R=11 L=0 Thr=-nanGB/s
length:16777216 localSize=512 R=11 L=1 Thr=2.79682GB/s
length:16777216 localSize=512 R=11 L=2 Thr=5.30607GB/s best!
length:16777216 localSize=512 R=12 L=0 Thr=2.71954GB/s
length:16777216 localSize=512 R=12 L=1 Thr=4.48667GB/s
length:16777216 localSize=512 R=12 L=2 Thr=3.31496GB/s
length:16777216 localSize=512 R=13 L=0 Thr=3.85649GB/s
length:16777216 localSize=512 R=13 L=1 Thr=2.98596GB/s
length:16777216 localSize=512 R=13 L=2 Thr=3.04918GB/s
length:16777216 localSize=512 R=14 L=0 Thr=3.23867GB/s
length:16777216 localSize=512 R=14 L=1 Thr=3.20982GB/s
length:16777216 localSize=512 R=14 L=2 Thr=2.92613GB/s
length:16777216 localSize=512 R=15 L=0 Thr=2.53026GB/s
length:16777216 localSize=512 R=15 L=1 Thr=3.51233GB/s
length:16777216 localSize=512 R=15 L=2 Thr=-nanGB/s
length:16777216 localSize=256 R=0 L=1 Thr=1.23896GB/s
length:16777216 localSize=256 R=0 L=2 Thr=1.54446GB/s
length:16777216 localSize=256 R=1 L=0 Thr=1.22101GB/s
length:16777216 localSize=256 R=1 L=1 Thr=1.62419GB/s
length:16777216 localSize=256 R=1 L=2 Thr=1.51829GB/s
length:16777216 localSize=256 R=2 L=0 Thr=1.51089GB/s
length:16777216 localSize=256 R=2 L=1 Thr=1.37568GB/s
length:16777216 localSize=256 R=2 L=2 Thr=2.10307GB/s
length:16777216 localSize=256 R=3 L=0 Thr=1.31725GB/s
length:16777216 localSize=256 R=3 L=1 Thr=2.00744GB/s
length:16777216 localSize=256 R=3 L=2 Thr=1.58426GB/s
length:16777216 localSize=256 R=4 L=0 Thr=1.74575GB/s
length:16777216 localSize=256 R=4 L=1 Thr=1.41863GB/s
length:16777216 localSize=256 R=4 L=2 Thr=1.54546GB/s
length:16777216 localSize=256 R=5 L=0 Thr=1.4105GB/s
length:16777216 localSize=256 R=5 L=1 Thr=1.41071GB/s
length:16777216 localSize=256 R=5 L=2 Thr=1.69279GB/s
length:16777216 localSize=256 R=6 L=0 Thr=1.37052GB/s
length:16777216 localSize=256 R=6 L=1 Thr=1.67075GB/s
length:16777216 localSize=256 R=6 L=2 Thr=2.56397GB/s
length:16777216 localSize=256 R=7 L=0 Thr=1.46471GB/s
length:16777216 localSize=256 R=7 L=1 Thr=2.41186GB/s
length:16777216 localSize=256 R=7 L=2 Thr=4.23636GB/s
length:16777216 localSize=256 R=8 L=0 Thr=2.47054GB/s
length:16777216 localSize=256 R=8 L=1 Thr=3.97724GB/s
length:16777216 localSize=256 R=8 L=2 Thr=2.28444GB/s
length:16777216 localSize=256 R=9 L=0 Thr=4.03979GB/s
length:16777216 localSize=256 R=9 L=1 Thr=2.23632GB/s
length:16777216 localSize=256 R=9 L=2 Thr=1.831GB/s
length:16777216 localSize=256 R=10 L=0 Thr=2.19187GB/s
length:16777216 localSize=256 R=10 L=1 Thr=1.8402GB/s
length:16777216 localSize=256 R=10 L=2 Thr=1.99766GB/s
length:16777216 localSize=256 R=11 L=0 Thr=1.76419GB/s
length:16777216 localSize=256 R=11 L=1 Thr=1.91576GB/s
length:16777216 localSize=256 R=11 L=2 Thr=1.8885GB/s
length:16777216 localSize=256 R=12 L=0 Thr=1.96213GB/s
length:16777216 localSize=256 R=12 L=1 Thr=-nanGB/s
length:16777216 localSize=256 R=12 L=2 Thr=1.93237GB/s
length:16777216 localSize=256 R=13 L=0 Thr=1.71695GB/s
length:16777216 localSize=256 R=13 L=1 Thr=1.92549GB/s
length:16777216 localSize=256 R=13 L=2 Thr=2.03415GB/s
length:16777216 localSize=256 R=14 L=0 Thr=1.85615GB/s
length:16777216 localSize=256 R=14 L=1 Thr=1.9543GB/s
length:16777216 localSize=256 R=14 L=2 Thr=2.60231GB/s
length:16777216 localSize=256 R=15 L=0 Thr=1.97906GB/s
length:16777216 localSize=256 R=15 L=1 Thr=2.78378GB/s
length:16777216 localSize=256 R=15 L=2 Thr=4.12829GB/s
length:16777216 localSize=256 R=16 L=0 Thr=2.79846GB/s
length:16777216 localSize=256 R=16 L=1 Thr=-nanGB/s
length:16777216 localSize=256 R=16 L=2 Thr=4.47871GB/s
length:16777216 localSize=256 R=17 L=0 Thr=3.77704GB/s
length:16777216 localSize=256 R=17 L=1 Thr=4.35257GB/s
length:16777216 localSize=256 R=17 L=2 Thr=3.17965GB/s
length:16777216 localSize=256 R=18 L=0 Thr=4.21009GB/s
length:16777216 localSize=256 R=18 L=1 Thr=3.35856GB/s
length:16777216 localSize=256 R=18 L=2 Thr=2.7293GB/s
length:16777216 localSize=256 R=19 L=0 Thr=2.97131GB/s
length:16777216 localSize=256 R=19 L=1 Thr=2.30304GB/s
length:16777216 localSize=256 R=19 L=2 Thr=2.1458GB/s
length:16777216 localSize=256 R=20 L=0 Thr=2.1077GB/s
length:16777216 localSize=256 R=20 L=1 Thr=1.90011GB/s
length:16777216 localSize=256 R=20 L=2 Thr=2.01716GB/s
length:16777216 localSize=256 R=21 L=0 Thr=1.79443GB/s
length:16777216 localSize=256 R=21 L=1 Thr=2.05172GB/s
length:16777216 localSize=256 R=21 L=2 Thr=2.37332GB/s
length:16777216 localSize=256 R=22 L=0 Thr=1.98855GB/s
length:16777216 localSize=256 R=22 L=1 Thr=2.31244GB/s
length:16777216 localSize=256 R=22 L=2 Thr=2.418GB/s
length:16777216 localSize=256 R=23 L=0 Thr=2.19883GB/s
length:16777216 localSize=256 R=23 L=1 Thr=2.36613GB/s
length:16777216 localSize=256 R=23 L=2 Thr=-nanGB/s
length:16777216 localSize=256 R=24 L=0 Thr=2.16238GB/s
length:16777216 localSize=256 R=24 L=1 Thr=2.50069GB/s
length:16777216 localSize=256 R=24 L=2 Thr=3.1172GB/s
length:16777216 localSize=256 R=25 L=0 Thr=2.70696GB/s
length:16777216 localSize=256 R=25 L=1 Thr=3.75409GB/s
length:16777216 localSize=256 R=25 L=2 Thr=3.84001GB/s
length:16777216 localSize=256 R=26 L=0 Thr=6.22754GB/s best!
length:16777216 localSize=256 R=26 L=1 Thr=4.08619GB/s
length:16777216 localSize=256 R=26 L=2 Thr=3.81083GB/s
length:16777216 localSize=256 R=27 L=0 Thr=3.7026GB/s
length:16777216 localSize=256 R=27 L=1 Thr=3.76086GB/s
length:16777216 localSize=256 R=27 L=2 Thr=2.91714GB/s
length:16777216 localSize=256 R=28 L=0 Thr=3.66561GB/s
length:16777216 localSize=256 R=28 L=1 Thr=2.62377GB/s
length:16777216 localSize=256 R=28 L=2 Thr=-nanGB/s
length:16777216 localSize=256 R=29 L=0 Thr=2.39326GB/s
length:16777216 localSize=256 R=29 L=1 Thr=2.7833GB/s
length:16777216 localSize=256 R=29 L=2 Thr=2.71296GB/s
length:16777216 localSize=256 R=30 L=0 Thr=2.42822GB/s
length:16777216 localSize=256 R=30 L=1 Thr=2.7029GB/s
length:16777216 localSize=256 R=30 L=2 Thr=2.72976GB/s
length:16777216 localSize=256 R=31 L=0 Thr=2.22495GB/s
length:16777216 localSize=256 R=31 L=1 Thr=2.98673GB/s
length:16777216 localSize=256 R=31 L=2 Thr=2.28611GB/s
length:16777216 localSize=128 R=0 L=1 Thr=0.898316GB/s
length:16777216 localSize=128 R=0 L=2 Thr=1.3003GB/s
length:16777216 localSize=128 R=1 L=0 Thr=0.86519GB/s
length:16777216 localSize=128 R=1 L=1 Thr=1.31802GB/s
length:16777216 localSize=128 R=1 L=2 Thr=1.33325GB/s
length:16777216 localSize=128 R=2 L=0 Thr=1.25017GB/s
length:16777216 localSize=128 R=2 L=1 Thr=1.27309GB/s
length:16777216 localSize=128 R=2 L=2 Thr=1.7505GB/s
length:16777216 localSize=128 R=3 L=0 Thr=1.27234GB/s
length:16777216 localSize=128 R=3 L=1 Thr=1.6028GB/s
length:16777216 localSize=128 R=3 L=2 Thr=1.4589GB/s
length:16777216 localSize=128 R=4 L=0 Thr=1.53863GB/s
length:16777216 localSize=128 R=4 L=1 Thr=1.38197GB/s
length:16777216 localSize=128 R=4 L=2 Thr=1.49268GB/s
length:16777216 localSize=128 R=5 L=0 Thr=1.32794GB/s
length:16777216 localSize=128 R=5 L=1 Thr=1.38704GB/s
length:16777216 localSize=128 R=5 L=2 Thr=1.33329GB/s
length:16777216 localSize=128 R=6 L=0 Thr=1.29734GB/s
length:16777216 localSize=128 R=6 L=1 Thr=1.26033GB/s
length:16777216 localSize=128 R=6 L=2 Thr=1.79284GB/s
length:16777216 localSize=128 R=7 L=0 Thr=1.26701GB/s
length:16777216 localSize=128 R=7 L=1 Thr=1.82476GB/s
length:16777216 localSize=128 R=7 L=2 Thr=1.48137GB/s
length:16777216 localSize=128 R=8 L=0 Thr=1.90759GB/s
length:16777216 localSize=128 R=8 L=1 Thr=1.52293GB/s
length:16777216 localSize=128 R=8 L=2 Thr=1.6966GB/s
length:16777216 localSize=128 R=9 L=0 Thr=1.40578GB/s
length:16777216 localSize=128 R=9 L=1 Thr=1.68502GB/s
length:16777216 localSize=128 R=9 L=2 Thr=1.78358GB/s
length:16777216 localSize=128 R=10 L=0 Thr=1.54857GB/s
length:16777216 localSize=128 R=10 L=1 Thr=1.65938GB/s
length:16777216 localSize=128 R=10 L=2 Thr=1.55844GB/s
length:16777216 localSize=128 R=11 L=0 Thr=1.68241GB/s
length:16777216 localSize=128 R=11 L=1 Thr=1.5195GB/s
length:16777216 localSize=128 R=11 L=2 Thr=1.44585GB/s
length:16777216 localSize=128 R=12 L=0 Thr=1.499GB/s
length:16777216 localSize=128 R=12 L=1 Thr=1.42547GB/s
length:16777216 localSize=128 R=12 L=2 Thr=1.58867GB/s
length:16777216 localSize=128 R=13 L=0 Thr=1.34618GB/s
length:16777216 localSize=128 R=13 L=1 Thr=1.54376GB/s
length:16777216 localSize=128 R=13 L=2 Thr=2.04058GB/s
length:16777216 localSize=128 R=14 L=0 Thr=1.49341GB/s
length:16777216 localSize=128 R=14 L=1 Thr=1.8133GB/s
length:16777216 localSize=128 R=14 L=2 Thr=2.56022GB/s
length:16777216 localSize=128 R=15 L=0 Thr=1.85306GB/s
length:16777216 localSize=128 R=15 L=1 Thr=2.81636GB/s
length:16777216 localSize=128 R=15 L=2 Thr=6.47175GB/s best!
length:16777216 localSize=128 R=16 L=0 Thr=2.74767GB/s
length:16777216 localSize=128 R=16 L=1 Thr=6.40336GB/s
length:16777216 localSize=128 R=16 L=2 Thr=4.06436GB/s
length:16777216 localSize=128 R=17 L=0 Thr=7.37107GB/s best!
length:16777216 localSize=128 R=17 L=1 Thr=4.07384GB/s
length:16777216 localSize=128 R=17 L=2 Thr=3.03158GB/s
length:16777216 localSize=128 R=18 L=0 Thr=4.34155GB/s
length:16777216 localSize=128 R=18 L=1 Thr=2.93359GB/s
length:16777216 localSize=128 R=18 L=2 Thr=2.30754GB/s
length:16777216 localSize=128 R=19 L=0 Thr=2.82421GB/s
length:16777216 localSize=128 R=19 L=1 Thr=2.31667GB/s
length:16777216 localSize=128 R=19 L=2 Thr=1.94237GB/s
length:16777216 localSize=128 R=20 L=0 Thr=2.23664GB/s
length:16777216 localSize=128 R=20 L=1 Thr=1.86749GB/s
length:16777216 localSize=128 R=20 L=2 Thr=1.68117GB/s
length:16777216 localSize=128 R=21 L=0 Thr=1.93039GB/s
length:16777216 localSize=128 R=21 L=1 Thr=1.71942GB/s
length:16777216 localSize=128 R=21 L=2 Thr=1.70839GB/s
length:16777216 localSize=128 R=22 L=0 Thr=1.83613GB/s
length:16777216 localSize=128 R=22 L=1 Thr=1.79154GB/s
length:16777216 localSize=128 R=22 L=2 Thr=2.12672GB/s
length:16777216 localSize=128 R=23 L=0 Thr=1.72802GB/s
length:16777216 localSize=128 R=23 L=1 Thr=1.90008GB/s
length:16777216 localSize=128 R=23 L=2 Thr=1.99375GB/s
length:16777216 localSize=128 R=24 L=0 Thr=1.57997GB/s
length:16777216 localSize=128 R=24 L=1 Thr=1.70044GB/s
length:16777216 localSize=128 R=24 L=2 Thr=1.79043GB/s
length:16777216 localSize=128 R=25 L=0 Thr=1.81499GB/s
length:16777216 localSize=128 R=25 L=1 Thr=1.62479GB/s
length:16777216 localSize=128 R=25 L=2 Thr=1.72335GB/s
length:16777216 localSize=128 R=26 L=0 Thr=1.69877GB/s
length:16777216 localSize=128 R=26 L=1 Thr=1.82077GB/s
length:16777216 localSize=128 R=26 L=2 Thr=1.90471GB/s
length:16777216 localSize=128 R=27 L=0 Thr=1.86023GB/s
length:16777216 localSize=128 R=27 L=1 Thr=1.97974GB/s
length:16777216 localSize=128 R=27 L=2 Thr=1.90726GB/s
length:16777216 localSize=128 R=28 L=0 Thr=1.83488GB/s
length:16777216 localSize=128 R=28 L=1 Thr=1.81514GB/s
length:16777216 localSize=128 R=28 L=2 Thr=1.86268GB/s
length:16777216 localSize=128 R=29 L=0 Thr=1.91165GB/s
length:16777216 localSize=128 R=29 L=1 Thr=1.99965GB/s
length:16777216 localSize=128 R=29 L=2 Thr=2.27828GB/s
length:16777216 localSize=128 R=30 L=0 Thr=1.8954GB/s
length:16777216 localSize=128 R=30 L=1 Thr=2.02216GB/s
length:16777216 localSize=128 R=30 L=2 Thr=-nanGB/s
length:16777216 localSize=128 R=31 L=0 Thr=2.18254GB/s
length:16777216 localSize=128 R=31 L=1 Thr=2.61184GB/s
length:16777216 localSize=128 R=31 L=2 Thr=2.71999GB/s
length:16777216 localSize=128 R=32 L=0 Thr=2.4074GB/s
length:16777216 localSize=128 R=32 L=1 Thr=2.53135GB/s
length:16777216 localSize=128 R=32 L=2 Thr=4.37526GB/s
length:16777216 localSize=128 R=33 L=0 Thr=2.6174GB/s
length:16777216 localSize=128 R=33 L=1 Thr=3.88302GB/s
length:16777216 localSize=128 R=33 L=2 Thr=5.0026GB/s
length:16777216 localSize=128 R=34 L=0 Thr=5.47414GB/s
length:16777216 localSize=128 R=34 L=1 Thr=4.20061GB/s
length:16777216 localSize=128 R=34 L=2 Thr=5.17304GB/s
length:16777216 localSize=128 R=35 L=0 Thr=3.91738GB/s
length:16777216 localSize=128 R=35 L=1 Thr=4.6507GB/s
length:16777216 localSize=128 R=35 L=2 Thr=3.54454GB/s
length:16777216 localSize=128 R=36 L=0 Thr=4.36562GB/s
length:16777216 localSize=128 R=36 L=1 Thr=3.77172GB/s
length:16777216 localSize=128 R=36 L=2 Thr=3.36182GB/s
length:16777216 localSize=128 R=37 L=0 Thr=3.87342GB/s
length:16777216 localSize=128 R=37 L=1 Thr=2.63363GB/s
length:16777216 localSize=128 R=37 L=2 Thr=2.57774GB/s
length:16777216 localSize=128 R=38 L=0 Thr=2.87808GB/s
length:16777216 localSize=128 R=38 L=1 Thr=2.40748GB/s
length:16777216 localSize=128 R=38 L=2 Thr=2.45456GB/s
length:16777216 localSize=128 R=39 L=0 Thr=2.50248GB/s
length:16777216 localSize=128 R=39 L=1 Thr=2.29608GB/s
length:16777216 localSize=128 R=39 L=2 Thr=2.08547GB/s
length:16777216 localSize=128 R=40 L=0 Thr=2.11437GB/s
length:16777216 localSize=128 R=40 L=1 Thr=2.16512GB/s
length:16777216 localSize=128 R=40 L=2 Thr=2.05065GB/s
length:16777216 localSize=128 R=41 L=0 Thr=2.10594GB/s
length:16777216 localSize=128 R=41 L=1 Thr=2.12631GB/s
length:16777216 localSize=128 R=41 L=2 Thr=2.20556GB/s
length:16777216 localSize=128 R=42 L=0 Thr=1.96622GB/s
length:16777216 localSize=128 R=42 L=1 Thr=2.18261GB/s
length:16777216 localSize=128 R=42 L=2 Thr=2.32226GB/s
length:16777216 localSize=128 R=43 L=0 Thr=2.07796GB/s
length:16777216 localSize=128 R=43 L=1 Thr=2.00881GB/s
length:16777216 localSize=128 R=43 L=2 Thr=2.17201GB/s
length:16777216 localSize=128 R=44 L=0 Thr=1.85749GB/s
length:16777216 localSize=128 R=44 L=1 Thr=2.10702GB/s
length:16777216 localSize=128 R=44 L=2 Thr=-nanGB/s
length:16777216 localSize=128 R=45 L=0 Thr=2.17553GB/s
length:16777216 localSize=128 R=45 L=1 Thr=1.9747GB/s
length:16777216 localSize=128 R=45 L=2 Thr=2.06426GB/s
length:16777216 localSize=128 R=46 L=0 Thr=2.18812GB/s
length:16777216 localSize=128 R=46 L=1 Thr=2.52406GB/s
length:16777216 localSize=128 R=46 L=2 Thr=2.41493GB/s
length:16777216 localSize=128 R=47 L=0 Thr=2.09993GB/s
length:16777216 localSize=128 R=47 L=1 Thr=2.34606GB/s
length:16777216 localSize=128 R=47 L=2 Thr=2.3346GB/s
length:16777216 localSize=128 R=48 L=0 Thr=-nanGB/s
length:16777216 localSize=128 R=48 L=1 Thr=2.10058GB/s
length:16777216 localSize=128 R=48 L=2 Thr=2.35591GB/s
length:16777216 localSize=128 R=49 L=0 Thr=2.09142GB/s
length:16777216 localSize=128 R=49 L=1 Thr=2.45186GB/s
length:16777216 localSize=128 R=49 L=2 Thr=2.27566GB/s
length:16777216 localSize=128 R=50 L=0 Thr=2.5016GB/s
length:16777216 localSize=128 R=50 L=1 Thr=2.40803GB/s
length:16777216 localSize=128 R=50 L=2 Thr=3.54318GB/s
length:16777216 localSize=128 R=51 L=0 Thr=2.25715GB/s
length:16777216 localSize=128 R=51 L=1 Thr=3.54019GB/s
length:16777216 localSize=128 R=51 L=2 Thr=4.15968GB/s
length:16777216 localSize=128 R=52 L=0 Thr=2.78362GB/s
length:16777216 localSize=128 R=52 L=1 Thr=3.25471GB/s
length:16777216 localSize=128 R=52 L=2 Thr=4.1018GB/s
length:16777216 localSize=128 R=53 L=0 Thr=4.7016GB/s
length:16777216 localSize=128 R=53 L=1 Thr=4.62942GB/s
length:16777216 localSize=128 R=53 L=2 Thr=3.98583GB/s
length:16777216 localSize=128 R=54 L=0 Thr=3.92724GB/s
length:16777216 localSize=128 R=54 L=1 Thr=4.03808GB/s
length:16777216 localSize=128 R=54 L=2 Thr=3.46874GB/s
length:16777216 localSize=128 R=55 L=0 Thr=4.34404GB/s
length:16777216 localSize=128 R=55 L=1 Thr=3.71337GB/s
length:16777216 localSize=128 R=55 L=2 Thr=3.21747GB/s
length:16777216 localSize=128 R=56 L=0 Thr=2.59288GB/s
length:16777216 localSize=128 R=56 L=1 Thr=3.20064GB/s
length:16777216 localSize=128 R=56 L=2 Thr=2.89367GB/s
length:16777216 localSize=128 R=57 L=0 Thr=2.85098GB/s
length:16777216 localSize=128 R=57 L=1 Thr=2.94002GB/s
length:16777216 localSize=128 R=57 L=2 Thr=2.79817GB/s
length:16777216 localSize=128 R=58 L=0 Thr=2.77622GB/s
length:16777216 localSize=128 R=58 L=1 Thr=2.49089GB/s
length:16777216 localSize=128 R=58 L=2 Thr=2.72078GB/s
length:16777216 localSize=128 R=59 L=0 Thr=2.44674GB/s
length:16777216 localSize=128 R=59 L=1 Thr=2.91772GB/s
length:16777216 localSize=128 R=59 L=2 Thr=2.54593GB/s
length:16777216 localSize=128 R=60 L=0 Thr=2.42266GB/s
length:16777216 localSize=128 R=60 L=1 Thr=2.61798GB/s
length:16777216 localSize=128 R=60 L=2 Thr=2.35833GB/s
length:16777216 localSize=128 R=61 L=0 Thr=2.51579GB/s
length:16777216 localSize=128 R=61 L=1 Thr=2.48921GB/s
length:16777216 localSize=128 R=61 L=2 Thr=2.72543GB/s
length:16777216 localSize=128 R=62 L=0 Thr=2.46795GB/s
length:16777216 localSize=128 R=62 L=1 Thr=2.97665GB/s
length:16777216 localSize=128 R=62 L=2 Thr=2.54165GB/s
length:16777216 localSize=128 R=63 L=0 Thr=2.45808GB/s
length:16777216 localSize=128 R=63 L=1 Thr=2.52547GB/s
length:16777216 localSize=128 R=63 L=2 Thr=2.65535GB/s
length:16777216 localSize=64 R=0 L=1 Thr=0.609414GB/s
length:16777216 localSize=64 R=0 L=2 Thr=0.968947GB/s
length:16777216 localSize=64 R=1 L=0 Thr=0.619155GB/s
length:16777216 localSize=64 R=1 L=1 Thr=0.95792GB/s
length:16777216 localSize=64 R=1 L=2 Thr=1.00876GB/s
length:16777216 localSize=64 R=2 L=0 Thr=0.972215GB/s
length:16777216 localSize=64 R=2 L=1 Thr=0.984066GB/s
length:16777216 localSize=64 R=2 L=2 Thr=1.34762GB/s
length:16777216 localSize=64 R=3 L=0 Thr=1.00728GB/s
length:16777216 localSize=64 R=3 L=1 Thr=1.33706GB/s
length:16777216 localSize=64 R=3 L=2 Thr=1.22115GB/s
length:16777216 localSize=64 R=4 L=0 Thr=1.33364GB/s
length:16777216 localSize=64 R=4 L=1 Thr=1.15425GB/s
length:16777216 localSize=64 R=4 L=2 Thr=1.31544GB/s
length:16777216 localSize=64 R=5 L=0 Thr=1.17666GB/s
length:16777216 localSize=64 R=5 L=1 Thr=1.28227GB/s
length:16777216 localSize=64 R=5 L=2 Thr=1.20046GB/s
length:16777216 localSize=64 R=6 L=0 Thr=1.3329GB/s
length:16777216 localSize=64 R=6 L=1 Thr=1.22374GB/s
length:16777216 localSize=64 R=6 L=2 Thr=1.62795GB/s
length:16777216 localSize=64 R=7 L=0 Thr=1.20306GB/s
length:16777216 localSize=64 R=7 L=1 Thr=1.52411GB/s
length:16777216 localSize=64 R=7 L=2 Thr=1.38798GB/s
length:16777216 localSize=64 R=8 L=0 Thr=1.5384GB/s
length:16777216 localSize=64 R=8 L=1 Thr=1.33955GB/s
length:16777216 localSize=64 R=8 L=2 Thr=1.4497GB/s
length:16777216 localSize=64 R=9 L=0 Thr=1.34746GB/s
length:16777216 localSize=64 R=9 L=1 Thr=1.41176GB/s
length:16777216 localSize=64 R=9 L=2 Thr=1.7908GB/s
length:16777216 localSize=64 R=10 L=0 Thr=1.31125GB/s
length:16777216 localSize=64 R=10 L=1 Thr=1.54523GB/s
length:16777216 localSize=64 R=10 L=2 Thr=1.35761GB/s
length:16777216 localSize=64 R=11 L=0 Thr=1.63844GB/s
length:16777216 localSize=64 R=11 L=1 Thr=1.35841GB/s
length:16777216 localSize=64 R=11 L=2 Thr=1.35236GB/s
length:16777216 localSize=64 R=12 L=0 Thr=1.46835GB/s
length:16777216 localSize=64 R=12 L=1 Thr=1.34461GB/s
length:16777216 localSize=64 R=12 L=2 Thr=1.3673GB/s
length:16777216 localSize=64 R=13 L=0 Thr=1.3651GB/s
length:16777216 localSize=64 R=13 L=1 Thr=1.33602GB/s
length:16777216 localSize=64 R=13 L=2 Thr=1.42145GB/s
length:16777216 localSize=64 R=14 L=0 Thr=1.3911GB/s
length:16777216 localSize=64 R=14 L=1 Thr=1.44386GB/s
length:16777216 localSize=64 R=14 L=2 Thr=1.74643GB/s
length:16777216 localSize=64 R=15 L=0 Thr=1.38712GB/s
length:16777216 localSize=64 R=15 L=1 Thr=1.90213GB/s
length:16777216 localSize=64 R=15 L=2 Thr=2.18166GB/s
length:16777216 localSize=64 R=16 L=0 Thr=1.89797GB/s
length:16777216 localSize=64 R=16 L=1 Thr=2.0756GB/s
length:16777216 localSize=64 R=16 L=2 Thr=1.51669GB/s
length:16777216 localSize=64 R=17 L=0 Thr=2.18723GB/s
length:16777216 localSize=64 R=17 L=1 Thr=1.45358GB/s
length:16777216 localSize=64 R=17 L=2 Thr=1.66193GB/s
length:16777216 localSize=64 R=18 L=0 Thr=1.40634GB/s
length:16777216 localSize=64 R=18 L=1 Thr=1.43801GB/s
length:16777216 localSize=64 R=18 L=2 Thr=1.53793GB/s
length:16777216 localSize=64 R=19 L=0 Thr=1.50137GB/s
length:16777216 localSize=64 R=19 L=1 Thr=1.43506GB/s
length:16777216 localSize=64 R=19 L=2 Thr=1.41925GB/s
length:16777216 localSize=64 R=20 L=0 Thr=1.56711GB/s
length:16777216 localSize=64 R=20 L=1 Thr=1.3649GB/s
length:16777216 localSize=64 R=20 L=2 Thr=1.61214GB/s
length:16777216 localSize=64 R=21 L=0 Thr=1.36335GB/s
length:16777216 localSize=64 R=21 L=1 Thr=1.60089GB/s
length:16777216 localSize=64 R=21 L=2 Thr=1.57744GB/s
length:16777216 localSize=64 R=22 L=0 Thr=1.67233GB/s
length:16777216 localSize=64 R=22 L=1 Thr=1.49388GB/s
length:16777216 localSize=64 R=22 L=2 Thr=1.58848GB/s
length:16777216 localSize=64 R=23 L=0 Thr=1.52848GB/s
length:16777216 localSize=64 R=23 L=1 Thr=1.42639GB/s
length:16777216 localSize=64 R=23 L=2 Thr=1.5138GB/s
length:16777216 localSize=64 R=24 L=0 Thr=1.69354GB/s
length:16777216 localSize=64 R=24 L=1 Thr=1.62563GB/s
length:16777216 localSize=64 R=24 L=2 Thr=1.48797GB/s
length:16777216 localSize=64 R=25 L=0 Thr=1.76066GB/s
length:16777216 localSize=64 R=25 L=1 Thr=1.52662GB/s
length:16777216 localSize=64 R=25 L=2 Thr=1.60783GB/s
length:16777216 localSize=64 R=26 L=0 Thr=1.4973GB/s
length:16777216 localSize=64 R=26 L=1 Thr=1.53047GB/s
length:16777216 localSize=64 R=26 L=2 Thr=1.59179GB/s
length:16777216 localSize=64 R=27 L=0 Thr=1.56832GB/s
length:16777216 localSize=64 R=27 L=1 Thr=1.59211GB/s
length:16777216 localSize=64 R=27 L=2 Thr=1.8773GB/s
length:16777216 localSize=64 R=28 L=0 Thr=1.62697GB/s
length:16777216 localSize=64 R=28 L=1 Thr=1.61271GB/s
length:16777216 localSize=64 R=28 L=2 Thr=1.92095GB/s
length:16777216 localSize=64 R=29 L=0 Thr=1.77236GB/s
length:16777216 localSize=64 R=29 L=1 Thr=1.82365GB/s
length:16777216 localSize=64 R=29 L=2 Thr=2.13374GB/s
length:16777216 localSize=64 R=30 L=0 Thr=2.07727GB/s
length:16777216 localSize=64 R=30 L=1 Thr=2.04518GB/s
length:16777216 localSize=64 R=30 L=2 Thr=2.59289GB/s
length:16777216 localSize=64 R=31 L=0 Thr=2.10136GB/s
length:16777216 localSize=64 R=31 L=1 Thr=2.55176GB/s
length:16777216 localSize=64 R=31 L=2 Thr=3.26959GB/s
length:16777216 localSize=64 R=32 L=0 Thr=2.46186GB/s
length:16777216 localSize=64 R=32 L=1 Thr=3.39389GB/s
length:16777216 localSize=64 R=32 L=2 Thr=8.73083GB/s best!
length:16777216 localSize=64 R=33 L=0 Thr=3.27856GB/s
length:16777216 localSize=64 R=33 L=1 Thr=6.39724GB/s
length:16777216 localSize=64 R=33 L=2 Thr=5.83659GB/s
length:16777216 localSize=64 R=34 L=0 Thr=-nanGB/s
length:16777216 localSize=64 R=34 L=1 Thr=5.4269GB/s
length:16777216 localSize=64 R=34 L=2 Thr=4.78892GB/s
length:16777216 localSize=64 R=35 L=0 Thr=5.70304GB/s
length:16777216 localSize=64 R=35 L=1 Thr=4.60327GB/s
length:16777216 localSize=64 R=35 L=2 Thr=3.81662GB/s
length:16777216 localSize=64 R=36 L=0 Thr=4.44232GB/s
length:16777216 localSize=64 R=36 L=1 Thr=3.73888GB/s
length:16777216 localSize=64 R=36 L=2 Thr=3.33135GB/s
length:16777216 localSize=64 R=37 L=0 Thr=3.83448GB/s
length:16777216 localSize=64 R=37 L=1 Thr=3.16204GB/s
length:16777216 localSize=64 R=37 L=2 Thr=2.54217GB/s
length:16777216 localSize=64 R=38 L=0 Thr=2.99619GB/s
length:16777216 localSize=64 R=38 L=1 Thr=2.50887GB/s
length:16777216 localSize=64 R=38 L=2 Thr=2.37233GB/s
length:16777216 localSize=64 R=39 L=0 Thr=2.4886GB/s
length:16777216 localSize=64 R=39 L=1 Thr=2.32325GB/s
length:16777216 localSize=64 R=39 L=2 Thr=2.27688GB/s
length:16777216 localSize=64 R=40 L=0 Thr=2.34913GB/s
length:16777216 localSize=64 R=40 L=1 Thr=2.23134GB/s
length:16777216 localSize=64 R=40 L=2 Thr=2.05512GB/s
length:16777216 localSize=64 R=41 L=0 Thr=2.16969GB/s
length:16777216 localSize=64 R=41 L=1 Thr=1.90953GB/s
length:16777216 localSize=64 R=41 L=2 Thr=1.91978GB/s
length:16777216 localSize=64 R=42 L=0 Thr=1.96966GB/s
length:16777216 localSize=64 R=42 L=1 Thr=1.81634GB/s
length:16777216 localSize=64 R=42 L=2 Thr=1.8993GB/s
length:16777216 localSize=64 R=43 L=0 Thr=1.92664GB/s
length:16777216 localSize=64 R=43 L=1 Thr=1.86653GB/s
length:16777216 localSize=64 R=43 L=2 Thr=1.74298GB/s
length:16777216 localSize=64 R=44 L=0 Thr=1.85928GB/s
length:16777216 localSize=64 R=44 L=1 Thr=1.77876GB/s
length:16777216 localSize=64 R=44 L=2 Thr=1.65455GB/s
length:16777216 localSize=64 R=45 L=0 Thr=1.79842GB/s
length:16777216 localSize=64 R=45 L=1 Thr=1.82827GB/s
length:16777216 localSize=64 R=45 L=2 Thr=1.84745GB/s
length:16777216 localSize=64 R=46 L=0 Thr=1.80115GB/s
length:16777216 localSize=64 R=46 L=1 Thr=1.7834GB/s
length:16777216 localSize=64 R=46 L=2 Thr=1.96817GB/s
length:16777216 localSize=64 R=47 L=0 Thr=1.91196GB/s
length:16777216 localSize=64 R=47 L=1 Thr=1.77594GB/s
length:16777216 localSize=64 R=47 L=2 Thr=1.92004GB/s
length:16777216 localSize=64 R=48 L=0 Thr=1.74002GB/s
length:16777216 localSize=64 R=48 L=1 Thr=1.90013GB/s
length:16777216 localSize=64 R=48 L=2 Thr=2.02667GB/s
length:16777216 localSize=64 R=49 L=0 Thr=2.0091GB/s
length:16777216 localSize=64 R=49 L=1 Thr=2.0167GB/s
length:16777216 localSize=64 R=49 L=2 Thr=2.00431GB/s
length:16777216 localSize=64 R=50 L=0 Thr=1.91118GB/s
length:16777216 localSize=64 R=50 L=1 Thr=1.70651GB/s
length:16777216 localSize=64 R=50 L=2 Thr=-nanGB/s
length:16777216 localSize=64 R=51 L=0 Thr=2.0029GB/s
length:16777216 localSize=64 R=51 L=1 Thr=1.82287GB/s
length:16777216 localSize=64 R=51 L=2 Thr=1.74338GB/s
length:16777216 localSize=64 R=52 L=0 Thr=1.94508GB/s
length:16777216 localSize=64 R=52 L=1 Thr=1.80193GB/s
length:16777216 localSize=64 R=52 L=2 Thr=1.74188GB/s
length:16777216 localSize=64 R=53 L=0 Thr=1.70764GB/s
length:16777216 localSize=64 R=53 L=1 Thr=1.92816GB/s
length:16777216 localSize=64 R=53 L=2 Thr=2.07033GB/s
length:16777216 localSize=64 R=54 L=0 Thr=1.8552GB/s
length:16777216 localSize=64 R=54 L=1 Thr=1.82373GB/s
length:16777216 localSize=64 R=54 L=2 Thr=1.99846GB/s
length:16777216 localSize=64 R=55 L=0 Thr=1.80488GB/s
length:16777216 localSize=64 R=55 L=1 Thr=1.9285GB/s
length:16777216 localSize=64 R=55 L=2 Thr=2.03247GB/s
length:16777216 localSize=64 R=56 L=0 Thr=1.88484GB/s
length:16777216 localSize=64 R=56 L=1 Thr=1.94612GB/s
length:16777216 localSize=64 R=56 L=2 Thr=1.89903GB/s
length:16777216 localSize=64 R=57 L=0 Thr=2.06826GB/s
length:16777216 localSize=64 R=57 L=1 Thr=1.85276GB/s
length:16777216 localSize=64 R=57 L=2 Thr=1.98809GB/s
length:16777216 localSize=64 R=58 L=0 Thr=1.93789GB/s
length:16777216 localSize=64 R=58 L=1 Thr=1.9807GB/s
length:16777216 localSize=64 R=58 L=2 Thr=2.17773GB/s
length:16777216 localSize=64 R=59 L=0 Thr=1.79987GB/s
length:16777216 localSize=64 R=59 L=1 Thr=1.99613GB/s
length:16777216 localSize=64 R=59 L=2 Thr=2.0483GB/s
length:16777216 localSize=64 R=60 L=0 Thr=2.2346GB/s
length:16777216 localSize=64 R=60 L=1 Thr=2.14016GB/s
length:16777216 localSize=64 R=60 L=2 Thr=2.10314GB/s
length:16777216 localSize=64 R=61 L=0 Thr=2.04572GB/s
length:16777216 localSize=64 R=61 L=1 Thr=2.11563GB/s
length:16777216 localSize=64 R=61 L=2 Thr=2.37491GB/s
length:16777216 localSize=64 R=62 L=0 Thr=2.01766GB/s
length:16777216 localSize=64 R=62 L=1 Thr=2.25811GB/s
length:16777216 localSize=64 R=62 L=2 Thr=2.41473GB/s
length:16777216 localSize=64 R=63 L=0 Thr=2.49906GB/s
length:16777216 localSize=64 R=63 L=1 Thr=2.8008GB/s
length:16777216 localSize=64 R=63 L=2 Thr=2.50035GB/s
length:16777216 localSize=64 R=64 L=0 Thr=2.28779GB/s
length:16777216 localSize=64 R=64 L=1 Thr=2.54483GB/s
length:16777216 localSize=64 R=64 L=2 Thr=2.83114GB/s
length:16777216 localSize=64 R=65 L=0 Thr=2.18335GB/s
length:16777216 localSize=64 R=65 L=1 Thr=2.69095GB/s
length:16777216 localSize=64 R=65 L=2 Thr=2.8368GB/s
length:16777216 localSize=64 R=66 L=0 Thr=2.66915GB/s
length:16777216 localSize=64 R=66 L=1 Thr=2.7469GB/s
length:16777216 localSize=64 R=66 L=2 Thr=4.24441GB/s
length:16777216 localSize=64 R=67 L=0 Thr=3.27417GB/s
length:16777216 localSize=64 R=67 L=1 Thr=-nanGB/s
length:16777216 localSize=64 R=67 L=2 Thr=-nanGB/s
length:16777216 localSize=64 R=68 L=0 Thr=4.34936GB/s
length:16777216 localSize=64 R=68 L=1 Thr=7.2827GB/s
length:16777216 localSize=64 R=68 L=2 Thr=4.79698GB/s
length:16777216 localSize=64 R=69 L=0 Thr=8.14986GB/s
length:16777216 localSize=64 R=69 L=1 Thr=4.79545GB/s
length:16777216 localSize=64 R=69 L=2 Thr=5.4237GB/s
length:16777216 localSize=64 R=70 L=0 Thr=5.17882GB/s
length:16777216 localSize=64 R=70 L=1 Thr=5.34377GB/s
length:16777216 localSize=64 R=70 L=2 Thr=5.43895GB/s
length:16777216 localSize=64 R=71 L=0 Thr=5.39281GB/s
length:16777216 localSize=64 R=71 L=1 Thr=4.35651GB/s
length:16777216 localSize=64 R=71 L=2 Thr=4.35896GB/s
length:16777216 localSize=64 R=72 L=0 Thr=4.85816GB/s
length:16777216 localSize=64 R=72 L=1 Thr=4.27522GB/s
length:16777216 localSize=64 R=72 L=2 Thr=3.99318GB/s
length:16777216 localSize=64 R=73 L=0 Thr=4.49103GB/s
length:16777216 localSize=64 R=73 L=1 Thr=3.37465GB/s
length:16777216 localSize=64 R=73 L=2 Thr=3.64047GB/s
length:16777216 localSize=64 R=74 L=0 Thr=4.2465GB/s
length:16777216 localSize=64 R=74 L=1 Thr=3.4067GB/s
length:16777216 localSize=64 R=74 L=2 Thr=3.44355GB/s
length:16777216 localSize=64 R=75 L=0 Thr=3.35425GB/s
length:16777216 localSize=64 R=75 L=1 Thr=3.48946GB/s
length:16777216 localSize=64 R=75 L=2 Thr=3.51843GB/s
length:16777216 localSize=64 R=76 L=0 Thr=2.95436GB/s
length:16777216 localSize=64 R=76 L=1 Thr=2.72121GB/s
length:16777216 localSize=64 R=76 L=2 Thr=2.80024GB/s
length:16777216 localSize=64 R=77 L=0 Thr=2.56506GB/s
length:16777216 localSize=64 R=77 L=1 Thr=2.66332GB/s
length:16777216 localSize=64 R=77 L=2 Thr=-nanGB/s
length:16777216 localSize=64 R=78 L=0 Thr=2.73183GB/s
length:16777216 localSize=64 R=78 L=1 Thr=2.41267GB/s
length:16777216 localSize=64 R=78 L=2 Thr=2.83746GB/s
length:16777216 localSize=64 R=79 L=0 Thr=-nanGB/s
length:16777216 localSize=64 R=79 L=1 Thr=2.94852GB/s
length:16777216 localSize=64 R=79 L=2 Thr=2.26926GB/s
length:16777216 localSize=64 R=80 L=0 Thr=2.38451GB/s
length:16777216 localSize=64 R=80 L=1 Thr=-nanGB/s
length:16777216 localSize=64 R=80 L=2 Thr=2.28474GB/s
length:16777216 localSize=64 R=81 L=0 Thr=-nanGB/s
length:16777216 localSize=64 R=81 L=1 Thr=2.41401GB/s
length:16777216 localSize=64 R=81 L=2 Thr=2.36129GB/s
length:16777216 localSize=64 R=82 L=0 Thr=2.21337GB/s
length:16777216 localSize=64 R=82 L=1 Thr=2.08918GB/s
length:16777216 localSize=64 R=82 L=2 Thr=2.30615GB/s
length:16777216 localSize=64 R=83 L=0 Thr=2.30003GB/s
length:16777216 localSize=64 R=83 L=1 Thr=2.04062GB/s
length:16777216 localSize=64 R=83 L=2 Thr=2.06938GB/s
length:16777216 localSize=64 R=84 L=0 Thr=2.0264GB/s
length:16777216 localSize=64 R=84 L=1 Thr=1.97688GB/s
length:16777216 localSize=64 R=84 L=2 Thr=2.26535GB/s
length:16777216 localSize=64 R=85 L=0 Thr=2.14562GB/s
length:16777216 localSize=64 R=85 L=1 Thr=2.46994GB/s
length:16777216 localSize=64 R=85 L=2 Thr=2.13472GB/s
length:16777216 localSize=64 R=86 L=0 Thr=2.31886GB/s
length:16777216 localSize=64 R=86 L=1 Thr=2.33059GB/s
length:16777216 localSize=64 R=86 L=2 Thr=2.11413GB/s
length:16777216 localSize=64 R=87 L=0 Thr=2.60176GB/s
length:16777216 localSize=64 R=87 L=1 Thr=2.24335GB/s
length:16777216 localSize=64 R=87 L=2 Thr=2.32555GB/s
length:16777216 localSize=64 R=88 L=0 Thr=2.28549GB/s
length:16777216 localSize=64 R=88 L=1 Thr=2.21476GB/s
length:16777216 localSize=64 R=88 L=2 Thr=2.23245GB/s
length:16777216 localSize=64 R=89 L=0 Thr=2.30415GB/s
length:16777216 localSize=64 R=89 L=1 Thr=2.36798GB/s
length:16777216 localSize=64 R=89 L=2 Thr=2.33732GB/s
length:16777216 localSize=64 R=90 L=0 Thr=2.05972GB/s
length:16777216 localSize=64 R=90 L=1 Thr=2.5511GB/s
length:16777216 localSize=64 R=90 L=2 Thr=2.52476GB/s
length:16777216 localSize=64 R=91 L=0 Thr=2.07589GB/s
length:16777216 localSize=64 R=91 L=1 Thr=2.07503GB/s
length:16777216 localSize=64 R=91 L=2 Thr=2.04108GB/s
length:16777216 localSize=64 R=92 L=0 Thr=2.17163GB/s
length:16777216 localSize=64 R=92 L=1 Thr=2.13184GB/s
length:16777216 localSize=64 R=92 L=2 Thr=2.12676GB/s
length:16777216 localSize=64 R=93 L=0 Thr=1.99735GB/s
length:16777216 localSize=64 R=93 L=1 Thr=-nanGB/s
length:16777216 localSize=64 R=93 L=2 Thr=2.58738GB/s
length:16777216 localSize=64 R=94 L=0 Thr=-nanGB/s
length:16777216 localSize=64 R=94 L=1 Thr=2.42896GB/s
length:16777216 localSize=64 R=94 L=2 Thr=2.23308GB/s
length:16777216 localSize=64 R=95 L=0 Thr=2.17394GB/s
length:16777216 localSize=64 R=95 L=1 Thr=2.29445GB/s
length:16777216 localSize=64 R=95 L=2 Thr=2.10857GB/s
length:16777216 localSize=64 R=96 L=0 Thr=2.08385GB/s
length:16777216 localSize=64 R=96 L=1 Thr=2.24445GB/s
length:16777216 localSize=64 R=96 L=2 Thr=2.20845GB/s
length:16777216 localSize=64 R=97 L=0 Thr=2.18348GB/s
length:16777216 localSize=64 R=97 L=1 Thr=2.48989GB/s
length:16777216 localSize=64 R=97 L=2 Thr=2.72302GB/s
length:16777216 localSize=64 R=98 L=0 Thr=2.31599GB/s
length:16777216 localSize=64 R=98 L=1 Thr=2.86679GB/s
length:16777216 localSize=64 R=98 L=2 Thr=2.6756GB/s
length:16777216 localSize=64 R=99 L=0 Thr=2.64634GB/s
length:16777216 localSize=64 R=99 L=1 Thr=2.51314GB/s
length:16777216 localSize=64 R=99 L=2 Thr=2.67625GB/s
length:16777216 localSize=64 R=100 L=0 Thr=2.22561GB/s
length:16777216 localSize=64 R=100 L=1 Thr=-nanGB/s
length:16777216 localSize=64 R=100 L=2 Thr=-nanGB/s
length:16777216 localSize=64 R=101 L=0 Thr=2.44887GB/s
length:16777216 localSize=64 R=101 L=1 Thr=3.1441GB/s
length:16777216 localSize=64 R=101 L=2 Thr=4.6138GB/s
length:16777216 localSize=64 R=102 L=0 Thr=2.42381GB/s
length:16777216 localSize=64 R=102 L=1 Thr=-nanGB/s
length:16777216 localSize=64 R=102 L=2 Thr=4.28602GB/s
length:16777216 localSize=64 R=103 L=0 Thr=-nanGB/s
length:16777216 localSize=64 R=103 L=1 Thr=-nanGB/s
length:16777216 localSize=64 R=103 L=2 Thr=4.31932GB/s
length:16777216 localSize=64 R=104 L=0 Thr=3.09287GB/s
length:16777216 localSize=64 R=104 L=1 Thr=3.30255GB/s
length:16777216 localSize=64 R=104 L=2 Thr=3.57218GB/s
length:16777216 localSize=64 R=105 L=0 Thr=3.64863GB/s
length:16777216 localSize=64 R=105 L=1 Thr=3.41346GB/s
length:16777216 localSize=64 R=105 L=2 Thr=-nanGB/s
length:16777216 localSize=64 R=106 L=0 Thr=5.48103GB/s
length:16777216 localSize=64 R=106 L=1 Thr=5.974GB/s
length:16777216 localSize=64 R=106 L=2 Thr=5.73548GB/s
length:16777216 localSize=64 R=107 L=0 Thr=4.72455GB/s
length:16777216 localSize=64 R=107 L=1 Thr=4.64197GB/s
length:16777216 localSize=64 R=107 L=2 Thr=4.93331GB/s
length:16777216 localSize=64 R=108 L=0 Thr=-nanGB/s
length:16777216 localSize=64 R=108 L=1 Thr=4.19912GB/s
length:16777216 localSize=64 R=108 L=2 Thr=3.00768GB/s
length:16777216 localSize=64 R=109 L=0 Thr=3.66796GB/s
length:16777216 localSize=64 R=109 L=1 Thr=4.79432GB/s
length:16777216 localSize=64 R=109 L=2 Thr=3.97825GB/s
length:16777216 localSize=64 R=110 L=0 Thr=3.68873GB/s
length:16777216 localSize=64 R=110 L=1 Thr=3.08537GB/s
length:16777216 localSize=64 R=110 L=2 Thr=3.2264GB/s
length:16777216 localSize=64 R=111 L=0 Thr=3.53014GB/s
length:16777216 localSize=64 R=111 L=1 Thr=3.49986GB/s
length:16777216 localSize=64 R=111 L=2 Thr=3.35457GB/s
length:16777216 localSize=64 R=112 L=0 Thr=3.14767GB/s
length:16777216 localSize=64 R=112 L=1 Thr=3.02157GB/s
length:16777216 localSize=64 R=112 L=2 Thr=3.39623GB/s
length:16777216 localSize=64 R=113 L=0 Thr=3.29694GB/s
length:16777216 localSize=64 R=113 L=1 Thr=2.98741GB/s
length:16777216 localSize=64 R=113 L=2 Thr=2.94106GB/s
length:16777216 localSize=64 R=114 L=0 Thr=2.89939GB/s
length:16777216 localSize=64 R=114 L=1 Thr=3.01086GB/s
length:16777216 localSize=64 R=114 L=2 Thr=3.53133GB/s
length:16777216 localSize=64 R=115 L=0 Thr=3.50291GB/s
length:16777216 localSize=64 R=115 L=1 Thr=3.05183GB/s
length:16777216 localSize=64 R=115 L=2 Thr=2.83778GB/s
length:16777216 localSize=64 R=116 L=0 Thr=3.14319GB/s
length:16777216 localSize=64 R=116 L=1 Thr=3.12618GB/s
length:16777216 localSize=64 R=116 L=2 Thr=2.78729GB/s
length:16777216 localSize=64 R=117 L=0 Thr=2.80435GB/s
length:16777216 localSize=64 R=117 L=1 Thr=2.57243GB/s
length:16777216 localSize=64 R=117 L=2 Thr=-nanGB/s
length:16777216 localSize=64 R=118 L=0 Thr=-nanGB/s
length:16777216 localSize=64 R=118 L=1 Thr=3.00633GB/s
length:16777216 localSize=64 R=118 L=2 Thr=3.7921GB/s
length:16777216 localSize=64 R=119 L=0 Thr=3.04295GB/s
length:16777216 localSize=64 R=119 L=1 Thr=-nanGB/s
length:16777216 localSize=64 R=119 L=2 Thr=3.18412GB/s
length:16777216 localSize=64 R=120 L=0 Thr=3.78698GB/s
length:16777216 localSize=64 R=120 L=1 Thr=2.60822GB/s
length:16777216 localSize=64 R=120 L=2 Thr=2.84008GB/s
length:16777216 localSize=64 R=121 L=0 Thr=2.92266GB/s
length:16777216 localSize=64 R=121 L=1 Thr=2.87763GB/s
length:16777216 localSize=64 R=121 L=2 Thr=2.63992GB/s
length:16777216 localSize=64 R=122 L=0 Thr=3.24068GB/s
length:16777216 localSize=64 R=122 L=1 Thr=2.71474GB/s
length:16777216 localSize=64 R=122 L=2 Thr=3.04464GB/s
length:16777216 localSize=64 R=123 L=0 Thr=3.2162GB/s
length:16777216 localSize=64 R=123 L=1 Thr=-nanGB/s
length:16777216 localSize=64 R=123 L=2 Thr=2.83398GB/s
length:16777216 localSize=64 R=124 L=0 Thr=2.90595GB/s
length:16777216 localSize=64 R=124 L=1 Thr=2.82281GB/s
length:16777216 localSize=64 R=124 L=2 Thr=2.92592GB/s
length:16777216 localSize=64 R=125 L=0 Thr=2.84552GB/s
length:16777216 localSize=64 R=125 L=1 Thr=2.8223GB/s
length:16777216 localSize=64 R=125 L=2 Thr=2.56374GB/s
length:16777216 localSize=64 R=126 L=0 Thr=2.4181GB/s
length:16777216 localSize=64 R=126 L=1 Thr=2.94075GB/s
length:16777216 localSize=64 R=126 L=2 Thr=2.68928GB/s
length:16777216 localSize=64 R=127 L=0 Thr=-nanGB/s
length:16777216 localSize=64 R=127 L=1 Thr=2.76081GB/s
length:16777216 localSize=64 R=127 L=2 Thr=2.65605GB/s
Final res:
	Best localSize=64
	Best R=32
	Best L=2
	Throughput=8.73083GB/s
