
Starting to launch opencl_compare...
Fast run...
Data size: 1000

Detection mode: All
------ Start hardware checking ------
Platform: Intel(R) OpenCL
Number of devices: 2
	Computing device 0 : Intel(R) Xeon(R) CPU E5-2650 v3 @ 2.30GHz
	Computing device 1 : Intel(R) Many Integrated Core Acceleration Card
Please enter the index of the device to use (0,1,2...) : Selected device: Intel(R) Many Integrated Core Acceleration Card
------ End of hardware checking ------

length:16777216 localSize=2048 R=0 L=1 Thr=0.708976GB/s best!
length:16777216 localSize=2048 R=0 L=2 Thr=1.18429GB/s best!
length:16777216 localSize=2048 R=1 L=0 Thr=0.683486GB/s
length:16777216 localSize=2048 R=1 L=1 Thr=0.923671GB/s
length:16777216 localSize=2048 R=1 L=2 Thr=1.29509GB/s best!
length:16777216 localSize=2048 R=2 L=0 Thr=1.2391GB/s
length:16777216 localSize=2048 R=2 L=1 Thr=1.30217GB/s best!
length:16777216 localSize=2048 R=2 L=2 Thr=1.62342GB/s best!
length:16777216 localSize=2048 R=3 L=0 Thr=1.70572GB/s best!
length:16777216 localSize=2048 R=3 L=1 Thr=1.63786GB/s
length:16777216 localSize=2048 R=3 L=2 Thr=1.95573GB/s best!
length:16777216 localSize=1024 R=0 L=1 Thr=0.794997GB/s
length:16777216 localSize=1024 R=0 L=2 Thr=1.29553GB/s
length:16777216 localSize=1024 R=1 L=0 Thr=0.823236GB/s
length:16777216 localSize=1024 R=1 L=1 Thr=1.32682GB/s
length:16777216 localSize=1024 R=1 L=2 Thr=1.80955GB/s
length:16777216 localSize=1024 R=2 L=0 Thr=1.3872GB/s
length:16777216 localSize=1024 R=2 L=1 Thr=1.78468GB/s
length:16777216 localSize=1024 R=2 L=2 Thr=2.18305GB/s best!
length:16777216 localSize=1024 R=3 L=0 Thr=1.69002GB/s
length:16777216 localSize=1024 R=3 L=1 Thr=2.22116GB/s best!
length:16777216 localSize=1024 R=3 L=2 Thr=2.59654GB/s best!
length:16777216 localSize=1024 R=4 L=0 Thr=1.97495GB/s
length:16777216 localSize=1024 R=4 L=1 Thr=2.55119GB/s
length:16777216 localSize=1024 R=4 L=2 Thr=2.84824GB/s best!
length:16777216 localSize=1024 R=5 L=0 Thr=2.45268GB/s
length:16777216 localSize=1024 R=5 L=1 Thr=2.89613GB/s best!
length:16777216 localSize=1024 R=5 L=2 Thr=3.20925GB/s best!
length:16777216 localSize=1024 R=6 L=0 Thr=-nanGB/s
length:16777216 localSize=1024 R=6 L=1 Thr=3.12329GB/s
length:16777216 localSize=1024 R=6 L=2 Thr=3.39037GB/s best!
length:16777216 localSize=1024 R=7 L=0 Thr=2.95006GB/s
length:16777216 localSize=1024 R=7 L=1 Thr=3.3221GB/s
length:16777216 localSize=1024 R=7 L=2 Thr=3.55664GB/s best!
length:16777216 localSize=512 R=0 L=1 Thr=1.16571GB/s
length:16777216 localSize=512 R=0 L=2 Thr=1.48283GB/s
length:16777216 localSize=512 R=1 L=0 Thr=1.04366GB/s
length:16777216 localSize=512 R=1 L=1 Thr=1.44279GB/s
length:16777216 localSize=512 R=1 L=2 Thr=1.41099GB/s
length:16777216 localSize=512 R=2 L=0 Thr=1.44375GB/s
length:16777216 localSize=512 R=2 L=1 Thr=1.22892GB/s
length:16777216 localSize=512 R=2 L=2 Thr=2.2737GB/s
length:16777216 localSize=512 R=3 L=0 Thr=1.1271GB/s
length:16777216 localSize=512 R=3 L=1 Thr=2.0636GB/s
length:16777216 localSize=512 R=3 L=2 Thr=2.41002GB/s
length:16777216 localSize=512 R=4 L=0 Thr=2.12471GB/s
length:16777216 localSize=512 R=4 L=1 Thr=2.27896GB/s
length:16777216 localSize=512 R=4 L=2 Thr=2.26961GB/s
length:16777216 localSize=512 R=5 L=0 Thr=2.26291GB/s
length:16777216 localSize=512 R=5 L=1 Thr=2.09899GB/s
length:16777216 localSize=512 R=5 L=2 Thr=2.26224GB/s
length:16777216 localSize=512 R=6 L=0 Thr=1.63541GB/s
length:16777216 localSize=512 R=6 L=1 Thr=2.2125GB/s
length:16777216 localSize=512 R=6 L=2 Thr=2.48212GB/s
length:16777216 localSize=512 R=7 L=0 Thr=1.89341GB/s
length:16777216 localSize=512 R=7 L=1 Thr=2.73227GB/s
length:16777216 localSize=512 R=7 L=2 Thr=3.908GB/s best!
length:16777216 localSize=512 R=8 L=0 Thr=2.16143GB/s
length:16777216 localSize=512 R=8 L=1 Thr=4.29987GB/s best!
length:16777216 localSize=512 R=8 L=2 Thr=2.88158GB/s
length:16777216 localSize=512 R=9 L=0 Thr=3.84781GB/s
length:16777216 localSize=512 R=9 L=1 Thr=2.45845GB/s
length:16777216 localSize=512 R=9 L=2 Thr=2.62386GB/s
length:16777216 localSize=512 R=10 L=0 Thr=2.20115GB/s
length:16777216 localSize=512 R=10 L=1 Thr=2.35638GB/s
length:16777216 localSize=512 R=10 L=2 Thr=2.65532GB/s
length:16777216 localSize=512 R=11 L=0 Thr=1.99316GB/s
length:16777216 localSize=512 R=11 L=1 Thr=2.58292GB/s
length:16777216 localSize=512 R=11 L=2 Thr=4.61848GB/s best!
length:16777216 localSize=512 R=12 L=0 Thr=2.074GB/s
length:16777216 localSize=512 R=12 L=1 Thr=4.57202GB/s
length:16777216 localSize=512 R=12 L=2 Thr=3.5233GB/s
length:16777216 localSize=512 R=13 L=0 Thr=3.27336GB/s
length:16777216 localSize=512 R=13 L=1 Thr=3.17894GB/s
length:16777216 localSize=512 R=13 L=2 Thr=2.85278GB/s
length:16777216 localSize=512 R=14 L=0 Thr=3.69504GB/s
length:16777216 localSize=512 R=14 L=1 Thr=3.28813GB/s
length:16777216 localSize=512 R=14 L=2 Thr=3.90405GB/s
length:16777216 localSize=512 R=15 L=0 Thr=2.897GB/s
length:16777216 localSize=512 R=15 L=1 Thr=4.17548GB/s
length:16777216 localSize=512 R=15 L=2 Thr=-nanGB/s
length:16777216 localSize=256 R=0 L=1 Thr=1.16323GB/s
length:16777216 localSize=256 R=0 L=2 Thr=1.52324GB/s
length:16777216 localSize=256 R=1 L=0 Thr=1.12329GB/s
length:16777216 localSize=256 R=1 L=1 Thr=1.60972GB/s
length:16777216 localSize=256 R=1 L=2 Thr=1.51876GB/s
length:16777216 localSize=256 R=2 L=0 Thr=1.3843GB/s
length:16777216 localSize=256 R=2 L=1 Thr=1.32626GB/s
length:16777216 localSize=256 R=2 L=2 Thr=2.19183GB/s
length:16777216 localSize=256 R=3 L=0 Thr=1.2356GB/s
length:16777216 localSize=256 R=3 L=1 Thr=2.10226GB/s
length:16777216 localSize=256 R=3 L=2 Thr=1.48183GB/s
length:16777216 localSize=256 R=4 L=0 Thr=1.83696GB/s
length:16777216 localSize=256 R=4 L=1 Thr=1.29945GB/s
length:16777216 localSize=256 R=4 L=2 Thr=1.40026GB/s
length:16777216 localSize=256 R=5 L=0 Thr=1.16518GB/s
length:16777216 localSize=256 R=5 L=1 Thr=1.38765GB/s
length:16777216 localSize=256 R=5 L=2 Thr=1.54432GB/s
length:16777216 localSize=256 R=6 L=0 Thr=1.27836GB/s
length:16777216 localSize=256 R=6 L=1 Thr=1.4828GB/s
length:16777216 localSize=256 R=6 L=2 Thr=2.54735GB/s
length:16777216 localSize=256 R=7 L=0 Thr=1.38228GB/s
length:16777216 localSize=256 R=7 L=1 Thr=2.53264GB/s
length:16777216 localSize=256 R=7 L=2 Thr=4.08191GB/s
length:16777216 localSize=256 R=8 L=0 Thr=2.44013GB/s
length:16777216 localSize=256 R=8 L=1 Thr=3.8332GB/s
length:16777216 localSize=256 R=8 L=2 Thr=2.29128GB/s
length:16777216 localSize=256 R=9 L=0 Thr=-nanGB/s
length:16777216 localSize=256 R=9 L=1 Thr=2.21053GB/s
length:16777216 localSize=256 R=9 L=2 Thr=1.72968GB/s
length:16777216 localSize=256 R=10 L=0 Thr=2.2256GB/s
length:16777216 localSize=256 R=10 L=1 Thr=1.65855GB/s
length:16777216 localSize=256 R=10 L=2 Thr=2.02263GB/s
length:16777216 localSize=256 R=11 L=0 Thr=1.55493GB/s
length:16777216 localSize=256 R=11 L=1 Thr=1.78285GB/s
length:16777216 localSize=256 R=11 L=2 Thr=1.75227GB/s
length:16777216 localSize=256 R=12 L=0 Thr=1.72395GB/s
length:16777216 localSize=256 R=12 L=1 Thr=1.61093GB/s
length:16777216 localSize=256 R=12 L=2 Thr=1.71958GB/s
length:16777216 localSize=256 R=13 L=0 Thr=1.46983GB/s
length:16777216 localSize=256 R=13 L=1 Thr=1.80177GB/s
length:16777216 localSize=256 R=13 L=2 Thr=2.14362GB/s
length:16777216 localSize=256 R=14 L=0 Thr=1.56394GB/s
length:16777216 localSize=256 R=14 L=1 Thr=1.55886GB/s
length:16777216 localSize=256 R=14 L=2 Thr=1.99491GB/s
length:16777216 localSize=256 R=15 L=0 Thr=1.57473GB/s
length:16777216 localSize=256 R=15 L=1 Thr=1.83035GB/s
length:16777216 localSize=256 R=15 L=2 Thr=3.35751GB/s
length:16777216 localSize=256 R=16 L=0 Thr=2.08751GB/s
length:16777216 localSize=256 R=16 L=1 Thr=4.23227GB/s
length:16777216 localSize=256 R=16 L=2 Thr=4.77617GB/s best!
length:16777216 localSize=256 R=17 L=0 Thr=4.29851GB/s
length:16777216 localSize=256 R=17 L=1 Thr=4.59064GB/s
length:16777216 localSize=256 R=17 L=2 Thr=2.798GB/s
length:16777216 localSize=256 R=18 L=0 Thr=3.74522GB/s
length:16777216 localSize=256 R=18 L=1 Thr=2.69664GB/s
length:16777216 localSize=256 R=18 L=2 Thr=2.40155GB/s
length:16777216 localSize=256 R=19 L=0 Thr=2.7313GB/s
length:16777216 localSize=256 R=19 L=1 Thr=2.28306GB/s
length:16777216 localSize=256 R=19 L=2 Thr=1.95171GB/s
length:16777216 localSize=256 R=20 L=0 Thr=2.43139GB/s
length:16777216 localSize=256 R=20 L=1 Thr=1.84701GB/s
length:16777216 localSize=256 R=20 L=2 Thr=2.05799GB/s
length:16777216 localSize=256 R=21 L=0 Thr=1.96429GB/s
length:16777216 localSize=256 R=21 L=1 Thr=2.31517GB/s
length:16777216 localSize=256 R=21 L=2 Thr=2.23913GB/s
length:16777216 localSize=256 R=22 L=0 Thr=1.6748GB/s
length:16777216 localSize=256 R=22 L=1 Thr=1.83568GB/s
length:16777216 localSize=256 R=22 L=2 Thr=2.28497GB/s
length:16777216 localSize=256 R=23 L=0 Thr=1.92524GB/s
length:16777216 localSize=256 R=23 L=1 Thr=2.0855GB/s
length:16777216 localSize=256 R=23 L=2 Thr=2.41581GB/s
length:16777216 localSize=256 R=24 L=0 Thr=1.91199GB/s
length:16777216 localSize=256 R=24 L=1 Thr=2.19188GB/s
length:16777216 localSize=256 R=24 L=2 Thr=4.03254GB/s
length:16777216 localSize=256 R=25 L=0 Thr=2.25959GB/s
length:16777216 localSize=256 R=25 L=1 Thr=4.87953GB/s best!
length:16777216 localSize=256 R=25 L=2 Thr=3.97869GB/s
length:16777216 localSize=256 R=26 L=0 Thr=2.63134GB/s
length:16777216 localSize=256 R=26 L=1 Thr=4.2881GB/s
length:16777216 localSize=256 R=26 L=2 Thr=3.26089GB/s
length:16777216 localSize=256 R=27 L=0 Thr=4.35621GB/s
length:16777216 localSize=256 R=27 L=1 Thr=3.55688GB/s
length:16777216 localSize=256 R=27 L=2 Thr=3.034GB/s
length:16777216 localSize=256 R=28 L=0 Thr=2.93277GB/s
length:16777216 localSize=256 R=28 L=1 Thr=2.71219GB/s
length:16777216 localSize=256 R=28 L=2 Thr=2.54355GB/s
length:16777216 localSize=256 R=29 L=0 Thr=2.92337GB/s
length:16777216 localSize=256 R=29 L=1 Thr=2.51559GB/s
length:16777216 localSize=256 R=29 L=2 Thr=2.57387GB/s
length:16777216 localSize=256 R=30 L=0 Thr=2.55772GB/s
length:16777216 localSize=256 R=30 L=1 Thr=2.20516GB/s
length:16777216 localSize=256 R=30 L=2 Thr=2.68469GB/s
length:16777216 localSize=256 R=31 L=0 Thr=2.07162GB/s
length:16777216 localSize=256 R=31 L=1 Thr=2.41882GB/s
length:16777216 localSize=256 R=31 L=2 Thr=2.598GB/s
length:16777216 localSize=128 R=0 L=1 Thr=0.93467GB/s
length:16777216 localSize=128 R=0 L=2 Thr=1.25372GB/s
length:16777216 localSize=128 R=1 L=0 Thr=0.910633GB/s
length:16777216 localSize=128 R=1 L=1 Thr=1.24996GB/s
length:16777216 localSize=128 R=1 L=2 Thr=1.23775GB/s
length:16777216 localSize=128 R=2 L=0 Thr=1.2501GB/s
length:16777216 localSize=128 R=2 L=1 Thr=1.23222GB/s
length:16777216 localSize=128 R=2 L=2 Thr=1.74366GB/s
length:16777216 localSize=128 R=3 L=0 Thr=1.16962GB/s
length:16777216 localSize=128 R=3 L=1 Thr=1.61092GB/s
length:16777216 localSize=128 R=3 L=2 Thr=1.45795GB/s
length:16777216 localSize=128 R=4 L=0 Thr=1.47886GB/s
length:16777216 localSize=128 R=4 L=1 Thr=1.36899GB/s
length:16777216 localSize=128 R=4 L=2 Thr=1.35391GB/s
length:16777216 localSize=128 R=5 L=0 Thr=1.25224GB/s
length:16777216 localSize=128 R=5 L=1 Thr=1.36291GB/s
length:16777216 localSize=128 R=5 L=2 Thr=1.3595GB/s
length:16777216 localSize=128 R=6 L=0 Thr=1.25429GB/s
length:16777216 localSize=128 R=6 L=1 Thr=1.27831GB/s
length:16777216 localSize=128 R=6 L=2 Thr=1.89995GB/s
length:16777216 localSize=128 R=7 L=0 Thr=1.19635GB/s
length:16777216 localSize=128 R=7 L=1 Thr=1.96791GB/s
length:16777216 localSize=128 R=7 L=2 Thr=1.4797GB/s
length:16777216 localSize=128 R=8 L=0 Thr=1.78823GB/s
length:16777216 localSize=128 R=8 L=1 Thr=1.5001GB/s
length:16777216 localSize=128 R=8 L=2 Thr=1.5632GB/s
length:16777216 localSize=128 R=9 L=0 Thr=1.473GB/s
length:16777216 localSize=128 R=9 L=1 Thr=1.62946GB/s
length:16777216 localSize=128 R=9 L=2 Thr=1.85116GB/s
length:16777216 localSize=128 R=10 L=0 Thr=1.48649GB/s
length:16777216 localSize=128 R=10 L=1 Thr=1.70579GB/s
length:16777216 localSize=128 R=10 L=2 Thr=1.49999GB/s
length:16777216 localSize=128 R=11 L=0 Thr=1.581GB/s
length:16777216 localSize=128 R=11 L=1 Thr=1.54562GB/s
length:16777216 localSize=128 R=11 L=2 Thr=1.40517GB/s
length:16777216 localSize=128 R=12 L=0 Thr=1.27259GB/s
length:16777216 localSize=128 R=12 L=1 Thr=1.28219GB/s
length:16777216 localSize=128 R=12 L=2 Thr=1.59488GB/s
length:16777216 localSize=128 R=13 L=0 Thr=1.22803GB/s
length:16777216 localSize=128 R=13 L=1 Thr=1.51537GB/s
length:16777216 localSize=128 R=13 L=2 Thr=1.88459GB/s
length:16777216 localSize=128 R=14 L=0 Thr=1.46987GB/s
length:16777216 localSize=128 R=14 L=1 Thr=1.68002GB/s
length:16777216 localSize=128 R=14 L=2 Thr=2.40861GB/s
length:16777216 localSize=128 R=15 L=0 Thr=1.87517GB/s
length:16777216 localSize=128 R=15 L=1 Thr=2.56851GB/s
length:16777216 localSize=128 R=15 L=2 Thr=-nanGB/s
length:16777216 localSize=128 R=16 L=0 Thr=2.36201GB/s
length:16777216 localSize=128 R=16 L=1 Thr=7.68418GB/s best!
length:16777216 localSize=128 R=16 L=2 Thr=4.16903GB/s
length:16777216 localSize=128 R=17 L=0 Thr=8.07181GB/s best!
length:16777216 localSize=128 R=17 L=1 Thr=4.48223GB/s
length:16777216 localSize=128 R=17 L=2 Thr=3.10877GB/s
length:16777216 localSize=128 R=18 L=0 Thr=4.32443GB/s
length:16777216 localSize=128 R=18 L=1 Thr=3.04743GB/s
length:16777216 localSize=128 R=18 L=2 Thr=2.27398GB/s
length:16777216 localSize=128 R=19 L=0 Thr=2.91643GB/s
length:16777216 localSize=128 R=19 L=1 Thr=2.25253GB/s
length:16777216 localSize=128 R=19 L=2 Thr=1.87094GB/s
length:16777216 localSize=128 R=20 L=0 Thr=2.22095GB/s
length:16777216 localSize=128 R=20 L=1 Thr=1.94859GB/s
length:16777216 localSize=128 R=20 L=2 Thr=1.80618GB/s
length:16777216 localSize=128 R=21 L=0 Thr=1.82655GB/s
length:16777216 localSize=128 R=21 L=1 Thr=1.73606GB/s
length:16777216 localSize=128 R=21 L=2 Thr=1.69635GB/s
length:16777216 localSize=128 R=22 L=0 Thr=1.68998GB/s
length:16777216 localSize=128 R=22 L=1 Thr=1.6807GB/s
length:16777216 localSize=128 R=22 L=2 Thr=1.88795GB/s
length:16777216 localSize=128 R=23 L=0 Thr=1.70395GB/s
length:16777216 localSize=128 R=23 L=1 Thr=1.97168GB/s
length:16777216 localSize=128 R=23 L=2 Thr=1.79731GB/s
length:16777216 localSize=128 R=24 L=0 Thr=1.70173GB/s
length:16777216 localSize=128 R=24 L=1 Thr=1.92545GB/s
length:16777216 localSize=128 R=24 L=2 Thr=1.88072GB/s
length:16777216 localSize=128 R=25 L=0 Thr=1.66338GB/s
length:16777216 localSize=128 R=25 L=1 Thr=1.73654GB/s
length:16777216 localSize=128 R=25 L=2 Thr=1.74945GB/s
length:16777216 localSize=128 R=26 L=0 Thr=1.49738GB/s
length:16777216 localSize=128 R=26 L=1 Thr=1.65656GB/s
length:16777216 localSize=128 R=26 L=2 Thr=1.75641GB/s
length:16777216 localSize=128 R=27 L=0 Thr=1.6076GB/s
length:16777216 localSize=128 R=27 L=1 Thr=1.84791GB/s
length:16777216 localSize=128 R=27 L=2 Thr=2.12993GB/s
length:16777216 localSize=128 R=28 L=0 Thr=1.70529GB/s
length:16777216 localSize=128 R=28 L=1 Thr=1.70336GB/s
length:16777216 localSize=128 R=28 L=2 Thr=1.77619GB/s
length:16777216 localSize=128 R=29 L=0 Thr=1.72496GB/s
length:16777216 localSize=128 R=29 L=1 Thr=1.93916GB/s
length:16777216 localSize=128 R=29 L=2 Thr=2.0357GB/s
length:16777216 localSize=128 R=30 L=0 Thr=1.77481GB/s
length:16777216 localSize=128 R=30 L=1 Thr=1.95366GB/s
length:16777216 localSize=128 R=30 L=2 Thr=2.7145GB/s
length:16777216 localSize=128 R=31 L=0 Thr=1.99093GB/s
length:16777216 localSize=128 R=31 L=1 Thr=2.18677GB/s
length:16777216 localSize=128 R=31 L=2 Thr=-nanGB/s
length:16777216 localSize=128 R=32 L=0 Thr=2.1925GB/s
length:16777216 localSize=128 R=32 L=1 Thr=2.87758GB/s
length:16777216 localSize=128 R=32 L=2 Thr=4.56126GB/s
length:16777216 localSize=128 R=33 L=0 Thr=2.36029GB/s
length:16777216 localSize=128 R=33 L=1 Thr=4.90613GB/s
length:16777216 localSize=128 R=33 L=2 Thr=5.05005GB/s
length:16777216 localSize=128 R=34 L=0 Thr=3.76231GB/s
length:16777216 localSize=128 R=34 L=1 Thr=4.28963GB/s
length:16777216 localSize=128 R=34 L=2 Thr=4.69082GB/s
length:16777216 localSize=128 R=35 L=0 Thr=3.85584GB/s
length:16777216 localSize=128 R=35 L=1 Thr=-nanGB/s
length:16777216 localSize=128 R=35 L=2 Thr=3.78303GB/s
length:16777216 localSize=128 R=36 L=0 Thr=4.33914GB/s
length:16777216 localSize=128 R=36 L=1 Thr=4.06732GB/s
length:16777216 localSize=128 R=36 L=2 Thr=3.0231GB/s
length:16777216 localSize=128 R=37 L=0 Thr=3.82878GB/s
length:16777216 localSize=128 R=37 L=1 Thr=3.11955GB/s
length:16777216 localSize=128 R=37 L=2 Thr=2.77684GB/s
length:16777216 localSize=128 R=38 L=0 Thr=3.09798GB/s
length:16777216 localSize=128 R=38 L=1 Thr=2.35618GB/s
length:16777216 localSize=128 R=38 L=2 Thr=2.42014GB/s
length:16777216 localSize=128 R=39 L=0 Thr=2.29046GB/s
length:16777216 localSize=128 R=39 L=1 Thr=2.28019GB/s
length:16777216 localSize=128 R=39 L=2 Thr=2.19437GB/s
length:16777216 localSize=128 R=40 L=0 Thr=2.07629GB/s
length:16777216 localSize=128 R=40 L=1 Thr=2.17167GB/s
length:16777216 localSize=128 R=40 L=2 Thr=1.94203GB/s
length:16777216 localSize=128 R=41 L=0 Thr=2.09086GB/s
length:16777216 localSize=128 R=41 L=1 Thr=1.89051GB/s
length:16777216 localSize=128 R=41 L=2 Thr=2.10185GB/s
length:16777216 localSize=128 R=42 L=0 Thr=1.82003GB/s
length:16777216 localSize=128 R=42 L=1 Thr=2.0457GB/s
length:16777216 localSize=128 R=42 L=2 Thr=2.10638GB/s
length:16777216 localSize=128 R=43 L=0 Thr=1.94237GB/s
length:16777216 localSize=128 R=43 L=1 Thr=2.10921GB/s
length:16777216 localSize=128 R=43 L=2 Thr=1.99783GB/s
length:16777216 localSize=128 R=44 L=0 Thr=1.99938GB/s
length:16777216 localSize=128 R=44 L=1 Thr=2.23162GB/s
length:16777216 localSize=128 R=44 L=2 Thr=2.14498GB/s
length:16777216 localSize=128 R=45 L=0 Thr=1.98333GB/s
length:16777216 localSize=128 R=45 L=1 Thr=2.0092GB/s
length:16777216 localSize=128 R=45 L=2 Thr=2.10443GB/s
length:16777216 localSize=128 R=46 L=0 Thr=1.97671GB/s
length:16777216 localSize=128 R=46 L=1 Thr=2.22164GB/s
length:16777216 localSize=128 R=46 L=2 Thr=2.35699GB/s
length:16777216 localSize=128 R=47 L=0 Thr=1.84516GB/s
length:16777216 localSize=128 R=47 L=1 Thr=2.08095GB/s
length:16777216 localSize=128 R=47 L=2 Thr=2.4177GB/s
length:16777216 localSize=128 R=48 L=0 Thr=1.97063GB/s
length:16777216 localSize=128 R=48 L=1 Thr=2.16516GB/s
length:16777216 localSize=128 R=48 L=2 Thr=2.27793GB/s
length:16777216 localSize=128 R=49 L=0 Thr=2.18318GB/s
length:16777216 localSize=128 R=49 L=1 Thr=2.48414GB/s
length:16777216 localSize=128 R=49 L=2 Thr=2.53104GB/s
length:16777216 localSize=128 R=50 L=0 Thr=2.06902GB/s
length:16777216 localSize=128 R=50 L=1 Thr=2.62889GB/s
length:16777216 localSize=128 R=50 L=2 Thr=3.72738GB/s
length:16777216 localSize=128 R=51 L=0 Thr=2.28833GB/s
length:16777216 localSize=128 R=51 L=1 Thr=2.87121GB/s
length:16777216 localSize=128 R=51 L=2 Thr=4.28656GB/s
length:16777216 localSize=128 R=52 L=0 Thr=2.57995GB/s
length:16777216 localSize=128 R=52 L=1 Thr=4.77843GB/s
length:16777216 localSize=128 R=52 L=2 Thr=5.31229GB/s
length:16777216 localSize=128 R=53 L=0 Thr=3.19271GB/s
length:16777216 localSize=128 R=53 L=1 Thr=4.40365GB/s
length:16777216 localSize=128 R=53 L=2 Thr=3.82229GB/s
length:16777216 localSize=128 R=54 L=0 Thr=4.23534GB/s
length:16777216 localSize=128 R=54 L=1 Thr=4.36709GB/s
length:16777216 localSize=128 R=54 L=2 Thr=3.64472GB/s
length:16777216 localSize=128 R=55 L=0 Thr=3.32379GB/s
length:16777216 localSize=128 R=55 L=1 Thr=3.30435GB/s
length:16777216 localSize=128 R=55 L=2 Thr=2.98956GB/s
length:16777216 localSize=128 R=56 L=0 Thr=3.17472GB/s
length:16777216 localSize=128 R=56 L=1 Thr=3.14605GB/s
length:16777216 localSize=128 R=56 L=2 Thr=2.64138GB/s
length:16777216 localSize=128 R=57 L=0 Thr=2.94301GB/s
length:16777216 localSize=128 R=57 L=1 Thr=2.90242GB/s
length:16777216 localSize=128 R=57 L=2 Thr=2.43724GB/s
length:16777216 localSize=128 R=58 L=0 Thr=2.77217GB/s
length:16777216 localSize=128 R=58 L=1 Thr=2.81554GB/s
length:16777216 localSize=128 R=58 L=2 Thr=2.68089GB/s
length:16777216 localSize=128 R=59 L=0 Thr=2.52844GB/s
length:16777216 localSize=128 R=59 L=1 Thr=-nanGB/s
length:16777216 localSize=128 R=59 L=2 Thr=2.46053GB/s
length:16777216 localSize=128 R=60 L=0 Thr=2.36534GB/s
length:16777216 localSize=128 R=60 L=1 Thr=2.66964GB/s
length:16777216 localSize=128 R=60 L=2 Thr=2.77414GB/s
length:16777216 localSize=128 R=61 L=0 Thr=2.25163GB/s
length:16777216 localSize=128 R=61 L=1 Thr=2.28814GB/s
length:16777216 localSize=128 R=61 L=2 Thr=2.42853GB/s
length:16777216 localSize=128 R=62 L=0 Thr=2.12415GB/s
length:16777216 localSize=128 R=62 L=1 Thr=2.4846GB/s
length:16777216 localSize=128 R=62 L=2 Thr=-nanGB/s
length:16777216 localSize=128 R=63 L=0 Thr=2.34519GB/s
length:16777216 localSize=128 R=63 L=1 Thr=2.34078GB/s
length:16777216 localSize=128 R=63 L=2 Thr=2.7324GB/s
length:16777216 localSize=64 R=0 L=1 Thr=0.625735GB/s
length:16777216 localSize=64 R=0 L=2 Thr=0.947681GB/s
length:16777216 localSize=64 R=1 L=0 Thr=0.61617GB/s
length:16777216 localSize=64 R=1 L=1 Thr=0.948116GB/s
length:16777216 localSize=64 R=1 L=2 Thr=0.987212GB/s
length:16777216 localSize=64 R=2 L=0 Thr=0.950645GB/s
length:16777216 localSize=64 R=2 L=1 Thr=0.987517GB/s
length:16777216 localSize=64 R=2 L=2 Thr=1.32056GB/s
length:16777216 localSize=64 R=3 L=0 Thr=0.97926GB/s
length:16777216 localSize=64 R=3 L=1 Thr=1.29065GB/s
length:16777216 localSize=64 R=3 L=2 Thr=1.15854GB/s
length:16777216 localSize=64 R=4 L=0 Thr=1.25049GB/s
length:16777216 localSize=64 R=4 L=1 Thr=1.13399GB/s
length:16777216 localSize=64 R=4 L=2 Thr=1.26259GB/s
length:16777216 localSize=64 R=5 L=0 Thr=1.10151GB/s
length:16777216 localSize=64 R=5 L=1 Thr=1.31203GB/s
length:16777216 localSize=64 R=5 L=2 Thr=1.21742GB/s
length:16777216 localSize=64 R=6 L=0 Thr=1.23001GB/s
length:16777216 localSize=64 R=6 L=1 Thr=1.17639GB/s
length:16777216 localSize=64 R=6 L=2 Thr=1.64516GB/s
length:16777216 localSize=64 R=7 L=0 Thr=1.14416GB/s
length:16777216 localSize=64 R=7 L=1 Thr=1.5405GB/s
length:16777216 localSize=64 R=7 L=2 Thr=1.33117GB/s
length:16777216 localSize=64 R=8 L=0 Thr=1.52248GB/s
length:16777216 localSize=64 R=8 L=1 Thr=1.37057GB/s
length:16777216 localSize=64 R=8 L=2 Thr=1.4283GB/s
length:16777216 localSize=64 R=9 L=0 Thr=1.3122GB/s
length:16777216 localSize=64 R=9 L=1 Thr=1.32849GB/s
length:16777216 localSize=64 R=9 L=2 Thr=1.67419GB/s
length:16777216 localSize=64 R=10 L=0 Thr=1.36632GB/s
length:16777216 localSize=64 R=10 L=1 Thr=1.47312GB/s
length:16777216 localSize=64 R=10 L=2 Thr=1.31792GB/s
length:16777216 localSize=64 R=11 L=0 Thr=1.47201GB/s
length:16777216 localSize=64 R=11 L=1 Thr=1.27893GB/s
length:16777216 localSize=64 R=11 L=2 Thr=1.33346GB/s
length:16777216 localSize=64 R=12 L=0 Thr=1.28499GB/s
length:16777216 localSize=64 R=12 L=1 Thr=1.32569GB/s
length:16777216 localSize=64 R=12 L=2 Thr=1.29347GB/s
length:16777216 localSize=64 R=13 L=0 Thr=1.29738GB/s
length:16777216 localSize=64 R=13 L=1 Thr=1.29038GB/s
length:16777216 localSize=64 R=13 L=2 Thr=1.42759GB/s
length:16777216 localSize=64 R=14 L=0 Thr=1.3518GB/s
length:16777216 localSize=64 R=14 L=1 Thr=1.4851GB/s
length:16777216 localSize=64 R=14 L=2 Thr=1.9462GB/s
length:16777216 localSize=64 R=15 L=0 Thr=1.45656GB/s
length:16777216 localSize=64 R=15 L=1 Thr=1.93173GB/s
length:16777216 localSize=64 R=15 L=2 Thr=2.05806GB/s
length:16777216 localSize=64 R=16 L=0 Thr=1.70316GB/s
length:16777216 localSize=64 R=16 L=1 Thr=2.03333GB/s
length:16777216 localSize=64 R=16 L=2 Thr=1.46402GB/s
length:16777216 localSize=64 R=17 L=0 Thr=2.18613GB/s
length:16777216 localSize=64 R=17 L=1 Thr=1.42921GB/s
length:16777216 localSize=64 R=17 L=2 Thr=1.44957GB/s
length:16777216 localSize=64 R=18 L=0 Thr=1.50064GB/s
length:16777216 localSize=64 R=18 L=1 Thr=1.48477GB/s
length:16777216 localSize=64 R=18 L=2 Thr=1.59157GB/s
length:16777216 localSize=64 R=19 L=0 Thr=1.46702GB/s
length:16777216 localSize=64 R=19 L=1 Thr=1.44303GB/s
length:16777216 localSize=64 R=19 L=2 Thr=1.41456GB/s
length:16777216 localSize=64 R=20 L=0 Thr=1.49809GB/s
length:16777216 localSize=64 R=20 L=1 Thr=1.33807GB/s
length:16777216 localSize=64 R=20 L=2 Thr=1.56637GB/s
length:16777216 localSize=64 R=21 L=0 Thr=1.39792GB/s
length:16777216 localSize=64 R=21 L=1 Thr=1.57746GB/s
length:16777216 localSize=64 R=21 L=2 Thr=1.47967GB/s
length:16777216 localSize=64 R=22 L=0 Thr=1.69392GB/s
length:16777216 localSize=64 R=22 L=1 Thr=1.3939GB/s
length:16777216 localSize=64 R=22 L=2 Thr=1.49871GB/s
length:16777216 localSize=64 R=23 L=0 Thr=1.45205GB/s
length:16777216 localSize=64 R=23 L=1 Thr=1.40697GB/s
length:16777216 localSize=64 R=23 L=2 Thr=1.48155GB/s
length:16777216 localSize=64 R=24 L=0 Thr=1.39997GB/s
length:16777216 localSize=64 R=24 L=1 Thr=1.42978GB/s
length:16777216 localSize=64 R=24 L=2 Thr=1.39278GB/s
length:16777216 localSize=64 R=25 L=0 Thr=1.48706GB/s
length:16777216 localSize=64 R=25 L=1 Thr=1.40556GB/s
length:16777216 localSize=64 R=25 L=2 Thr=1.48505GB/s
length:16777216 localSize=64 R=26 L=0 Thr=1.38693GB/s
length:16777216 localSize=64 R=26 L=1 Thr=1.37579GB/s
length:16777216 localSize=64 R=26 L=2 Thr=1.6663GB/s
length:16777216 localSize=64 R=27 L=0 Thr=1.40655GB/s
length:16777216 localSize=64 R=27 L=1 Thr=1.58423GB/s
length:16777216 localSize=64 R=27 L=2 Thr=1.68786GB/s
length:16777216 localSize=64 R=28 L=0 Thr=1.57651GB/s
length:16777216 localSize=64 R=28 L=1 Thr=1.59307GB/s
length:16777216 localSize=64 R=28 L=2 Thr=1.79721GB/s
length:16777216 localSize=64 R=29 L=0 Thr=1.65659GB/s
length:16777216 localSize=64 R=29 L=1 Thr=1.8262GB/s
length:16777216 localSize=64 R=29 L=2 Thr=2.1131GB/s
length:16777216 localSize=64 R=30 L=0 Thr=1.86188GB/s
length:16777216 localSize=64 R=30 L=1 Thr=2.09757GB/s
length:16777216 localSize=64 R=30 L=2 Thr=2.63639GB/s
length:16777216 localSize=64 R=31 L=0 Thr=1.94386GB/s
length:16777216 localSize=64 R=31 L=1 Thr=2.55859GB/s
length:16777216 localSize=64 R=31 L=2 Thr=2.99376GB/s
length:16777216 localSize=64 R=32 L=0 Thr=2.63587GB/s
length:16777216 localSize=64 R=32 L=1 Thr=3.05141GB/s
length:16777216 localSize=64 R=32 L=2 Thr=-nanGB/s
length:16777216 localSize=64 R=33 L=0 Thr=2.95059GB/s
length:16777216 localSize=64 R=33 L=1 Thr=8.18579GB/s best!
length:16777216 localSize=64 R=33 L=2 Thr=6.23246GB/s
length:16777216 localSize=64 R=34 L=0 Thr=7.51234GB/s
length:16777216 localSize=64 R=34 L=1 Thr=6.50091GB/s
length:16777216 localSize=64 R=34 L=2 Thr=4.60709GB/s
length:16777216 localSize=64 R=35 L=0 Thr=6.62828GB/s
length:16777216 localSize=64 R=35 L=1 Thr=4.90369GB/s
length:16777216 localSize=64 R=35 L=2 Thr=3.68786GB/s
length:16777216 localSize=64 R=36 L=0 Thr=4.60691GB/s
length:16777216 localSize=64 R=36 L=1 Thr=3.73714GB/s
length:16777216 localSize=64 R=36 L=2 Thr=3.15515GB/s
length:16777216 localSize=64 R=37 L=0 Thr=3.7793GB/s
length:16777216 localSize=64 R=37 L=1 Thr=3.22095GB/s
length:16777216 localSize=64 R=37 L=2 Thr=2.57164GB/s
length:16777216 localSize=64 R=38 L=0 Thr=3.18183GB/s
length:16777216 localSize=64 R=38 L=1 Thr=2.51331GB/s
length:16777216 localSize=64 R=38 L=2 Thr=2.48768GB/s
length:16777216 localSize=64 R=39 L=0 Thr=2.53196GB/s
length:16777216 localSize=64 R=39 L=1 Thr=2.29934GB/s
length:16777216 localSize=64 R=39 L=2 Thr=2.36824GB/s
length:16777216 localSize=64 R=40 L=0 Thr=2.33543GB/s
length:16777216 localSize=64 R=40 L=1 Thr=2.41155GB/s
length:16777216 localSize=64 R=40 L=2 Thr=2.01592GB/s
length:16777216 localSize=64 R=41 L=0 Thr=2.46012GB/s
length:16777216 localSize=64 R=41 L=1 Thr=1.936GB/s
length:16777216 localSize=64 R=41 L=2 Thr=1.90762GB/s
length:16777216 localSize=64 R=42 L=0 Thr=1.9302GB/s
length:16777216 localSize=64 R=42 L=1 Thr=1.84499GB/s
length:16777216 localSize=64 R=42 L=2 Thr=1.85307GB/s
length:16777216 localSize=64 R=43 L=0 Thr=1.78386GB/s
length:16777216 localSize=64 R=43 L=1 Thr=1.74133GB/s
length:16777216 localSize=64 R=43 L=2 Thr=1.81089GB/s
length:16777216 localSize=64 R=44 L=0 Thr=1.79095GB/s
length:16777216 localSize=64 R=44 L=1 Thr=1.79081GB/s
length:16777216 localSize=64 R=44 L=2 Thr=1.74666GB/s
length:16777216 localSize=64 R=45 L=0 Thr=1.73002GB/s
length:16777216 localSize=64 R=45 L=1 Thr=1.66733GB/s
length:16777216 localSize=64 R=45 L=2 Thr=2.01455GB/s
length:16777216 localSize=64 R=46 L=0 Thr=1.77946GB/s
length:16777216 localSize=64 R=46 L=1 Thr=1.82422GB/s
length:16777216 localSize=64 R=46 L=2 Thr=2.00137GB/s
length:16777216 localSize=64 R=47 L=0 Thr=-nanGB/s
length:16777216 localSize=64 R=47 L=1 Thr=1.87048GB/s
length:16777216 localSize=64 R=47 L=2 Thr=1.93158GB/s
length:16777216 localSize=64 R=48 L=0 Thr=1.81109GB/s
length:16777216 localSize=64 R=48 L=1 Thr=2.04532GB/s
length:16777216 localSize=64 R=48 L=2 Thr=1.88002GB/s
length:16777216 localSize=64 R=49 L=0 Thr=1.75368GB/s
length:16777216 localSize=64 R=49 L=1 Thr=2.01028GB/s
length:16777216 localSize=64 R=49 L=2 Thr=1.85186GB/s
length:16777216 localSize=64 R=50 L=0 Thr=1.85208GB/s
length:16777216 localSize=64 R=50 L=1 Thr=1.90657GB/s
length:16777216 localSize=64 R=50 L=2 Thr=1.93118GB/s
length:16777216 localSize=64 R=51 L=0 Thr=1.7824GB/s
length:16777216 localSize=64 R=51 L=1 Thr=1.79887GB/s
length:16777216 localSize=64 R=51 L=2 Thr=1.7711GB/s
length:16777216 localSize=64 R=52 L=0 Thr=1.72547GB/s
length:16777216 localSize=64 R=52 L=1 Thr=1.81368GB/s
length:16777216 localSize=64 R=52 L=2 Thr=1.83272GB/s
length:16777216 localSize=64 R=53 L=0 Thr=1.7558GB/s
length:16777216 localSize=64 R=53 L=1 Thr=1.70952GB/s
length:16777216 localSize=64 R=53 L=2 Thr=1.78411GB/s
length:16777216 localSize=64 R=54 L=0 Thr=1.88818GB/s
length:16777216 localSize=64 R=54 L=1 Thr=1.73901GB/s
length:16777216 localSize=64 R=54 L=2 Thr=1.97224GB/s
length:16777216 localSize=64 R=55 L=0 Thr=1.83195GB/s
length:16777216 localSize=64 R=55 L=1 Thr=1.80304GB/s
length:16777216 localSize=64 R=55 L=2 Thr=2.1571GB/s
length:16777216 localSize=64 R=56 L=0 Thr=1.89648GB/s
length:16777216 localSize=64 R=56 L=1 Thr=2.05837GB/s
length:16777216 localSize=64 R=56 L=2 Thr=1.86001GB/s
length:16777216 localSize=64 R=57 L=0 Thr=1.96089GB/s
length:16777216 localSize=64 R=57 L=1 Thr=1.89768GB/s
length:16777216 localSize=64 R=57 L=2 Thr=2.26798GB/s
length:16777216 localSize=64 R=58 L=0 Thr=1.70789GB/s
length:16777216 localSize=64 R=58 L=1 Thr=1.88179GB/s
length:16777216 localSize=64 R=58 L=2 Thr=1.89433GB/s
length:16777216 localSize=64 R=59 L=0 Thr=1.82521GB/s
length:16777216 localSize=64 R=59 L=1 Thr=1.86714GB/s
length:16777216 localSize=64 R=59 L=2 Thr=2.00916GB/s
length:16777216 localSize=64 R=60 L=0 Thr=1.94952GB/s
length:16777216 localSize=64 R=60 L=1 Thr=1.87602GB/s
length:16777216 localSize=64 R=60 L=2 Thr=1.92102GB/s
length:16777216 localSize=64 R=61 L=0 Thr=1.90007GB/s
length:16777216 localSize=64 R=61 L=1 Thr=2.17466GB/s
length:16777216 localSize=64 R=61 L=2 Thr=2.29217GB/s
length:16777216 localSize=64 R=62 L=0 Thr=1.91301GB/s
length:16777216 localSize=64 R=62 L=1 Thr=2.24277GB/s
length:16777216 localSize=64 R=62 L=2 Thr=2.17978GB/s
length:16777216 localSize=64 R=63 L=0 Thr=1.95946GB/s
length:16777216 localSize=64 R=63 L=1 Thr=2.39115GB/s
length:16777216 localSize=64 R=63 L=2 Thr=2.42795GB/s
length:16777216 localSize=64 R=64 L=0 Thr=2.36882GB/s
length:16777216 localSize=64 R=64 L=1 Thr=2.14441GB/s
length:16777216 localSize=64 R=64 L=2 Thr=2.74264GB/s
length:16777216 localSize=64 R=65 L=0 Thr=2.16357GB/s
length:16777216 localSize=64 R=65 L=1 Thr=2.6727GB/s
length:16777216 localSize=64 R=65 L=2 Thr=2.60158GB/s
length:16777216 localSize=64 R=66 L=0 Thr=2.38704GB/s
length:16777216 localSize=64 R=66 L=1 Thr=2.63952GB/s
length:16777216 localSize=64 R=66 L=2 Thr=4.18744GB/s
length:16777216 localSize=64 R=67 L=0 Thr=2.83705GB/s
length:16777216 localSize=64 R=67 L=1 Thr=3.82056GB/s
length:16777216 localSize=64 R=67 L=2 Thr=6.84028GB/s
length:16777216 localSize=64 R=68 L=0 Thr=4.07703GB/s
length:16777216 localSize=64 R=68 L=1 Thr=7.08251GB/s
length:16777216 localSize=64 R=68 L=2 Thr=-nanGB/s
length:16777216 localSize=64 R=69 L=0 Thr=8.97952GB/s best!
length:16777216 localSize=64 R=69 L=1 Thr=5.09616GB/s
length:16777216 localSize=64 R=69 L=2 Thr=5.5104GB/s
length:16777216 localSize=64 R=70 L=0 Thr=4.83695GB/s
length:16777216 localSize=64 R=70 L=1 Thr=5.22708GB/s
length:16777216 localSize=64 R=70 L=2 Thr=4.66663GB/s
length:16777216 localSize=64 R=71 L=0 Thr=5.71576GB/s
length:16777216 localSize=64 R=71 L=1 Thr=4.52868GB/s
length:16777216 localSize=64 R=71 L=2 Thr=4.02526GB/s
length:16777216 localSize=64 R=72 L=0 Thr=5.49831GB/s
length:16777216 localSize=64 R=72 L=1 Thr=4.37499GB/s
length:16777216 localSize=64 R=72 L=2 Thr=3.95504GB/s
length:16777216 localSize=64 R=73 L=0 Thr=4.79893GB/s
length:16777216 localSize=64 R=73 L=1 Thr=4.13064GB/s
length:16777216 localSize=64 R=73 L=2 Thr=3.21464GB/s
length:16777216 localSize=64 R=74 L=0 Thr=4.09512GB/s
length:16777216 localSize=64 R=74 L=1 Thr=3.1592GB/s
length:16777216 localSize=64 R=74 L=2 Thr=3.00348GB/s
length:16777216 localSize=64 R=75 L=0 Thr=-nanGB/s
length:16777216 localSize=64 R=75 L=1 Thr=3.50305GB/s
length:16777216 localSize=64 R=75 L=2 Thr=3.35171GB/s
length:16777216 localSize=64 R=76 L=0 Thr=2.89733GB/s
length:16777216 localSize=64 R=76 L=1 Thr=3.12993GB/s
length:16777216 localSize=64 R=76 L=2 Thr=2.50538GB/s
length:16777216 localSize=64 R=77 L=0 Thr=2.89387GB/s
length:16777216 localSize=64 R=77 L=1 Thr=2.9861GB/s
length:16777216 localSize=64 R=77 L=2 Thr=2.15418GB/s
length:16777216 localSize=64 R=78 L=0 Thr=2.77391GB/s
length:16777216 localSize=64 R=78 L=1 Thr=2.58329GB/s
length:16777216 localSize=64 R=78 L=2 Thr=2.92908GB/s
length:16777216 localSize=64 R=79 L=0 Thr=2.5036GB/s
length:16777216 localSize=64 R=79 L=1 Thr=2.62822GB/s
length:16777216 localSize=64 R=79 L=2 Thr=-nanGB/s
length:16777216 localSize=64 R=80 L=0 Thr=3.17392GB/s
length:16777216 localSize=64 R=80 L=1 Thr=2.00339GB/s
length:16777216 localSize=64 R=80 L=2 Thr=2.21308GB/s
length:16777216 localSize=64 R=81 L=0 Thr=-nanGB/s
length:16777216 localSize=64 R=81 L=1 Thr=2.19703GB/s
length:16777216 localSize=64 R=81 L=2 Thr=-nanGB/s
length:16777216 localSize=64 R=82 L=0 Thr=2.17395GB/s
length:16777216 localSize=64 R=82 L=1 Thr=2.46127GB/s
length:16777216 localSize=64 R=82 L=2 Thr=2.30867GB/s
length:16777216 localSize=64 R=83 L=0 Thr=2.14767GB/s
length:16777216 localSize=64 R=83 L=1 Thr=2.18051GB/s
length:16777216 localSize=64 R=83 L=2 Thr=1.86253GB/s
length:16777216 localSize=64 R=84 L=0 Thr=-nanGB/s
length:16777216 localSize=64 R=84 L=1 Thr=1.91803GB/s
length:16777216 localSize=64 R=84 L=2 Thr=2.21578GB/s
length:16777216 localSize=64 R=85 L=0 Thr=2.09816GB/s
length:16777216 localSize=64 R=85 L=1 Thr=2.28876GB/s
length:16777216 localSize=64 R=85 L=2 Thr=2.16034GB/s
length:16777216 localSize=64 R=86 L=0 Thr=2.30603GB/s
length:16777216 localSize=64 R=86 L=1 Thr=2.31429GB/s
length:16777216 localSize=64 R=86 L=2 Thr=2.12724GB/s
length:16777216 localSize=64 R=87 L=0 Thr=2.05151GB/s
length:16777216 localSize=64 R=87 L=1 Thr=1.98539GB/s
length:16777216 localSize=64 R=87 L=2 Thr=2.21085GB/s
length:16777216 localSize=64 R=88 L=0 Thr=2.07535GB/s
length:16777216 localSize=64 R=88 L=1 Thr=2.17528GB/s
length:16777216 localSize=64 R=88 L=2 Thr=2.18039GB/s
length:16777216 localSize=64 R=89 L=0 Thr=2.00389GB/s
length:16777216 localSize=64 R=89 L=1 Thr=2.14136GB/s
length:16777216 localSize=64 R=89 L=2 Thr=2.21787GB/s
length:16777216 localSize=64 R=90 L=0 Thr=2.25632GB/s
length:16777216 localSize=64 R=90 L=1 Thr=2.60671GB/s
length:16777216 localSize=64 R=90 L=2 Thr=2.09223GB/s
length:16777216 localSize=64 R=91 L=0 Thr=2.48145GB/s
length:16777216 localSize=64 R=91 L=1 Thr=2.1243GB/s
length:16777216 localSize=64 R=91 L=2 Thr=2.22106GB/s
length:16777216 localSize=64 R=92 L=0 Thr=2.23758GB/s
length:16777216 localSize=64 R=92 L=1 Thr=2.15989GB/s
length:16777216 localSize=64 R=92 L=2 Thr=2.58465GB/s
length:16777216 localSize=64 R=93 L=0 Thr=2.10551GB/s
length:16777216 localSize=64 R=93 L=1 Thr=2.08603GB/s
length:16777216 localSize=64 R=93 L=2 Thr=2.14782GB/s
length:16777216 localSize=64 R=94 L=0 Thr=2.04733GB/s
length:16777216 localSize=64 R=94 L=1 Thr=2.2251GB/s
length:16777216 localSize=64 R=94 L=2 Thr=2.73974GB/s
length:16777216 localSize=64 R=95 L=0 Thr=2.23436GB/s
length:16777216 localSize=64 R=95 L=1 Thr=2.36082GB/s
length:16777216 localSize=64 R=95 L=2 Thr=2.60286GB/s
length:16777216 localSize=64 R=96 L=0 Thr=2.5248GB/s
length:16777216 localSize=64 R=96 L=1 Thr=2.19669GB/s
length:16777216 localSize=64 R=96 L=2 Thr=2.28492GB/s
length:16777216 localSize=64 R=97 L=0 Thr=2.11853GB/s
length:16777216 localSize=64 R=97 L=1 Thr=2.2903GB/s
length:16777216 localSize=64 R=97 L=2 Thr=2.63864GB/s
length:16777216 localSize=64 R=98 L=0 Thr=2.55259GB/s
length:16777216 localSize=64 R=98 L=1 Thr=2.81859GB/s
length:16777216 localSize=64 R=98 L=2 Thr=2.46331GB/s
length:16777216 localSize=64 R=99 L=0 Thr=2.31033GB/s
length:16777216 localSize=64 R=99 L=1 Thr=2.63012GB/s
length:16777216 localSize=64 R=99 L=2 Thr=2.73902GB/s
length:16777216 localSize=64 R=100 L=0 Thr=2.43791GB/s
length:16777216 localSize=64 R=100 L=1 Thr=2.44816GB/s
length:16777216 localSize=64 R=100 L=2 Thr=3.15034GB/s
length:16777216 localSize=64 R=101 L=0 Thr=3.26746GB/s
length:16777216 localSize=64 R=101 L=1 Thr=2.83664GB/s
length:16777216 localSize=64 R=101 L=2 Thr=4.80262GB/s
length:16777216 localSize=64 R=102 L=0 Thr=2.22885GB/s
length:16777216 localSize=64 R=102 L=1 Thr=3.49946GB/s
length:16777216 localSize=64 R=102 L=2 Thr=3.28915GB/s
length:16777216 localSize=64 R=103 L=0 Thr=4.28454GB/s
length:16777216 localSize=64 R=103 L=1 Thr=4.13868GB/s
length:16777216 localSize=64 R=103 L=2 Thr=7.09184GB/s
length:16777216 localSize=64 R=104 L=0 Thr=5.08857GB/s
length:16777216 localSize=64 R=104 L=1 Thr=3.30474GB/s
length:16777216 localSize=64 R=104 L=2 Thr=3.04462GB/s
length:16777216 localSize=64 R=105 L=0 Thr=3.58633GB/s
length:16777216 localSize=64 R=105 L=1 Thr=5.1293GB/s
length:16777216 localSize=64 R=105 L=2 Thr=4.35286GB/s
length:16777216 localSize=64 R=106 L=0 Thr=4.34568GB/s
length:16777216 localSize=64 R=106 L=1 Thr=4.12136GB/s
length:16777216 localSize=64 R=106 L=2 Thr=4.55179GB/s
length:16777216 localSize=64 R=107 L=0 Thr=4.02873GB/s
length:16777216 localSize=64 R=107 L=1 Thr=4.97851GB/s
length:16777216 localSize=64 R=107 L=2 Thr=4.73721GB/s
length:16777216 localSize=64 R=108 L=0 Thr=4.5767GB/s
length:16777216 localSize=64 R=108 L=1 Thr=4.02334GB/s
length:16777216 localSize=64 R=108 L=2 Thr=3.71254GB/s
length:16777216 localSize=64 R=109 L=0 Thr=-nanGB/s
length:16777216 localSize=64 R=109 L=1 Thr=3.23564GB/s
length:16777216 localSize=64 R=109 L=2 Thr=3.05558GB/s
length:16777216 localSize=64 R=110 L=0 Thr=3.35306GB/s
length:16777216 localSize=64 R=110 L=1 Thr=4.05797GB/s
length:16777216 localSize=64 R=110 L=2 Thr=3.75045GB/s
length:16777216 localSize=64 R=111 L=0 Thr=2.94166GB/s
length:16777216 localSize=64 R=111 L=1 Thr=2.97455GB/s
length:16777216 localSize=64 R=111 L=2 Thr=3.27342GB/s
length:16777216 localSize=64 R=112 L=0 Thr=3.31623GB/s
length:16777216 localSize=64 R=112 L=1 Thr=3.42767GB/s
length:16777216 localSize=64 R=112 L=2 Thr=2.94953GB/s
length:16777216 localSize=64 R=113 L=0 Thr=3.03122GB/s
length:16777216 localSize=64 R=113 L=1 Thr=3.24529GB/s
length:16777216 localSize=64 R=113 L=2 Thr=2.75413GB/s
length:16777216 localSize=64 R=114 L=0 Thr=3.32312GB/s
length:16777216 localSize=64 R=114 L=1 Thr=2.82358GB/s
length:16777216 localSize=64 R=114 L=2 Thr=3.20134GB/s
length:16777216 localSize=64 R=115 L=0 Thr=2.69843GB/s
length:16777216 localSize=64 R=115 L=1 Thr=3.22491GB/s
length:16777216 localSize=64 R=115 L=2 Thr=2.70441GB/s
length:16777216 localSize=64 R=116 L=0 Thr=3.13299GB/s
length:16777216 localSize=64 R=116 L=1 Thr=2.67276GB/s
length:16777216 localSize=64 R=116 L=2 Thr=3.18303GB/s
length:16777216 localSize=64 R=117 L=0 Thr=2.54736GB/s
length:16777216 localSize=64 R=117 L=1 Thr=2.89473GB/s
length:16777216 localSize=64 R=117 L=2 Thr=3.04641GB/s
length:16777216 localSize=64 R=118 L=0 Thr=2.66738GB/s
length:16777216 localSize=64 R=118 L=1 Thr=2.69143GB/s
length:16777216 localSize=64 R=118 L=2 Thr=3.12871GB/s
length:16777216 localSize=64 R=119 L=0 Thr=2.59896GB/s
length:16777216 localSize=64 R=119 L=1 Thr=2.89246GB/s
length:16777216 localSize=64 R=119 L=2 Thr=3.15296GB/s
length:16777216 localSize=64 R=120 L=0 Thr=2.90241GB/s
length:16777216 localSize=64 R=120 L=1 Thr=2.7886GB/s
length:16777216 localSize=64 R=120 L=2 Thr=2.80397GB/s
length:16777216 localSize=64 R=121 L=0 Thr=3.00599GB/s
length:16777216 localSize=64 R=121 L=1 Thr=3.0357GB/s
length:16777216 localSize=64 R=121 L=2 Thr=2.85997GB/s
length:16777216 localSize=64 R=122 L=0 Thr=2.95834GB/s
length:16777216 localSize=64 R=122 L=1 Thr=3.08788GB/s
length:16777216 localSize=64 R=122 L=2 Thr=2.8493GB/s
length:16777216 localSize=64 R=123 L=0 Thr=2.59255GB/s
length:16777216 localSize=64 R=123 L=1 Thr=2.62304GB/s
length:16777216 localSize=64 R=123 L=2 Thr=3.23894GB/s
length:16777216 localSize=64 R=124 L=0 Thr=2.97701GB/s
length:16777216 localSize=64 R=124 L=1 Thr=2.95386GB/s
length:16777216 localSize=64 R=124 L=2 Thr=3.5908GB/s
length:16777216 localSize=64 R=125 L=0 Thr=2.57415GB/s
length:16777216 localSize=64 R=125 L=1 Thr=2.46695GB/s
length:16777216 localSize=64 R=125 L=2 Thr=2.5018GB/s
length:16777216 localSize=64 R=126 L=0 Thr=2.35244GB/s
length:16777216 localSize=64 R=126 L=1 Thr=2.72681GB/s
length:16777216 localSize=64 R=126 L=2 Thr=2.62096GB/s
length:16777216 localSize=64 R=127 L=0 Thr=2.73483GB/s
length:16777216 localSize=64 R=127 L=1 Thr=2.82604GB/s
length:16777216 localSize=64 R=127 L=2 Thr=2.89256GB/s
Final res:
	Best localSize=64
	Best R=69
	Best L=0
	Throughput=8.97952GB/s
