Starting to launch opencl_compare...
Fast run...
Data size: 512000000

Detection mode: All
------ Start hardware checking ------
Platform: Intel(R) OpenCL
Number of devices: 2
	Computing device 0 : Intel(R) Xeon(R) CPU E5-2650 v3 @ 2.30GHz
	Computing device 1 : Intel(R) Many Integrated Core Acceleration Card
Please enter the index of the device to use (0,1,2...) : 1
Selected device: Intel(R) Many Integrated Core Acceleration Card
------ End of hardware checking ------

-------------------------------------------
totalSize: 16KB		totalNum: 2048
latency time: 2.76351 ns.
latency time: 2.92634 ns.
latency time: 2.50915 ns.
latency time: 2.51003 ns.
latency time: 2.49973 ns.
latency time: 2.48649 ns.
latency time: 2.48933 ns.
latency time: 2.48151 ns.
latency time: 2.48972 ns.
latency time: 2.49408 ns.
latency time: 2.50126 ns.
latency time: 2.50464 ns.
latency time: 2.51347 ns.
latency time: 2.75478 ns.
latency time: 2.74338 ns.
latency time: 2.97139 ns.
latency time: 2.73587 ns.
latency time: 3.04911 ns.
-------------------------------------------
totalSize: 32KB		totalNum: 4096
latency time: 3.10739 ns.
latency time: 3.94337 ns.
latency time: 2.52109 ns.
latency time: 3.24748 ns.
latency time: 2.52949 ns.
latency time: 2.57646 ns.
latency time: 2.51218 ns.
latency time: 2.51854 ns.
latency time: 2.50924 ns.
latency time: 2.73843 ns.
latency time: 2.5176 ns.
latency time: 2.52183 ns.
latency time: 2.77026 ns.
latency time: 2.73889 ns.
latency time: 2.73755 ns.
latency time: 2.74166 ns.
latency time: 2.75039 ns.
latency time: 2.7392 ns.
-------------------------------------------
totalSize: 64KB		totalNum: 8192
latency time: 5.07625 ns.
latency time: 7.06403 ns.
latency time: 11.2452 ns.
latency time: 21.3042 ns.
latency time: 20.8036 ns.
latency time: 19.9288 ns.
latency time: 21.505 ns.
latency time: 19.5825 ns.
latency time: 22.3845 ns.
latency time: 19.9746 ns.
latency time: 2.51491 ns.
latency time: 2.51505 ns.
latency time: 2.51217 ns.
latency time: 2.51323 ns.
latency time: 2.51164 ns.
latency time: 2.74465 ns.
latency time: 2.74012 ns.
latency time: 2.73907 ns.
-------------------------------------------
totalSize: 128KB		totalNum: 16384
latency time: 5.08707 ns.
latency time: 7.37755 ns.
latency time: 11.0617 ns.
latency time: 18.8868 ns.
latency time: 22.5747 ns.
latency time: 19.589 ns.
latency time: 22.1189 ns.
latency time: 20.2211 ns.
latency time: 20.5176 ns.
latency time: 21.5082 ns.
latency time: 19.5985 ns.
latency time: 2.51443 ns.
latency time: 2.75961 ns.
latency time: 2.74519 ns.
latency time: 3.08162 ns.
latency time: 2.73592 ns.
latency time: 2.86747 ns.
latency time: 2.74126 ns.
-------------------------------------------
totalSize: 256KB		totalNum: 32768
latency time: 4.99889 ns.
latency time: 6.81195 ns.
latency time: 11.0962 ns.
latency time: 21.4807 ns.
latency time: 20.2193 ns.
latency time: 19.979 ns.
latency time: 22.4227 ns.
latency time: 19.5834 ns.
latency time: 22.6068 ns.
latency time: 19.8439 ns.
latency time: 20.9053 ns.
latency time: 21.4572 ns.
latency time: 2.51328 ns.
latency time: 2.51958 ns.
latency time: 2.51302 ns.
latency time: 2.50548 ns.
latency time: 2.51035 ns.
latency time: 2.50778 ns.
-------------------------------------------
totalSize: 512KB		totalNum: 65536
latency time: 5.27355 ns.
latency time: 9.60407 ns.
latency time: 14.998 ns.
latency time: 21.2504 ns.
latency time: 31.6514 ns.
latency time: 52.1964 ns.
latency time: 38.6944 ns.
latency time: 27.0653 ns.
latency time: 26.2407 ns.
latency time: 20.9606 ns.
latency time: 24.2324 ns.
latency time: 21.6003 ns.
latency time: 21.0971 ns.
latency time: 2.7418 ns.
latency time: 2.90486 ns.
latency time: 2.73462 ns.
latency time: 3.02764 ns.
latency time: 2.50352 ns.
-------------------------------------------
totalSize: 1024KB		totalNum: 131072
latency time: 6.11254 ns.
latency time: 9.30789 ns.
latency time: 16.6335 ns.
latency time: 31.1264 ns.
latency time: 60.4808 ns.
latency time: 252.988 ns.
latency time: 253.919 ns.
latency time: 258.343 ns.
latency time: 266.717 ns.
latency time: 283.461 ns.
latency time: 279.926 ns.
latency time: 274.945 ns.
latency time: 276.343 ns.
latency time: 262.673 ns.
latency time: 2.52032 ns.
latency time: 2.51752 ns.
latency time: 2.53452 ns.
latency time: 2.50299 ns.
-------------------------------------------
totalSize: 2048KB		totalNum: 262144
latency time: 5.72044 ns.
latency time: 10.1049 ns.
latency time: 16.2073 ns.
latency time: 30.0163 ns.
latency time: 60.7492 ns.
latency time: 257.065 ns.
latency time: 255.656 ns.
latency time: 257.331 ns.
latency time: 266.443 ns.
latency time: 269.586 ns.
latency time: 271.094 ns.
latency time: 268.842 ns.
latency time: 271.493 ns.
latency time: 258.815 ns.
latency time: 264.876 ns.
latency time: 2.51788 ns.
latency time: 2.50872 ns.
latency time: 2.51443 ns.
-------------------------------------------
totalSize: 4096KB		totalNum: 524288
latency time: 5.6489 ns.
latency time: 9.8777 ns.
latency time: 17.2723 ns.
latency time: 29.497 ns.
latency time: 59.6206 ns.
latency time: 257.891 ns.
latency time: 257.609 ns.
latency time: 256.896 ns.
latency time: 263.514 ns.
latency time: 265.878 ns.
latency time: 270.326 ns.
latency time: 268.049 ns.
latency time: 265.873 ns.
latency time: 259.393 ns.
latency time: 255.019 ns.
latency time: 292.122 ns.
latency time: 2.52819 ns.
latency time: 2.75058 ns.
latency_16 = [2.76351,2.92634,2.50915,2.51003,2.49973,2.48649,2.48933,2.48151,2.48972,2.49408,2.50126,2.50464,2.51347,2.75478,2.74338,2.97139,2.73587,3.04911]
latency_32 = [3.10739,3.94337,2.52109,3.24748,2.52949,2.57646,2.51218,2.51854,2.50924,2.73843,2.5176,2.52183,2.77026,2.73889,2.73755,2.74166,2.75039,2.7392]
latency_64 = [5.07625,7.06403,11.2452,21.3042,20.8036,19.9288,21.505,19.5825,22.3845,19.9746,2.51491,2.51505,2.51217,2.51323,2.51164,2.74465,2.74012,2.73907]
latency_128 = [5.08707,7.37755,11.0617,18.8868,22.5747,19.589,22.1189,20.2211,20.5176,21.5082,19.5985,2.51443,2.75961,2.74519,3.08162,2.73592,2.86747,2.74126]
latency_256 = [4.99889,6.81195,11.0962,21.4807,20.2193,19.979,22.4227,19.5834,22.6068,19.8439,20.9053,21.4572,2.51328,2.51958,2.51302,2.50548,2.51035,2.50778]
latency_512 = [5.27355,9.60407,14.998,21.2504,31.6514,52.1964,38.6944,27.0653,26.2407,20.9606,24.2324,21.6003,21.0971,2.7418,2.90486,2.73462,3.02764,2.50352]
latency_1024 = [6.11254,9.30789,16.6335,31.1264,60.4808,252.988,253.919,258.343,266.717,283.461,279.926,274.945,276.343,262.673,2.52032,2.51752,2.53452,2.50299]
latency_2048 = [5.72044,10.1049,16.2073,30.0163,60.7492,257.065,255.656,257.331,266.443,269.586,271.094,268.842,271.493,258.815,264.876,2.51788,2.50872,2.51443]
latency_4096 = [5.6489,9.8777,17.2723,29.497,59.6206,257.891,257.609,256.896,263.514,265.878,270.326,268.049,265.873,259.393,255.019,292.122,2.52819,2.75058]
-------------------------------------------
totalSize: 16KB		totalNum: 2048
2.76351
2.92634
2.50915
2.51003
2.49973
2.48649
2.48933
2.48151
2.48972
2.49408
2.50126
2.50464
2.51347
2.75478
2.74338
2.97139
2.73587
3.04911
-------------------------------------------
totalSize: 32KB		totalNum: 4096
3.10739
3.94337
2.52109
3.24748
2.52949
2.57646
2.51218
2.51854
2.50924
2.73843
2.5176
2.52183
2.77026
2.73889
2.73755
2.74166
2.75039
2.7392
-------------------------------------------
totalSize: 64KB		totalNum: 8192
5.07625
7.06403
11.2452
21.3042
20.8036
19.9288
21.505
19.5825
22.3845
19.9746
2.51491
2.51505
2.51217
2.51323
2.51164
2.74465
2.74012
2.73907
-------------------------------------------
totalSize: 128KB		totalNum: 16384
5.08707
7.37755
11.0617
18.8868
22.5747
19.589
22.1189
20.2211
20.5176
21.5082
19.5985
2.51443
2.75961
2.74519
3.08162
2.73592
2.86747
2.74126
-------------------------------------------
totalSize: 256KB		totalNum: 32768
4.99889
6.81195
11.0962
21.4807
20.2193
19.979
22.4227
19.5834
22.6068
19.8439
20.9053
21.4572
2.51328
2.51958
2.51302
2.50548
2.51035
2.50778
-------------------------------------------
totalSize: 512KB		totalNum: 65536
5.27355
9.60407
14.998
21.2504
31.6514
52.1964
38.6944
27.0653
26.2407
20.9606
24.2324
21.6003
21.0971
2.7418
2.90486
2.73462
3.02764
2.50352
-------------------------------------------
totalSize: 1024KB		totalNum: 131072
6.11254
9.30789
16.6335
31.1264
60.4808
252.988
253.919
258.343
266.717
283.461
279.926
274.945
276.343
262.673
2.52032
2.51752
2.53452
2.50299
-------------------------------------------
totalSize: 2048KB		totalNum: 262144
5.72044
10.1049
16.2073
30.0163
60.7492
257.065
255.656
257.331
266.443
269.586
271.094
268.842
271.493
258.815
264.876
2.51788
2.50872
2.51443
-------------------------------------------
totalSize: 4096KB		totalNum: 524288
5.6489
9.8777
17.2723
29.497
59.6206
257.891
257.609
256.896
263.514
265.878
270.326
268.049
265.873
259.393
255.019
292.122
2.52819
2.75058
