
Starting to launch opencl_compare...
Fast run...
Data size: 1000

Detection mode: All
------ Start hardware checking ------
Platform: Intel(R) OpenCL
Number of devices: 2
	Computing device 0 : Intel(R) Xeon(R) CPU E5-2650 v3 @ 2.30GHz
	Computing device 1 : Intel(R) Many Integrated Core Acceleration Card
Please enter the index of the device to use (0,1,2...) : Selected device: Intel(R) Xeon(R) CPU E5-2650 v3 @ 2.30GHz
------ End of hardware checking ------

length:16777216 localSize=512 R=0 L=1 Thr=1.78929GB/s best!
length:16777216 localSize=512 R=0 L=2 Thr=2.23539GB/s best!
length:16777216 localSize=512 R=1 L=0 Thr=3.08354GB/s best!
length:16777216 localSize=512 R=1 L=1 Thr=2.09834GB/s
length:16777216 localSize=512 R=1 L=2 Thr=2.58901GB/s
length:16777216 localSize=512 R=2 L=0 Thr=3.23571GB/s best!
length:16777216 localSize=512 R=2 L=1 Thr=2.95304GB/s
length:16777216 localSize=512 R=2 L=2 Thr=3.31063GB/s best!
length:16777216 localSize=512 R=3 L=0 Thr=4.33749GB/s best!
length:16777216 localSize=512 R=3 L=1 Thr=7.0659GB/s best!
length:16777216 localSize=512 R=3 L=2 Thr=3.87357GB/s
length:16777216 localSize=512 R=4 L=0 Thr=5.18164GB/s
length:16777216 localSize=512 R=4 L=1 Thr=4.13914GB/s
length:16777216 localSize=512 R=4 L=2 Thr=4.29106GB/s
length:16777216 localSize=512 R=5 L=0 Thr=5.84209GB/s
length:16777216 localSize=512 R=5 L=1 Thr=4.75256GB/s
length:16777216 localSize=512 R=5 L=2 Thr=4.75987GB/s
length:16777216 localSize=512 R=6 L=0 Thr=6.25056GB/s
length:16777216 localSize=512 R=6 L=1 Thr=5.18682GB/s
length:16777216 localSize=512 R=6 L=2 Thr=5.20545GB/s
length:16777216 localSize=512 R=7 L=0 Thr=6.83076GB/s
length:16777216 localSize=512 R=7 L=1 Thr=-nanGB/s
length:16777216 localSize=512 R=7 L=2 Thr=10.4406GB/s best!
length:16777216 localSize=512 R=8 L=0 Thr=7.28222GB/s
length:16777216 localSize=512 R=8 L=1 Thr=7.9556GB/s
length:16777216 localSize=512 R=8 L=2 Thr=5.81144GB/s
length:16777216 localSize=512 R=9 L=0 Thr=7.86097GB/s
length:16777216 localSize=512 R=9 L=1 Thr=11.5214GB/s best!
length:16777216 localSize=512 R=9 L=2 Thr=6.10911GB/s
length:16777216 localSize=512 R=10 L=0 Thr=8.37173GB/s
length:16777216 localSize=512 R=10 L=1 Thr=6.59172GB/s
length:16777216 localSize=512 R=10 L=2 Thr=6.47632GB/s
length:16777216 localSize=512 R=11 L=0 Thr=8.4898GB/s
length:16777216 localSize=512 R=11 L=1 Thr=6.88568GB/s
length:16777216 localSize=512 R=11 L=2 Thr=6.61967GB/s
length:16777216 localSize=512 R=12 L=0 Thr=8.65782GB/s
length:16777216 localSize=512 R=12 L=1 Thr=7.29922GB/s
length:16777216 localSize=512 R=12 L=2 Thr=6.83181GB/s
length:16777216 localSize=512 R=13 L=0 Thr=8.89423GB/s
length:16777216 localSize=512 R=13 L=1 Thr=7.3116GB/s
length:16777216 localSize=512 R=13 L=2 Thr=7.08478GB/s
length:16777216 localSize=512 R=14 L=0 Thr=8.86647GB/s
length:16777216 localSize=512 R=14 L=1 Thr=13.5485GB/s best!
length:16777216 localSize=512 R=14 L=2 Thr=7.28269GB/s
length:16777216 localSize=512 R=15 L=0 Thr=9.47992GB/s
length:16777216 localSize=512 R=15 L=1 Thr=7.49841GB/s
length:16777216 localSize=512 R=15 L=2 Thr=7.57774GB/s
length:16777216 localSize=256 R=0 L=1 Thr=1.78103GB/s
length:16777216 localSize=256 R=0 L=2 Thr=2.28128GB/s
length:16777216 localSize=256 R=1 L=0 Thr=1.81786GB/s
length:16777216 localSize=256 R=1 L=1 Thr=2.16397GB/s
length:16777216 localSize=256 R=1 L=2 Thr=4.99978GB/s
length:16777216 localSize=256 R=2 L=0 Thr=3.27633GB/s
length:16777216 localSize=256 R=2 L=1 Thr=3.01204GB/s
length:16777216 localSize=256 R=2 L=2 Thr=3.38563GB/s
length:16777216 localSize=256 R=3 L=0 Thr=4.44232GB/s
length:16777216 localSize=256 R=3 L=1 Thr=3.82233GB/s
length:16777216 localSize=256 R=3 L=2 Thr=3.97902GB/s
length:16777216 localSize=256 R=4 L=0 Thr=5.29416GB/s
length:16777216 localSize=256 R=4 L=1 Thr=4.33614GB/s
length:16777216 localSize=256 R=4 L=2 Thr=4.39305GB/s
length:16777216 localSize=256 R=5 L=0 Thr=5.86464GB/s
length:16777216 localSize=256 R=5 L=1 Thr=4.92875GB/s
length:16777216 localSize=256 R=5 L=2 Thr=5.00418GB/s
length:16777216 localSize=256 R=6 L=0 Thr=6.78695GB/s
length:16777216 localSize=256 R=6 L=1 Thr=5.32885GB/s
length:16777216 localSize=256 R=6 L=2 Thr=5.32878GB/s
length:16777216 localSize=256 R=7 L=0 Thr=7.27779GB/s
length:16777216 localSize=256 R=7 L=1 Thr=5.80242GB/s
length:16777216 localSize=256 R=7 L=2 Thr=5.69733GB/s
length:16777216 localSize=256 R=8 L=0 Thr=7.7705GB/s
length:16777216 localSize=256 R=8 L=1 Thr=6.2359GB/s
length:16777216 localSize=256 R=8 L=2 Thr=6.04937GB/s
length:16777216 localSize=256 R=9 L=0 Thr=8.04191GB/s
length:16777216 localSize=256 R=9 L=1 Thr=6.46199GB/s
length:16777216 localSize=256 R=9 L=2 Thr=6.34945GB/s
length:16777216 localSize=256 R=10 L=0 Thr=8.47865GB/s
length:16777216 localSize=256 R=10 L=1 Thr=6.78575GB/s
length:16777216 localSize=256 R=10 L=2 Thr=6.79994GB/s
length:16777216 localSize=256 R=11 L=0 Thr=8.7528GB/s
length:16777216 localSize=256 R=11 L=1 Thr=7.34862GB/s
length:16777216 localSize=256 R=11 L=2 Thr=7.09291GB/s
length:16777216 localSize=256 R=12 L=0 Thr=9.05154GB/s
length:16777216 localSize=256 R=12 L=1 Thr=7.62906GB/s
length:16777216 localSize=256 R=12 L=2 Thr=7.14421GB/s
length:16777216 localSize=256 R=13 L=0 Thr=9.23319GB/s
length:16777216 localSize=256 R=13 L=1 Thr=7.67689GB/s
length:16777216 localSize=256 R=13 L=2 Thr=7.4338GB/s
length:16777216 localSize=256 R=14 L=0 Thr=9.37546GB/s
length:16777216 localSize=256 R=14 L=1 Thr=7.84237GB/s
length:16777216 localSize=256 R=14 L=2 Thr=7.59789GB/s
length:16777216 localSize=256 R=15 L=0 Thr=9.48299GB/s
length:16777216 localSize=256 R=15 L=1 Thr=8.16471GB/s
length:16777216 localSize=256 R=15 L=2 Thr=7.85963GB/s
length:16777216 localSize=256 R=16 L=0 Thr=9.73569GB/s
length:16777216 localSize=256 R=16 L=1 Thr=8.23315GB/s
length:16777216 localSize=256 R=16 L=2 Thr=8.05054GB/s
length:16777216 localSize=256 R=17 L=0 Thr=9.7815GB/s
length:16777216 localSize=256 R=17 L=1 Thr=8.52609GB/s
length:16777216 localSize=256 R=17 L=2 Thr=8.17486GB/s
length:16777216 localSize=256 R=18 L=0 Thr=9.98879GB/s
length:16777216 localSize=256 R=18 L=1 Thr=8.69548GB/s
length:16777216 localSize=256 R=18 L=2 Thr=8.42914GB/s
length:16777216 localSize=256 R=19 L=0 Thr=10.177GB/s
length:16777216 localSize=256 R=19 L=1 Thr=8.79447GB/s
length:16777216 localSize=256 R=19 L=2 Thr=8.58649GB/s
length:16777216 localSize=256 R=20 L=0 Thr=10.3889GB/s
length:16777216 localSize=256 R=20 L=1 Thr=9.00903GB/s
length:16777216 localSize=256 R=20 L=2 Thr=8.58264GB/s
length:16777216 localSize=256 R=21 L=0 Thr=10.407GB/s
length:16777216 localSize=256 R=21 L=1 Thr=9.18733GB/s
length:16777216 localSize=256 R=21 L=2 Thr=8.76112GB/s
length:16777216 localSize=256 R=22 L=0 Thr=10.5292GB/s
length:16777216 localSize=256 R=22 L=1 Thr=9.23717GB/s
length:16777216 localSize=256 R=22 L=2 Thr=9.01778GB/s
length:16777216 localSize=256 R=23 L=0 Thr=10.6327GB/s
length:16777216 localSize=256 R=23 L=1 Thr=9.44993GB/s
length:16777216 localSize=256 R=23 L=2 Thr=9.13615GB/s
length:16777216 localSize=256 R=24 L=0 Thr=10.6984GB/s
length:16777216 localSize=256 R=24 L=1 Thr=9.40171GB/s
length:16777216 localSize=256 R=24 L=2 Thr=9.22537GB/s
length:16777216 localSize=256 R=25 L=0 Thr=10.9742GB/s
length:16777216 localSize=256 R=25 L=1 Thr=9.48416GB/s
length:16777216 localSize=256 R=25 L=2 Thr=9.26707GB/s
length:16777216 localSize=256 R=26 L=0 Thr=10.7567GB/s
length:16777216 localSize=256 R=26 L=1 Thr=9.8032GB/s
length:16777216 localSize=256 R=26 L=2 Thr=9.32821GB/s
length:16777216 localSize=256 R=27 L=0 Thr=11.0643GB/s
length:16777216 localSize=256 R=27 L=1 Thr=9.87713GB/s
length:16777216 localSize=256 R=27 L=2 Thr=9.48874GB/s
length:16777216 localSize=256 R=28 L=0 Thr=11.1257GB/s
length:16777216 localSize=256 R=28 L=1 Thr=9.95316GB/s
length:16777216 localSize=256 R=28 L=2 Thr=9.63336GB/s
length:16777216 localSize=256 R=29 L=0 Thr=11.0883GB/s
length:16777216 localSize=256 R=29 L=1 Thr=10.0181GB/s
length:16777216 localSize=256 R=29 L=2 Thr=9.61105GB/s
length:16777216 localSize=256 R=30 L=0 Thr=11.2544GB/s
length:16777216 localSize=256 R=30 L=1 Thr=10.0804GB/s
length:16777216 localSize=256 R=30 L=2 Thr=9.78377GB/s
length:16777216 localSize=256 R=31 L=0 Thr=11.1688GB/s
length:16777216 localSize=256 R=31 L=1 Thr=10.1958GB/s
length:16777216 localSize=256 R=31 L=2 Thr=9.96248GB/s
length:16777216 localSize=128 R=0 L=1 Thr=1.2235GB/s
length:16777216 localSize=128 R=0 L=2 Thr=2.223GB/s
length:16777216 localSize=128 R=1 L=0 Thr=1.19835GB/s
length:16777216 localSize=128 R=1 L=1 Thr=2.12371GB/s
length:16777216 localSize=128 R=1 L=2 Thr=2.65128GB/s
length:16777216 localSize=128 R=2 L=0 Thr=2.36659GB/s
length:16777216 localSize=128 R=2 L=1 Thr=2.97945GB/s
length:16777216 localSize=128 R=2 L=2 Thr=3.3411GB/s
length:16777216 localSize=128 R=3 L=0 Thr=-nanGB/s
length:16777216 localSize=128 R=3 L=1 Thr=3.68245GB/s
length:16777216 localSize=128 R=3 L=2 Thr=3.91442GB/s
length:16777216 localSize=128 R=4 L=0 Thr=5.25028GB/s
length:16777216 localSize=128 R=4 L=1 Thr=4.26332GB/s
length:16777216 localSize=128 R=4 L=2 Thr=4.42216GB/s
length:16777216 localSize=128 R=5 L=0 Thr=5.84221GB/s
length:16777216 localSize=128 R=5 L=1 Thr=4.80905GB/s
length:16777216 localSize=128 R=5 L=2 Thr=4.8985GB/s
length:16777216 localSize=128 R=6 L=0 Thr=6.34515GB/s
length:16777216 localSize=128 R=6 L=1 Thr=5.32847GB/s
length:16777216 localSize=128 R=6 L=2 Thr=5.33123GB/s
length:16777216 localSize=128 R=7 L=0 Thr=7.01099GB/s
length:16777216 localSize=128 R=7 L=1 Thr=5.7978GB/s
length:16777216 localSize=128 R=7 L=2 Thr=5.6777GB/s
length:16777216 localSize=128 R=8 L=0 Thr=7.68508GB/s
length:16777216 localSize=128 R=8 L=1 Thr=6.07914GB/s
length:16777216 localSize=128 R=8 L=2 Thr=6.07237GB/s
length:16777216 localSize=128 R=9 L=0 Thr=7.9577GB/s
length:16777216 localSize=128 R=9 L=1 Thr=6.54166GB/s
length:16777216 localSize=128 R=9 L=2 Thr=6.31547GB/s
length:16777216 localSize=128 R=10 L=0 Thr=8.39233GB/s
length:16777216 localSize=128 R=10 L=1 Thr=7.16306GB/s
length:16777216 localSize=128 R=10 L=2 Thr=6.70662GB/s
length:16777216 localSize=128 R=11 L=0 Thr=8.65701GB/s
length:16777216 localSize=128 R=11 L=1 Thr=7.22522GB/s
length:16777216 localSize=128 R=11 L=2 Thr=6.98875GB/s
length:16777216 localSize=128 R=12 L=0 Thr=9.0474GB/s
length:16777216 localSize=128 R=12 L=1 Thr=7.56509GB/s
length:16777216 localSize=128 R=12 L=2 Thr=7.31171GB/s
length:16777216 localSize=128 R=13 L=0 Thr=9.2032GB/s
length:16777216 localSize=128 R=13 L=1 Thr=7.79951GB/s
length:16777216 localSize=128 R=13 L=2 Thr=7.5584GB/s
length:16777216 localSize=128 R=14 L=0 Thr=9.40566GB/s
length:16777216 localSize=128 R=14 L=1 Thr=7.94025GB/s
length:16777216 localSize=128 R=14 L=2 Thr=7.71271GB/s
length:16777216 localSize=128 R=15 L=0 Thr=10.0252GB/s
length:16777216 localSize=128 R=15 L=1 Thr=8.19542GB/s
length:16777216 localSize=128 R=15 L=2 Thr=7.86411GB/s
length:16777216 localSize=128 R=16 L=0 Thr=9.7905GB/s
length:16777216 localSize=128 R=16 L=1 Thr=8.20106GB/s
length:16777216 localSize=128 R=16 L=2 Thr=8.08872GB/s
length:16777216 localSize=128 R=17 L=0 Thr=9.89732GB/s
length:16777216 localSize=128 R=17 L=1 Thr=8.51019GB/s
length:16777216 localSize=128 R=17 L=2 Thr=8.26055GB/s
length:16777216 localSize=128 R=18 L=0 Thr=10.0724GB/s
length:16777216 localSize=128 R=18 L=1 Thr=8.71582GB/s
length:16777216 localSize=128 R=18 L=2 Thr=8.43311GB/s
length:16777216 localSize=128 R=19 L=0 Thr=10.1846GB/s
length:16777216 localSize=128 R=19 L=1 Thr=8.90111GB/s
length:16777216 localSize=128 R=19 L=2 Thr=8.55863GB/s
length:16777216 localSize=128 R=20 L=0 Thr=10.3561GB/s
length:16777216 localSize=128 R=20 L=1 Thr=9.06144GB/s
length:16777216 localSize=128 R=20 L=2 Thr=8.69727GB/s
length:16777216 localSize=128 R=21 L=0 Thr=10.5268GB/s
length:16777216 localSize=128 R=21 L=1 Thr=9.11287GB/s
length:16777216 localSize=128 R=21 L=2 Thr=8.80005GB/s
length:16777216 localSize=128 R=22 L=0 Thr=10.635GB/s
length:16777216 localSize=128 R=22 L=1 Thr=9.28972GB/s
length:16777216 localSize=128 R=22 L=2 Thr=9.04658GB/s
length:16777216 localSize=128 R=23 L=0 Thr=10.6815GB/s
length:16777216 localSize=128 R=23 L=1 Thr=9.50408GB/s
length:16777216 localSize=128 R=23 L=2 Thr=9.15725GB/s
length:16777216 localSize=128 R=24 L=0 Thr=10.9324GB/s
length:16777216 localSize=128 R=24 L=1 Thr=9.60281GB/s
length:16777216 localSize=128 R=24 L=2 Thr=9.16983GB/s
length:16777216 localSize=128 R=25 L=0 Thr=10.7702GB/s
length:16777216 localSize=128 R=25 L=1 Thr=9.73085GB/s
length:16777216 localSize=128 R=25 L=2 Thr=-nanGB/s
length:16777216 localSize=128 R=26 L=0 Thr=11.0983GB/s
length:16777216 localSize=128 R=26 L=1 Thr=9.84302GB/s
length:16777216 localSize=128 R=26 L=2 Thr=9.48385GB/s
length:16777216 localSize=128 R=27 L=0 Thr=11.0043GB/s
length:16777216 localSize=128 R=27 L=1 Thr=9.84057GB/s
length:16777216 localSize=128 R=27 L=2 Thr=9.6369GB/s
length:16777216 localSize=128 R=28 L=0 Thr=11.2575GB/s
length:16777216 localSize=128 R=28 L=1 Thr=9.9984GB/s
length:16777216 localSize=128 R=28 L=2 Thr=9.67656GB/s
length:16777216 localSize=128 R=29 L=0 Thr=11.1889GB/s
length:16777216 localSize=128 R=29 L=1 Thr=10.0146GB/s
length:16777216 localSize=128 R=29 L=2 Thr=9.79436GB/s
length:16777216 localSize=128 R=30 L=0 Thr=11.3206GB/s
length:16777216 localSize=128 R=30 L=1 Thr=10.0248GB/s
length:16777216 localSize=128 R=30 L=2 Thr=9.88408GB/s
length:16777216 localSize=128 R=31 L=0 Thr=11.2115GB/s
length:16777216 localSize=128 R=31 L=1 Thr=10.2235GB/s
length:16777216 localSize=128 R=31 L=2 Thr=9.90672GB/s
length:16777216 localSize=128 R=32 L=0 Thr=11.4675GB/s
length:16777216 localSize=128 R=32 L=1 Thr=10.0816GB/s
length:16777216 localSize=128 R=32 L=2 Thr=9.90394GB/s
length:16777216 localSize=128 R=33 L=0 Thr=11.2329GB/s
length:16777216 localSize=128 R=33 L=1 Thr=10.2865GB/s
length:16777216 localSize=128 R=33 L=2 Thr=10.0364GB/s
length:16777216 localSize=128 R=34 L=0 Thr=11.295GB/s
length:16777216 localSize=128 R=34 L=1 Thr=10.4602GB/s
length:16777216 localSize=128 R=34 L=2 Thr=10.06GB/s
length:16777216 localSize=128 R=35 L=0 Thr=11.3602GB/s
length:16777216 localSize=128 R=35 L=1 Thr=10.4965GB/s
length:16777216 localSize=128 R=35 L=2 Thr=10.1498GB/s
length:16777216 localSize=128 R=36 L=0 Thr=11.5835GB/s
length:16777216 localSize=128 R=36 L=1 Thr=10.5308GB/s
length:16777216 localSize=128 R=36 L=2 Thr=10.1327GB/s
length:16777216 localSize=128 R=37 L=0 Thr=11.6421GB/s
length:16777216 localSize=128 R=37 L=1 Thr=10.5629GB/s
length:16777216 localSize=128 R=37 L=2 Thr=10.2422GB/s
length:16777216 localSize=128 R=38 L=0 Thr=11.461GB/s
length:16777216 localSize=128 R=38 L=1 Thr=10.7346GB/s
length:16777216 localSize=128 R=38 L=2 Thr=10.27GB/s
length:16777216 localSize=128 R=39 L=0 Thr=11.6457GB/s
length:16777216 localSize=128 R=39 L=1 Thr=10.7456GB/s
length:16777216 localSize=128 R=39 L=2 Thr=10.6375GB/s
length:16777216 localSize=128 R=40 L=0 Thr=11.7375GB/s
length:16777216 localSize=128 R=40 L=1 Thr=10.6397GB/s
length:16777216 localSize=128 R=40 L=2 Thr=10.4076GB/s
length:16777216 localSize=128 R=41 L=0 Thr=11.6295GB/s
length:16777216 localSize=128 R=41 L=1 Thr=10.6921GB/s
length:16777216 localSize=128 R=41 L=2 Thr=10.5736GB/s
length:16777216 localSize=128 R=42 L=0 Thr=11.788GB/s
length:16777216 localSize=128 R=42 L=1 Thr=10.8139GB/s
length:16777216 localSize=128 R=42 L=2 Thr=10.7092GB/s
length:16777216 localSize=128 R=43 L=0 Thr=11.6371GB/s
length:16777216 localSize=128 R=43 L=1 Thr=10.82GB/s
length:16777216 localSize=128 R=43 L=2 Thr=10.5703GB/s
length:16777216 localSize=128 R=44 L=0 Thr=11.7283GB/s
length:16777216 localSize=128 R=44 L=1 Thr=10.7385GB/s
length:16777216 localSize=128 R=44 L=2 Thr=10.6646GB/s
length:16777216 localSize=128 R=45 L=0 Thr=11.852GB/s
length:16777216 localSize=128 R=45 L=1 Thr=10.9992GB/s
length:16777216 localSize=128 R=45 L=2 Thr=10.7055GB/s
length:16777216 localSize=128 R=46 L=0 Thr=11.7827GB/s
length:16777216 localSize=128 R=46 L=1 Thr=10.9253GB/s
length:16777216 localSize=128 R=46 L=2 Thr=10.8249GB/s
length:16777216 localSize=128 R=47 L=0 Thr=11.7443GB/s
length:16777216 localSize=128 R=47 L=1 Thr=11.079GB/s
length:16777216 localSize=128 R=47 L=2 Thr=10.6885GB/s
length:16777216 localSize=128 R=48 L=0 Thr=11.8434GB/s
length:16777216 localSize=128 R=48 L=1 Thr=10.9777GB/s
length:16777216 localSize=128 R=48 L=2 Thr=10.928GB/s
length:16777216 localSize=128 R=49 L=0 Thr=11.832GB/s
length:16777216 localSize=128 R=49 L=1 Thr=11.0061GB/s
length:16777216 localSize=128 R=49 L=2 Thr=10.8673GB/s
length:16777216 localSize=128 R=50 L=0 Thr=11.6927GB/s
length:16777216 localSize=128 R=50 L=1 Thr=11.023GB/s
length:16777216 localSize=128 R=50 L=2 Thr=10.7872GB/s
length:16777216 localSize=128 R=51 L=0 Thr=11.9402GB/s
length:16777216 localSize=128 R=51 L=1 Thr=11.1086GB/s
length:16777216 localSize=128 R=51 L=2 Thr=10.8528GB/s
length:16777216 localSize=128 R=52 L=0 Thr=11.8738GB/s
length:16777216 localSize=128 R=52 L=1 Thr=11.0025GB/s
length:16777216 localSize=128 R=52 L=2 Thr=10.9204GB/s
length:16777216 localSize=128 R=53 L=0 Thr=11.8113GB/s
length:16777216 localSize=128 R=53 L=1 Thr=11.1379GB/s
length:16777216 localSize=128 R=53 L=2 Thr=10.9225GB/s
length:16777216 localSize=128 R=54 L=0 Thr=11.9301GB/s
length:16777216 localSize=128 R=54 L=1 Thr=11.1367GB/s
length:16777216 localSize=128 R=54 L=2 Thr=11.0134GB/s
length:16777216 localSize=128 R=55 L=0 Thr=12.0192GB/s
length:16777216 localSize=128 R=55 L=1 Thr=11.3774GB/s
length:16777216 localSize=128 R=55 L=2 Thr=11.0472GB/s
length:16777216 localSize=128 R=56 L=0 Thr=12.0721GB/s
length:16777216 localSize=128 R=56 L=1 Thr=11.2873GB/s
length:16777216 localSize=128 R=56 L=2 Thr=11.1493GB/s
length:16777216 localSize=128 R=57 L=0 Thr=11.9214GB/s
length:16777216 localSize=128 R=57 L=1 Thr=11.3269GB/s
length:16777216 localSize=128 R=57 L=2 Thr=11.1612GB/s
length:16777216 localSize=128 R=58 L=0 Thr=11.9083GB/s
length:16777216 localSize=128 R=58 L=1 Thr=11.2625GB/s
length:16777216 localSize=128 R=58 L=2 Thr=11.0707GB/s
length:16777216 localSize=128 R=59 L=0 Thr=12.008GB/s
length:16777216 localSize=128 R=59 L=1 Thr=11.3284GB/s
length:16777216 localSize=128 R=59 L=2 Thr=11.0401GB/s
length:16777216 localSize=128 R=60 L=0 Thr=12.055GB/s
length:16777216 localSize=128 R=60 L=1 Thr=11.4192GB/s
length:16777216 localSize=128 R=60 L=2 Thr=11.1465GB/s
length:16777216 localSize=128 R=61 L=0 Thr=11.9797GB/s
length:16777216 localSize=128 R=61 L=1 Thr=11.3682GB/s
length:16777216 localSize=128 R=61 L=2 Thr=11.2349GB/s
length:16777216 localSize=128 R=62 L=0 Thr=12.098GB/s
length:16777216 localSize=128 R=62 L=1 Thr=11.3754GB/s
length:16777216 localSize=128 R=62 L=2 Thr=11.294GB/s
length:16777216 localSize=128 R=63 L=0 Thr=12.0497GB/s
length:16777216 localSize=128 R=63 L=1 Thr=11.3842GB/s
length:16777216 localSize=128 R=63 L=2 Thr=11.386GB/s
length:16777216 localSize=64 R=0 L=1 Thr=0.677884GB/s
length:16777216 localSize=64 R=0 L=2 Thr=1.24731GB/s
length:16777216 localSize=64 R=1 L=0 Thr=-nanGB/s
length:16777216 localSize=64 R=1 L=1 Thr=1.25795GB/s
length:16777216 localSize=64 R=1 L=2 Thr=2.22339GB/s
length:16777216 localSize=64 R=2 L=0 Thr=1.33412GB/s
length:16777216 localSize=64 R=2 L=1 Thr=1.87916GB/s
length:16777216 localSize=64 R=2 L=2 Thr=2.49015GB/s
length:16777216 localSize=64 R=3 L=0 Thr=1.90692GB/s
length:16777216 localSize=64 R=3 L=1 Thr=2.41827GB/s
length:16777216 localSize=64 R=3 L=2 Thr=3.15255GB/s
length:16777216 localSize=64 R=4 L=0 Thr=2.45313GB/s
length:16777216 localSize=64 R=4 L=1 Thr=3.0501GB/s
length:16777216 localSize=64 R=4 L=2 Thr=3.76264GB/s
length:16777216 localSize=64 R=5 L=0 Thr=3.20114GB/s
length:16777216 localSize=64 R=5 L=1 Thr=3.5472GB/s
length:16777216 localSize=64 R=5 L=2 Thr=4.42101GB/s
length:16777216 localSize=64 R=6 L=0 Thr=3.68434GB/s
length:16777216 localSize=64 R=6 L=1 Thr=4.51362GB/s
length:16777216 localSize=64 R=6 L=2 Thr=4.9805GB/s
length:16777216 localSize=64 R=7 L=0 Thr=4.28557GB/s
length:16777216 localSize=64 R=7 L=1 Thr=4.80125GB/s
length:16777216 localSize=64 R=7 L=2 Thr=5.2735GB/s
length:16777216 localSize=64 R=8 L=0 Thr=4.68294GB/s
length:16777216 localSize=64 R=8 L=1 Thr=5.59351GB/s
length:16777216 localSize=64 R=8 L=2 Thr=5.69234GB/s
length:16777216 localSize=64 R=9 L=0 Thr=5.16178GB/s
length:16777216 localSize=64 R=9 L=1 Thr=5.82067GB/s
length:16777216 localSize=64 R=9 L=2 Thr=6.23051GB/s
length:16777216 localSize=64 R=10 L=0 Thr=5.8335GB/s
length:16777216 localSize=64 R=10 L=1 Thr=6.2704GB/s
length:16777216 localSize=64 R=10 L=2 Thr=6.43569GB/s
length:16777216 localSize=64 R=11 L=0 Thr=6.07895GB/s
length:16777216 localSize=64 R=11 L=1 Thr=7.30126GB/s
length:16777216 localSize=64 R=11 L=2 Thr=6.7292GB/s
length:16777216 localSize=64 R=12 L=0 Thr=8.21066GB/s
length:16777216 localSize=64 R=12 L=1 Thr=7.02135GB/s
length:16777216 localSize=64 R=12 L=2 Thr=7.10421GB/s
length:16777216 localSize=64 R=13 L=0 Thr=8.59203GB/s
length:16777216 localSize=64 R=13 L=1 Thr=7.3761GB/s
length:16777216 localSize=64 R=13 L=2 Thr=7.20969GB/s
length:16777216 localSize=64 R=14 L=0 Thr=9.0369GB/s
length:16777216 localSize=64 R=14 L=1 Thr=7.72076GB/s
length:16777216 localSize=64 R=14 L=2 Thr=7.55056GB/s
length:16777216 localSize=64 R=15 L=0 Thr=8.60274GB/s
length:16777216 localSize=64 R=15 L=1 Thr=7.93496GB/s
length:16777216 localSize=64 R=15 L=2 Thr=7.67651GB/s
length:16777216 localSize=64 R=16 L=0 Thr=9.51989GB/s
length:16777216 localSize=64 R=16 L=1 Thr=8.05247GB/s
length:16777216 localSize=64 R=16 L=2 Thr=7.87601GB/s
length:16777216 localSize=64 R=17 L=0 Thr=9.20545GB/s
length:16777216 localSize=64 R=17 L=1 Thr=8.16571GB/s
length:16777216 localSize=64 R=17 L=2 Thr=8.14645GB/s
length:16777216 localSize=64 R=18 L=0 Thr=9.39695GB/s
length:16777216 localSize=64 R=18 L=1 Thr=8.37893GB/s
length:16777216 localSize=64 R=18 L=2 Thr=8.32075GB/s
length:16777216 localSize=64 R=19 L=0 Thr=9.72561GB/s
length:16777216 localSize=64 R=19 L=1 Thr=8.65928GB/s
length:16777216 localSize=64 R=19 L=2 Thr=8.37275GB/s
length:16777216 localSize=64 R=20 L=0 Thr=9.86612GB/s
length:16777216 localSize=64 R=20 L=1 Thr=8.75821GB/s
length:16777216 localSize=64 R=20 L=2 Thr=8.40045GB/s
length:16777216 localSize=64 R=21 L=0 Thr=9.97084GB/s
length:16777216 localSize=64 R=21 L=1 Thr=8.87227GB/s
length:16777216 localSize=64 R=21 L=2 Thr=8.91645GB/s
length:16777216 localSize=64 R=22 L=0 Thr=10.2666GB/s
length:16777216 localSize=64 R=22 L=1 Thr=8.98799GB/s
length:16777216 localSize=64 R=22 L=2 Thr=8.85593GB/s
length:16777216 localSize=64 R=23 L=0 Thr=10.4093GB/s
length:16777216 localSize=64 R=23 L=1 Thr=9.16448GB/s
length:16777216 localSize=64 R=23 L=2 Thr=8.87323GB/s
length:16777216 localSize=64 R=24 L=0 Thr=10.4991GB/s
length:16777216 localSize=64 R=24 L=1 Thr=9.27573GB/s
length:16777216 localSize=64 R=24 L=2 Thr=9.05101GB/s
length:16777216 localSize=64 R=25 L=0 Thr=10.4967GB/s
length:16777216 localSize=64 R=25 L=1 Thr=9.29718GB/s
length:16777216 localSize=64 R=25 L=2 Thr=9.08872GB/s
length:16777216 localSize=64 R=26 L=0 Thr=11.0241GB/s
length:16777216 localSize=64 R=26 L=1 Thr=9.43321GB/s
length:16777216 localSize=64 R=26 L=2 Thr=9.26382GB/s
length:16777216 localSize=64 R=27 L=0 Thr=10.6102GB/s
length:16777216 localSize=64 R=27 L=1 Thr=9.68506GB/s
length:16777216 localSize=64 R=27 L=2 Thr=9.3884GB/s
length:16777216 localSize=64 R=28 L=0 Thr=10.783GB/s
length:16777216 localSize=64 R=28 L=1 Thr=9.8886GB/s
length:16777216 localSize=64 R=28 L=2 Thr=9.32609GB/s
length:16777216 localSize=64 R=29 L=0 Thr=10.8597GB/s
length:16777216 localSize=64 R=29 L=1 Thr=9.8244GB/s
length:16777216 localSize=64 R=29 L=2 Thr=9.4568GB/s
length:16777216 localSize=64 R=30 L=0 Thr=10.948GB/s
length:16777216 localSize=64 R=30 L=1 Thr=9.93505GB/s
length:16777216 localSize=64 R=30 L=2 Thr=9.78023GB/s
length:16777216 localSize=64 R=31 L=0 Thr=10.8854GB/s
length:16777216 localSize=64 R=31 L=1 Thr=9.98185GB/s
length:16777216 localSize=64 R=31 L=2 Thr=9.71863GB/s
length:16777216 localSize=64 R=32 L=0 Thr=11.259GB/s
length:16777216 localSize=64 R=32 L=1 Thr=9.94211GB/s
length:16777216 localSize=64 R=32 L=2 Thr=9.7396GB/s
length:16777216 localSize=64 R=33 L=0 Thr=11.0103GB/s
length:16777216 localSize=64 R=33 L=1 Thr=10.1009GB/s
length:16777216 localSize=64 R=33 L=2 Thr=9.87211GB/s
length:16777216 localSize=64 R=34 L=0 Thr=11.161GB/s
length:16777216 localSize=64 R=34 L=1 Thr=10.158GB/s
length:16777216 localSize=64 R=34 L=2 Thr=9.96147GB/s
length:16777216 localSize=64 R=35 L=0 Thr=11.3156GB/s
length:16777216 localSize=64 R=35 L=1 Thr=10.5904GB/s
length:16777216 localSize=64 R=35 L=2 Thr=9.95696GB/s
length:16777216 localSize=64 R=36 L=0 Thr=11.2688GB/s
length:16777216 localSize=64 R=36 L=1 Thr=10.3866GB/s
length:16777216 localSize=64 R=36 L=2 Thr=10.1101GB/s
length:16777216 localSize=64 R=37 L=0 Thr=11.1998GB/s
length:16777216 localSize=64 R=37 L=1 Thr=10.2764GB/s
length:16777216 localSize=64 R=37 L=2 Thr=10.0445GB/s
length:16777216 localSize=64 R=38 L=0 Thr=11.1893GB/s
length:16777216 localSize=64 R=38 L=1 Thr=10.3166GB/s
length:16777216 localSize=64 R=38 L=2 Thr=10.2028GB/s
length:16777216 localSize=64 R=39 L=0 Thr=11.351GB/s
length:16777216 localSize=64 R=39 L=1 Thr=10.5835GB/s
length:16777216 localSize=64 R=39 L=2 Thr=10.1494GB/s
length:16777216 localSize=64 R=40 L=0 Thr=11.4109GB/s
length:16777216 localSize=64 R=40 L=1 Thr=10.5271GB/s
length:16777216 localSize=64 R=40 L=2 Thr=10.2662GB/s
length:16777216 localSize=64 R=41 L=0 Thr=11.4215GB/s
length:16777216 localSize=64 R=41 L=1 Thr=10.4823GB/s
length:16777216 localSize=64 R=41 L=2 Thr=10.389GB/s
length:16777216 localSize=64 R=42 L=0 Thr=11.4554GB/s
length:16777216 localSize=64 R=42 L=1 Thr=10.6049GB/s
length:16777216 localSize=64 R=42 L=2 Thr=10.3556GB/s
length:16777216 localSize=64 R=43 L=0 Thr=11.4761GB/s
length:16777216 localSize=64 R=43 L=1 Thr=10.7181GB/s
length:16777216 localSize=64 R=43 L=2 Thr=10.315GB/s
length:16777216 localSize=64 R=44 L=0 Thr=11.5749GB/s
length:16777216 localSize=64 R=44 L=1 Thr=10.7149GB/s
length:16777216 localSize=64 R=44 L=2 Thr=10.5924GB/s
length:16777216 localSize=64 R=45 L=0 Thr=11.6556GB/s
length:16777216 localSize=64 R=45 L=1 Thr=10.7089GB/s
length:16777216 localSize=64 R=45 L=2 Thr=10.4937GB/s
length:16777216 localSize=64 R=46 L=0 Thr=11.5767GB/s
length:16777216 localSize=64 R=46 L=1 Thr=10.815GB/s
length:16777216 localSize=64 R=46 L=2 Thr=10.7283GB/s
length:16777216 localSize=64 R=47 L=0 Thr=11.5765GB/s
length:16777216 localSize=64 R=47 L=1 Thr=11.0411GB/s
length:16777216 localSize=64 R=47 L=2 Thr=10.6086GB/s
length:16777216 localSize=64 R=48 L=0 Thr=11.8408GB/s
length:16777216 localSize=64 R=48 L=1 Thr=10.7405GB/s
length:16777216 localSize=64 R=48 L=2 Thr=10.6233GB/s
length:16777216 localSize=64 R=49 L=0 Thr=11.7185GB/s
length:16777216 localSize=64 R=49 L=1 Thr=10.9299GB/s
length:16777216 localSize=64 R=49 L=2 Thr=10.8206GB/s
length:16777216 localSize=64 R=50 L=0 Thr=11.6745GB/s
length:16777216 localSize=64 R=50 L=1 Thr=10.7788GB/s
length:16777216 localSize=64 R=50 L=2 Thr=10.6672GB/s
length:16777216 localSize=64 R=51 L=0 Thr=11.7734GB/s
length:16777216 localSize=64 R=51 L=1 Thr=11.0649GB/s
length:16777216 localSize=64 R=51 L=2 Thr=10.7588GB/s
length:16777216 localSize=64 R=52 L=0 Thr=11.589GB/s
length:16777216 localSize=64 R=52 L=1 Thr=10.9515GB/s
length:16777216 localSize=64 R=52 L=2 Thr=10.6169GB/s
length:16777216 localSize=64 R=53 L=0 Thr=11.6669GB/s
length:16777216 localSize=64 R=53 L=1 Thr=11.0952GB/s
length:16777216 localSize=64 R=53 L=2 Thr=10.7007GB/s
length:16777216 localSize=64 R=54 L=0 Thr=11.6GB/s
length:16777216 localSize=64 R=54 L=1 Thr=11.0093GB/s
length:16777216 localSize=64 R=54 L=2 Thr=10.7597GB/s
length:16777216 localSize=64 R=55 L=0 Thr=11.8604GB/s
length:16777216 localSize=64 R=55 L=1 Thr=11.0091GB/s
length:16777216 localSize=64 R=55 L=2 Thr=10.9114GB/s
length:16777216 localSize=64 R=56 L=0 Thr=11.9312GB/s
length:16777216 localSize=64 R=56 L=1 Thr=11.0627GB/s
length:16777216 localSize=64 R=56 L=2 Thr=10.906GB/s
length:16777216 localSize=64 R=57 L=0 Thr=11.8482GB/s
length:16777216 localSize=64 R=57 L=1 Thr=11.0389GB/s
length:16777216 localSize=64 R=57 L=2 Thr=10.9427GB/s
length:16777216 localSize=64 R=58 L=0 Thr=11.8726GB/s
length:16777216 localSize=64 R=58 L=1 Thr=11.2426GB/s
length:16777216 localSize=64 R=58 L=2 Thr=11.0059GB/s
length:16777216 localSize=64 R=59 L=0 Thr=11.9624GB/s
length:16777216 localSize=64 R=59 L=1 Thr=11.3383GB/s
length:16777216 localSize=64 R=59 L=2 Thr=10.9752GB/s
length:16777216 localSize=64 R=60 L=0 Thr=11.8327GB/s
length:16777216 localSize=64 R=60 L=1 Thr=11.2445GB/s
length:16777216 localSize=64 R=60 L=2 Thr=10.8911GB/s
length:16777216 localSize=64 R=61 L=0 Thr=11.912GB/s
length:16777216 localSize=64 R=61 L=1 Thr=11.0781GB/s
length:16777216 localSize=64 R=61 L=2 Thr=10.9166GB/s
length:16777216 localSize=64 R=62 L=0 Thr=12.0437GB/s
length:16777216 localSize=64 R=62 L=1 Thr=11.2366GB/s
length:16777216 localSize=64 R=62 L=2 Thr=11.1307GB/s
length:16777216 localSize=64 R=63 L=0 Thr=11.7927GB/s
length:16777216 localSize=64 R=63 L=1 Thr=11.1504GB/s
length:16777216 localSize=64 R=63 L=2 Thr=11.0423GB/s
length:16777216 localSize=64 R=64 L=0 Thr=12.0923GB/s
length:16777216 localSize=64 R=64 L=1 Thr=11.1918GB/s
length:16777216 localSize=64 R=64 L=2 Thr=11.109GB/s
length:16777216 localSize=64 R=65 L=0 Thr=11.9192GB/s
length:16777216 localSize=64 R=65 L=1 Thr=11.1875GB/s
length:16777216 localSize=64 R=65 L=2 Thr=10.8942GB/s
length:16777216 localSize=64 R=66 L=0 Thr=11.893GB/s
length:16777216 localSize=64 R=66 L=1 Thr=11.322GB/s
length:16777216 localSize=64 R=66 L=2 Thr=11.1286GB/s
length:16777216 localSize=64 R=67 L=0 Thr=11.8308GB/s
length:16777216 localSize=64 R=67 L=1 Thr=11.252GB/s
length:16777216 localSize=64 R=67 L=2 Thr=11.2006GB/s
length:16777216 localSize=64 R=68 L=0 Thr=11.8442GB/s
length:16777216 localSize=64 R=68 L=1 Thr=11.4365GB/s
length:16777216 localSize=64 R=68 L=2 Thr=11.1032GB/s
length:16777216 localSize=64 R=69 L=0 Thr=11.8127GB/s
length:16777216 localSize=64 R=69 L=1 Thr=11.3858GB/s
length:16777216 localSize=64 R=69 L=2 Thr=11.0532GB/s
length:16777216 localSize=64 R=70 L=0 Thr=11.8342GB/s
length:16777216 localSize=64 R=70 L=1 Thr=11.2993GB/s
length:16777216 localSize=64 R=70 L=2 Thr=11.2477GB/s
length:16777216 localSize=64 R=71 L=0 Thr=11.9771GB/s
length:16777216 localSize=64 R=71 L=1 Thr=11.3396GB/s
length:16777216 localSize=64 R=71 L=2 Thr=11.3996GB/s
length:16777216 localSize=64 R=72 L=0 Thr=12.263GB/s
length:16777216 localSize=64 R=72 L=1 Thr=11.4768GB/s
length:16777216 localSize=64 R=72 L=2 Thr=11.3785GB/s
length:16777216 localSize=64 R=73 L=0 Thr=11.9336GB/s
length:16777216 localSize=64 R=73 L=1 Thr=11.4566GB/s
length:16777216 localSize=64 R=73 L=2 Thr=11.2819GB/s
length:16777216 localSize=64 R=74 L=0 Thr=11.9446GB/s
length:16777216 localSize=64 R=74 L=1 Thr=11.4266GB/s
length:16777216 localSize=64 R=74 L=2 Thr=11.3138GB/s
length:16777216 localSize=64 R=75 L=0 Thr=11.9437GB/s
length:16777216 localSize=64 R=75 L=1 Thr=11.3703GB/s
length:16777216 localSize=64 R=75 L=2 Thr=11.1468GB/s
length:16777216 localSize=64 R=76 L=0 Thr=11.891GB/s
length:16777216 localSize=64 R=76 L=1 Thr=11.6654GB/s
length:16777216 localSize=64 R=76 L=2 Thr=11.3466GB/s
length:16777216 localSize=64 R=77 L=0 Thr=11.9537GB/s
length:16777216 localSize=64 R=77 L=1 Thr=11.5017GB/s
length:16777216 localSize=64 R=77 L=2 Thr=11.1828GB/s
length:16777216 localSize=64 R=78 L=0 Thr=12.18GB/s
length:16777216 localSize=64 R=78 L=1 Thr=11.6412GB/s
length:16777216 localSize=64 R=78 L=2 Thr=11.4864GB/s
length:16777216 localSize=64 R=79 L=0 Thr=12.2273GB/s
length:16777216 localSize=64 R=79 L=1 Thr=11.7049GB/s
length:16777216 localSize=64 R=79 L=2 Thr=11.3557GB/s
length:16777216 localSize=64 R=80 L=0 Thr=12.2827GB/s
length:16777216 localSize=64 R=80 L=1 Thr=11.5909GB/s
length:16777216 localSize=64 R=80 L=2 Thr=11.5516GB/s
length:16777216 localSize=64 R=81 L=0 Thr=12.0976GB/s
length:16777216 localSize=64 R=81 L=1 Thr=11.5784GB/s
length:16777216 localSize=64 R=81 L=2 Thr=11.3663GB/s
length:16777216 localSize=64 R=82 L=0 Thr=12.2189GB/s
length:16777216 localSize=64 R=82 L=1 Thr=11.5947GB/s
length:16777216 localSize=64 R=82 L=2 Thr=11.3651GB/s
length:16777216 localSize=64 R=83 L=0 Thr=12.0286GB/s
length:16777216 localSize=64 R=83 L=1 Thr=11.7381GB/s
length:16777216 localSize=64 R=83 L=2 Thr=11.4345GB/s
length:16777216 localSize=64 R=84 L=0 Thr=12.1931GB/s
length:16777216 localSize=64 R=84 L=1 Thr=11.392GB/s
length:16777216 localSize=64 R=84 L=2 Thr=11.4043GB/s
length:16777216 localSize=64 R=85 L=0 Thr=12.2452GB/s
length:16777216 localSize=64 R=85 L=1 Thr=11.7333GB/s
length:16777216 localSize=64 R=85 L=2 Thr=11.5808GB/s
length:16777216 localSize=64 R=86 L=0 Thr=12.0412GB/s
length:16777216 localSize=64 R=86 L=1 Thr=11.7583GB/s
length:16777216 localSize=64 R=86 L=2 Thr=11.5414GB/s
length:16777216 localSize=64 R=87 L=0 Thr=12.11GB/s
length:16777216 localSize=64 R=87 L=1 Thr=11.6514GB/s
length:16777216 localSize=64 R=87 L=2 Thr=11.646GB/s
length:16777216 localSize=64 R=88 L=0 Thr=12.2058GB/s
length:16777216 localSize=64 R=88 L=1 Thr=11.5914GB/s
length:16777216 localSize=64 R=88 L=2 Thr=11.5585GB/s
length:16777216 localSize=64 R=89 L=0 Thr=12.2243GB/s
length:16777216 localSize=64 R=89 L=1 Thr=11.7152GB/s
length:16777216 localSize=64 R=89 L=2 Thr=11.5396GB/s
length:16777216 localSize=64 R=90 L=0 Thr=12.3131GB/s
length:16777216 localSize=64 R=90 L=1 Thr=11.6258GB/s
length:16777216 localSize=64 R=90 L=2 Thr=11.5975GB/s
length:16777216 localSize=64 R=91 L=0 Thr=12.3148GB/s
length:16777216 localSize=64 R=91 L=1 Thr=11.7304GB/s
length:16777216 localSize=64 R=91 L=2 Thr=11.5994GB/s
length:16777216 localSize=64 R=92 L=0 Thr=12.2774GB/s
length:16777216 localSize=64 R=92 L=1 Thr=11.7992GB/s
length:16777216 localSize=64 R=92 L=2 Thr=11.7209GB/s
length:16777216 localSize=64 R=93 L=0 Thr=12.2829GB/s
length:16777216 localSize=64 R=93 L=1 Thr=11.8671GB/s
length:16777216 localSize=64 R=93 L=2 Thr=11.7043GB/s
length:16777216 localSize=64 R=94 L=0 Thr=12.5402GB/s
length:16777216 localSize=64 R=94 L=1 Thr=11.9459GB/s
length:16777216 localSize=64 R=94 L=2 Thr=11.8582GB/s
length:16777216 localSize=64 R=95 L=0 Thr=12.2725GB/s
length:16777216 localSize=64 R=95 L=1 Thr=11.8778GB/s
length:16777216 localSize=64 R=95 L=2 Thr=11.7362GB/s
length:16777216 localSize=64 R=96 L=0 Thr=12.3965GB/s
length:16777216 localSize=64 R=96 L=1 Thr=12.0175GB/s
length:16777216 localSize=64 R=96 L=2 Thr=11.7209GB/s
length:16777216 localSize=64 R=97 L=0 Thr=12.3464GB/s
length:16777216 localSize=64 R=97 L=1 Thr=11.8428GB/s
length:16777216 localSize=64 R=97 L=2 Thr=11.7938GB/s
length:16777216 localSize=64 R=98 L=0 Thr=12.2817GB/s
length:16777216 localSize=64 R=98 L=1 Thr=11.865GB/s
length:16777216 localSize=64 R=98 L=2 Thr=11.7317GB/s
length:16777216 localSize=64 R=99 L=0 Thr=12.1681GB/s
length:16777216 localSize=64 R=99 L=1 Thr=11.7931GB/s
length:16777216 localSize=64 R=99 L=2 Thr=11.7019GB/s
length:16777216 localSize=64 R=100 L=0 Thr=12.387GB/s
length:16777216 localSize=64 R=100 L=1 Thr=11.8441GB/s
length:16777216 localSize=64 R=100 L=2 Thr=11.7388GB/s
length:16777216 localSize=64 R=101 L=0 Thr=12.2454GB/s
length:16777216 localSize=64 R=101 L=1 Thr=11.7795GB/s
length:16777216 localSize=64 R=101 L=2 Thr=11.6483GB/s
length:16777216 localSize=64 R=102 L=0 Thr=12.2974GB/s
length:16777216 localSize=64 R=102 L=1 Thr=11.862GB/s
length:16777216 localSize=64 R=102 L=2 Thr=11.8131GB/s
length:16777216 localSize=64 R=103 L=0 Thr=12.3791GB/s
length:16777216 localSize=64 R=103 L=1 Thr=11.9465GB/s
length:16777216 localSize=64 R=103 L=2 Thr=11.7051GB/s
length:16777216 localSize=64 R=104 L=0 Thr=12.3863GB/s
length:16777216 localSize=64 R=104 L=1 Thr=11.8919GB/s
length:16777216 localSize=64 R=104 L=2 Thr=11.7929GB/s
length:16777216 localSize=64 R=105 L=0 Thr=12.2701GB/s
length:16777216 localSize=64 R=105 L=1 Thr=11.827GB/s
length:16777216 localSize=64 R=105 L=2 Thr=11.8142GB/s
length:16777216 localSize=64 R=106 L=0 Thr=12.4104GB/s
length:16777216 localSize=64 R=106 L=1 Thr=11.9354GB/s
length:16777216 localSize=64 R=106 L=2 Thr=11.7821GB/s
length:16777216 localSize=64 R=107 L=0 Thr=12.4012GB/s
length:16777216 localSize=64 R=107 L=1 Thr=11.9151GB/s
length:16777216 localSize=64 R=107 L=2 Thr=11.8579GB/s
length:16777216 localSize=64 R=108 L=0 Thr=12.4088GB/s
length:16777216 localSize=64 R=108 L=1 Thr=11.9083GB/s
length:16777216 localSize=64 R=108 L=2 Thr=11.7691GB/s
length:16777216 localSize=64 R=109 L=0 Thr=12.3992GB/s
length:16777216 localSize=64 R=109 L=1 Thr=12.0155GB/s
length:16777216 localSize=64 R=109 L=2 Thr=11.8523GB/s
length:16777216 localSize=64 R=110 L=0 Thr=12.6244GB/s
length:16777216 localSize=64 R=110 L=1 Thr=12.3225GB/s
length:16777216 localSize=64 R=110 L=2 Thr=12.0487GB/s
length:16777216 localSize=64 R=111 L=0 Thr=12.5827GB/s
length:16777216 localSize=64 R=111 L=1 Thr=12.2064GB/s
length:16777216 localSize=64 R=111 L=2 Thr=11.8744GB/s
length:16777216 localSize=64 R=112 L=0 Thr=12.3997GB/s
length:16777216 localSize=64 R=112 L=1 Thr=12.3017GB/s
length:16777216 localSize=64 R=112 L=2 Thr=11.9068GB/s
length:16777216 localSize=64 R=113 L=0 Thr=12.2699GB/s
length:16777216 localSize=64 R=113 L=1 Thr=12.1123GB/s
length:16777216 localSize=64 R=113 L=2 Thr=11.8888GB/s
length:16777216 localSize=64 R=114 L=0 Thr=12.3881GB/s
length:16777216 localSize=64 R=114 L=1 Thr=12.0276GB/s
length:16777216 localSize=64 R=114 L=2 Thr=12.0377GB/s
length:16777216 localSize=64 R=115 L=0 Thr=12.3784GB/s
length:16777216 localSize=64 R=115 L=1 Thr=11.978GB/s
length:16777216 localSize=64 R=115 L=2 Thr=11.9175GB/s
length:16777216 localSize=64 R=116 L=0 Thr=12.3759GB/s
length:16777216 localSize=64 R=116 L=1 Thr=12.2898GB/s
length:16777216 localSize=64 R=116 L=2 Thr=12.185GB/s
length:16777216 localSize=64 R=117 L=0 Thr=12.3168GB/s
length:16777216 localSize=64 R=117 L=1 Thr=12.2188GB/s
length:16777216 localSize=64 R=117 L=2 Thr=12.0023GB/s
length:16777216 localSize=64 R=118 L=0 Thr=12.4099GB/s
length:16777216 localSize=64 R=118 L=1 Thr=11.9992GB/s
length:16777216 localSize=64 R=118 L=2 Thr=12.1761GB/s
length:16777216 localSize=64 R=119 L=0 Thr=12.4508GB/s
length:16777216 localSize=64 R=119 L=1 Thr=12.2185GB/s
length:16777216 localSize=64 R=119 L=2 Thr=12.058GB/s
length:16777216 localSize=64 R=120 L=0 Thr=12.5592GB/s
length:16777216 localSize=64 R=120 L=1 Thr=12.2884GB/s
length:16777216 localSize=64 R=120 L=2 Thr=11.9797GB/s
length:16777216 localSize=64 R=121 L=0 Thr=12.5829GB/s
length:16777216 localSize=64 R=121 L=1 Thr=12.1572GB/s
length:16777216 localSize=64 R=121 L=2 Thr=11.932GB/s
length:16777216 localSize=64 R=122 L=0 Thr=12.4906GB/s
length:16777216 localSize=64 R=122 L=1 Thr=12.1672GB/s
length:16777216 localSize=64 R=122 L=2 Thr=12.0075GB/s
length:16777216 localSize=64 R=123 L=0 Thr=12.4352GB/s
length:16777216 localSize=64 R=123 L=1 Thr=12.2496GB/s
length:16777216 localSize=64 R=123 L=2 Thr=11.9321GB/s
length:16777216 localSize=64 R=124 L=0 Thr=12.3949GB/s
length:16777216 localSize=64 R=124 L=1 Thr=12.1787GB/s
length:16777216 localSize=64 R=124 L=2 Thr=11.9551GB/s
length:16777216 localSize=64 R=125 L=0 Thr=12.4119GB/s
length:16777216 localSize=64 R=125 L=1 Thr=12.1223GB/s
length:16777216 localSize=64 R=125 L=2 Thr=12.0742GB/s
length:16777216 localSize=64 R=126 L=0 Thr=12.5646GB/s
length:16777216 localSize=64 R=126 L=1 Thr=12.1272GB/s
length:16777216 localSize=64 R=126 L=2 Thr=12.099GB/s
./bin/opencl_compare: line 101:  1643 Segmentation fault      (core dumped) /ghome/zlai/workspace/opencl_study/opencl/bin/executor 1000
