
Starting to launch opencl_compare...
Fast run...
Data size: 1600

Detection mode: All
------ Start hardware checking ------
Platform: Intel(R) OpenCL
Number of devices: 2
	Computing device 0 : Intel(R) Xeon(R) CPU E5-2650 v3 @ 2.30GHz
	Computing device 1 : Intel(R) Many Integrated Core Acceleration Card
Please enter the index of the device to use (0,1,2...) : Selected device: Intel(R) Many Integrated Core Acceleration Card
------ End of hardware checking ------

[Gather Running] len:33554432 size:128MB pass:1 gridSize:2048	time:55.2789 ms.(1.64744 ns/tuple)
[Gather Running] len:33554432 size:128MB pass:2 gridSize:2048	time:61.3386 ms.(1.82803 ns/tuple)
[Gather Running] len:33554432 size:128MB pass:4 gridSize:2048	time:74.4859 ms.(2.21985 ns/tuple)
[Gather Running] len:33554432 size:128MB pass:8 gridSize:2048	time:75.8747 ms.(2.26124 ns/tuple)
[Gather Running] len:33554432 size:128MB pass:16 gridSize:2048	time:94.5758 ms.(2.81858 ns/tuple)
[Gather Running] len:33554432 size:128MB pass:32 gridSize:2048	time:133.017 ms.(3.9642 ns/tuple)

[Gather Running] len:100663296 size:384MB pass:1 gridSize:6144	time:177.783 ms.(1.76611 ns/tuple)
[Gather Running] len:100663296 size:384MB pass:2 gridSize:6144	time:193.037 ms.(1.91765 ns/tuple)
[Gather Running] len:100663296 size:384MB pass:4 gridSize:6144	time:226.672 ms.(2.25178 ns/tuple)
[Gather Running] len:100663296 size:384MB pass:8 gridSize:6144	time:229.739 ms.(2.28225 ns/tuple)
[Gather Running] len:100663296 size:384MB pass:16 gridSize:6144	time:281.589 ms.(2.79733 ns/tuple)
[Gather Running] len:100663296 size:384MB pass:32 gridSize:6144	time:384.383 ms.(3.8185 ns/tuple)

[Gather Running] len:167772160 size:640MB pass:1 gridSize:10240	time:300.027 ms.(1.7883 ns/tuple)
[Gather Running] len:167772160 size:640MB pass:2 gridSize:10240	time:331.641 ms.(1.97674 ns/tuple)
[Gather Running] len:167772160 size:640MB pass:4 gridSize:10240	time:385.058 ms.(2.29513 ns/tuple)
[Gather Running] len:167772160 size:640MB pass:8 gridSize:10240	time:387.527 ms.(2.30984 ns/tuple)
[Gather Running] len:167772160 size:640MB pass:16 gridSize:10240	time:472.212 ms.(2.8146 ns/tuple)
[Gather Running] len:167772160 size:640MB pass:32 gridSize:10240	time:640.751 ms.(3.81917 ns/tuple)

[Gather Running] len:234881024 size:896MB pass:1 gridSize:14336	time:423.39 ms.(1.80257 ns/tuple)
[Gather Running] len:234881024 size:896MB pass:2 gridSize:14336	time:471.222 ms.(2.00621 ns/tuple)
[Gather Running] len:234881024 size:896MB pass:4 gridSize:14336	time:548.198 ms.(2.33394 ns/tuple)
[Gather Running] len:234881024 size:896MB pass:8 gridSize:14336	time:549.181 ms.(2.33812 ns/tuple)
[Gather Running] len:234881024 size:896MB pass:16 gridSize:14336	time:667.351 ms.(2.84123 ns/tuple)
[Gather Running] len:234881024 size:896MB pass:32 gridSize:14336	time:905.941 ms.(3.85702 ns/tuple)

[Gather Running] len:301989888 size:1152MB pass:1 gridSize:18432	time:544.57 ms.(1.80327 ns/tuple)
[Gather Running] len:301989888 size:1152MB pass:2 gridSize:18432	time:607.56 ms.(2.01186 ns/tuple)
[Gather Running] len:301989888 size:1152MB pass:4 gridSize:18432	time:708.606 ms.(2.34646 ns/tuple)
[Gather Running] len:301989888 size:1152MB pass:8 gridSize:18432	time:713.049 ms.(2.36117 ns/tuple)
[Gather Running] len:301989888 size:1152MB pass:16 gridSize:18432	time:857.183 ms.(2.83845 ns/tuple)
[Gather Running] len:301989888 size:1152MB pass:32 gridSize:18432	time:1160.18 ms.(3.84179 ns/tuple)

[Gather Running] len:369098752 size:1408MB pass:1 gridSize:22528	time:666.582 ms.(1.80597 ns/tuple)
[Gather Running] len:369098752 size:1408MB pass:2 gridSize:22528	time:746.954 ms.(2.02372 ns/tuple)
[Gather Running] len:369098752 size:1408MB pass:4 gridSize:22528	time:873.088 ms.(2.36546 ns/tuple)
[Gather Running] len:369098752 size:1408MB pass:8 gridSize:22528	time:885 ms.(2.39773 ns/tuple)
[Gather Running] len:369098752 size:1408MB pass:16 gridSize:22528	time:1052.34 ms.(2.8511 ns/tuple)
[Gather Running] len:369098752 size:1408MB pass:32 gridSize:22528	time:1419.43 ms.(3.84567 ns/tuple)

[Gather Running] len:436207616 size:1664MB pass:1 gridSize:26624	time:793.096 ms.(1.81816 ns/tuple)
[Gather Running] len:436207616 size:1664MB pass:2 gridSize:26624	time:887.459 ms.(2.03449 ns/tuple)
[Gather Running] len:436207616 size:1664MB pass:4 gridSize:26624	time:1040.35 ms.(2.385 ns/tuple)
[Gather Running] len:436207616 size:1664MB pass:8 gridSize:26624	time:1058.69 ms.(2.42703 ns/tuple)
[Gather Running] len:436207616 size:1664MB pass:16 gridSize:26624	time:1251.76 ms.(2.86965 ns/tuple)
[Gather Running] len:436207616 size:1664MB pass:32 gridSize:26624	time:1676.96 ms.(3.84441 ns/tuple)

[Gather Running] len:503316480 size:1920MB pass:1 gridSize:30720	time:914.708 ms.(1.81736 ns/tuple)
[Gather Running] len:503316480 size:1920MB pass:2 gridSize:30720	time:1026.23 ms.(2.03894 ns/tuple)
[Gather Running] len:503316480 size:1920MB pass:4 gridSize:30720	time:1202.95 ms.(2.39004 ns/tuple)
[Gather Running] len:503316480 size:1920MB pass:8 gridSize:30720	time:1228.58 ms.(2.44097 ns/tuple)
[Gather Running] len:503316480 size:1920MB pass:16 gridSize:30720	time:1446.71 ms.(2.87436 ns/tuple)
[Gather Running] len:503316480 size:1920MB pass:32 gridSize:30720	time:1939.61 ms.(3.85366 ns/tuple)

[Gather Running] len:570425344 size:2176MB pass:1 gridSize:34816	time:1037.16 ms.(1.81822 ns/tuple)
[Gather Running] len:570425344 size:2176MB pass:2 gridSize:34816	time:1163.41 ms.(2.03955 ns/tuple)
[Gather Running] len:570425344 size:2176MB pass:4 gridSize:34816	time:1366.63 ms.(2.39581 ns/tuple)
[Gather Running] len:570425344 size:2176MB pass:8 gridSize:34816	time:1400.79 ms.(2.4557 ns/tuple)
[Gather Running] len:570425344 size:2176MB pass:16 gridSize:34816	time:1646.03 ms.(2.88561 ns/tuple)
[Gather Running] len:570425344 size:2176MB pass:32 gridSize:34816	time:2191.61 ms.(3.84206 ns/tuple)

[Gather Running] len:637534208 size:2432MB pass:1 gridSize:38912	time:1161.47 ms.(1.82181 ns/tuple)
[Gather Running] len:637534208 size:2432MB pass:2 gridSize:38912	time:1305.33 ms.(2.04747 ns/tuple)
[Gather Running] len:637534208 size:2432MB pass:4 gridSize:38912	time:1535.57 ms.(2.40861 ns/tuple)
[Gather Running] len:637534208 size:2432MB pass:8 gridSize:38912	time:1574.01 ms.(2.4689 ns/tuple)
[Gather Running] len:637534208 size:2432MB pass:16 gridSize:38912	time:1857.54 ms.(2.91363 ns/tuple)
[Gather Running] len:637534208 size:2432MB pass:32 gridSize:38912	time:2453.87 ms.(3.849 ns/tuple)

[Gather Running] len:704643072 size:2688MB pass:1 gridSize:43008	time:1282.08 ms.(1.81947 ns/tuple)
[Gather Running] len:704643072 size:2688MB pass:2 gridSize:43008	time:1441 ms.(2.04501 ns/tuple)
[Gather Running] len:704643072 size:2688MB pass:4 gridSize:43008	time:1696.76 ms.(2.40798 ns/tuple)
[Gather Running] len:704643072 size:2688MB pass:8 gridSize:43008	time:1744.27 ms.(2.47539 ns/tuple)
[Gather Running] len:704643072 size:2688MB pass:16 gridSize:43008	time:2057.41 ms.(2.91979 ns/tuple)
[Gather Running] len:704643072 size:2688MB pass:32 gridSize:43008	time:2722.02 ms.(3.86298 ns/tuple)

[Gather Running] len:771751936 size:2944MB pass:1 gridSize:47104	time:1402.68 ms.(1.81752 ns/tuple)
[Gather Running] len:771751936 size:2944MB pass:2 gridSize:47104	time:1577.87 ms.(2.04453 ns/tuple)
[Gather Running] len:771751936 size:2944MB pass:4 gridSize:47104	time:1858.08 ms.(2.40762 ns/tuple)
[Gather Running] len:771751936 size:2944MB pass:8 gridSize:47104	time:1911.6 ms.(2.47696 ns/tuple)
[Gather Running] len:771751936 size:2944MB pass:16 gridSize:47104	time:2260.98 ms.(2.92967 ns/tuple)
[Gather Running] len:771751936 size:2944MB pass:32 gridSize:47104	time:2970.39 ms.(3.84889 ns/tuple)

[Gather Running] len:838860800 size:3200MB pass:1 gridSize:51200	time:1524.35 ms.(1.81716 ns/tuple)
[Gather Running] len:838860800 size:3200MB pass:2 gridSize:51200	time:1715.47 ms.(2.04501 ns/tuple)
[Gather Running] len:838860800 size:3200MB pass:4 gridSize:51200	time:2021.15 ms.(2.4094 ns/tuple)
[Gather Running] len:838860800 size:3200MB pass:8 gridSize:51200	time:2090.43 ms.(2.49198 ns/tuple)
[Gather Running] len:838860800 size:3200MB pass:16 gridSize:51200	time:2467.37 ms.(2.94134 ns/tuple)
[Gather Running] len:838860800 size:3200MB pass:32 gridSize:51200	time:3242.67 ms.(3.86556 ns/tuple)

[Gather Running] len:905969664 size:3456MB pass:1 gridSize:55296	time:1648.88 ms.(1.82002 ns/tuple)
[Gather Running] len:905969664 size:3456MB pass:2 gridSize:55296	time:1855.55 ms.(2.04813 ns/tuple)
[Gather Running] len:905969664 size:3456MB pass:4 gridSize:55296	time:2186.99 ms.(2.41398 ns/tuple)
[Gather Running] len:905969664 size:3456MB pass:8 gridSize:55296	time:2255.6 ms.(2.48971 ns/tuple)
[Gather Running] len:905969664 size:3456MB pass:16 gridSize:55296	time:2671.59 ms.(2.94888 ns/tuple)
[Gather Running] len:905969664 size:3456MB pass:32 gridSize:55296	time:3502.76 ms.(3.86631 ns/tuple)

[Gather Running] len:973078528 size:3712MB pass:1 gridSize:59392	time:1773.88 ms.(1.82296 ns/tuple)
[Gather Running] len:973078528 size:3712MB pass:2 gridSize:59392	time:2003.25 ms.(2.05867 ns/tuple)
[Gather Running] len:973078528 size:3712MB pass:4 gridSize:59392	time:2372.03 ms.(2.43766 ns/tuple)
[Gather Running] len:973078528 size:3712MB pass:8 gridSize:59392	time:2453.43 ms.(2.52131 ns/tuple)
[Gather Running] len:973078528 size:3712MB pass:16 gridSize:59392	time:2915.76 ms.(2.99642 ns/tuple)
[Gather Running] len:973078528 size:3712MB pass:32 gridSize:59392	time:3787.72 ms.(3.89251 ns/tuple)

[Scatter Running] len:33554432 size:128MB pass:1 gridSize:2048	time:61.8115 ms.(1.84213 ns/tuple)
[Scatter Running] len:33554432 size:128MB pass:2 gridSize:2048	time:65.1431 ms.(1.94141 ns/tuple)
[Scatter Running] len:33554432 size:128MB pass:4 gridSize:2048	time:75.7648 ms.(2.25797 ns/tuple)
[Scatter Running] len:33554432 size:128MB pass:8 gridSize:2048	time:76.2321 ms.(2.27189 ns/tuple)
[Scatter Running] len:33554432 size:128MB pass:16 gridSize:2048	time:94.3586 ms.(2.81211 ns/tuple)
[Scatter Running] len:33554432 size:128MB pass:32 gridSize:2048	time:132.893 ms.(3.96053 ns/tuple)

[Scatter Running] len:100663296 size:384MB pass:1 gridSize:6144	time:201.294 ms.(1.99968 ns/tuple)
[Scatter Running] len:100663296 size:384MB pass:2 gridSize:6144	time:212.686 ms.(2.11285 ns/tuple)
[Scatter Running] len:100663296 size:384MB pass:4 gridSize:6144	time:238.342 ms.(2.36772 ns/tuple)
[Scatter Running] len:100663296 size:384MB pass:8 gridSize:6144	time:239.129 ms.(2.37554 ns/tuple)
[Scatter Running] len:100663296 size:384MB pass:16 gridSize:6144	time:286.465 ms.(2.84577 ns/tuple)
[Scatter Running] len:100663296 size:384MB pass:32 gridSize:6144	time:387.291 ms.(3.84739 ns/tuple)

[Scatter Running] len:167772160 size:640MB pass:1 gridSize:10240	time:340.611 ms.(2.0302 ns/tuple)
[Scatter Running] len:167772160 size:640MB pass:2 gridSize:10240	time:366.298 ms.(2.1833 ns/tuple)
[Scatter Running] len:167772160 size:640MB pass:4 gridSize:10240	time:409.773 ms.(2.44244 ns/tuple)
[Scatter Running] len:167772160 size:640MB pass:8 gridSize:10240	time:407.23 ms.(2.42728 ns/tuple)
[Scatter Running] len:167772160 size:640MB pass:16 gridSize:10240	time:483.866 ms.(2.88406 ns/tuple)
[Scatter Running] len:167772160 size:640MB pass:32 gridSize:10240	time:647.363 ms.(3.85859 ns/tuple)

[Scatter Running] len:234881024 size:896MB pass:1 gridSize:14336	time:479.823 ms.(2.04283 ns/tuple)
[Scatter Running] len:234881024 size:896MB pass:2 gridSize:14336	time:520.245 ms.(2.21493 ns/tuple)
[Scatter Running] len:234881024 size:896MB pass:4 gridSize:14336	time:586.588 ms.(2.49738 ns/tuple)
[Scatter Running] len:234881024 size:896MB pass:8 gridSize:14336	time:580.178 ms.(2.4701 ns/tuple)
[Scatter Running] len:234881024 size:896MB pass:16 gridSize:14336	time:688.645 ms.(2.93189 ns/tuple)
[Scatter Running] len:234881024 size:896MB pass:32 gridSize:14336	time:920.764 ms.(3.92013 ns/tuple)

[Scatter Running] len:301989888 size:1152MB pass:1 gridSize:18432	time:619.108 ms.(2.0501 ns/tuple)
[Scatter Running] len:301989888 size:1152MB pass:2 gridSize:18432	time:673.238 ms.(2.22934 ns/tuple)
[Scatter Running] len:301989888 size:1152MB pass:4 gridSize:18432	time:762.956 ms.(2.52643 ns/tuple)
[Scatter Running] len:301989888 size:1152MB pass:8 gridSize:18432	time:753.005 ms.(2.49348 ns/tuple)
[Scatter Running] len:301989888 size:1152MB pass:16 gridSize:18432	time:886.625 ms.(2.93594 ns/tuple)
[Scatter Running] len:301989888 size:1152MB pass:32 gridSize:18432	time:1181.06 ms.(3.91093 ns/tuple)

[Scatter Running] len:369098752 size:1408MB pass:1 gridSize:22528	time:758.127 ms.(2.054 ns/tuple)
[Scatter Running] len:369098752 size:1408MB pass:2 gridSize:22528	time:826.817 ms.(2.2401 ns/tuple)
[Scatter Running] len:369098752 size:1408MB pass:4 gridSize:22528	time:941.291 ms.(2.55024 ns/tuple)
[Scatter Running] len:369098752 size:1408MB pass:8 gridSize:22528	time:936.43 ms.(2.53707 ns/tuple)
[Scatter Running] len:369098752 size:1408MB pass:16 gridSize:22528	time:1090.03 ms.(2.95322 ns/tuple)
[Scatter Running] len:369098752 size:1408MB pass:32 gridSize:22528	time:1447.38 ms.(3.92139 ns/tuple)

[Scatter Running] len:436207616 size:1664MB pass:1 gridSize:26624	time:900.817 ms.(2.06511 ns/tuple)
[Scatter Running] len:436207616 size:1664MB pass:2 gridSize:26624	time:984.216 ms.(2.2563 ns/tuple)
[Scatter Running] len:436207616 size:1664MB pass:4 gridSize:26624	time:1119.08 ms.(2.56549 ns/tuple)
[Scatter Running] len:436207616 size:1664MB pass:8 gridSize:26624	time:1120.02 ms.(2.56762 ns/tuple)
[Scatter Running] len:436207616 size:1664MB pass:16 gridSize:26624	time:1297.5 ms.(2.97451 ns/tuple)
[Scatter Running] len:436207616 size:1664MB pass:32 gridSize:26624	time:1711.43 ms.(3.92344 ns/tuple)

[Scatter Running] len:503316480 size:1920MB pass:1 gridSize:30720	time:1039.21 ms.(2.06472 ns/tuple)
[Scatter Running] len:503316480 size:1920MB pass:2 gridSize:30720	time:1138.01 ms.(2.26102 ns/tuple)
[Scatter Running] len:503316480 size:1920MB pass:4 gridSize:30720	time:1293.81 ms.(2.57058 ns/tuple)
[Scatter Running] len:503316480 size:1920MB pass:8 gridSize:30720	time:1301.49 ms.(2.58582 ns/tuple)
[Scatter Running] len:503316480 size:1920MB pass:16 gridSize:30720	time:1504.29 ms.(2.98876 ns/tuple)
[Scatter Running] len:503316480 size:1920MB pass:32 gridSize:30720	time:1979.77 ms.(3.93346 ns/tuple)

[Scatter Running] len:570425344 size:2176MB pass:1 gridSize:34816	time:1177.13 ms.(2.0636 ns/tuple)
[Scatter Running] len:570425344 size:2176MB pass:2 gridSize:34816	time:1290.54 ms.(2.26242 ns/tuple)
[Scatter Running] len:570425344 size:2176MB pass:4 gridSize:34816	time:1473.93 ms.(2.58391 ns/tuple)
[Scatter Running] len:570425344 size:2176MB pass:8 gridSize:34816	time:1482.36 ms.(2.5987 ns/tuple)
[Scatter Running] len:570425344 size:2176MB pass:16 gridSize:34816	time:1706.14 ms.(2.991 ns/tuple)
[Scatter Running] len:570425344 size:2176MB pass:32 gridSize:34816	time:2238.98 ms.(3.9251 ns/tuple)

[Scatter Running] len:637534208 size:2432MB pass:1 gridSize:38912	time:1316.8 ms.(2.06546 ns/tuple)
[Scatter Running] len:637534208 size:2432MB pass:2 gridSize:38912	time:1446.37 ms.(2.2687 ns/tuple)
[Scatter Running] len:637534208 size:2432MB pass:4 gridSize:38912	time:1653.7 ms.(2.59389 ns/tuple)
[Scatter Running] len:637534208 size:2432MB pass:8 gridSize:38912	time:1665.3 ms.(2.6121 ns/tuple)
[Scatter Running] len:637534208 size:2432MB pass:16 gridSize:38912	time:1926.11 ms.(3.02118 ns/tuple)
[Scatter Running] len:637534208 size:2432MB pass:32 gridSize:38912	time:2509.35 ms.(3.93603 ns/tuple)

[Scatter Running] len:704643072 size:2688MB pass:1 gridSize:43008	time:1454.55 ms.(2.06423 ns/tuple)
[Scatter Running] len:704643072 size:2688MB pass:2 gridSize:43008	time:1598.7 ms.(2.26881 ns/tuple)
[Scatter Running] len:704643072 size:2688MB pass:4 gridSize:43008	time:1830.42 ms.(2.59766 ns/tuple)
[Scatter Running] len:704643072 size:2688MB pass:8 gridSize:43008	time:1847.71 ms.(2.62219 ns/tuple)
[Scatter Running] len:704643072 size:2688MB pass:16 gridSize:43008	time:2135.83 ms.(3.03108 ns/tuple)
[Scatter Running] len:704643072 size:2688MB pass:32 gridSize:43008	time:2783.45 ms.(3.95015 ns/tuple)

[Scatter Running] len:771751936 size:2944MB pass:1 gridSize:47104	time:1596.46 ms.(2.06862 ns/tuple)
[Scatter Running] len:771751936 size:2944MB pass:2 gridSize:47104	time:1752.34 ms.(2.2706 ns/tuple)
[Scatter Running] len:771751936 size:2944MB pass:4 gridSize:47104	time:2005.18 ms.(2.59822 ns/tuple)
[Scatter Running] len:771751936 size:2944MB pass:8 gridSize:47104	time:2025.75 ms.(2.62487 ns/tuple)
[Scatter Running] len:771751936 size:2944MB pass:16 gridSize:47104	time:2349.1 ms.(3.04386 ns/tuple)
[Scatter Running] len:771751936 size:2944MB pass:32 gridSize:47104	time:3042.65 ms.(3.94253 ns/tuple)

[Scatter Running] len:838860800 size:3200MB pass:1 gridSize:51200	time:1735.12 ms.(2.06842 ns/tuple)
[Scatter Running] len:838860800 size:3200MB pass:2 gridSize:51200	time:1905.48 ms.(2.27151 ns/tuple)
[Scatter Running] len:838860800 size:3200MB pass:4 gridSize:51200	time:2180.35 ms.(2.59918 ns/tuple)
[Scatter Running] len:838860800 size:3200MB pass:8 gridSize:51200	time:2214.41 ms.(2.63979 ns/tuple)
[Scatter Running] len:838860800 size:3200MB pass:16 gridSize:51200	time:2561.24 ms.(3.05324 ns/tuple)
[Scatter Running] len:838860800 size:3200MB pass:32 gridSize:51200	time:3311.82 ms.(3.948 ns/tuple)

[Scatter Running] len:905969664 size:3456MB pass:1 gridSize:55296	time:1874.37 ms.(2.0689 ns/tuple)
[Scatter Running] len:905969664 size:3456MB pass:2 gridSize:55296	time:2060.44 ms.(2.27429 ns/tuple)
[Scatter Running] len:905969664 size:3456MB pass:4 gridSize:55296	time:2361.73 ms.(2.60686 ns/tuple)
[Scatter Running] len:905969664 size:3456MB pass:8 gridSize:55296	time:2389.13 ms.(2.6371 ns/tuple)
[Scatter Running] len:905969664 size:3456MB pass:16 gridSize:55296	time:2772.13 ms.(3.05985 ns/tuple)
[Scatter Running] len:905969664 size:3456MB pass:32 gridSize:55296	time:3583.78 ms.(3.95573 ns/tuple)

[Scatter Running] len:973078528 size:3712MB pass:1 gridSize:59392	time:2016.48 ms.(2.07227 ns/tuple)
[Scatter Running] len:973078528 size:3712MB pass:2 gridSize:59392	time:2223.05 ms.(2.28456 ns/tuple)
[Scatter Running] len:973078528 size:3712MB pass:4 gridSize:59392	time:2556.69 ms.(2.62742 ns/tuple)
[Scatter Running] len:973078528 size:3712MB pass:8 gridSize:59392	time:2597.44 ms.(2.6693 ns/tuple)
[Scatter Running] len:973078528 size:3712MB pass:16 gridSize:59392	time:3028.37 ms.(3.11215 ns/tuple)
[Scatter Running] len:973078528 size:3712MB pass:32 gridSize:59392	time:3879.81 ms.(3.98715 ns/tuple)
