
Starting to launch opencl_compare...
Fast run...
Data size: 1600
/ghome/zlai/workspace/opencl_study/opencl/bin/executor: /usr/local/cuda/lib64/libOpenCL.so.1: no version information available (required by /ghome/zlai/workspace/opencl_study/opencl/bin/executor)

Detection mode: All
------ Start hardware checking ------
Platform: NVIDIA CUDA
Number of devices: 2
	Computing device 0 : Tesla K40m
	Computing device 1 : Tesla K40m
Please enter the index of the device to use (0,1,2...) : Selected device: Tesla K40m
------ End of hardware checking ------

[Gather Running] len:33554432 size:128MB pass:1 gridSize:2048	time:22.0543 ms.(0.657269 ns/tuple)
[Gather Running] len:100663296 size:384MB pass:1 gridSize:6144	time:104.347 ms.(1.03659 ns/tuple)
[Gather Running] len:167772160 size:640MB pass:1 gridSize:10240	time:205.005 ms.(1.22193 ns/tuple)
[Gather Running] len:234881024 size:896MB pass:1 gridSize:14336	time:306.903 ms.(1.30663 ns/tuple)
[Gather Running] len:301989888 size:1152MB pass:1 gridSize:18432	time:408.726 ms.(1.35344 ns/tuple)
[Gather Running] len:369098752 size:1408MB pass:1 gridSize:22528	time:510.364 ms.(1.38273 ns/tuple)
[Gather Running] len:436207616 size:1664MB pass:1 gridSize:26624	time:612.223 ms.(1.40351 ns/tuple)
[Gather Running] len:503316480 size:1920MB pass:1 gridSize:30720	time:713.87 ms.(1.41833 ns/tuple)
[Gather Running] len:570425344 size:2176MB pass:1 gridSize:34816	time:881.473 ms.(1.54529 ns/tuple)
[Gather Running] len:637534208 size:2432MB pass:1 gridSize:38912	time:1863.97 ms.(2.92372 ns/tuple)
[Gather Running] len:704643072 size:2688MB pass:1 gridSize:43008	time:2847.69 ms.(4.04132 ns/tuple)
[Gather Running] len:771751936 size:2944MB pass:1 gridSize:47104	time:3827.26 ms.(4.95918 ns/tuple)
[Gather Running] len:838860800 size:3200MB pass:1 gridSize:51200	time:4840.96 ms.(5.77087 ns/tuple)
[Gather Running] len:905969664 size:3456MB pass:1 gridSize:55296	time:5887.69 ms.(6.49877 ns/tuple)
[Gather Running] len:973078528 size:3712MB pass:1 gridSize:59392	time:6950.04 ms.(7.14232 ns/tuple)
[Gather Running] len:1040187392 size:3968MB pass:1 gridSize:63488	time:8027.87 ms.(7.71771 ns/tuple)
[Scatter Running] len:33554432 size:128MB pass:1 gridSize:2048	time:23.9494 ms.(0.713747 ns/tuple)
[Scatter Running] len:100663296 size:384MB pass:1 gridSize:6144	time:102.996 ms.(1.02317 ns/tuple)
[Scatter Running] len:167772160 size:640MB pass:1 gridSize:10240	time:204.608 ms.(1.21956 ns/tuple)
[Scatter Running] len:234881024 size:896MB pass:1 gridSize:14336	time:306.561 ms.(1.30517 ns/tuple)
[Scatter Running] len:301989888 size:1152MB pass:1 gridSize:18432	time:408.417 ms.(1.35242 ns/tuple)
[Scatter Running] len:369098752 size:1408MB pass:1 gridSize:22528	time:509.968 ms.(1.38166 ns/tuple)
[Scatter Running] len:436207616 size:1664MB pass:1 gridSize:26624	time:611.75 ms.(1.40243 ns/tuple)
[Scatter Running] len:503316480 size:1920MB pass:1 gridSize:30720	time:713.524 ms.(1.41765 ns/tuple)
[Scatter Running] len:570425344 size:2176MB pass:1 gridSize:34816	time:833.338 ms.(1.46091 ns/tuple)
[Scatter Running] len:637534208 size:2432MB pass:1 gridSize:38912	time:1609.29 ms.(2.52425 ns/tuple)
[Scatter Running] len:704643072 size:2688MB pass:1 gridSize:43008	time:2619.99 ms.(3.71818 ns/tuple)
[Scatter Running] len:771751936 size:2944MB pass:1 gridSize:47104	time:3634.89 ms.(4.70992 ns/tuple)
[Scatter Running] len:838860800 size:3200MB pass:1 gridSize:51200	time:4662.3 ms.(5.55789 ns/tuple)
[Scatter Running] len:905969664 size:3456MB pass:1 gridSize:55296	time:5694.85 ms.(6.28592 ns/tuple)
[Scatter Running] len:973078528 size:3712MB pass:1 gridSize:59392	time:6730.93 ms.(6.91715 ns/tuple)
[Scatter Running] len:1040187392 size:3968MB pass:1 gridSize:63488	time:7769.37 ms.(7.46921 ns/tuple)

[Gather Running] len:33554432 size:128MB pass:2 gridSize:2048	time:23.6719 ms.(0.705479 ns/tuple)
[Gather Running] len:100663296 size:384MB pass:2 gridSize:6144	time:71.8714 ms.(0.713978 ns/tuple)
[Gather Running] len:167772160 size:640MB pass:2 gridSize:10240	time:156.763 ms.(0.934383 ns/tuple)
[Gather Running] len:234881024 size:896MB pass:2 gridSize:14336	time:258.487 ms.(1.1005 ns/tuple)
[Gather Running] len:301989888 size:1152MB pass:2 gridSize:18432	time:360.771 ms.(1.19464 ns/tuple)
[Gather Running] len:369098752 size:1408MB pass:2 gridSize:22528	time:462.613 ms.(1.25336 ns/tuple)
[Gather Running] len:436207616 size:1664MB pass:2 gridSize:26624	time:564.756 ms.(1.2947 ns/tuple)
[Gather Running] len:503316480 size:1920MB pass:2 gridSize:30720	time:666.404 ms.(1.32403 ns/tuple)
[Gather Running] len:570425344 size:2176MB pass:2 gridSize:34816	time:768.061 ms.(1.34647 ns/tuple)
[Gather Running] len:637534208 size:2432MB pass:2 gridSize:38912	time:870.653 ms.(1.36566 ns/tuple)
[Gather Running] len:704643072 size:2688MB pass:2 gridSize:43008	time:973.233 ms.(1.38117 ns/tuple)
[Gather Running] len:771751936 size:2944MB pass:2 gridSize:47104	time:1072.89 ms.(1.3902 ns/tuple)
[Gather Running] len:838860800 size:3200MB pass:2 gridSize:51200	time:1174.83 ms.(1.40051 ns/tuple)
[Gather Running] len:905969664 size:3456MB pass:2 gridSize:55296	time:1277.87 ms.(1.4105 ns/tuple)
[Gather Running] len:973078528 size:3712MB pass:2 gridSize:59392	time:1380.55 ms.(1.41874 ns/tuple)
[Gather Running] len:1040187392 size:3968MB pass:2 gridSize:63488	time:1482.44 ms.(1.42517 ns/tuple)
[Scatter Running] len:33554432 size:128MB pass:2 gridSize:2048	time:25.2097 ms.(0.751308 ns/tuple)
[Scatter Running] len:100663296 size:384MB pass:2 gridSize:6144	time:76.3955 ms.(0.758921 ns/tuple)
[Scatter Running] len:167772160 size:640MB pass:2 gridSize:10240	time:156.313 ms.(0.931699 ns/tuple)
[Scatter Running] len:234881024 size:896MB pass:2 gridSize:14336	time:258.247 ms.(1.09948 ns/tuple)
[Scatter Running] len:301989888 size:1152MB pass:2 gridSize:18432	time:360.419 ms.(1.19348 ns/tuple)
[Scatter Running] len:369098752 size:1408MB pass:2 gridSize:22528	time:461.997 ms.(1.25169 ns/tuple)
[Scatter Running] len:436207616 size:1664MB pass:2 gridSize:26624	time:563.966 ms.(1.29288 ns/tuple)
[Scatter Running] len:503316480 size:1920MB pass:2 gridSize:30720	time:665.986 ms.(1.3232 ns/tuple)
[Scatter Running] len:570425344 size:2176MB pass:2 gridSize:34816	time:767.72 ms.(1.34587 ns/tuple)
[Scatter Running] len:637534208 size:2432MB pass:2 gridSize:38912	time:869.924 ms.(1.36451 ns/tuple)
[Scatter Running] len:704643072 size:2688MB pass:2 gridSize:43008	time:972.666 ms.(1.38037 ns/tuple)
[Scatter Running] len:771751936 size:2944MB pass:2 gridSize:47104	time:1072.89 ms.(1.3902 ns/tuple)
[Scatter Running] len:838860800 size:3200MB pass:2 gridSize:51200	time:1175.29 ms.(1.40106 ns/tuple)
[Scatter Running] len:905969664 size:3456MB pass:2 gridSize:55296	time:1279.76 ms.(1.41258 ns/tuple)
[Scatter Running] len:973078528 size:3712MB pass:2 gridSize:59392	time:1382.33 ms.(1.42057 ns/tuple)
[Scatter Running] len:1040187392 size:3968MB pass:2 gridSize:63488	time:1484.96 ms.(1.42759 ns/tuple)

[Gather Running] len:33554432 size:128MB pass:4 gridSize:2048	time:25.8748 ms.(0.771128 ns/tuple)
[Gather Running] len:100663296 size:384MB pass:4 gridSize:6144	time:79.3843 ms.(0.788612 ns/tuple)
[Gather Running] len:167772160 size:640MB pass:4 gridSize:10240	time:132.725 ms.(0.791102 ns/tuple)
[Gather Running] len:234881024 size:896MB pass:4 gridSize:14336	time:186.333 ms.(0.793309 ns/tuple)
[Gather Running] len:301989888 size:1152MB pass:4 gridSize:18432	time:262.71 ms.(0.869929 ns/tuple)
[Gather Running] len:369098752 size:1408MB pass:4 gridSize:22528	time:364.127 ms.(0.98653 ns/tuple)
[Gather Running] len:436207616 size:1664MB pass:4 gridSize:26624	time:466.114 ms.(1.06856 ns/tuple)
[Gather Running] len:503316480 size:1920MB pass:4 gridSize:30720	time:567.696 ms.(1.12791 ns/tuple)
[Gather Running] len:570425344 size:2176MB pass:4 gridSize:34816	time:669.403 ms.(1.17352 ns/tuple)
[Gather Running] len:637534208 size:2432MB pass:4 gridSize:38912	time:771.833 ms.(1.21065 ns/tuple)
[Gather Running] len:704643072 size:2688MB pass:4 gridSize:43008	time:874.333 ms.(1.24082 ns/tuple)
[Gather Running] len:771751936 size:2944MB pass:4 gridSize:47104	time:973.444 ms.(1.26134 ns/tuple)
[Gather Running] len:838860800 size:3200MB pass:4 gridSize:51200	time:1074.88 ms.(1.28136 ns/tuple)
[Gather Running] len:905969664 size:3456MB pass:4 gridSize:55296	time:1177.73 ms.(1.29997 ns/tuple)
[Gather Running] len:973078528 size:3712MB pass:4 gridSize:59392	time:1280.04 ms.(1.31545 ns/tuple)
[Gather Running] len:1040187392 size:3968MB pass:4 gridSize:63488	time:1381.8 ms.(1.32842 ns/tuple)
[Scatter Running] len:33554432 size:128MB pass:4 gridSize:2048	time:27.3416 ms.(0.814843 ns/tuple)
[Scatter Running] len:100663296 size:384MB pass:4 gridSize:6144	time:83.7445 ms.(0.831927 ns/tuple)
[Scatter Running] len:167772160 size:640MB pass:4 gridSize:10240	time:140.321 ms.(0.836379 ns/tuple)
[Scatter Running] len:234881024 size:896MB pass:4 gridSize:14336	time:196.89 ms.(0.838256 ns/tuple)
[Scatter Running] len:301989888 size:1152MB pass:4 gridSize:18432	time:262.155 ms.(0.868094 ns/tuple)
[Scatter Running] len:369098752 size:1408MB pass:4 gridSize:22528	time:363.35 ms.(0.984425 ns/tuple)
[Scatter Running] len:436207616 size:1664MB pass:4 gridSize:26624	time:465.262 ms.(1.06661 ns/tuple)
[Scatter Running] len:503316480 size:1920MB pass:4 gridSize:30720	time:567.329 ms.(1.12718 ns/tuple)
[Scatter Running] len:570425344 size:2176MB pass:4 gridSize:34816	time:669.033 ms.(1.17287 ns/tuple)
[Scatter Running] len:637534208 size:2432MB pass:4 gridSize:38912	time:771.059 ms.(1.20944 ns/tuple)
[Scatter Running] len:704643072 size:2688MB pass:4 gridSize:43008	time:873.702 ms.(1.23992 ns/tuple)
[Scatter Running] len:771751936 size:2944MB pass:4 gridSize:47104	time:973.24 ms.(1.26108 ns/tuple)
[Scatter Running] len:838860800 size:3200MB pass:4 gridSize:51200	time:1075.23 ms.(1.28178 ns/tuple)
[Scatter Running] len:905969664 size:3456MB pass:4 gridSize:55296	time:1179.46 ms.(1.30187 ns/tuple)
[Scatter Running] len:973078528 size:3712MB pass:4 gridSize:59392	time:1281.88 ms.(1.31735 ns/tuple)
[Scatter Running] len:1040187392 size:3968MB pass:4 gridSize:63488	time:1384.49 ms.(1.331 ns/tuple)

[Gather Running] len:33554432 size:128MB pass:8 gridSize:2048	time:29.3099 ms.(0.873502 ns/tuple)
[Gather Running] len:100663296 size:384MB pass:8 gridSize:6144	time:90.4497 ms.(0.898537 ns/tuple)
[Gather Running] len:167772160 size:640MB pass:8 gridSize:10240	time:151.692 ms.(0.904152 ns/tuple)
[Gather Running] len:234881024 size:896MB pass:8 gridSize:14336	time:213.302 ms.(0.908127 ns/tuple)
[Gather Running] len:301989888 size:1152MB pass:8 gridSize:18432	time:274.407 ms.(0.908664 ns/tuple)
[Gather Running] len:369098752 size:1408MB pass:8 gridSize:22528	time:335.626 ms.(0.909313 ns/tuple)
[Gather Running] len:436207616 size:1664MB pass:8 gridSize:26624	time:397.691 ms.(0.911701 ns/tuple)
[Gather Running] len:503316480 size:1920MB pass:8 gridSize:30720	time:458.922 ms.(0.911795 ns/tuple)
[Gather Running] len:570425344 size:2176MB pass:8 gridSize:34816	time:519.724 ms.(0.911117 ns/tuple)
[Gather Running] len:637534208 size:2432MB pass:8 gridSize:38912	time:583.935 ms.(0.915928 ns/tuple)
[Gather Running] len:704643072 size:2688MB pass:8 gridSize:43008	time:676.025 ms.(0.959386 ns/tuple)
[Gather Running] len:771751936 size:2944MB pass:8 gridSize:47104	time:774.051 ms.(1.00298 ns/tuple)
[Gather Running] len:838860800 size:3200MB pass:8 gridSize:51200	time:874.769 ms.(1.04281 ns/tuple)
[Gather Running] len:905969664 size:3456MB pass:8 gridSize:55296	time:977.069 ms.(1.07848 ns/tuple)
[Gather Running] len:973078528 size:3712MB pass:8 gridSize:59392	time:1079.28 ms.(1.10914 ns/tuple)
[Gather Running] len:1040187392 size:3968MB pass:8 gridSize:63488	time:1180.99 ms.(1.13536 ns/tuple)
[Scatter Running] len:33554432 size:128MB pass:8 gridSize:2048	time:30.7098 ms.(0.915223 ns/tuple)
[Scatter Running] len:100663296 size:384MB pass:8 gridSize:6144	time:96.003 ms.(0.953705 ns/tuple)
[Scatter Running] len:167772160 size:640MB pass:8 gridSize:10240	time:160.952 ms.(0.959349 ns/tuple)
[Scatter Running] len:234881024 size:896MB pass:8 gridSize:14336	time:226.091 ms.(0.962575 ns/tuple)
[Scatter Running] len:301989888 size:1152MB pass:8 gridSize:18432	time:292.472 ms.(0.968482 ns/tuple)
[Scatter Running] len:369098752 size:1408MB pass:8 gridSize:22528	time:356.222 ms.(0.965114 ns/tuple)
[Scatter Running] len:436207616 size:1664MB pass:8 gridSize:26624	time:421.348 ms.(0.965935 ns/tuple)
[Scatter Running] len:503316480 size:1920MB pass:8 gridSize:30720	time:487.28 ms.(0.968137 ns/tuple)
[Scatter Running] len:570425344 size:2176MB pass:8 gridSize:34816	time:551.565 ms.(0.966937 ns/tuple)
[Scatter Running] len:637534208 size:2432MB pass:8 gridSize:38912	time:616.927 ms.(0.967677 ns/tuple)
[Scatter Running] len:704643072 size:2688MB pass:8 gridSize:43008	time:686.446 ms.(0.974175 ns/tuple)
[Scatter Running] len:771751936 size:2944MB pass:8 gridSize:47104	time:775.463 ms.(1.00481 ns/tuple)
[Scatter Running] len:838860800 size:3200MB pass:8 gridSize:51200	time:876.396 ms.(1.04475 ns/tuple)
[Scatter Running] len:905969664 size:3456MB pass:8 gridSize:55296	time:979.582 ms.(1.08125 ns/tuple)
[Scatter Running] len:973078528 size:3712MB pass:8 gridSize:59392	time:1081.81 ms.(1.11174 ns/tuple)
[Scatter Running] len:1040187392 size:3968MB pass:8 gridSize:63488	time:1184.29 ms.(1.13854 ns/tuple)

[Gather Running] len:33554432 size:128MB pass:16 gridSize:2048	time:35.965 ms.(1.07184 ns/tuple)
[Gather Running] len:100663296 size:384MB pass:16 gridSize:6144	time:110.54 ms.(1.09812 ns/tuple)
[Gather Running] len:167772160 size:640MB pass:16 gridSize:10240	time:185.159 ms.(1.10363 ns/tuple)
[Gather Running] len:234881024 size:896MB pass:16 gridSize:14336	time:260.233 ms.(1.10794 ns/tuple)
[Gather Running] len:301989888 size:1152MB pass:16 gridSize:18432	time:334.738 ms.(1.10844 ns/tuple)
[Gather Running] len:369098752 size:1408MB pass:16 gridSize:22528	time:409.219 ms.(1.1087 ns/tuple)
[Gather Running] len:436207616 size:1664MB pass:16 gridSize:26624	time:484.713 ms.(1.1112 ns/tuple)
[Gather Running] len:503316480 size:1920MB pass:16 gridSize:30720	time:559.526 ms.(1.11168 ns/tuple)
[Gather Running] len:570425344 size:2176MB pass:16 gridSize:34816	time:633.795 ms.(1.11109 ns/tuple)
[Gather Running] len:637534208 size:2432MB pass:16 gridSize:38912	time:710.262 ms.(1.11408 ns/tuple)
[Gather Running] len:704643072 size:2688MB pass:16 gridSize:43008	time:785.406 ms.(1.11461 ns/tuple)
[Gather Running] len:771751936 size:2944MB pass:16 gridSize:47104	time:859.48 ms.(1.11367 ns/tuple)
[Gather Running] len:838860800 size:3200MB pass:16 gridSize:51200	time:936.134 ms.(1.11596 ns/tuple)
[Gather Running] len:905969664 size:3456MB pass:16 gridSize:55296	time:1010.72 ms.(1.11563 ns/tuple)
[Gather Running] len:973078528 size:3712MB pass:16 gridSize:59392	time:1086.93 ms.(1.117 ns/tuple)
[Gather Running] len:1040187392 size:3968MB pass:16 gridSize:63488	time:1162.6 ms.(1.11768 ns/tuple)
[Scatter Running] len:33554432 size:128MB pass:16 gridSize:2048	time:36.0906 ms.(1.07558 ns/tuple)
[Scatter Running] len:100663296 size:384MB pass:16 gridSize:6144	time:112.865 ms.(1.12121 ns/tuple)
[Scatter Running] len:167772160 size:640MB pass:16 gridSize:10240	time:190.214 ms.(1.13376 ns/tuple)
[Scatter Running] len:234881024 size:896MB pass:16 gridSize:14336	time:267.912 ms.(1.14063 ns/tuple)
[Scatter Running] len:301989888 size:1152MB pass:16 gridSize:18432	time:346.696 ms.(1.14804 ns/tuple)
[Scatter Running] len:369098752 size:1408MB pass:16 gridSize:22528	time:423.307 ms.(1.14687 ns/tuple)
[Scatter Running] len:436207616 size:1664MB pass:16 gridSize:26624	time:501.047 ms.(1.14864 ns/tuple)
[Scatter Running] len:503316480 size:1920MB pass:16 gridSize:30720	time:579.117 ms.(1.1506 ns/tuple)
[Scatter Running] len:570425344 size:2176MB pass:16 gridSize:34816	time:656.375 ms.(1.15068 ns/tuple)
[Scatter Running] len:637534208 size:2432MB pass:16 gridSize:38912	time:733.938 ms.(1.15121 ns/tuple)
[Scatter Running] len:704643072 size:2688MB pass:16 gridSize:43008	time:815.103 ms.(1.15676 ns/tuple)
[Scatter Running] len:771751936 size:2944MB pass:16 gridSize:47104	time:889.324 ms.(1.15234 ns/tuple)
[Scatter Running] len:838860800 size:3200MB pass:16 gridSize:51200	time:967.023 ms.(1.15278 ns/tuple)
[Scatter Running] len:905969664 size:3456MB pass:16 gridSize:55296	time:1046.98 ms.(1.15564 ns/tuple)
[Scatter Running] len:973078528 size:3712MB pass:16 gridSize:59392	time:1121.94 ms.(1.15298 ns/tuple)
[Scatter Running] len:1040187392 size:3968MB pass:16 gridSize:63488	time:1199.75 ms.(1.1534 ns/tuple)

[Gather Running] len:33554432 size:128MB pass:32 gridSize:2048	time:50.3097 ms.(1.49935 ns/tuple)
[Gather Running] len:100663296 size:384MB pass:32 gridSize:6144	time:152.333 ms.(1.51329 ns/tuple)
[Gather Running] len:167772160 size:640MB pass:32 gridSize:10240	time:254.341 ms.(1.51599 ns/tuple)
[Gather Running] len:234881024 size:896MB pass:32 gridSize:14336	time:356.518 ms.(1.51787 ns/tuple)
[Gather Running] len:301989888 size:1152MB pass:32 gridSize:18432	time:458.824 ms.(1.51933 ns/tuple)
[Gather Running] len:369098752 size:1408MB pass:32 gridSize:22528	time:560.728 ms.(1.51918 ns/tuple)
[Gather Running] len:436207616 size:1664MB pass:32 gridSize:26624	time:663.167 ms.(1.5203 ns/tuple)
[Gather Running] len:503316480 size:1920MB pass:32 gridSize:30720	time:766.079 ms.(1.52206 ns/tuple)
[Gather Running] len:570425344 size:2176MB pass:32 gridSize:34816	time:867.105 ms.(1.5201 ns/tuple)
[Gather Running] len:637534208 size:2432MB pass:32 gridSize:38912	time:969.709 ms.(1.52103 ns/tuple)
[Gather Running] len:704643072 size:2688MB pass:32 gridSize:43008	time:1071.86 ms.(1.52114 ns/tuple)
[Gather Running] len:771751936 size:2944MB pass:32 gridSize:47104	time:1173.04 ms.(1.51997 ns/tuple)
[Gather Running] len:838860800 size:3200MB pass:32 gridSize:51200	time:1275.65 ms.(1.52069 ns/tuple)
[Gather Running] len:905969664 size:3456MB pass:32 gridSize:55296	time:1377.57 ms.(1.52054 ns/tuple)
[Gather Running] len:973078528 size:3712MB pass:32 gridSize:59392	time:1480.07 ms.(1.52101 ns/tuple)
[Gather Running] len:1040187392 size:3968MB pass:32 gridSize:63488	time:1583.02 ms.(1.52186 ns/tuple)
[Scatter Running] len:33554432 size:128MB pass:32 gridSize:2048	time:50.9901 ms.(1.51962 ns/tuple)
[Scatter Running] len:100663296 size:384MB pass:32 gridSize:6144	time:161.541 ms.(1.60476 ns/tuple)
[Scatter Running] len:167772160 size:640MB pass:32 gridSize:10240	time:272.716 ms.(1.62551 ns/tuple)
[Scatter Running] len:234881024 size:896MB pass:32 gridSize:14336	time:383.776 ms.(1.63392 ns/tuple)
[Scatter Running] len:301989888 size:1152MB pass:32 gridSize:18432	time:497.819 ms.(1.64846 ns/tuple)
[Scatter Running] len:369098752 size:1408MB pass:32 gridSize:22528	time:606.085 ms.(1.64207 ns/tuple)
[Scatter Running] len:436207616 size:1664MB pass:32 gridSize:26624	time:717.236 ms.(1.64425 ns/tuple)
[Scatter Running] len:503316480 size:1920MB pass:32 gridSize:30720	time:829.52 ms.(1.64811 ns/tuple)
[Scatter Running] len:570425344 size:2176MB pass:32 gridSize:34816	time:939.121 ms.(1.64635 ns/tuple)
[Scatter Running] len:637534208 size:2432MB pass:32 gridSize:38912	time:1050.27 ms.(1.6474 ns/tuple)
[Scatter Running] len:704643072 size:2688MB pass:32 gridSize:43008	time:1168.19 ms.(1.65785 ns/tuple)
[Scatter Running] len:771751936 size:2944MB pass:32 gridSize:47104	time:1272.16 ms.(1.6484 ns/tuple)
[Scatter Running] len:838860800 size:3200MB pass:32 gridSize:51200	time:1383.44 ms.(1.64919 ns/tuple)
[Scatter Running] len:905969664 size:3456MB pass:32 gridSize:55296	time:1498.63 ms.(1.65417 ns/tuple)
[Scatter Running] len:973078528 size:3712MB pass:32 gridSize:59392	time:1604.71 ms.(1.6491 ns/tuple)
[Scatter Running] len:1040187392 size:3968MB pass:32 gridSize:63488	time:1716.58 ms.(1.65026 ns/tuple)