
Starting to launch opencl_compare...
Fast run...
Data size: 33554432

Detection mode: All
------ Start hardware checking ------
Platform: NVIDIA CUDA
Number of devices: 2
	Computing device 0 : Tesla K40m
	Computing device 1 : Tesla K40m
Please enter the index of the device to use (0,1,2...) : Selected device: Tesla K40m
------ End of hardware checking ------

----- Vector Instruction Throughput Test -----
Max data size: 33554432
Data type: float
blockSize=128	gridSize=256	float1	0.945664 ms	1995.89 GFlops	done!
blockSize=128	gridSize=256	float2	1.59337 ms	2369.11 GFlops	done!
blockSize=128	gridSize=256	float4	2.44656 ms	3085.86 GFlops	done!
blockSize=128	gridSize=256	float8	5.25568 ms	2872.99 GFlops	done!
blockSize=128	gridSize=256	float16	13.2173 ms	2284.8 GFlops	done!
blockSize=128	gridSize=512	float1	1.59163 ms	2371.7 GFlops	done!
blockSize=128	gridSize=512	float2	2.94858 ms	2560.47 GFlops	done!
blockSize=128	gridSize=512	float4	4.63884 ms	3255.01 GFlops	done!
blockSize=128	gridSize=512	float8	10.9188 ms	2765.78 GFlops	done!
blockSize=128	gridSize=512	float16	24.4255 ms	2472.74 GFlops	done!
blockSize=128	gridSize=1024	float1	2.87255 ms	2628.24 GFlops	done!
blockSize=128	gridSize=1024	float2	5.6824 ms	2657.24 GFlops	done!
blockSize=128	gridSize=1024	float4	9.35575 ms	3227.85 GFlops	done!
blockSize=128	gridSize=1024	float8	19.7641 ms	3055.95 GFlops	done!
blockSize=128	gridSize=1024	float16	45.9067 ms	2631.34 GFlops	done!
blockSize=128	gridSize=2048	float1	5.47313 ms	2758.84 GFlops	done!
blockSize=128	gridSize=2048	float2	10.8321 ms	2787.91 GFlops	done!
blockSize=128	gridSize=2048	float4	17.4009 ms	3470.96 GFlops	done!
blockSize=128	gridSize=2048	float8	37.1804 ms	3248.91 GFlops	done!
blockSize=128	gridSize=2048	float16	85.1741 ms	2836.45 GFlops	done!
blockSize=128	gridSize=4096	float1	10.8267 ms	2789.31 GFlops	done!
blockSize=128	gridSize=4096	float2	21.5136 ms	2807.43 GFlops	done!
blockSize=128	gridSize=4096	float4	34.4886 ms	3502.49 GFlops	done!
blockSize=128	gridSize=4096	float8	72.6723 ms	3324.4 GFlops	done!
blockSize=128	gridSize=4096	float16	166.882 ms	2895.37 GFlops	done!
blockSize=128	gridSize=8192	float1	21.4778 ms	2812.12 GFlops	done!
blockSize=128	gridSize=8192	float2	42.6031 ms	2835.38 GFlops	done!
blockSize=128	gridSize=8192	float4	68.0495 ms	3550.24 GFlops	done!
blockSize=128	gridSize=8192	float8	145.605 ms	3318.46 GFlops	done!
blockSize=128	gridSize=8192	float16	334.331 ms	2890.45 GFlops	done!
blockSize=128	gridSize=16384	float1	43.0924 ms	2803.19 GFlops	done!
blockSize=128	gridSize=16384	float2	85.5879 ms	2822.73 GFlops	done!
blockSize=128	gridSize=16384	float4	136.159 ms	3548.68 GFlops	done!
blockSize=128	gridSize=16384	float8	290.595 ms	3325.47 GFlops	done!
blockSize=128	gridSize=16384	float16	667.463 ms	2895.65 GFlops	done!
blockSize=128	gridSize=32768	float1	85.8858 ms	2812.94 GFlops	done!
blockSize=128	gridSize=32768	float2	170.771 ms	2829.42 GFlops	done!
blockSize=128	gridSize=32768	float4	271.618 ms	3557.82 GFlops	done!
blockSize=128	gridSize=32768	float8	582.493 ms	3318.04 GFlops	done!
blockSize=128	gridSize=32768	float16	1336.57 ms	2892.09 GFlops	done!
blockSize=256	gridSize=256	float1	1.60033 ms	2358.8 GFlops	done!
blockSize=256	gridSize=256	float2	2.91583 ms	2589.22 GFlops	done!
blockSize=256	gridSize=256	float4	4.71631 ms	3201.55 GFlops	done!
blockSize=256	gridSize=256	float8	10.8016 ms	2795.8 GFlops	done!
blockSize=256	gridSize=256	float16	24.2829 ms	2487.27 GFlops	done!
blockSize=256	gridSize=512	float1	2.88399 ms	2617.81 GFlops	done!
blockSize=256	gridSize=512	float2	5.63678 ms	2678.75 GFlops	done!
blockSize=256	gridSize=512	float4	9.07818 ms	3326.55 GFlops	done!
blockSize=256	gridSize=512	float8	19.5046 ms	3096.61 GFlops	done!
blockSize=256	gridSize=512	float16	44.5606 ms	2710.82 GFlops	done!
blockSize=256	gridSize=1024	float1	5.55506 ms	2718.15 GFlops	done!
blockSize=256	gridSize=1024	float2	10.8808 ms	2775.44 GFlops	done!
blockSize=256	gridSize=1024	float4	17.4909 ms	3453.1 GFlops	done!
blockSize=256	gridSize=1024	float8	36.5562 ms	3304.39 GFlops	done!
blockSize=256	gridSize=1024	float16	82.9803 ms	2911.44 GFlops	done!
blockSize=256	gridSize=2048	float1	10.9047 ms	2769.36 GFlops	done!
blockSize=256	gridSize=2048	float2	21.5156 ms	2807.17 GFlops	done!
blockSize=256	gridSize=2048	float4	34.1909 ms	3532.98 GFlops	done!
blockSize=256	gridSize=2048	float8	71.2689 ms	3389.87 GFlops	done!
blockSize=256	gridSize=2048	float16	162.137 ms	2980.1 GFlops	done!
blockSize=256	gridSize=4096	float1	21.5887 ms	2797.67 GFlops	done!
blockSize=256	gridSize=4096	float2	42.847 ms	2819.24 GFlops	done!
blockSize=256	gridSize=4096	float4	68.1881 ms	3543.02 GFlops	done!
blockSize=256	gridSize=4096	float8	142.153 ms	3399.04 GFlops	done!
blockSize=256	gridSize=4096	float16	322.417 ms	2997.26 GFlops	done!
blockSize=256	gridSize=8192	float1	42.9983 ms	2809.32 GFlops	done!
blockSize=256	gridSize=8192	float2	85.4388 ms	2827.66 GFlops	done!
blockSize=256	gridSize=8192	float4	136.068 ms	3551.05 GFlops	done!
blockSize=256	gridSize=8192	float8	283.588 ms	3407.65 GFlops	done!
blockSize=256	gridSize=8192	float16	642.085 ms	3010.09 GFlops	done!
blockSize=256	gridSize=16384	float1	85.8166 ms	2815.21 GFlops	done!
blockSize=256	gridSize=16384	float2	170.614 ms	2832.04 GFlops	done!
blockSize=256	gridSize=16384	float4	271.769 ms	3555.84 GFlops	done!
blockSize=256	gridSize=16384	float8	567.046 ms	3408.43 GFlops	done!
blockSize=256	gridSize=16384	float16	1288.82 ms	2999.24 GFlops	done!
blockSize=256	gridSize=32768	float1	171.377 ms	2819.42 GFlops	done!
blockSize=256	gridSize=32768	float2	340.929 ms	2834.51 GFlops	done!
blockSize=256	gridSize=32768	float4	543.012 ms	3559.28 GFlops	done!
blockSize=256	gridSize=32768	float8	1136.13 ms	3402.3 GFlops	done!
blockSize=256	gridSize=32768	float16	2574.68 ms	3002.68 GFlops	done!
blockSize=512	gridSize=256	float1	2.96764 ms	2544.02 GFlops	done!
blockSize=512	gridSize=256	float2	5.95763 ms	2534.48 GFlops	done!
blockSize=512	gridSize=256	float4	9.6826 ms	3118.89 GFlops	done!
blockSize=512	gridSize=256	float8	18.9628 ms	3185.08 GFlops	done!
blockSize=512	gridSize=256	float16	42.7076 ms	2828.44 GFlops	done!
blockSize=512	gridSize=512	float1	5.50697 ms	2741.89 GFlops	done!
blockSize=512	gridSize=512	float2	11.1631 ms	2705.25 GFlops	done!
blockSize=512	gridSize=512	float4	17.5565 ms	3440.2 GFlops	done!
blockSize=512	gridSize=512	float8	35.4617 ms	3406.37 GFlops	done!
blockSize=512	gridSize=512	float16	80.5583 ms	2998.97 GFlops	done!
blockSize=512	gridSize=1024	float1	10.9116 ms	2767.61 GFlops	done!
blockSize=512	gridSize=1024	float2	21.5615 ms	2801.19 GFlops	done!
blockSize=512	gridSize=1024	float4	34.0985 ms	3542.56 GFlops	done!
blockSize=512	gridSize=1024	float8	68.5103 ms	3526.36 GFlops	done!
blockSize=512	gridSize=1024	float16	157.871 ms	3060.62 GFlops	done!
blockSize=512	gridSize=2048	float1	21.5745 ms	2799.51 GFlops	done!
blockSize=512	gridSize=2048	float2	42.9168 ms	2814.66 GFlops	done!
blockSize=512	gridSize=2048	float4	67.4659 ms	3580.95 GFlops	done!
blockSize=512	gridSize=2048	float8	136.742 ms	3533.54 GFlops	done!
blockSize=512	gridSize=2048	float16	312.84 ms	3089.02 GFlops	done!
blockSize=512	gridSize=4096	float1	42.9891 ms	2809.92 GFlops	done!
blockSize=512	gridSize=4096	float2	85.5494 ms	2824 GFlops	done!
blockSize=512	gridSize=4096	float4	134.531 ms	3591.61 GFlops	done!
blockSize=512	gridSize=4096	float8	271.777 ms	3555.74 GFlops	done!
blockSize=512	gridSize=4096	float16	623.841 ms	3098.12 GFlops	done!
blockSize=512	gridSize=8192	float1	85.7548 ms	2817.24 GFlops	done!
blockSize=512	gridSize=8192	float2	170.688 ms	2830.8 GFlops	done!
blockSize=512	gridSize=8192	float4	268.777 ms	3595.43 GFlops	done!
blockSize=512	gridSize=8192	float8	542.273 ms	3564.14 GFlops	done!
blockSize=512	gridSize=8192	float16	1247.85 ms	3097.71 GFlops	done!
blockSize=512	gridSize=16384	float1	171.384 ms	2819.31 GFlops	done!
blockSize=512	gridSize=16384	float2	341.007 ms	2833.86 GFlops	done!
blockSize=512	gridSize=16384	float4	537.008 ms	3599.08 GFlops	done!
blockSize=512	gridSize=16384	float8	1083.73 ms	3566.81 GFlops	done!
blockSize=512	gridSize=16384	float16	2490.59 ms	3104.06 GFlops	done!
blockSize=512	gridSize=32768	float1	342.475 ms	2821.72 GFlops	done!
blockSize=512	gridSize=32768	float2	681.341 ms	2836.66 GFlops	done!
blockSize=512	gridSize=32768	float4	1073.38 ms	3601.21 GFlops	done!
blockSize=512	gridSize=32768	float8	2165.58 ms	3569.92 GFlops	done!
blockSize=512	gridSize=32768	float16	4982.07 ms	3103.5 GFlops	done!
blockSize=1024	gridSize=256	float1	5.62223 ms	2685.68 GFlops	done!
blockSize=1024	gridSize=256	float2	11.1687 ms	2703.89 GFlops	done!
blockSize=1024	gridSize=256	float4	17.5938 ms	3432.92 GFlops	done!
blockSize=1024	gridSize=256	float8	35.2398 ms	3427.83 GFlops	done!
blockSize=1024	gridSize=256	float16	68.8086 ms	3511.07 GFlops	done!
blockSize=1024	gridSize=512	float1	10.9463 ms	2758.84 GFlops	done!
blockSize=1024	gridSize=512	float2	21.6859 ms	2785.13 GFlops	done!
blockSize=1024	gridSize=512	float4	34.029 ms	3549.79 GFlops	done!
blockSize=1024	gridSize=512	float8	67.8472 ms	3560.82 GFlops	done!
blockSize=1024	gridSize=512	float16	134.352 ms	3596.4 GFlops	done!
blockSize=1024	gridSize=1024	float1	21.5564 ms	2801.86 GFlops	done!
blockSize=1024	gridSize=1024	float2	42.8335 ms	2820.13 GFlops	done!
blockSize=1024	gridSize=1024	float4	67.2692 ms	3591.42 GFlops	done!
blockSize=1024	gridSize=1024	float8	135.172 ms	3574.59 GFlops	done!
blockSize=1024	gridSize=1024	float16	264.55 ms	3652.88 GFlops	done!
blockSize=1024	gridSize=2048	float1	43.0378 ms	2806.74 GFlops	done!
blockSize=1024	gridSize=2048	float2	85.5586 ms	2823.7 GFlops	done!
blockSize=1024	gridSize=2048	float4	134.407 ms	3594.94 GFlops	done!
blockSize=1024	gridSize=2048	float8	268.109 ms	3604.39 GFlops	done!
blockSize=1024	gridSize=2048	float16	524.689 ms	3683.58 GFlops	done!
blockSize=1024	gridSize=4096	float1	85.8792 ms	2813.16 GFlops	done!
blockSize=1024	gridSize=4096	float2	170.88 ms	2827.62 GFlops	done!
blockSize=1024	gridSize=4096	float4	268.333 ms	3601.38 GFlops	done!
blockSize=1024	gridSize=4096	float8	535.834 ms	3606.97 GFlops	done!
blockSize=1024	gridSize=4096	float16	1048.15 ms	3687.9 GFlops	done!
blockSize=1024	gridSize=8192	float1	171.442 ms	2818.36 GFlops	done!
blockSize=1024	gridSize=8192	float2	341.148 ms	2832.69 GFlops	done!
blockSize=1024	gridSize=8192	float4	536.12 ms	3605.04 GFlops	done!
blockSize=1024	gridSize=8192	float8	1070.08 ms	3612.31 GFlops	done!
blockSize=1024	gridSize=8192	float16	2093.44 ms	3692.94 GFlops	done!
blockSize=1024	gridSize=16384	float1	342.776 ms	2819.24 GFlops	done!
blockSize=1024	gridSize=16384	float2	681.149 ms	2837.46 GFlops	done!
blockSize=1024	gridSize=16384	float4	1071.63 ms	3607.1 GFlops	done!
blockSize=1024	gridSize=16384	float8	2139.07 ms	3614.16 GFlops	done!
blockSize=1024	gridSize=16384	float16	6340.4 ms	2438.63 GFlops	done!
blockSize=1024	gridSize=32768	float1	684.862 ms	2822.08 GFlops	done!
blockSize=1024	gridSize=32768	float2	1361.96 ms	2838.16 GFlops	done!
blockSize=1024	gridSize=32768	float4	2142.2 ms	3608.87 GFlops	done!
blockSize=1024	gridSize=32768	float8	4276.18 ms	3615.82 GFlops	done!
blockSize=1024	gridSize=32768	float16	8363.55 ms	3697.45 GFlops	done!

----------- Original ------------
# [vpu]:128	256	float1	0.945664 ms	1995.89 GFlops
# [vpu]:128	256	float2	1.59337 ms	2369.11 GFlops
# [vpu]:128	256	float4	2.44656 ms	3085.86 GFlops
# [vpu]:128	256	float8	5.25568 ms	2872.99 GFlops
# [vpu]:128	256	float16	13.2173 ms	2284.8 GFlops
# [vpu]:128	512	float1	1.59163 ms	2371.7 GFlops
# [vpu]:128	512	float2	2.94858 ms	2560.47 GFlops
# [vpu]:128	512	float4	4.63884 ms	3255.01 GFlops
# [vpu]:128	512	float8	10.9188 ms	2765.78 GFlops
# [vpu]:128	512	float16	24.4255 ms	2472.74 GFlops
# [vpu]:128	1024	float1	2.87255 ms	2628.24 GFlops
# [vpu]:128	1024	float2	5.6824 ms	2657.24 GFlops
# [vpu]:128	1024	float4	9.35575 ms	3227.85 GFlops
# [vpu]:128	1024	float8	19.7641 ms	3055.95 GFlops
# [vpu]:128	1024	float16	45.9067 ms	2631.34 GFlops
# [vpu]:128	2048	float1	5.47313 ms	2758.84 GFlops
# [vpu]:128	2048	float2	10.8321 ms	2787.91 GFlops
# [vpu]:128	2048	float4	17.4009 ms	3470.96 GFlops
# [vpu]:128	2048	float8	37.1804 ms	3248.91 GFlops
# [vpu]:128	2048	float16	85.1741 ms	2836.45 GFlops
# [vpu]:128	4096	float1	10.8267 ms	2789.31 GFlops
# [vpu]:128	4096	float2	21.5136 ms	2807.43 GFlops
# [vpu]:128	4096	float4	34.4886 ms	3502.49 GFlops
# [vpu]:128	4096	float8	72.6723 ms	3324.4 GFlops
# [vpu]:128	4096	float16	166.882 ms	2895.37 GFlops
# [vpu]:128	8192	float1	21.4778 ms	2812.12 GFlops
# [vpu]:128	8192	float2	42.6031 ms	2835.38 GFlops
# [vpu]:128	8192	float4	68.0495 ms	3550.24 GFlops
# [vpu]:128	8192	float8	145.605 ms	3318.46 GFlops
# [vpu]:128	8192	float16	334.331 ms	2890.45 GFlops
# [vpu]:128	16384	float1	43.0924 ms	2803.19 GFlops
# [vpu]:128	16384	float2	85.5879 ms	2822.73 GFlops
# [vpu]:128	16384	float4	136.159 ms	3548.68 GFlops
# [vpu]:128	16384	float8	290.595 ms	3325.47 GFlops
# [vpu]:128	16384	float16	667.463 ms	2895.65 GFlops
# [vpu]:128	32768	float1	85.8858 ms	2812.94 GFlops
# [vpu]:128	32768	float2	170.771 ms	2829.42 GFlops
# [vpu]:128	32768	float4	271.618 ms	3557.82 GFlops
# [vpu]:128	32768	float8	582.493 ms	3318.04 GFlops
# [vpu]:128	32768	float16	1336.57 ms	2892.09 GFlops
# [vpu]:256	256	float1	1.60033 ms	2358.8 GFlops
# [vpu]:256	256	float2	2.91583 ms	2589.22 GFlops
# [vpu]:256	256	float4	4.71631 ms	3201.55 GFlops
# [vpu]:256	256	float8	10.8016 ms	2795.8 GFlops
# [vpu]:256	256	float16	24.2829 ms	2487.27 GFlops
# [vpu]:256	512	float1	2.88399 ms	2617.81 GFlops
# [vpu]:256	512	float2	5.63678 ms	2678.75 GFlops
# [vpu]:256	512	float4	9.07818 ms	3326.55 GFlops
# [vpu]:256	512	float8	19.5046 ms	3096.61 GFlops
# [vpu]:256	512	float16	44.5606 ms	2710.82 GFlops
# [vpu]:256	1024	float1	5.55506 ms	2718.15 GFlops
# [vpu]:256	1024	float2	10.8808 ms	2775.44 GFlops
# [vpu]:256	1024	float4	17.4909 ms	3453.1 GFlops
# [vpu]:256	1024	float8	36.5562 ms	3304.39 GFlops
# [vpu]:256	1024	float16	82.9803 ms	2911.44 GFlops
# [vpu]:256	2048	float1	10.9047 ms	2769.36 GFlops
# [vpu]:256	2048	float2	21.5156 ms	2807.17 GFlops
# [vpu]:256	2048	float4	34.1909 ms	3532.98 GFlops
# [vpu]:256	2048	float8	71.2689 ms	3389.87 GFlops
# [vpu]:256	2048	float16	162.137 ms	2980.1 GFlops
# [vpu]:256	4096	float1	21.5887 ms	2797.67 GFlops
# [vpu]:256	4096	float2	42.847 ms	2819.24 GFlops
# [vpu]:256	4096	float4	68.1881 ms	3543.02 GFlops
# [vpu]:256	4096	float8	142.153 ms	3399.04 GFlops
# [vpu]:256	4096	float16	322.417 ms	2997.26 GFlops
# [vpu]:256	8192	float1	42.9983 ms	2809.32 GFlops
# [vpu]:256	8192	float2	85.4388 ms	2827.66 GFlops
# [vpu]:256	8192	float4	136.068 ms	3551.05 GFlops
# [vpu]:256	8192	float8	283.588 ms	3407.65 GFlops
# [vpu]:256	8192	float16	642.085 ms	3010.09 GFlops
# [vpu]:256	16384	float1	85.8166 ms	2815.21 GFlops
# [vpu]:256	16384	float2	170.614 ms	2832.04 GFlops
# [vpu]:256	16384	float4	271.769 ms	3555.84 GFlops
# [vpu]:256	16384	float8	567.046 ms	3408.43 GFlops
# [vpu]:256	16384	float16	1288.82 ms	2999.24 GFlops
# [vpu]:256	32768	float1	171.377 ms	2819.42 GFlops
# [vpu]:256	32768	float2	340.929 ms	2834.51 GFlops
# [vpu]:256	32768	float4	543.012 ms	3559.28 GFlops
# [vpu]:256	32768	float8	1136.13 ms	3402.3 GFlops
# [vpu]:256	32768	float16	2574.68 ms	3002.68 GFlops
# [vpu]:512	256	float1	2.96764 ms	2544.02 GFlops
# [vpu]:512	256	float2	5.95763 ms	2534.48 GFlops
# [vpu]:512	256	float4	9.6826 ms	3118.89 GFlops
# [vpu]:512	256	float8	18.9628 ms	3185.08 GFlops
# [vpu]:512	256	float16	42.7076 ms	2828.44 GFlops
# [vpu]:512	512	float1	5.50697 ms	2741.89 GFlops
# [vpu]:512	512	float2	11.1631 ms	2705.25 GFlops
# [vpu]:512	512	float4	17.5565 ms	3440.2 GFlops
# [vpu]:512	512	float8	35.4617 ms	3406.37 GFlops
# [vpu]:512	512	float16	80.5583 ms	2998.97 GFlops
# [vpu]:512	1024	float1	10.9116 ms	2767.61 GFlops
# [vpu]:512	1024	float2	21.5615 ms	2801.19 GFlops
# [vpu]:512	1024	float4	34.0985 ms	3542.56 GFlops
# [vpu]:512	1024	float8	68.5103 ms	3526.36 GFlops
# [vpu]:512	1024	float16	157.871 ms	3060.62 GFlops
# [vpu]:512	2048	float1	21.5745 ms	2799.51 GFlops
# [vpu]:512	2048	float2	42.9168 ms	2814.66 GFlops
# [vpu]:512	2048	float4	67.4659 ms	3580.95 GFlops
# [vpu]:512	2048	float8	136.742 ms	3533.54 GFlops
# [vpu]:512	2048	float16	312.84 ms	3089.02 GFlops
# [vpu]:512	4096	float1	42.9891 ms	2809.92 GFlops
# [vpu]:512	4096	float2	85.5494 ms	2824 GFlops
# [vpu]:512	4096	float4	134.531 ms	3591.61 GFlops
# [vpu]:512	4096	float8	271.777 ms	3555.74 GFlops
# [vpu]:512	4096	float16	623.841 ms	3098.12 GFlops
# [vpu]:512	8192	float1	85.7548 ms	2817.24 GFlops
# [vpu]:512	8192	float2	170.688 ms	2830.8 GFlops
# [vpu]:512	8192	float4	268.777 ms	3595.43 GFlops
# [vpu]:512	8192	float8	542.273 ms	3564.14 GFlops
# [vpu]:512	8192	float16	1247.85 ms	3097.71 GFlops
# [vpu]:512	16384	float1	171.384 ms	2819.31 GFlops
# [vpu]:512	16384	float2	341.007 ms	2833.86 GFlops
# [vpu]:512	16384	float4	537.008 ms	3599.08 GFlops
# [vpu]:512	16384	float8	1083.73 ms	3566.81 GFlops
# [vpu]:512	16384	float16	2490.59 ms	3104.06 GFlops
# [vpu]:512	32768	float1	342.475 ms	2821.72 GFlops
# [vpu]:512	32768	float2	681.341 ms	2836.66 GFlops
# [vpu]:512	32768	float4	1073.38 ms	3601.21 GFlops
# [vpu]:512	32768	float8	2165.58 ms	3569.92 GFlops
# [vpu]:512	32768	float16	4982.07 ms	3103.5 GFlops
# [vpu]:1024	256	float1	5.62223 ms	2685.68 GFlops
# [vpu]:1024	256	float2	11.1687 ms	2703.89 GFlops
# [vpu]:1024	256	float4	17.5938 ms	3432.92 GFlops
# [vpu]:1024	256	float8	35.2398 ms	3427.83 GFlops
# [vpu]:1024	256	float16	68.8086 ms	3511.07 GFlops
# [vpu]:1024	512	float1	10.9463 ms	2758.84 GFlops
# [vpu]:1024	512	float2	21.6859 ms	2785.13 GFlops
# [vpu]:1024	512	float4	34.029 ms	3549.79 GFlops
# [vpu]:1024	512	float8	67.8472 ms	3560.82 GFlops
# [vpu]:1024	512	float16	134.352 ms	3596.4 GFlops
# [vpu]:1024	1024	float1	21.5564 ms	2801.86 GFlops
# [vpu]:1024	1024	float2	42.8335 ms	2820.13 GFlops
# [vpu]:1024	1024	float4	67.2692 ms	3591.42 GFlops
# [vpu]:1024	1024	float8	135.172 ms	3574.59 GFlops
# [vpu]:1024	1024	float16	264.55 ms	3652.88 GFlops
# [vpu]:1024	2048	float1	43.0378 ms	2806.74 GFlops
# [vpu]:1024	2048	float2	85.5586 ms	2823.7 GFlops
# [vpu]:1024	2048	float4	134.407 ms	3594.94 GFlops
# [vpu]:1024	2048	float8	268.109 ms	3604.39 GFlops
# [vpu]:1024	2048	float16	524.689 ms	3683.58 GFlops
# [vpu]:1024	4096	float1	85.8792 ms	2813.16 GFlops
# [vpu]:1024	4096	float2	170.88 ms	2827.62 GFlops
# [vpu]:1024	4096	float4	268.333 ms	3601.38 GFlops
# [vpu]:1024	4096	float8	535.834 ms	3606.97 GFlops
# [vpu]:1024	4096	float16	1048.15 ms	3687.9 GFlops
# [vpu]:1024	8192	float1	171.442 ms	2818.36 GFlops
# [vpu]:1024	8192	float2	341.148 ms	2832.69 GFlops
# [vpu]:1024	8192	float4	536.12 ms	3605.04 GFlops
# [vpu]:1024	8192	float8	1070.08 ms	3612.31 GFlops
# [vpu]:1024	8192	float16	2093.44 ms	3692.94 GFlops
# [vpu]:1024	16384	float1	342.776 ms	2819.24 GFlops
# [vpu]:1024	16384	float2	681.149 ms	2837.46 GFlops
# [vpu]:1024	16384	float4	1071.63 ms	3607.1 GFlops
# [vpu]:1024	16384	float8	2139.07 ms	3614.16 GFlops
# [vpu]:1024	16384	float16	6340.4 ms	2438.63 GFlops
# [vpu]:1024	32768	float1	684.862 ms	2822.08 GFlops
# [vpu]:1024	32768	float2	1361.96 ms	2838.16 GFlops
# [vpu]:1024	32768	float4	2142.2 ms	3608.87 GFlops
# [vpu]:1024	32768	float8	4276.18 ms	3615.82 GFlops
# [vpu]:1024	32768	float16	8363.55 ms	3697.45 GFlops

----------- Aggregated at vec_size ------------
# [vpu]:float1	128	256	0.945664 ms	1995.89 GFlops
# [vpu]:float1	128	512	1.59163 ms	2371.7 GFlops
# [vpu]:float1	128	1024	2.87255 ms	2628.24 GFlops
# [vpu]:float1	128	2048	5.47313 ms	2758.84 GFlops
# [vpu]:float1	128	4096	10.8267 ms	2789.31 GFlops
# [vpu]:float1	128	8192	21.4778 ms	2812.12 GFlops
# [vpu]:float1	128	16384	43.0924 ms	2803.19 GFlops
# [vpu]:float1	128	32768	85.8858 ms	2812.94 GFlops
# [vpu]:float1	256	256	1.60033 ms	2358.8 GFlops
# [vpu]:float1	256	512	2.88399 ms	2617.81 GFlops
# [vpu]:float1	256	1024	5.55506 ms	2718.15 GFlops
# [vpu]:float1	256	2048	10.9047 ms	2769.36 GFlops
# [vpu]:float1	256	4096	21.5887 ms	2797.67 GFlops
# [vpu]:float1	256	8192	42.9983 ms	2809.32 GFlops
# [vpu]:float1	256	16384	85.8166 ms	2815.21 GFlops
# [vpu]:float1	256	32768	171.377 ms	2819.42 GFlops
# [vpu]:float1	512	256	2.96764 ms	2544.02 GFlops
# [vpu]:float1	512	512	5.50697 ms	2741.89 GFlops
# [vpu]:float1	512	1024	10.9116 ms	2767.61 GFlops
# [vpu]:float1	512	2048	21.5745 ms	2799.51 GFlops
# [vpu]:float1	512	4096	42.9891 ms	2809.92 GFlops
# [vpu]:float1	512	8192	85.7548 ms	2817.24 GFlops
# [vpu]:float1	512	16384	171.384 ms	2819.31 GFlops
# [vpu]:float1	512	32768	342.475 ms	2821.72 GFlops
# [vpu]:float1	1024	256	5.62223 ms	2685.68 GFlops
# [vpu]:float1	1024	512	10.9463 ms	2758.84 GFlops
# [vpu]:float1	1024	1024	21.5564 ms	2801.86 GFlops
# [vpu]:float1	1024	2048	43.0378 ms	2806.74 GFlops
# [vpu]:float1	1024	4096	85.8792 ms	2813.16 GFlops
# [vpu]:float1	1024	8192	171.442 ms	2818.36 GFlops
# [vpu]:float1	1024	16384	342.776 ms	2819.24 GFlops
# [vpu]:float1	1024	32768	684.862 ms	2822.08 GFlops

summary: float1	684.862 ms	2822.08 GFlops	1024	32768
--------------------------------------------
# [vpu]:float2	128	256	1.59337 ms	2369.11 GFlops
# [vpu]:float2	128	512	2.94858 ms	2560.47 GFlops
# [vpu]:float2	128	1024	5.6824 ms	2657.24 GFlops
# [vpu]:float2	128	2048	10.8321 ms	2787.91 GFlops
# [vpu]:float2	128	4096	21.5136 ms	2807.43 GFlops
# [vpu]:float2	128	8192	42.6031 ms	2835.38 GFlops
# [vpu]:float2	128	16384	85.5879 ms	2822.73 GFlops
# [vpu]:float2	128	32768	170.771 ms	2829.42 GFlops
# [vpu]:float2	256	256	2.91583 ms	2589.22 GFlops
# [vpu]:float2	256	512	5.63678 ms	2678.75 GFlops
# [vpu]:float2	256	1024	10.8808 ms	2775.44 GFlops
# [vpu]:float2	256	2048	21.5156 ms	2807.17 GFlops
# [vpu]:float2	256	4096	42.847 ms	2819.24 GFlops
# [vpu]:float2	256	8192	85.4388 ms	2827.66 GFlops
# [vpu]:float2	256	16384	170.614 ms	2832.04 GFlops
# [vpu]:float2	256	32768	340.929 ms	2834.51 GFlops
# [vpu]:float2	512	256	5.95763 ms	2534.48 GFlops
# [vpu]:float2	512	512	11.1631 ms	2705.25 GFlops
# [vpu]:float2	512	1024	21.5615 ms	2801.19 GFlops
# [vpu]:float2	512	2048	42.9168 ms	2814.66 GFlops
# [vpu]:float2	512	4096	85.5494 ms	2824 GFlops
# [vpu]:float2	512	8192	170.688 ms	2830.8 GFlops
# [vpu]:float2	512	16384	341.007 ms	2833.86 GFlops
# [vpu]:float2	512	32768	681.341 ms	2836.66 GFlops
# [vpu]:float2	1024	256	11.1687 ms	2703.89 GFlops
# [vpu]:float2	1024	512	21.6859 ms	2785.13 GFlops
# [vpu]:float2	1024	1024	42.8335 ms	2820.13 GFlops
# [vpu]:float2	1024	2048	85.5586 ms	2823.7 GFlops
# [vpu]:float2	1024	4096	170.88 ms	2827.62 GFlops
# [vpu]:float2	1024	8192	341.148 ms	2832.69 GFlops
# [vpu]:float2	1024	16384	681.149 ms	2837.46 GFlops
# [vpu]:float2	1024	32768	1361.96 ms	2838.16 GFlops

summary: float2	1361.96 ms	2838.16 GFlops	1024	32768
--------------------------------------------
# [vpu]:float4	128	256	2.44656 ms	3085.86 GFlops
# [vpu]:float4	128	512	4.63884 ms	3255.01 GFlops
# [vpu]:float4	128	1024	9.35575 ms	3227.85 GFlops
# [vpu]:float4	128	2048	17.4009 ms	3470.96 GFlops
# [vpu]:float4	128	4096	34.4886 ms	3502.49 GFlops
# [vpu]:float4	128	8192	68.0495 ms	3550.24 GFlops
# [vpu]:float4	128	16384	136.159 ms	3548.68 GFlops
# [vpu]:float4	128	32768	271.618 ms	3557.82 GFlops
# [vpu]:float4	256	256	4.71631 ms	3201.55 GFlops
# [vpu]:float4	256	512	9.07818 ms	3326.55 GFlops
# [vpu]:float4	256	1024	17.4909 ms	3453.1 GFlops
# [vpu]:float4	256	2048	34.1909 ms	3532.98 GFlops
# [vpu]:float4	256	4096	68.1881 ms	3543.02 GFlops
# [vpu]:float4	256	8192	136.068 ms	3551.05 GFlops
# [vpu]:float4	256	16384	271.769 ms	3555.84 GFlops
# [vpu]:float4	256	32768	543.012 ms	3559.28 GFlops
# [vpu]:float4	512	256	9.6826 ms	3118.89 GFlops
# [vpu]:float4	512	512	17.5565 ms	3440.2 GFlops
# [vpu]:float4	512	1024	34.0985 ms	3542.56 GFlops
# [vpu]:float4	512	2048	67.4659 ms	3580.95 GFlops
# [vpu]:float4	512	4096	134.531 ms	3591.61 GFlops
# [vpu]:float4	512	8192	268.777 ms	3595.43 GFlops
# [vpu]:float4	512	16384	537.008 ms	3599.08 GFlops
# [vpu]:float4	512	32768	1073.38 ms	3601.21 GFlops
# [vpu]:float4	1024	256	17.5938 ms	3432.92 GFlops
# [vpu]:float4	1024	512	34.029 ms	3549.79 GFlops
# [vpu]:float4	1024	1024	67.2692 ms	3591.42 GFlops
# [vpu]:float4	1024	2048	134.407 ms	3594.94 GFlops
# [vpu]:float4	1024	4096	268.333 ms	3601.38 GFlops
# [vpu]:float4	1024	8192	536.12 ms	3605.04 GFlops
# [vpu]:float4	1024	16384	1071.63 ms	3607.1 GFlops
# [vpu]:float4	1024	32768	2142.2 ms	3608.87 GFlops

summary: float4	2142.2 ms	3608.87 GFlops	1024	32768
--------------------------------------------
# [vpu]:float8	128	256	5.25568 ms	2872.99 GFlops
# [vpu]:float8	128	512	10.9188 ms	2765.78 GFlops
# [vpu]:float8	128	1024	19.7641 ms	3055.95 GFlops
# [vpu]:float8	128	2048	37.1804 ms	3248.91 GFlops
# [vpu]:float8	128	4096	72.6723 ms	3324.4 GFlops
# [vpu]:float8	128	8192	145.605 ms	3318.46 GFlops
# [vpu]:float8	128	16384	290.595 ms	3325.47 GFlops
# [vpu]:float8	128	32768	582.493 ms	3318.04 GFlops
# [vpu]:float8	256	256	10.8016 ms	2795.8 GFlops
# [vpu]:float8	256	512	19.5046 ms	3096.61 GFlops
# [vpu]:float8	256	1024	36.5562 ms	3304.39 GFlops
# [vpu]:float8	256	2048	71.2689 ms	3389.87 GFlops
# [vpu]:float8	256	4096	142.153 ms	3399.04 GFlops
# [vpu]:float8	256	8192	283.588 ms	3407.65 GFlops
# [vpu]:float8	256	16384	567.046 ms	3408.43 GFlops
# [vpu]:float8	256	32768	1136.13 ms	3402.3 GFlops
# [vpu]:float8	512	256	18.9628 ms	3185.08 GFlops
# [vpu]:float8	512	512	35.4617 ms	3406.37 GFlops
# [vpu]:float8	512	1024	68.5103 ms	3526.36 GFlops
# [vpu]:float8	512	2048	136.742 ms	3533.54 GFlops
# [vpu]:float8	512	4096	271.777 ms	3555.74 GFlops
# [vpu]:float8	512	8192	542.273 ms	3564.14 GFlops
# [vpu]:float8	512	16384	1083.73 ms	3566.81 GFlops
# [vpu]:float8	512	32768	2165.58 ms	3569.92 GFlops
# [vpu]:float8	1024	256	35.2398 ms	3427.83 GFlops
# [vpu]:float8	1024	512	67.8472 ms	3560.82 GFlops
# [vpu]:float8	1024	1024	135.172 ms	3574.59 GFlops
# [vpu]:float8	1024	2048	268.109 ms	3604.39 GFlops
# [vpu]:float8	1024	4096	535.834 ms	3606.97 GFlops
# [vpu]:float8	1024	8192	1070.08 ms	3612.31 GFlops
# [vpu]:float8	1024	16384	2139.07 ms	3614.16 GFlops
# [vpu]:float8	1024	32768	4276.18 ms	3615.82 GFlops

summary: float8	4276.18 ms	3615.82 GFlops	1024	32768
--------------------------------------------
# [vpu]:float16	128	256	13.2173 ms	2284.8 GFlops
# [vpu]:float16	128	512	24.4255 ms	2472.74 GFlops
# [vpu]:float16	128	1024	45.9067 ms	2631.34 GFlops
# [vpu]:float16	128	2048	85.1741 ms	2836.45 GFlops
# [vpu]:float16	128	4096	166.882 ms	2895.37 GFlops
# [vpu]:float16	128	8192	334.331 ms	2890.45 GFlops
# [vpu]:float16	128	16384	667.463 ms	2895.65 GFlops
# [vpu]:float16	128	32768	1336.57 ms	2892.09 GFlops
# [vpu]:float16	256	256	24.2829 ms	2487.27 GFlops
# [vpu]:float16	256	512	44.5606 ms	2710.82 GFlops
# [vpu]:float16	256	1024	82.9803 ms	2911.44 GFlops
# [vpu]:float16	256	2048	162.137 ms	2980.1 GFlops
# [vpu]:float16	256	4096	322.417 ms	2997.26 GFlops
# [vpu]:float16	256	8192	642.085 ms	3010.09 GFlops
# [vpu]:float16	256	16384	1288.82 ms	2999.24 GFlops
# [vpu]:float16	256	32768	2574.68 ms	3002.68 GFlops
# [vpu]:float16	512	256	42.7076 ms	2828.44 GFlops
# [vpu]:float16	512	512	80.5583 ms	2998.97 GFlops
# [vpu]:float16	512	1024	157.871 ms	3060.62 GFlops
# [vpu]:float16	512	2048	312.84 ms	3089.02 GFlops
# [vpu]:float16	512	4096	623.841 ms	3098.12 GFlops
# [vpu]:float16	512	8192	1247.85 ms	3097.71 GFlops
# [vpu]:float16	512	16384	2490.59 ms	3104.06 GFlops
# [vpu]:float16	512	32768	4982.07 ms	3103.5 GFlops
# [vpu]:float16	1024	256	68.8086 ms	3511.07 GFlops
# [vpu]:float16	1024	512	134.352 ms	3596.4 GFlops
# [vpu]:float16	1024	1024	264.55 ms	3652.88 GFlops
# [vpu]:float16	1024	2048	524.689 ms	3683.58 GFlops
# [vpu]:float16	1024	4096	1048.15 ms	3687.9 GFlops
# [vpu]:float16	1024	8192	2093.44 ms	3692.94 GFlops
# [vpu]:float16	1024	16384	6340.4 ms	2438.63 GFlops
# [vpu]:float16	1024	32768	8363.55 ms	3697.45 GFlops

summary: float16	8363.55 ms	3697.45 GFlops	1024	32768
--------------------------------------------

----------- Aggregated at block & grid size ------------
# [vpu]:128	256	float1	0.945664 ms	1995.89 GFlops
# [vpu]:128	256	float2	1.59337 ms	2369.11 GFlops
# [vpu]:128	256	float4	2.44656 ms	3085.86 GFlops
# [vpu]:128	256	float8	5.25568 ms	2872.99 GFlops
# [vpu]:128	256	float16	13.2173 ms	2284.8 GFlops

summary: 128	256	2.44656 ms	3085.86 GFlops	float4
--------------------------------------------
# [vpu]:128	512	float1	1.59163 ms	2371.7 GFlops
# [vpu]:128	512	float2	2.94858 ms	2560.47 GFlops
# [vpu]:128	512	float4	4.63884 ms	3255.01 GFlops
# [vpu]:128	512	float8	10.9188 ms	2765.78 GFlops
# [vpu]:128	512	float16	24.4255 ms	2472.74 GFlops

summary: 128	512	4.63884 ms	3255.01 GFlops	float4
--------------------------------------------
# [vpu]:128	1024	float1	2.87255 ms	2628.24 GFlops
# [vpu]:128	1024	float2	5.6824 ms	2657.24 GFlops
# [vpu]:128	1024	float4	9.35575 ms	3227.85 GFlops
# [vpu]:128	1024	float8	19.7641 ms	3055.95 GFlops
# [vpu]:128	1024	float16	45.9067 ms	2631.34 GFlops

summary: 128	1024	9.35575 ms	3227.85 GFlops	float4
--------------------------------------------
# [vpu]:128	2048	float1	5.47313 ms	2758.84 GFlops
# [vpu]:128	2048	float2	10.8321 ms	2787.91 GFlops
# [vpu]:128	2048	float4	17.4009 ms	3470.96 GFlops
# [vpu]:128	2048	float8	37.1804 ms	3248.91 GFlops
# [vpu]:128	2048	float16	85.1741 ms	2836.45 GFlops

summary: 128	2048	17.4009 ms	3470.96 GFlops	float4
--------------------------------------------
# [vpu]:128	4096	float1	10.8267 ms	2789.31 GFlops
# [vpu]:128	4096	float2	21.5136 ms	2807.43 GFlops
# [vpu]:128	4096	float4	34.4886 ms	3502.49 GFlops
# [vpu]:128	4096	float8	72.6723 ms	3324.4 GFlops
# [vpu]:128	4096	float16	166.882 ms	2895.37 GFlops

summary: 128	4096	34.4886 ms	3502.49 GFlops	float4
--------------------------------------------
# [vpu]:128	8192	float1	21.4778 ms	2812.12 GFlops
# [vpu]:128	8192	float2	42.6031 ms	2835.38 GFlops
# [vpu]:128	8192	float4	68.0495 ms	3550.24 GFlops
# [vpu]:128	8192	float8	145.605 ms	3318.46 GFlops
# [vpu]:128	8192	float16	334.331 ms	2890.45 GFlops

summary: 128	8192	68.0495 ms	3550.24 GFlops	float4
--------------------------------------------
# [vpu]:128	16384	float1	43.0924 ms	2803.19 GFlops
# [vpu]:128	16384	float2	85.5879 ms	2822.73 GFlops
# [vpu]:128	16384	float4	136.159 ms	3548.68 GFlops
# [vpu]:128	16384	float8	290.595 ms	3325.47 GFlops
# [vpu]:128	16384	float16	667.463 ms	2895.65 GFlops

summary: 128	16384	136.159 ms	3548.68 GFlops	float4
--------------------------------------------
# [vpu]:128	32768	float1	85.8858 ms	2812.94 GFlops
# [vpu]:128	32768	float2	170.771 ms	2829.42 GFlops
# [vpu]:128	32768	float4	271.618 ms	3557.82 GFlops
# [vpu]:128	32768	float8	582.493 ms	3318.04 GFlops
# [vpu]:128	32768	float16	1336.57 ms	2892.09 GFlops

summary: 128	32768	271.618 ms	3557.82 GFlops	float4
--------------------------------------------
# [vpu]:256	256	float1	1.60033 ms	2358.8 GFlops
# [vpu]:256	256	float2	2.91583 ms	2589.22 GFlops
# [vpu]:256	256	float4	4.71631 ms	3201.55 GFlops
# [vpu]:256	256	float8	10.8016 ms	2795.8 GFlops
# [vpu]:256	256	float16	24.2829 ms	2487.27 GFlops

summary: 256	256	4.71631 ms	3201.55 GFlops	float4
--------------------------------------------
# [vpu]:256	512	float1	2.88399 ms	2617.81 GFlops
# [vpu]:256	512	float2	5.63678 ms	2678.75 GFlops
# [vpu]:256	512	float4	9.07818 ms	3326.55 GFlops
# [vpu]:256	512	float8	19.5046 ms	3096.61 GFlops
# [vpu]:256	512	float16	44.5606 ms	2710.82 GFlops

summary: 256	512	9.07818 ms	3326.55 GFlops	float4
--------------------------------------------
# [vpu]:256	1024	float1	5.55506 ms	2718.15 GFlops
# [vpu]:256	1024	float2	10.8808 ms	2775.44 GFlops
# [vpu]:256	1024	float4	17.4909 ms	3453.1 GFlops
# [vpu]:256	1024	float8	36.5562 ms	3304.39 GFlops
# [vpu]:256	1024	float16	82.9803 ms	2911.44 GFlops

summary: 256	1024	17.4909 ms	3453.1 GFlops	float4
--------------------------------------------
# [vpu]:256	2048	float1	10.9047 ms	2769.36 GFlops
# [vpu]:256	2048	float2	21.5156 ms	2807.17 GFlops
# [vpu]:256	2048	float4	34.1909 ms	3532.98 GFlops
# [vpu]:256	2048	float8	71.2689 ms	3389.87 GFlops
# [vpu]:256	2048	float16	162.137 ms	2980.1 GFlops

summary: 256	2048	34.1909 ms	3532.98 GFlops	float4
--------------------------------------------
# [vpu]:256	4096	float1	21.5887 ms	2797.67 GFlops
# [vpu]:256	4096	float2	42.847 ms	2819.24 GFlops
# [vpu]:256	4096	float4	68.1881 ms	3543.02 GFlops
# [vpu]:256	4096	float8	142.153 ms	3399.04 GFlops
# [vpu]:256	4096	float16	322.417 ms	2997.26 GFlops

summary: 256	4096	68.1881 ms	3543.02 GFlops	float4
--------------------------------------------
# [vpu]:256	8192	float1	42.9983 ms	2809.32 GFlops
# [vpu]:256	8192	float2	85.4388 ms	2827.66 GFlops
# [vpu]:256	8192	float4	136.068 ms	3551.05 GFlops
# [vpu]:256	8192	float8	283.588 ms	3407.65 GFlops
# [vpu]:256	8192	float16	642.085 ms	3010.09 GFlops

summary: 256	8192	136.068 ms	3551.05 GFlops	float4
--------------------------------------------
# [vpu]:256	16384	float1	85.8166 ms	2815.21 GFlops
# [vpu]:256	16384	float2	170.614 ms	2832.04 GFlops
# [vpu]:256	16384	float4	271.769 ms	3555.84 GFlops
# [vpu]:256	16384	float8	567.046 ms	3408.43 GFlops
# [vpu]:256	16384	float16	1288.82 ms	2999.24 GFlops

summary: 256	16384	271.769 ms	3555.84 GFlops	float4
--------------------------------------------
# [vpu]:256	32768	float1	171.377 ms	2819.42 GFlops
# [vpu]:256	32768	float2	340.929 ms	2834.51 GFlops
# [vpu]:256	32768	float4	543.012 ms	3559.28 GFlops
# [vpu]:256	32768	float8	1136.13 ms	3402.3 GFlops
# [vpu]:256	32768	float16	2574.68 ms	3002.68 GFlops

summary: 256	32768	543.012 ms	3559.28 GFlops	float4
--------------------------------------------
# [vpu]:512	256	float1	2.96764 ms	2544.02 GFlops
# [vpu]:512	256	float2	5.95763 ms	2534.48 GFlops
# [vpu]:512	256	float4	9.6826 ms	3118.89 GFlops
# [vpu]:512	256	float8	18.9628 ms	3185.08 GFlops
# [vpu]:512	256	float16	42.7076 ms	2828.44 GFlops

summary: 512	256	18.9628 ms	3185.08 GFlops	float8
--------------------------------------------
# [vpu]:512	512	float1	5.50697 ms	2741.89 GFlops
# [vpu]:512	512	float2	11.1631 ms	2705.25 GFlops
# [vpu]:512	512	float4	17.5565 ms	3440.2 GFlops
# [vpu]:512	512	float8	35.4617 ms	3406.37 GFlops
# [vpu]:512	512	float16	80.5583 ms	2998.97 GFlops

summary: 512	512	17.5565 ms	3440.2 GFlops	float4
--------------------------------------------
# [vpu]:512	1024	float1	10.9116 ms	2767.61 GFlops
# [vpu]:512	1024	float2	21.5615 ms	2801.19 GFlops
# [vpu]:512	1024	float4	34.0985 ms	3542.56 GFlops
# [vpu]:512	1024	float8	68.5103 ms	3526.36 GFlops
# [vpu]:512	1024	float16	157.871 ms	3060.62 GFlops

summary: 512	1024	34.0985 ms	3542.56 GFlops	float4
--------------------------------------------
# [vpu]:512	2048	float1	21.5745 ms	2799.51 GFlops
# [vpu]:512	2048	float2	42.9168 ms	2814.66 GFlops
# [vpu]:512	2048	float4	67.4659 ms	3580.95 GFlops
# [vpu]:512	2048	float8	136.742 ms	3533.54 GFlops
# [vpu]:512	2048	float16	312.84 ms	3089.02 GFlops

summary: 512	2048	67.4659 ms	3580.95 GFlops	float4
--------------------------------------------
# [vpu]:512	4096	float1	42.9891 ms	2809.92 GFlops
# [vpu]:512	4096	float2	85.5494 ms	2824 GFlops
# [vpu]:512	4096	float4	134.531 ms	3591.61 GFlops
# [vpu]:512	4096	float8	271.777 ms	3555.74 GFlops
# [vpu]:512	4096	float16	623.841 ms	3098.12 GFlops

summary: 512	4096	134.531 ms	3591.61 GFlops	float4
--------------------------------------------
# [vpu]:512	8192	float1	85.7548 ms	2817.24 GFlops
# [vpu]:512	8192	float2	170.688 ms	2830.8 GFlops
# [vpu]:512	8192	float4	268.777 ms	3595.43 GFlops
# [vpu]:512	8192	float8	542.273 ms	3564.14 GFlops
# [vpu]:512	8192	float16	1247.85 ms	3097.71 GFlops

summary: 512	8192	268.777 ms	3595.43 GFlops	float4
--------------------------------------------
# [vpu]:512	16384	float1	171.384 ms	2819.31 GFlops
# [vpu]:512	16384	float2	341.007 ms	2833.86 GFlops
# [vpu]:512	16384	float4	537.008 ms	3599.08 GFlops
# [vpu]:512	16384	float8	1083.73 ms	3566.81 GFlops
# [vpu]:512	16384	float16	2490.59 ms	3104.06 GFlops

summary: 512	16384	537.008 ms	3599.08 GFlops	float4
--------------------------------------------
# [vpu]:512	32768	float1	342.475 ms	2821.72 GFlops
# [vpu]:512	32768	float2	681.341 ms	2836.66 GFlops
# [vpu]:512	32768	float4	1073.38 ms	3601.21 GFlops
# [vpu]:512	32768	float8	2165.58 ms	3569.92 GFlops
# [vpu]:512	32768	float16	4982.07 ms	3103.5 GFlops

summary: 512	32768	1073.38 ms	3601.21 GFlops	float4
--------------------------------------------
# [vpu]:1024	256	float1	5.62223 ms	2685.68 GFlops
# [vpu]:1024	256	float2	11.1687 ms	2703.89 GFlops
# [vpu]:1024	256	float4	17.5938 ms	3432.92 GFlops
# [vpu]:1024	256	float8	35.2398 ms	3427.83 GFlops
# [vpu]:1024	256	float16	68.8086 ms	3511.07 GFlops

summary: 1024	256	68.8086 ms	3511.07 GFlops	float16
--------------------------------------------
# [vpu]:1024	512	float1	10.9463 ms	2758.84 GFlops
# [vpu]:1024	512	float2	21.6859 ms	2785.13 GFlops
# [vpu]:1024	512	float4	34.029 ms	3549.79 GFlops
# [vpu]:1024	512	float8	67.8472 ms	3560.82 GFlops
# [vpu]:1024	512	float16	134.352 ms	3596.4 GFlops

summary: 1024	512	134.352 ms	3596.4 GFlops	float16
--------------------------------------------
# [vpu]:1024	1024	float1	21.5564 ms	2801.86 GFlops
# [vpu]:1024	1024	float2	42.8335 ms	2820.13 GFlops
# [vpu]:1024	1024	float4	67.2692 ms	3591.42 GFlops
# [vpu]:1024	1024	float8	135.172 ms	3574.59 GFlops
# [vpu]:1024	1024	float16	264.55 ms	3652.88 GFlops

summary: 1024	1024	264.55 ms	3652.88 GFlops	float16
--------------------------------------------
# [vpu]:1024	2048	float1	43.0378 ms	2806.74 GFlops
# [vpu]:1024	2048	float2	85.5586 ms	2823.7 GFlops
# [vpu]:1024	2048	float4	134.407 ms	3594.94 GFlops
# [vpu]:1024	2048	float8	268.109 ms	3604.39 GFlops
# [vpu]:1024	2048	float16	524.689 ms	3683.58 GFlops

summary: 1024	2048	524.689 ms	3683.58 GFlops	float16
--------------------------------------------
# [vpu]:1024	4096	float1	85.8792 ms	2813.16 GFlops
# [vpu]:1024	4096	float2	170.88 ms	2827.62 GFlops
# [vpu]:1024	4096	float4	268.333 ms	3601.38 GFlops
# [vpu]:1024	4096	float8	535.834 ms	3606.97 GFlops
# [vpu]:1024	4096	float16	1048.15 ms	3687.9 GFlops

summary: 1024	4096	1048.15 ms	3687.9 GFlops	float16
--------------------------------------------
# [vpu]:1024	8192	float1	171.442 ms	2818.36 GFlops
# [vpu]:1024	8192	float2	341.148 ms	2832.69 GFlops
# [vpu]:1024	8192	float4	536.12 ms	3605.04 GFlops
# [vpu]:1024	8192	float8	1070.08 ms	3612.31 GFlops
# [vpu]:1024	8192	float16	2093.44 ms	3692.94 GFlops

summary: 1024	8192	2093.44 ms	3692.94 GFlops	float16
--------------------------------------------
# [vpu]:1024	16384	float1	342.776 ms	2819.24 GFlops
# [vpu]:1024	16384	float2	681.149 ms	2837.46 GFlops
# [vpu]:1024	16384	float4	1071.63 ms	3607.1 GFlops
# [vpu]:1024	16384	float8	2139.07 ms	3614.16 GFlops
# [vpu]:1024	16384	float16	6340.4 ms	2438.63 GFlops

summary: 1024	16384	2139.07 ms	3614.16 GFlops	float8
--------------------------------------------
# [vpu]:1024	32768	float1	684.862 ms	2822.08 GFlops
# [vpu]:1024	32768	float2	1361.96 ms	2838.16 GFlops
# [vpu]:1024	32768	float4	2142.2 ms	3608.87 GFlops
# [vpu]:1024	32768	float8	4276.18 ms	3615.82 GFlops
# [vpu]:1024	32768	float16	8363.55 ms	3697.45 GFlops

summary: 1024	32768	8363.55 ms	3697.45 GFlops	float16
--------------------------------------------
Data type: float
Time for VPU: 8363.55 ms.	BlockSize: 1024	GridSize: 32768	VecSize: 16	Bandwidth: 3697.45 GFLOPS
