
Starting to launch opencl_compare...
Fast run...
Data size: 33554432

Detection mode: All
------ Start hardware checking ------
Platform: Intel(R) OpenCL
Number of devices: 2
	Computing device 0 : Intel(R) Xeon(R) CPU E5-2650 v3 @ 2.30GHz
	Computing device 1 : Intel(R) Many Integrated Core Acceleration Card
Please enter the index of the device to use (0,1,2...) : Selected device: Intel(R) Xeon(R) CPU E5-2650 v3 @ 2.30GHz
------ End of hardware checking ------

----- Vector Instruction Throughput Test -----
Max data size: 33554432
Data type: double
blockSize=128	gridSize=256	double1	6.97431 ms	270.627 GFlops	done!
blockSize=128	gridSize=256	double2	7.44623 ms	506.951 GFlops	done!
blockSize=128	gridSize=256	double4	56.3815 ms	133.905 GFlops	done!
blockSize=128	gridSize=256	double8	54.2176 ms	278.498 GFlops	done!
blockSize=128	gridSize=256	double16	56.2863 ms	536.524 GFlops	done!
blockSize=128	gridSize=512	double1	12.8726 ms	293.249 GFlops	done!
blockSize=128	gridSize=512	double2	13.3569 ms	565.232 GFlops	done!
blockSize=128	gridSize=512	double4	98.6363 ms	153.083 GFlops	done!
blockSize=128	gridSize=512	double8	100.194 ms	301.407 GFlops	done!
blockSize=128	gridSize=512	double16	106.389 ms	567.707 GFlops	done!
blockSize=128	gridSize=1024	double1	24.3525 ms	310.02 GFlops	done!
blockSize=128	gridSize=1024	double2	25.8657 ms	583.765 GFlops	done!
blockSize=128	gridSize=1024	double4	190.829 ms	158.252 GFlops	done!
blockSize=128	gridSize=1024	double8	190.118 ms	317.687 GFlops	done!
blockSize=128	gridSize=1024	double16	201.95 ms	598.147 GFlops	done!
blockSize=128	gridSize=2048	double1	47.9323 ms	315.017 GFlops	done!
blockSize=128	gridSize=2048	double2	50.3427 ms	599.868 GFlops	done!
blockSize=128	gridSize=2048	double4	369.214 ms	163.585 GFlops	done!
blockSize=128	gridSize=2048	double8	381.728 ms	316.445 GFlops	done!
blockSize=128	gridSize=2048	double16	397.844 ms	607.252 GFlops	done!
blockSize=128	gridSize=4096	double1	92.1215 ms	327.817 GFlops	done!
blockSize=128	gridSize=4096	double2	98.5526 ms	612.85 GFlops	done!
blockSize=128	gridSize=4096	double4	735.797 ms	164.17 GFlops	done!
blockSize=128	gridSize=4096	double8	735.407 ms	328.515 GFlops	done!
blockSize=128	gridSize=4096	double16	788.627 ms	612.69 GFlops	done!
blockSize=128	gridSize=8192	double1	182.968 ms	330.101 GFlops	done!
blockSize=128	gridSize=8192	double2	196.715 ms	614.067 GFlops	done!
blockSize=128	gridSize=8192	double4	1461.54 ms	165.3 GFlops	done!
blockSize=128	gridSize=8192	double8	1462.53 ms	330.376 GFlops	done!
blockSize=128	gridSize=8192	double16	1571.29 ms	615.016 GFlops	done!
blockSize=128	gridSize=16384	double1	365.564 ms	330.437 GFlops	done!
blockSize=128	gridSize=16384	double2	391.463 ms	617.151 GFlops	done!
blockSize=128	gridSize=16384	double4	2916.96 ms	165.646 GFlops	done!
blockSize=128	gridSize=16384	double8	2919.44 ms	331.011 GFlops	done!
blockSize=128	gridSize=16384	double16	3132.04 ms	617.085 GFlops	done!
blockSize=128	gridSize=32768	double1	729.028 ms	331.389 GFlops	done!
blockSize=128	gridSize=32768	double2	782.646 ms	617.372 GFlops	done!
blockSize=128	gridSize=32768	double4	5828.49 ms	165.801 GFlops	done!
blockSize=128	gridSize=32768	double8	5830.23 ms	331.502 GFlops	done!
blockSize=128	gridSize=32768	double16	6256.38 ms	617.845 GFlops	done!
blockSize=256	gridSize=256	double1	13.8476 ms	272.6 GFlops	done!
blockSize=256	gridSize=256	double2	14.7349 ms	512.373 GFlops	done!
blockSize=256	gridSize=256	double4	110.521 ms	136.62 GFlops	done!
blockSize=256	gridSize=256	double8	109.434 ms	275.957 GFlops	done!
blockSize=256	gridSize=256	double16	115.423 ms	523.275 GFlops	done!
blockSize=256	gridSize=512	double1	24.9832 ms	302.193 GFlops	done!
blockSize=256	gridSize=512	double2	26.3996 ms	571.96 GFlops	done!
blockSize=256	gridSize=512	double4	197.14 ms	153.185 GFlops	done!
blockSize=256	gridSize=512	double8	198.902 ms	303.657 GFlops	done!
blockSize=256	gridSize=512	double16	211.717 ms	570.553 GFlops	done!
blockSize=256	gridSize=1024	double1	48.2281 ms	313.085 GFlops	done!
blockSize=256	gridSize=1024	double2	50.8939 ms	593.371 GFlops	done!
blockSize=256	gridSize=1024	double4	377.758 ms	159.885 GFlops	done!
blockSize=256	gridSize=1024	double8	381.734 ms	316.44 GFlops	done!
blockSize=256	gridSize=1024	double16	407.421 ms	592.978 GFlops	done!
blockSize=256	gridSize=2048	double1	93.0863 ms	324.419 GFlops	done!
blockSize=256	gridSize=2048	double2	99.734 ms	605.591 GFlops	done!
blockSize=256	gridSize=2048	double4	741.477 ms	162.913 GFlops	done!
blockSize=256	gridSize=2048	double8	740.453 ms	326.276 GFlops	done!
blockSize=256	gridSize=2048	double16	798.608 ms	605.032 GFlops	done!
blockSize=256	gridSize=4096	double1	183.509 ms	329.127 GFlops	done!
blockSize=256	gridSize=4096	double2	197.198 ms	612.562 GFlops	done!
blockSize=256	gridSize=4096	double4	1475.3 ms	163.757 GFlops	done!
blockSize=256	gridSize=4096	double8	1469.71 ms	328.76 GFlops	done!
blockSize=256	gridSize=4096	double16	1577.54 ms	612.581 GFlops	done!
blockSize=256	gridSize=8192	double1	366.735 ms	329.382 GFlops	done!
blockSize=256	gridSize=8192	double2	392.878 ms	614.929 GFlops	done!
blockSize=256	gridSize=8192	double4	2927.07 ms	165.074 GFlops	done!
blockSize=256	gridSize=8192	double8	2928.65 ms	329.971 GFlops	done!
blockSize=256	gridSize=8192	double16	3141.94 ms	615.141 GFlops	done!
blockSize=256	gridSize=16384	double1	729.799 ms	331.039 GFlops	done!
blockSize=256	gridSize=16384	double2	782.782 ms	617.265 GFlops	done!
blockSize=256	gridSize=16384	double4	5833.95 ms	165.646 GFlops	done!
blockSize=256	gridSize=16384	double8	5835.43 ms	331.207 GFlops	done!
blockSize=256	gridSize=16384	double16	6263.66 ms	617.126 GFlops	done!
blockSize=256	gridSize=32768	double1	1458.24 ms	331.348 GFlops	done!
blockSize=256	gridSize=32768	double2	1563.76 ms	617.977 GFlops	done!
blockSize=256	gridSize=32768	double4	11656.1 ms	165.813 GFlops	done!
blockSize=256	gridSize=32768	double8	11659.9 ms	331.518 GFlops	done!
blockSize=256	gridSize=32768	double16	12513.2 ms	617.821 GFlops	done!
blockSize=512	gridSize=256	double1	28.0081 ms	269.555 GFlops	done!
blockSize=512	gridSize=256	double2	27.8567 ms	542.042 GFlops	done!
blockSize=512	gridSize=256	double4	211.25 ms	142.954 GFlops	done!
blockSize=512	gridSize=256	double8	212.86 ms	283.745 GFlops	done!
blockSize=512	gridSize=256	double16	232.947 ms	518.555 GFlops	done!
blockSize=512	gridSize=512	double1	49.7489 ms	303.514 GFlops	done!
blockSize=512	gridSize=512	double2	52.6493 ms	573.588 GFlops	done!
blockSize=512	gridSize=512	double4	397.072 ms	152.108 GFlops	done!
blockSize=512	gridSize=512	double8	394.566 ms	306.149 GFlops	done!
blockSize=512	gridSize=512	double16	423.521 ms	570.436 GFlops	done!
blockSize=512	gridSize=1024	double1	96.7957 ms	311.987 GFlops	done!
blockSize=512	gridSize=1024	double2	102.062 ms	591.777 GFlops	done!
blockSize=512	gridSize=1024	double4	758.116 ms	159.337 GFlops	done!
blockSize=512	gridSize=1024	double8	754.255 ms	320.305 GFlops	done!
blockSize=512	gridSize=1024	double16	812.762 ms	594.496 GFlops	done!
blockSize=512	gridSize=2048	double1	185.45 ms	325.683 GFlops	done!
blockSize=512	gridSize=2048	double2	201.147 ms	600.537 GFlops	done!
blockSize=512	gridSize=2048	double4	1490.47 ms	162.092 GFlops	done!
blockSize=512	gridSize=2048	double8	1483.11 ms	325.79 GFlops	done!
blockSize=512	gridSize=2048	double16	1589.01 ms	608.156 GFlops	done!
blockSize=512	gridSize=4096	double1	369.411 ms	326.996 GFlops	done!
blockSize=512	gridSize=4096	double2	394.712 ms	612.072 GFlops	done!
blockSize=512	gridSize=4096	double4	2943.21 ms	164.169 GFlops	done!
blockSize=512	gridSize=4096	double8	2943.45 ms	328.311 GFlops	done!
blockSize=512	gridSize=4096	double16	3155.84 ms	612.432 GFlops	done!
blockSize=512	gridSize=8192	double1	731.345 ms	330.339 GFlops	done!
blockSize=512	gridSize=8192	double2	785.399 ms	615.208 GFlops	done!
blockSize=512	gridSize=8192	double4	5853.71 ms	165.086 GFlops	done!
blockSize=512	gridSize=8192	double8	5852.31 ms	330.252 GFlops	done!
blockSize=512	gridSize=8192	double16	6281.74 ms	615.35 GFlops	done!
blockSize=512	gridSize=16384	double1	1459.84 ms	330.983 GFlops	done!
blockSize=512	gridSize=16384	double2	1565.44 ms	617.314 GFlops	done!
blockSize=512	gridSize=16384	double4	11671.3 ms	165.597 GFlops	done!
blockSize=512	gridSize=16384	double8	11672.4 ms	331.163 GFlops	done!
blockSize=512	gridSize=16384	double16	12530 ms	616.996 GFlops	done!
blockSize=512	gridSize=32768	double1	2914.98 ms	331.518 GFlops	done!
blockSize=512	gridSize=32768	double2	3127.04 ms	618.071 GFlops	done!
blockSize=512	gridSize=32768	double4	23310 ms	165.829 GFlops	done!
blockSize=512	gridSize=32768	double8	23316.7 ms	331.562 GFlops	done!
blockSize=512	gridSize=32768	double16	25026.2 ms	617.827 GFlops	done!
blockSize=1024	gridSize=256	double1	52.3937 ms	288.193 GFlops	done!
blockSize=1024	gridSize=256	double2	59.0027 ms	511.824 GFlops	done!
blockSize=1024	gridSize=256	double4	429.324 ms	140.681 GFlops	done!
blockSize=1024	gridSize=256	double8	428.756 ms	281.736 GFlops	done!
blockSize=1024	gridSize=256	double16	454.781 ms	531.227 GFlops	done!
blockSize=1024	gridSize=512	double1	100.551 ms	300.336 GFlops	done!
blockSize=1024	gridSize=512	double2	106.882 ms	565.09 GFlops	done!
blockSize=1024	gridSize=512	double4	794.512 ms	152.038 GFlops	done!
blockSize=1024	gridSize=512	double8	794.45 ms	304.1 GFlops	done!
blockSize=1024	gridSize=512	double16	840.697 ms	574.742 GFlops	done!
blockSize=1024	gridSize=1024	double1	189.328 ms	319.012 GFlops	done!
blockSize=1024	gridSize=1024	double2	202.857 ms	595.473 GFlops	done!
blockSize=1024	gridSize=1024	double4	1508.15 ms	160.191 GFlops	done!
blockSize=1024	gridSize=1024	double8	1518.69 ms	318.158 GFlops	done!
blockSize=1024	gridSize=1024	double16	1620.94 ms	596.177 GFlops	done!
blockSize=1024	gridSize=2048	double1	370.044 ms	326.437 GFlops	done!
blockSize=1024	gridSize=2048	double2	397.719 ms	607.444 GFlops	done!
blockSize=1024	gridSize=2048	double4	2962.44 ms	163.104 GFlops	done!
blockSize=1024	gridSize=2048	double8	2964.16 ms	326.018 GFlops	done!
blockSize=1024	gridSize=2048	double16	3179.02 ms	607.965 GFlops	done!
blockSize=1024	gridSize=4096	double1	735.183 ms	328.615 GFlops	done!
blockSize=1024	gridSize=4096	double2	788.576 ms	612.73 GFlops	done!
blockSize=1024	gridSize=4096	double4	5888.87 ms	164.101 GFlops	done!
blockSize=1024	gridSize=4096	double8	5872.46 ms	329.119 GFlops	done!
blockSize=1024	gridSize=4096	double16	6304.29 ms	613.15 GFlops	done!
blockSize=1024	gridSize=8192	double1	1462.61 ms	330.357 GFlops	done!
blockSize=1024	gridSize=8192	double2	1570.7 ms	615.248 GFlops	done!
blockSize=1024	gridSize=8192	double4	11701.9 ms	165.164 GFlops	done!
blockSize=1024	gridSize=8192	double8	11695.7 ms	330.504 GFlops	done!
blockSize=1024	gridSize=8192	double16	12559.1 ms	615.564 GFlops	done!
blockSize=1024	gridSize=16384	double1	2918.73 ms	331.092 GFlops	done!
blockSize=1024	gridSize=16384	double2	3130.76 ms	617.337 GFlops	done!
blockSize=1024	gridSize=16384	double4	23335.3 ms	165.649 GFlops	done!
blockSize=1024	gridSize=16384	double8	23348.4 ms	331.112 GFlops	done!
blockSize=1024	gridSize=16384	double16	25059.9 ms	616.996 GFlops	done!
blockSize=1024	gridSize=32768	double1	5829.55 ms	331.541 GFlops	done!
blockSize=1024	gridSize=32768	double2	6254.83 ms	617.998 GFlops	done!
blockSize=1024	gridSize=32768	double4	46622.3 ms	165.821 GFlops	done!
blockSize=1024	gridSize=32768	double8	46635.4 ms	331.548 GFlops	done!
blockSize=1024	gridSize=32768	double16	50054.6 ms	617.8 GFlops	done!

----------- Original ------------
# [vpu]:128	256	double1	6.97431 ms	270.627 GFlops
# [vpu]:128	256	double2	7.44623 ms	506.951 GFlops
# [vpu]:128	256	double4	56.3815 ms	133.905 GFlops
# [vpu]:128	256	double8	54.2176 ms	278.498 GFlops
# [vpu]:128	256	double16	56.2863 ms	536.524 GFlops
# [vpu]:128	512	double1	12.8726 ms	293.249 GFlops
# [vpu]:128	512	double2	13.3569 ms	565.232 GFlops
# [vpu]:128	512	double4	98.6363 ms	153.083 GFlops
# [vpu]:128	512	double8	100.194 ms	301.407 GFlops
# [vpu]:128	512	double16	106.389 ms	567.707 GFlops
# [vpu]:128	1024	double1	24.3525 ms	310.02 GFlops
# [vpu]:128	1024	double2	25.8657 ms	583.765 GFlops
# [vpu]:128	1024	double4	190.829 ms	158.252 GFlops
# [vpu]:128	1024	double8	190.118 ms	317.687 GFlops
# [vpu]:128	1024	double16	201.95 ms	598.147 GFlops
# [vpu]:128	2048	double1	47.9323 ms	315.017 GFlops
# [vpu]:128	2048	double2	50.3427 ms	599.868 GFlops
# [vpu]:128	2048	double4	369.214 ms	163.585 GFlops
# [vpu]:128	2048	double8	381.728 ms	316.445 GFlops
# [vpu]:128	2048	double16	397.844 ms	607.252 GFlops
# [vpu]:128	4096	double1	92.1215 ms	327.817 GFlops
# [vpu]:128	4096	double2	98.5526 ms	612.85 GFlops
# [vpu]:128	4096	double4	735.797 ms	164.17 GFlops
# [vpu]:128	4096	double8	735.407 ms	328.515 GFlops
# [vpu]:128	4096	double16	788.627 ms	612.69 GFlops
# [vpu]:128	8192	double1	182.968 ms	330.101 GFlops
# [vpu]:128	8192	double2	196.715 ms	614.067 GFlops
# [vpu]:128	8192	double4	1461.54 ms	165.3 GFlops
# [vpu]:128	8192	double8	1462.53 ms	330.376 GFlops
# [vpu]:128	8192	double16	1571.29 ms	615.016 GFlops
# [vpu]:128	16384	double1	365.564 ms	330.437 GFlops
# [vpu]:128	16384	double2	391.463 ms	617.151 GFlops
# [vpu]:128	16384	double4	2916.96 ms	165.646 GFlops
# [vpu]:128	16384	double8	2919.44 ms	331.011 GFlops
# [vpu]:128	16384	double16	3132.04 ms	617.085 GFlops
# [vpu]:128	32768	double1	729.028 ms	331.389 GFlops
# [vpu]:128	32768	double2	782.646 ms	617.372 GFlops
# [vpu]:128	32768	double4	5828.49 ms	165.801 GFlops
# [vpu]:128	32768	double8	5830.23 ms	331.502 GFlops
# [vpu]:128	32768	double16	6256.38 ms	617.845 GFlops
# [vpu]:256	256	double1	13.8476 ms	272.6 GFlops
# [vpu]:256	256	double2	14.7349 ms	512.373 GFlops
# [vpu]:256	256	double4	110.521 ms	136.62 GFlops
# [vpu]:256	256	double8	109.434 ms	275.957 GFlops
# [vpu]:256	256	double16	115.423 ms	523.275 GFlops
# [vpu]:256	512	double1	24.9832 ms	302.193 GFlops
# [vpu]:256	512	double2	26.3996 ms	571.96 GFlops
# [vpu]:256	512	double4	197.14 ms	153.185 GFlops
# [vpu]:256	512	double8	198.902 ms	303.657 GFlops
# [vpu]:256	512	double16	211.717 ms	570.553 GFlops
# [vpu]:256	1024	double1	48.2281 ms	313.085 GFlops
# [vpu]:256	1024	double2	50.8939 ms	593.371 GFlops
# [vpu]:256	1024	double4	377.758 ms	159.885 GFlops
# [vpu]:256	1024	double8	381.734 ms	316.44 GFlops
# [vpu]:256	1024	double16	407.421 ms	592.978 GFlops
# [vpu]:256	2048	double1	93.0863 ms	324.419 GFlops
# [vpu]:256	2048	double2	99.734 ms	605.591 GFlops
# [vpu]:256	2048	double4	741.477 ms	162.913 GFlops
# [vpu]:256	2048	double8	740.453 ms	326.276 GFlops
# [vpu]:256	2048	double16	798.608 ms	605.032 GFlops
# [vpu]:256	4096	double1	183.509 ms	329.127 GFlops
# [vpu]:256	4096	double2	197.198 ms	612.562 GFlops
# [vpu]:256	4096	double4	1475.3 ms	163.757 GFlops
# [vpu]:256	4096	double8	1469.71 ms	328.76 GFlops
# [vpu]:256	4096	double16	1577.54 ms	612.581 GFlops
# [vpu]:256	8192	double1	366.735 ms	329.382 GFlops
# [vpu]:256	8192	double2	392.878 ms	614.929 GFlops
# [vpu]:256	8192	double4	2927.07 ms	165.074 GFlops
# [vpu]:256	8192	double8	2928.65 ms	329.971 GFlops
# [vpu]:256	8192	double16	3141.94 ms	615.141 GFlops
# [vpu]:256	16384	double1	729.799 ms	331.039 GFlops
# [vpu]:256	16384	double2	782.782 ms	617.265 GFlops
# [vpu]:256	16384	double4	5833.95 ms	165.646 GFlops
# [vpu]:256	16384	double8	5835.43 ms	331.207 GFlops
# [vpu]:256	16384	double16	6263.66 ms	617.126 GFlops
# [vpu]:256	32768	double1	1458.24 ms	331.348 GFlops
# [vpu]:256	32768	double2	1563.76 ms	617.977 GFlops
# [vpu]:256	32768	double4	11656.1 ms	165.813 GFlops
# [vpu]:256	32768	double8	11659.9 ms	331.518 GFlops
# [vpu]:256	32768	double16	12513.2 ms	617.821 GFlops
# [vpu]:512	256	double1	28.0081 ms	269.555 GFlops
# [vpu]:512	256	double2	27.8567 ms	542.042 GFlops
# [vpu]:512	256	double4	211.25 ms	142.954 GFlops
# [vpu]:512	256	double8	212.86 ms	283.745 GFlops
# [vpu]:512	256	double16	232.947 ms	518.555 GFlops
# [vpu]:512	512	double1	49.7489 ms	303.514 GFlops
# [vpu]:512	512	double2	52.6493 ms	573.588 GFlops
# [vpu]:512	512	double4	397.072 ms	152.108 GFlops
# [vpu]:512	512	double8	394.566 ms	306.149 GFlops
# [vpu]:512	512	double16	423.521 ms	570.436 GFlops
# [vpu]:512	1024	double1	96.7957 ms	311.987 GFlops
# [vpu]:512	1024	double2	102.062 ms	591.777 GFlops
# [vpu]:512	1024	double4	758.116 ms	159.337 GFlops
# [vpu]:512	1024	double8	754.255 ms	320.305 GFlops
# [vpu]:512	1024	double16	812.762 ms	594.496 GFlops
# [vpu]:512	2048	double1	185.45 ms	325.683 GFlops
# [vpu]:512	2048	double2	201.147 ms	600.537 GFlops
# [vpu]:512	2048	double4	1490.47 ms	162.092 GFlops
# [vpu]:512	2048	double8	1483.11 ms	325.79 GFlops
# [vpu]:512	2048	double16	1589.01 ms	608.156 GFlops
# [vpu]:512	4096	double1	369.411 ms	326.996 GFlops
# [vpu]:512	4096	double2	394.712 ms	612.072 GFlops
# [vpu]:512	4096	double4	2943.21 ms	164.169 GFlops
# [vpu]:512	4096	double8	2943.45 ms	328.311 GFlops
# [vpu]:512	4096	double16	3155.84 ms	612.432 GFlops
# [vpu]:512	8192	double1	731.345 ms	330.339 GFlops
# [vpu]:512	8192	double2	785.399 ms	615.208 GFlops
# [vpu]:512	8192	double4	5853.71 ms	165.086 GFlops
# [vpu]:512	8192	double8	5852.31 ms	330.252 GFlops
# [vpu]:512	8192	double16	6281.74 ms	615.35 GFlops
# [vpu]:512	16384	double1	1459.84 ms	330.983 GFlops
# [vpu]:512	16384	double2	1565.44 ms	617.314 GFlops
# [vpu]:512	16384	double4	11671.3 ms	165.597 GFlops
# [vpu]:512	16384	double8	11672.4 ms	331.163 GFlops
# [vpu]:512	16384	double16	12530 ms	616.996 GFlops
# [vpu]:512	32768	double1	2914.98 ms	331.518 GFlops
# [vpu]:512	32768	double2	3127.04 ms	618.071 GFlops
# [vpu]:512	32768	double4	23310 ms	165.829 GFlops
# [vpu]:512	32768	double8	23316.7 ms	331.562 GFlops
# [vpu]:512	32768	double16	25026.2 ms	617.827 GFlops
# [vpu]:1024	256	double1	52.3937 ms	288.193 GFlops
# [vpu]:1024	256	double2	59.0027 ms	511.824 GFlops
# [vpu]:1024	256	double4	429.324 ms	140.681 GFlops
# [vpu]:1024	256	double8	428.756 ms	281.736 GFlops
# [vpu]:1024	256	double16	454.781 ms	531.227 GFlops
# [vpu]:1024	512	double1	100.551 ms	300.336 GFlops
# [vpu]:1024	512	double2	106.882 ms	565.09 GFlops
# [vpu]:1024	512	double4	794.512 ms	152.038 GFlops
# [vpu]:1024	512	double8	794.45 ms	304.1 GFlops
# [vpu]:1024	512	double16	840.697 ms	574.742 GFlops
# [vpu]:1024	1024	double1	189.328 ms	319.012 GFlops
# [vpu]:1024	1024	double2	202.857 ms	595.473 GFlops
# [vpu]:1024	1024	double4	1508.15 ms	160.191 GFlops
# [vpu]:1024	1024	double8	1518.69 ms	318.158 GFlops
# [vpu]:1024	1024	double16	1620.94 ms	596.177 GFlops
# [vpu]:1024	2048	double1	370.044 ms	326.437 GFlops
# [vpu]:1024	2048	double2	397.719 ms	607.444 GFlops
# [vpu]:1024	2048	double4	2962.44 ms	163.104 GFlops
# [vpu]:1024	2048	double8	2964.16 ms	326.018 GFlops
# [vpu]:1024	2048	double16	3179.02 ms	607.965 GFlops
# [vpu]:1024	4096	double1	735.183 ms	328.615 GFlops
# [vpu]:1024	4096	double2	788.576 ms	612.73 GFlops
# [vpu]:1024	4096	double4	5888.87 ms	164.101 GFlops
# [vpu]:1024	4096	double8	5872.46 ms	329.119 GFlops
# [vpu]:1024	4096	double16	6304.29 ms	613.15 GFlops
# [vpu]:1024	8192	double1	1462.61 ms	330.357 GFlops
# [vpu]:1024	8192	double2	1570.7 ms	615.248 GFlops
# [vpu]:1024	8192	double4	11701.9 ms	165.164 GFlops
# [vpu]:1024	8192	double8	11695.7 ms	330.504 GFlops
# [vpu]:1024	8192	double16	12559.1 ms	615.564 GFlops
# [vpu]:1024	16384	double1	2918.73 ms	331.092 GFlops
# [vpu]:1024	16384	double2	3130.76 ms	617.337 GFlops
# [vpu]:1024	16384	double4	23335.3 ms	165.649 GFlops
# [vpu]:1024	16384	double8	23348.4 ms	331.112 GFlops
# [vpu]:1024	16384	double16	25059.9 ms	616.996 GFlops
# [vpu]:1024	32768	double1	5829.55 ms	331.541 GFlops
# [vpu]:1024	32768	double2	6254.83 ms	617.998 GFlops
# [vpu]:1024	32768	double4	46622.3 ms	165.821 GFlops
# [vpu]:1024	32768	double8	46635.4 ms	331.548 GFlops
# [vpu]:1024	32768	double16	50054.6 ms	617.8 GFlops

----------- Aggregated at vec_size ------------
# [vpu]:double1	128	256	6.97431 ms	270.627 GFlops
# [vpu]:double1	128	512	12.8726 ms	293.249 GFlops
# [vpu]:double1	128	1024	24.3525 ms	310.02 GFlops
# [vpu]:double1	128	2048	47.9323 ms	315.017 GFlops
# [vpu]:double1	128	4096	92.1215 ms	327.817 GFlops
# [vpu]:double1	128	8192	182.968 ms	330.101 GFlops
# [vpu]:double1	128	16384	365.564 ms	330.437 GFlops
# [vpu]:double1	128	32768	729.028 ms	331.389 GFlops
# [vpu]:double1	256	256	13.8476 ms	272.6 GFlops
# [vpu]:double1	256	512	24.9832 ms	302.193 GFlops
# [vpu]:double1	256	1024	48.2281 ms	313.085 GFlops
# [vpu]:double1	256	2048	93.0863 ms	324.419 GFlops
# [vpu]:double1	256	4096	183.509 ms	329.127 GFlops
# [vpu]:double1	256	8192	366.735 ms	329.382 GFlops
# [vpu]:double1	256	16384	729.799 ms	331.039 GFlops
# [vpu]:double1	256	32768	1458.24 ms	331.348 GFlops
# [vpu]:double1	512	256	28.0081 ms	269.555 GFlops
# [vpu]:double1	512	512	49.7489 ms	303.514 GFlops
# [vpu]:double1	512	1024	96.7957 ms	311.987 GFlops
# [vpu]:double1	512	2048	185.45 ms	325.683 GFlops
# [vpu]:double1	512	4096	369.411 ms	326.996 GFlops
# [vpu]:double1	512	8192	731.345 ms	330.339 GFlops
# [vpu]:double1	512	16384	1459.84 ms	330.983 GFlops
# [vpu]:double1	512	32768	2914.98 ms	331.518 GFlops
# [vpu]:double1	1024	256	52.3937 ms	288.193 GFlops
# [vpu]:double1	1024	512	100.551 ms	300.336 GFlops
# [vpu]:double1	1024	1024	189.328 ms	319.012 GFlops
# [vpu]:double1	1024	2048	370.044 ms	326.437 GFlops
# [vpu]:double1	1024	4096	735.183 ms	328.615 GFlops
# [vpu]:double1	1024	8192	1462.61 ms	330.357 GFlops
# [vpu]:double1	1024	16384	2918.73 ms	331.092 GFlops
# [vpu]:double1	1024	32768	5829.55 ms	331.541 GFlops

summary: double1	5829.55 ms	331.541 GFlops	1024	32768
--------------------------------------------
# [vpu]:double2	128	256	7.44623 ms	506.951 GFlops
# [vpu]:double2	128	512	13.3569 ms	565.232 GFlops
# [vpu]:double2	128	1024	25.8657 ms	583.765 GFlops
# [vpu]:double2	128	2048	50.3427 ms	599.868 GFlops
# [vpu]:double2	128	4096	98.5526 ms	612.85 GFlops
# [vpu]:double2	128	8192	196.715 ms	614.067 GFlops
# [vpu]:double2	128	16384	391.463 ms	617.151 GFlops
# [vpu]:double2	128	32768	782.646 ms	617.372 GFlops
# [vpu]:double2	256	256	14.7349 ms	512.373 GFlops
# [vpu]:double2	256	512	26.3996 ms	571.96 GFlops
# [vpu]:double2	256	1024	50.8939 ms	593.371 GFlops
# [vpu]:double2	256	2048	99.734 ms	605.591 GFlops
# [vpu]:double2	256	4096	197.198 ms	612.562 GFlops
# [vpu]:double2	256	8192	392.878 ms	614.929 GFlops
# [vpu]:double2	256	16384	782.782 ms	617.265 GFlops
# [vpu]:double2	256	32768	1563.76 ms	617.977 GFlops
# [vpu]:double2	512	256	27.8567 ms	542.042 GFlops
# [vpu]:double2	512	512	52.6493 ms	573.588 GFlops
# [vpu]:double2	512	1024	102.062 ms	591.777 GFlops
# [vpu]:double2	512	2048	201.147 ms	600.537 GFlops
# [vpu]:double2	512	4096	394.712 ms	612.072 GFlops
# [vpu]:double2	512	8192	785.399 ms	615.208 GFlops
# [vpu]:double2	512	16384	1565.44 ms	617.314 GFlops
# [vpu]:double2	512	32768	3127.04 ms	618.071 GFlops
# [vpu]:double2	1024	256	59.0027 ms	511.824 GFlops
# [vpu]:double2	1024	512	106.882 ms	565.09 GFlops
# [vpu]:double2	1024	1024	202.857 ms	595.473 GFlops
# [vpu]:double2	1024	2048	397.719 ms	607.444 GFlops
# [vpu]:double2	1024	4096	788.576 ms	612.73 GFlops
# [vpu]:double2	1024	8192	1570.7 ms	615.248 GFlops
# [vpu]:double2	1024	16384	3130.76 ms	617.337 GFlops
# [vpu]:double2	1024	32768	6254.83 ms	617.998 GFlops

summary: double2	3127.04 ms	618.071 GFlops	512	32768
--------------------------------------------
# [vpu]:double4	128	256	56.3815 ms	133.905 GFlops
# [vpu]:double4	128	512	98.6363 ms	153.083 GFlops
# [vpu]:double4	128	1024	190.829 ms	158.252 GFlops
# [vpu]:double4	128	2048	369.214 ms	163.585 GFlops
# [vpu]:double4	128	4096	735.797 ms	164.17 GFlops
# [vpu]:double4	128	8192	1461.54 ms	165.3 GFlops
# [vpu]:double4	128	16384	2916.96 ms	165.646 GFlops
# [vpu]:double4	128	32768	5828.49 ms	165.801 GFlops
# [vpu]:double4	256	256	110.521 ms	136.62 GFlops
# [vpu]:double4	256	512	197.14 ms	153.185 GFlops
# [vpu]:double4	256	1024	377.758 ms	159.885 GFlops
# [vpu]:double4	256	2048	741.477 ms	162.913 GFlops
# [vpu]:double4	256	4096	1475.3 ms	163.757 GFlops
# [vpu]:double4	256	8192	2927.07 ms	165.074 GFlops
# [vpu]:double4	256	16384	5833.95 ms	165.646 GFlops
# [vpu]:double4	256	32768	11656.1 ms	165.813 GFlops
# [vpu]:double4	512	256	211.25 ms	142.954 GFlops
# [vpu]:double4	512	512	397.072 ms	152.108 GFlops
# [vpu]:double4	512	1024	758.116 ms	159.337 GFlops
# [vpu]:double4	512	2048	1490.47 ms	162.092 GFlops
# [vpu]:double4	512	4096	2943.21 ms	164.169 GFlops
# [vpu]:double4	512	8192	5853.71 ms	165.086 GFlops
# [vpu]:double4	512	16384	11671.3 ms	165.597 GFlops
# [vpu]:double4	512	32768	23310 ms	165.829 GFlops
# [vpu]:double4	1024	256	429.324 ms	140.681 GFlops
# [vpu]:double4	1024	512	794.512 ms	152.038 GFlops
# [vpu]:double4	1024	1024	1508.15 ms	160.191 GFlops
# [vpu]:double4	1024	2048	2962.44 ms	163.104 GFlops
# [vpu]:double4	1024	4096	5888.87 ms	164.101 GFlops
# [vpu]:double4	1024	8192	11701.9 ms	165.164 GFlops
# [vpu]:double4	1024	16384	23335.3 ms	165.649 GFlops
# [vpu]:double4	1024	32768	46622.3 ms	165.821 GFlops

summary: double4	23310 ms	165.829 GFlops	512	32768
--------------------------------------------
# [vpu]:double8	128	256	54.2176 ms	278.498 GFlops
# [vpu]:double8	128	512	100.194 ms	301.407 GFlops
# [vpu]:double8	128	1024	190.118 ms	317.687 GFlops
# [vpu]:double8	128	2048	381.728 ms	316.445 GFlops
# [vpu]:double8	128	4096	735.407 ms	328.515 GFlops
# [vpu]:double8	128	8192	1462.53 ms	330.376 GFlops
# [vpu]:double8	128	16384	2919.44 ms	331.011 GFlops
# [vpu]:double8	128	32768	5830.23 ms	331.502 GFlops
# [vpu]:double8	256	256	109.434 ms	275.957 GFlops
# [vpu]:double8	256	512	198.902 ms	303.657 GFlops
# [vpu]:double8	256	1024	381.734 ms	316.44 GFlops
# [vpu]:double8	256	2048	740.453 ms	326.276 GFlops
# [vpu]:double8	256	4096	1469.71 ms	328.76 GFlops
# [vpu]:double8	256	8192	2928.65 ms	329.971 GFlops
# [vpu]:double8	256	16384	5835.43 ms	331.207 GFlops
# [vpu]:double8	256	32768	11659.9 ms	331.518 GFlops
# [vpu]:double8	512	256	212.86 ms	283.745 GFlops
# [vpu]:double8	512	512	394.566 ms	306.149 GFlops
# [vpu]:double8	512	1024	754.255 ms	320.305 GFlops
# [vpu]:double8	512	2048	1483.11 ms	325.79 GFlops
# [vpu]:double8	512	4096	2943.45 ms	328.311 GFlops
# [vpu]:double8	512	8192	5852.31 ms	330.252 GFlops
# [vpu]:double8	512	16384	11672.4 ms	331.163 GFlops
# [vpu]:double8	512	32768	23316.7 ms	331.562 GFlops
# [vpu]:double8	1024	256	428.756 ms	281.736 GFlops
# [vpu]:double8	1024	512	794.45 ms	304.1 GFlops
# [vpu]:double8	1024	1024	1518.69 ms	318.158 GFlops
# [vpu]:double8	1024	2048	2964.16 ms	326.018 GFlops
# [vpu]:double8	1024	4096	5872.46 ms	329.119 GFlops
# [vpu]:double8	1024	8192	11695.7 ms	330.504 GFlops
# [vpu]:double8	1024	16384	23348.4 ms	331.112 GFlops
# [vpu]:double8	1024	32768	46635.4 ms	331.548 GFlops

summary: double8	23316.7 ms	331.562 GFlops	512	32768
--------------------------------------------
# [vpu]:double16	128	256	56.2863 ms	536.524 GFlops
# [vpu]:double16	128	512	106.389 ms	567.707 GFlops
# [vpu]:double16	128	1024	201.95 ms	598.147 GFlops
# [vpu]:double16	128	2048	397.844 ms	607.252 GFlops
# [vpu]:double16	128	4096	788.627 ms	612.69 GFlops
# [vpu]:double16	128	8192	1571.29 ms	615.016 GFlops
# [vpu]:double16	128	16384	3132.04 ms	617.085 GFlops
# [vpu]:double16	128	32768	6256.38 ms	617.845 GFlops
# [vpu]:double16	256	256	115.423 ms	523.275 GFlops
# [vpu]:double16	256	512	211.717 ms	570.553 GFlops
# [vpu]:double16	256	1024	407.421 ms	592.978 GFlops
# [vpu]:double16	256	2048	798.608 ms	605.032 GFlops
# [vpu]:double16	256	4096	1577.54 ms	612.581 GFlops
# [vpu]:double16	256	8192	3141.94 ms	615.141 GFlops
# [vpu]:double16	256	16384	6263.66 ms	617.126 GFlops
# [vpu]:double16	256	32768	12513.2 ms	617.821 GFlops
# [vpu]:double16	512	256	232.947 ms	518.555 GFlops
# [vpu]:double16	512	512	423.521 ms	570.436 GFlops
# [vpu]:double16	512	1024	812.762 ms	594.496 GFlops
# [vpu]:double16	512	2048	1589.01 ms	608.156 GFlops
# [vpu]:double16	512	4096	3155.84 ms	612.432 GFlops
# [vpu]:double16	512	8192	6281.74 ms	615.35 GFlops
# [vpu]:double16	512	16384	12530 ms	616.996 GFlops
# [vpu]:double16	512	32768	25026.2 ms	617.827 GFlops
# [vpu]:double16	1024	256	454.781 ms	531.227 GFlops
# [vpu]:double16	1024	512	840.697 ms	574.742 GFlops
# [vpu]:double16	1024	1024	1620.94 ms	596.177 GFlops
# [vpu]:double16	1024	2048	3179.02 ms	607.965 GFlops
# [vpu]:double16	1024	4096	6304.29 ms	613.15 GFlops
# [vpu]:double16	1024	8192	12559.1 ms	615.564 GFlops
# [vpu]:double16	1024	16384	25059.9 ms	616.996 GFlops
# [vpu]:double16	1024	32768	50054.6 ms	617.8 GFlops

summary: double16	6256.38 ms	617.845 GFlops	128	32768
--------------------------------------------

----------- Aggregated at block & grid size ------------
# [vpu]:128	256	double1	6.97431 ms	270.627 GFlops
# [vpu]:128	256	double2	7.44623 ms	506.951 GFlops
# [vpu]:128	256	double4	56.3815 ms	133.905 GFlops
# [vpu]:128	256	double8	54.2176 ms	278.498 GFlops
# [vpu]:128	256	double16	56.2863 ms	536.524 GFlops

summary: 128	256	56.2863 ms	536.524 GFlops	double16
--------------------------------------------
# [vpu]:128	512	double1	12.8726 ms	293.249 GFlops
# [vpu]:128	512	double2	13.3569 ms	565.232 GFlops
# [vpu]:128	512	double4	98.6363 ms	153.083 GFlops
# [vpu]:128	512	double8	100.194 ms	301.407 GFlops
# [vpu]:128	512	double16	106.389 ms	567.707 GFlops

summary: 128	512	106.389 ms	567.707 GFlops	double16
--------------------------------------------
# [vpu]:128	1024	double1	24.3525 ms	310.02 GFlops
# [vpu]:128	1024	double2	25.8657 ms	583.765 GFlops
# [vpu]:128	1024	double4	190.829 ms	158.252 GFlops
# [vpu]:128	1024	double8	190.118 ms	317.687 GFlops
# [vpu]:128	1024	double16	201.95 ms	598.147 GFlops

summary: 128	1024	201.95 ms	598.147 GFlops	double16
--------------------------------------------
# [vpu]:128	2048	double1	47.9323 ms	315.017 GFlops
# [vpu]:128	2048	double2	50.3427 ms	599.868 GFlops
# [vpu]:128	2048	double4	369.214 ms	163.585 GFlops
# [vpu]:128	2048	double8	381.728 ms	316.445 GFlops
# [vpu]:128	2048	double16	397.844 ms	607.252 GFlops

summary: 128	2048	397.844 ms	607.252 GFlops	double16
--------------------------------------------
# [vpu]:128	4096	double1	92.1215 ms	327.817 GFlops
# [vpu]:128	4096	double2	98.5526 ms	612.85 GFlops
# [vpu]:128	4096	double4	735.797 ms	164.17 GFlops
# [vpu]:128	4096	double8	735.407 ms	328.515 GFlops
# [vpu]:128	4096	double16	788.627 ms	612.69 GFlops

summary: 128	4096	98.5526 ms	612.85 GFlops	double2
--------------------------------------------
# [vpu]:128	8192	double1	182.968 ms	330.101 GFlops
# [vpu]:128	8192	double2	196.715 ms	614.067 GFlops
# [vpu]:128	8192	double4	1461.54 ms	165.3 GFlops
# [vpu]:128	8192	double8	1462.53 ms	330.376 GFlops
# [vpu]:128	8192	double16	1571.29 ms	615.016 GFlops

summary: 128	8192	1571.29 ms	615.016 GFlops	double16
--------------------------------------------
# [vpu]:128	16384	double1	365.564 ms	330.437 GFlops
# [vpu]:128	16384	double2	391.463 ms	617.151 GFlops
# [vpu]:128	16384	double4	2916.96 ms	165.646 GFlops
# [vpu]:128	16384	double8	2919.44 ms	331.011 GFlops
# [vpu]:128	16384	double16	3132.04 ms	617.085 GFlops

summary: 128	16384	391.463 ms	617.151 GFlops	double2
--------------------------------------------
# [vpu]:128	32768	double1	729.028 ms	331.389 GFlops
# [vpu]:128	32768	double2	782.646 ms	617.372 GFlops
# [vpu]:128	32768	double4	5828.49 ms	165.801 GFlops
# [vpu]:128	32768	double8	5830.23 ms	331.502 GFlops
# [vpu]:128	32768	double16	6256.38 ms	617.845 GFlops

summary: 128	32768	6256.38 ms	617.845 GFlops	double16
--------------------------------------------
# [vpu]:256	256	double1	13.8476 ms	272.6 GFlops
# [vpu]:256	256	double2	14.7349 ms	512.373 GFlops
# [vpu]:256	256	double4	110.521 ms	136.62 GFlops
# [vpu]:256	256	double8	109.434 ms	275.957 GFlops
# [vpu]:256	256	double16	115.423 ms	523.275 GFlops

summary: 256	256	115.423 ms	523.275 GFlops	double16
--------------------------------------------
# [vpu]:256	512	double1	24.9832 ms	302.193 GFlops
# [vpu]:256	512	double2	26.3996 ms	571.96 GFlops
# [vpu]:256	512	double4	197.14 ms	153.185 GFlops
# [vpu]:256	512	double8	198.902 ms	303.657 GFlops
# [vpu]:256	512	double16	211.717 ms	570.553 GFlops

summary: 256	512	26.3996 ms	571.96 GFlops	double2
--------------------------------------------
# [vpu]:256	1024	double1	48.2281 ms	313.085 GFlops
# [vpu]:256	1024	double2	50.8939 ms	593.371 GFlops
# [vpu]:256	1024	double4	377.758 ms	159.885 GFlops
# [vpu]:256	1024	double8	381.734 ms	316.44 GFlops
# [vpu]:256	1024	double16	407.421 ms	592.978 GFlops

summary: 256	1024	50.8939 ms	593.371 GFlops	double2
--------------------------------------------
# [vpu]:256	2048	double1	93.0863 ms	324.419 GFlops
# [vpu]:256	2048	double2	99.734 ms	605.591 GFlops
# [vpu]:256	2048	double4	741.477 ms	162.913 GFlops
# [vpu]:256	2048	double8	740.453 ms	326.276 GFlops
# [vpu]:256	2048	double16	798.608 ms	605.032 GFlops

summary: 256	2048	99.734 ms	605.591 GFlops	double2
--------------------------------------------
# [vpu]:256	4096	double1	183.509 ms	329.127 GFlops
# [vpu]:256	4096	double2	197.198 ms	612.562 GFlops
# [vpu]:256	4096	double4	1475.3 ms	163.757 GFlops
# [vpu]:256	4096	double8	1469.71 ms	328.76 GFlops
# [vpu]:256	4096	double16	1577.54 ms	612.581 GFlops

summary: 256	4096	1577.54 ms	612.581 GFlops	double16
--------------------------------------------
# [vpu]:256	8192	double1	366.735 ms	329.382 GFlops
# [vpu]:256	8192	double2	392.878 ms	614.929 GFlops
# [vpu]:256	8192	double4	2927.07 ms	165.074 GFlops
# [vpu]:256	8192	double8	2928.65 ms	329.971 GFlops
# [vpu]:256	8192	double16	3141.94 ms	615.141 GFlops

summary: 256	8192	3141.94 ms	615.141 GFlops	double16
--------------------------------------------
# [vpu]:256	16384	double1	729.799 ms	331.039 GFlops
# [vpu]:256	16384	double2	782.782 ms	617.265 GFlops
# [vpu]:256	16384	double4	5833.95 ms	165.646 GFlops
# [vpu]:256	16384	double8	5835.43 ms	331.207 GFlops
# [vpu]:256	16384	double16	6263.66 ms	617.126 GFlops

summary: 256	16384	782.782 ms	617.265 GFlops	double2
--------------------------------------------
# [vpu]:256	32768	double1	1458.24 ms	331.348 GFlops
# [vpu]:256	32768	double2	1563.76 ms	617.977 GFlops
# [vpu]:256	32768	double4	11656.1 ms	165.813 GFlops
# [vpu]:256	32768	double8	11659.9 ms	331.518 GFlops
# [vpu]:256	32768	double16	12513.2 ms	617.821 GFlops

summary: 256	32768	1563.76 ms	617.977 GFlops	double2
--------------------------------------------
# [vpu]:512	256	double1	28.0081 ms	269.555 GFlops
# [vpu]:512	256	double2	27.8567 ms	542.042 GFlops
# [vpu]:512	256	double4	211.25 ms	142.954 GFlops
# [vpu]:512	256	double8	212.86 ms	283.745 GFlops
# [vpu]:512	256	double16	232.947 ms	518.555 GFlops

summary: 512	256	27.8567 ms	542.042 GFlops	double2
--------------------------------------------
# [vpu]:512	512	double1	49.7489 ms	303.514 GFlops
# [vpu]:512	512	double2	52.6493 ms	573.588 GFlops
# [vpu]:512	512	double4	397.072 ms	152.108 GFlops
# [vpu]:512	512	double8	394.566 ms	306.149 GFlops
# [vpu]:512	512	double16	423.521 ms	570.436 GFlops

summary: 512	512	52.6493 ms	573.588 GFlops	double2
--------------------------------------------
# [vpu]:512	1024	double1	96.7957 ms	311.987 GFlops
# [vpu]:512	1024	double2	102.062 ms	591.777 GFlops
# [vpu]:512	1024	double4	758.116 ms	159.337 GFlops
# [vpu]:512	1024	double8	754.255 ms	320.305 GFlops
# [vpu]:512	1024	double16	812.762 ms	594.496 GFlops

summary: 512	1024	812.762 ms	594.496 GFlops	double16
--------------------------------------------
# [vpu]:512	2048	double1	185.45 ms	325.683 GFlops
# [vpu]:512	2048	double2	201.147 ms	600.537 GFlops
# [vpu]:512	2048	double4	1490.47 ms	162.092 GFlops
# [vpu]:512	2048	double8	1483.11 ms	325.79 GFlops
# [vpu]:512	2048	double16	1589.01 ms	608.156 GFlops

summary: 512	2048	1589.01 ms	608.156 GFlops	double16
--------------------------------------------
# [vpu]:512	4096	double1	369.411 ms	326.996 GFlops
# [vpu]:512	4096	double2	394.712 ms	612.072 GFlops
# [vpu]:512	4096	double4	2943.21 ms	164.169 GFlops
# [vpu]:512	4096	double8	2943.45 ms	328.311 GFlops
# [vpu]:512	4096	double16	3155.84 ms	612.432 GFlops

summary: 512	4096	3155.84 ms	612.432 GFlops	double16
--------------------------------------------
# [vpu]:512	8192	double1	731.345 ms	330.339 GFlops
# [vpu]:512	8192	double2	785.399 ms	615.208 GFlops
# [vpu]:512	8192	double4	5853.71 ms	165.086 GFlops
# [vpu]:512	8192	double8	5852.31 ms	330.252 GFlops
# [vpu]:512	8192	double16	6281.74 ms	615.35 GFlops

summary: 512	8192	6281.74 ms	615.35 GFlops	double16
--------------------------------------------
# [vpu]:512	16384	double1	1459.84 ms	330.983 GFlops
# [vpu]:512	16384	double2	1565.44 ms	617.314 GFlops
# [vpu]:512	16384	double4	11671.3 ms	165.597 GFlops
# [vpu]:512	16384	double8	11672.4 ms	331.163 GFlops
# [vpu]:512	16384	double16	12530 ms	616.996 GFlops

summary: 512	16384	1565.44 ms	617.314 GFlops	double2
--------------------------------------------
# [vpu]:512	32768	double1	2914.98 ms	331.518 GFlops
# [vpu]:512	32768	double2	3127.04 ms	618.071 GFlops
# [vpu]:512	32768	double4	23310 ms	165.829 GFlops
# [vpu]:512	32768	double8	23316.7 ms	331.562 GFlops
# [vpu]:512	32768	double16	25026.2 ms	617.827 GFlops

summary: 512	32768	3127.04 ms	618.071 GFlops	double2
--------------------------------------------
# [vpu]:1024	256	double1	52.3937 ms	288.193 GFlops
# [vpu]:1024	256	double2	59.0027 ms	511.824 GFlops
# [vpu]:1024	256	double4	429.324 ms	140.681 GFlops
# [vpu]:1024	256	double8	428.756 ms	281.736 GFlops
# [vpu]:1024	256	double16	454.781 ms	531.227 GFlops

summary: 1024	256	454.781 ms	531.227 GFlops	double16
--------------------------------------------
# [vpu]:1024	512	double1	100.551 ms	300.336 GFlops
# [vpu]:1024	512	double2	106.882 ms	565.09 GFlops
# [vpu]:1024	512	double4	794.512 ms	152.038 GFlops
# [vpu]:1024	512	double8	794.45 ms	304.1 GFlops
# [vpu]:1024	512	double16	840.697 ms	574.742 GFlops

summary: 1024	512	840.697 ms	574.742 GFlops	double16
--------------------------------------------
# [vpu]:1024	1024	double1	189.328 ms	319.012 GFlops
# [vpu]:1024	1024	double2	202.857 ms	595.473 GFlops
# [vpu]:1024	1024	double4	1508.15 ms	160.191 GFlops
# [vpu]:1024	1024	double8	1518.69 ms	318.158 GFlops
# [vpu]:1024	1024	double16	1620.94 ms	596.177 GFlops

summary: 1024	1024	1620.94 ms	596.177 GFlops	double16
--------------------------------------------
# [vpu]:1024	2048	double1	370.044 ms	326.437 GFlops
# [vpu]:1024	2048	double2	397.719 ms	607.444 GFlops
# [vpu]:1024	2048	double4	2962.44 ms	163.104 GFlops
# [vpu]:1024	2048	double8	2964.16 ms	326.018 GFlops
# [vpu]:1024	2048	double16	3179.02 ms	607.965 GFlops

summary: 1024	2048	3179.02 ms	607.965 GFlops	double16
--------------------------------------------
# [vpu]:1024	4096	double1	735.183 ms	328.615 GFlops
# [vpu]:1024	4096	double2	788.576 ms	612.73 GFlops
# [vpu]:1024	4096	double4	5888.87 ms	164.101 GFlops
# [vpu]:1024	4096	double8	5872.46 ms	329.119 GFlops
# [vpu]:1024	4096	double16	6304.29 ms	613.15 GFlops

summary: 1024	4096	6304.29 ms	613.15 GFlops	double16
--------------------------------------------
# [vpu]:1024	8192	double1	1462.61 ms	330.357 GFlops
# [vpu]:1024	8192	double2	1570.7 ms	615.248 GFlops
# [vpu]:1024	8192	double4	11701.9 ms	165.164 GFlops
# [vpu]:1024	8192	double8	11695.7 ms	330.504 GFlops
# [vpu]:1024	8192	double16	12559.1 ms	615.564 GFlops

summary: 1024	8192	12559.1 ms	615.564 GFlops	double16
--------------------------------------------
# [vpu]:1024	16384	double1	2918.73 ms	331.092 GFlops
# [vpu]:1024	16384	double2	3130.76 ms	617.337 GFlops
# [vpu]:1024	16384	double4	23335.3 ms	165.649 GFlops
# [vpu]:1024	16384	double8	23348.4 ms	331.112 GFlops
# [vpu]:1024	16384	double16	25059.9 ms	616.996 GFlops

summary: 1024	16384	3130.76 ms	617.337 GFlops	double2
--------------------------------------------
# [vpu]:1024	32768	double1	5829.55 ms	331.541 GFlops
# [vpu]:1024	32768	double2	6254.83 ms	617.998 GFlops
# [vpu]:1024	32768	double4	46622.3 ms	165.821 GFlops
# [vpu]:1024	32768	double8	46635.4 ms	331.548 GFlops
# [vpu]:1024	32768	double16	50054.6 ms	617.8 GFlops

summary: 1024	32768	6254.83 ms	617.998 GFlops	double2
--------------------------------------------
Data type: double
Time for VPU: 3127.04 ms.	BlockSize: 512	GridSize: 32768	VecSize: 2	Bandwidth: 618.071 GFLOPS
