
Starting to launch opencl_compare...
Fast run...
Data size: 33554432

Detection mode: All
------ Start hardware checking ------
Platform: Intel(R) OpenCL
Number of devices: 2
	Computing device 0 : Intel(R) Xeon(R) CPU E5-2650 v3 @ 2.30GHz
	Computing device 1 : Intel(R) Many Integrated Core Acceleration Card
Please enter the index of the device to use (0,1,2...) : Selected device: Intel(R) Many Integrated Core Acceleration Card
------ End of hardware checking ------

----- Vector Instruction Throughput Test -----
Data type: float.
blockSize=128	gridSize=256	float1	1.81807 ms	1038.16 GFlops	done!
blockSize=128	gridSize=256	float2	2.56228 ms	1473.25 GFlops	done!
blockSize=128	gridSize=256	float4	4.96376 ms	1520.97 GFlops	done!
blockSize=128	gridSize=256	float8	9.75011 ms	1548.65 GFlops	done!
blockSize=128	gridSize=256	float16	19.2745 ms	1566.79 GFlops	done!
blockSize=128	gridSize=512	float1	2.54907 ms	1480.88 GFlops	done!
blockSize=128	gridSize=512	float2	4.32608 ms	1745.17 GFlops	done!
blockSize=128	gridSize=512	float4	8.71695 ms	1732.2 GFlops	done!
blockSize=128	gridSize=512	float8	17.5477 ms	1720.96 GFlops	done!
blockSize=128	gridSize=512	float16	34.0012 ms	1776.35 GFlops	done!
blockSize=128	gridSize=1024	float1	4.07516 ms	1852.63 GFlops	done!
blockSize=128	gridSize=1024	float2	7.41737 ms	2035.69 GFlops	done!
blockSize=128	gridSize=1024	float4	14.8215 ms	2037.51 GFlops	done!
blockSize=128	gridSize=1024	float8	29.7373 ms	2031.05 GFlops	done!
blockSize=128	gridSize=1024	float16	59.7989 ms	2020.04 GFlops	done!
blockSize=128	gridSize=2048	float1	7.11918 ms	2120.96 GFlops	done!
blockSize=128	gridSize=2048	float2	13.7333 ms	2198.96 GFlops	done!
blockSize=128	gridSize=2048	float4	27.2535 ms	2216.15 GFlops	done!
blockSize=128	gridSize=2048	float8	54.0485 ms	2234.96 GFlops	done!
blockSize=128	gridSize=2048	float16	108.354 ms	2229.65 GFlops	done!
blockSize=128	gridSize=4096	float1	13.9321 ms	2167.58 GFlops	done!
blockSize=128	gridSize=4096	float2	25.9094 ms	2331.12 GFlops	done!
blockSize=128	gridSize=4096	float4	51.4048 ms	2349.9 GFlops	done!
blockSize=128	gridSize=4096	float8	102.45 ms	2358.14 GFlops	done!
blockSize=128	gridSize=4096	float16	204.642 ms	2361.12 GFlops	done!
blockSize=128	gridSize=8192	float1	26.9061 ms	2244.77 GFlops	done!
blockSize=128	gridSize=8192	float2	51.494 ms	2345.82 GFlops	done!
blockSize=128	gridSize=8192	float4	102.516 ms	2356.63 GFlops	done!
blockSize=128	gridSize=8192	float8	204.567 ms	2361.98 GFlops	done!
blockSize=128	gridSize=8192	float16	408.845 ms	2363.65 GFlops	done!
blockSize=128	gridSize=16384	float1	52.3698 ms	2306.6 GFlops	done!
blockSize=128	gridSize=16384	float2	102.634 ms	2353.91 GFlops	done!
blockSize=128	gridSize=16384	float4	204.645 ms	2361.09 GFlops	done!
blockSize=128	gridSize=16384	float8	408.549 ms	2365.37 GFlops	done!
blockSize=128	gridSize=16384	float16	815.987 ms	2368.59 GFlops	done!
blockSize=128	gridSize=32768	float1	104.33 ms	2315.66 GFlops	done!
blockSize=128	gridSize=32768	float2	205.541 ms	2350.79 GFlops	done!
blockSize=128	gridSize=32768	float4	410.331 ms	2355.09 GFlops	done!
blockSize=128	gridSize=32768	float8	819.968 ms	2357.09 GFlops	done!
blockSize=128	gridSize=32768	float16	1639.01 ms	2358.42 GFlops	done!
blockSize=256	gridSize=256	float1	3.39973 ms	1110.34 GFlops	done!
blockSize=256	gridSize=256	float2	4.9853 ms	1514.4 GFlops	done!
blockSize=256	gridSize=256	float4	9.74875 ms	1548.86 GFlops	done!
blockSize=256	gridSize=256	float8	19.18 ms	1574.51 GFlops	done!
blockSize=256	gridSize=256	float16	38.1334 ms	1583.86 GFlops	done!
blockSize=256	gridSize=512	float1	4.93973 ms	1528.37 GFlops	done!
blockSize=256	gridSize=512	float2	8.69252 ms	1737.07 GFlops	done!
blockSize=256	gridSize=512	float4	17.0825 ms	1767.83 GFlops	done!
blockSize=256	gridSize=512	float8	34.7118 ms	1739.98 GFlops	done!
blockSize=256	gridSize=512	float16	69.8564 ms	1729.2 GFlops	done!
blockSize=256	gridSize=1024	float1	7.92832 ms	1904.5 GFlops	done!
blockSize=256	gridSize=1024	float2	14.8553 ms	2032.87 GFlops	done!
blockSize=256	gridSize=1024	float4	29.9121 ms	2019.18 GFlops	done!
blockSize=256	gridSize=1024	float8	59.5497 ms	2028.49 GFlops	done!
blockSize=256	gridSize=1024	float16	119.353 ms	2024.18 GFlops	done!
blockSize=256	gridSize=2048	float1	14.0153 ms	2154.72 GFlops	done!
blockSize=256	gridSize=2048	float2	27.2607 ms	2215.57 GFlops	done!
blockSize=256	gridSize=2048	float4	54.1659 ms	2230.11 GFlops	done!
blockSize=256	gridSize=2048	float8	108.077 ms	2235.38 GFlops	done!
blockSize=256	gridSize=2048	float16	214.013 ms	2257.73 GFlops	done!
blockSize=256	gridSize=4096	float1	27.3093 ms	2211.63 GFlops	done!
blockSize=256	gridSize=4096	float2	51.473 ms	2346.78 GFlops	done!
blockSize=256	gridSize=4096	float4	102.528 ms	2356.36 GFlops	done!
blockSize=256	gridSize=4096	float8	204.585 ms	2361.78 GFlops	done!
blockSize=256	gridSize=4096	float16	408.787 ms	2363.99 GFlops	done!
blockSize=256	gridSize=8192	float1	52.9352 ms	2281.96 GFlops	done!
blockSize=256	gridSize=8192	float2	102.624 ms	2354.15 GFlops	done!
blockSize=256	gridSize=8192	float4	204.698 ms	2360.47 GFlops	done!
blockSize=256	gridSize=8192	float8	408.848 ms	2363.63 GFlops	done!
blockSize=256	gridSize=8192	float16	816.863 ms	2366.04 GFlops	done!
blockSize=256	gridSize=16384	float1	104.502 ms	2311.84 GFlops	done!
blockSize=256	gridSize=16384	float2	204.873 ms	2358.45 GFlops	done!
blockSize=256	gridSize=16384	float4	408.857 ms	2363.58 GFlops	done!
blockSize=256	gridSize=16384	float8	816.754 ms	2366.36 GFlops	done!
blockSize=256	gridSize=16384	float16	1633.21 ms	2366.8 GFlops	done!
blockSize=256	gridSize=32768	float1	208.19 ms	2320.88 GFlops	done!
blockSize=256	gridSize=32768	float2	410.702 ms	2352.96 GFlops	done!
blockSize=256	gridSize=32768	float4	820.129 ms	2356.62 GFlops	done!
blockSize=256	gridSize=32768	float8	1639.49 ms	2357.73 GFlops	done!
blockSize=256	gridSize=32768	float16	3276.66 ms	2359.4 GFlops	done!
blockSize=512	gridSize=256	float1	6.61909 ms	1140.6 GFlops	done!
blockSize=512	gridSize=256	float2	9.75916 ms	1547.21 GFlops	done!
blockSize=512	gridSize=256	float4	19.1858 ms	1574.03 GFlops	done!
blockSize=512	gridSize=256	float8	37.9599 ms	1591.1 GFlops	done!
blockSize=512	gridSize=256	float16	74.8722 ms	1613.36 GFlops	done!
blockSize=512	gridSize=512	float1	9.66625 ms	1562.08 GFlops	done!
blockSize=512	gridSize=512	float2	17.1015 ms	1765.87 GFlops	done!
blockSize=512	gridSize=512	float4	34.2163 ms	1765.18 GFlops	done!
blockSize=512	gridSize=512	float8	67.7336 ms	1783.4 GFlops	done!
blockSize=512	gridSize=512	float16	137.6 ms	1755.75 GFlops	done!
blockSize=512	gridSize=1024	float1	15.6972 ms	1923.85 GFlops	done!
blockSize=512	gridSize=1024	float2	29.8545 ms	2023.08 GFlops	done!
blockSize=512	gridSize=1024	float4	59.5362 ms	2028.95 GFlops	done!
blockSize=512	gridSize=1024	float8	119.337 ms	2024.46 GFlops	done!
blockSize=512	gridSize=1024	float16	234.661 ms	2059.07 GFlops	done!
blockSize=512	gridSize=2048	float1	27.8289 ms	2170.33 GFlops	done!
blockSize=512	gridSize=2048	float2	54.2323 ms	2227.38 GFlops	done!
blockSize=512	gridSize=2048	float4	108.376 ms	2229.19 GFlops	done!
blockSize=512	gridSize=2048	float8	215.888 ms	2238.12 GFlops	done!
blockSize=512	gridSize=2048	float16	427.017 ms	2263.06 GFlops	done!
blockSize=512	gridSize=4096	float1	53.1807 ms	2271.43 GFlops	done!
blockSize=512	gridSize=4096	float2	102.648 ms	2353.59 GFlops	done!
blockSize=512	gridSize=4096	float4	204.728 ms	2360.13 GFlops	done!
blockSize=512	gridSize=4096	float8	408.743 ms	2364.24 GFlops	done!
blockSize=512	gridSize=4096	float16	817.198 ms	2365.08 GFlops	done!
blockSize=512	gridSize=8192	float1	105.367 ms	2292.87 GFlops	done!
blockSize=512	gridSize=8192	float2	204.853 ms	2358.69 GFlops	done!
blockSize=512	gridSize=8192	float4	409.086 ms	2362.26 GFlops	done!
blockSize=512	gridSize=8192	float8	817.35 ms	2364.64 GFlops	done!
blockSize=512	gridSize=8192	float16	1634.36 ms	2365.12 GFlops	done!
blockSize=512	gridSize=16384	float1	208.279 ms	2319.88 GFlops	done!
blockSize=512	gridSize=16384	float2	409.008 ms	2362.71 GFlops	done!
blockSize=512	gridSize=16384	float4	815.438 ms	2370.18 GFlops	done!
blockSize=512	gridSize=16384	float8	1630.43 ms	2370.83 GFlops	done!
blockSize=512	gridSize=16384	float16	3265.77 ms	2367.27 GFlops	done!
blockSize=512	gridSize=32768	float1	415.762 ms	2324.33 GFlops	done!
blockSize=512	gridSize=32768	float2	821.798 ms	2351.84 GFlops	done!
blockSize=512	gridSize=32768	float4	1639.94 ms	2357.08 GFlops	done!
blockSize=512	gridSize=32768	float8	3277.94 ms	2358.47 GFlops	done!
blockSize=512	gridSize=32768	float16	6558.43 ms	2357.56 GFlops	done!
blockSize=1024	gridSize=256	float1	13.0588 ms	1156.27 GFlops	done!
blockSize=1024	gridSize=256	float2	19.1961 ms	1573.18 GFlops	done!
blockSize=1024	gridSize=256	float4	38.0117 ms	1588.93 GFlops	done!
blockSize=1024	gridSize=256	float8	74.5763 ms	1619.76 GFlops	done!
blockSize=1024	gridSize=256	float16	145.025 ms	1665.87 GFlops	done!
blockSize=1024	gridSize=512	float1	19.2093 ms	1572.1 GFlops	done!
blockSize=1024	gridSize=512	float2	34.2969 ms	1761.03 GFlops	done!
blockSize=1024	gridSize=512	float4	68.322 ms	1768.04 GFlops	done!
blockSize=1024	gridSize=512	float8	135.299 ms	1785.61 GFlops	done!
blockSize=1024	gridSize=512	float16	283.442 ms	1704.7 GFlops	done!
blockSize=1024	gridSize=1024	float1	31.2583 ms	1932.22 GFlops	done!
blockSize=1024	gridSize=1024	float2	60.3322 ms	2002.18 GFlops	done!
blockSize=1024	gridSize=1024	float4	118.853 ms	2032.7 GFlops	done!
blockSize=1024	gridSize=1024	float8	235.407 ms	2052.55 GFlops	done!
blockSize=1024	gridSize=1024	float16	481.483 ms	2007.07 GFlops	done!
blockSize=1024	gridSize=2048	float1	55.5427 ms	2174.83 GFlops	done!
blockSize=1024	gridSize=2048	float2	108.303 ms	2230.7 GFlops	done!
blockSize=1024	gridSize=2048	float4	213.584 ms	2262.26 GFlops	done!
blockSize=1024	gridSize=2048	float8	423.648 ms	2281.06 GFlops	done!
blockSize=1024	gridSize=2048	float16	866.581 ms	2230.3 GFlops	done!
blockSize=1024	gridSize=4096	float1	106.351 ms	2271.64 GFlops	done!
blockSize=1024	gridSize=4096	float2	204.933 ms	2357.76 GFlops	done!
blockSize=1024	gridSize=4096	float4	409.039 ms	2362.53 GFlops	done!
blockSize=1024	gridSize=4096	float8	817.268 ms	2364.87 GFlops	done!
blockSize=1024	gridSize=4096	float16	1635.99 ms	2362.78 GFlops	done!
blockSize=1024	gridSize=8192	float1	209.17 ms	2310 GFlops	done!
blockSize=1024	gridSize=8192	float2	409.609 ms	2359.24 GFlops	done!
blockSize=1024	gridSize=8192	float4	817.457 ms	2364.33 GFlops	done!
blockSize=1024	gridSize=8192	float8	1633.02 ms	2367.07 GFlops	done!
blockSize=1024	gridSize=8192	float16	3269.27 ms	2364.73 GFlops	done!
blockSize=1024	gridSize=16384	float1	416.358 ms	2321 GFlops	done!
blockSize=1024	gridSize=16384	float2	817.038 ms	2365.54 GFlops	done!
blockSize=1024	gridSize=16384	float4	1634.09 ms	2365.52 GFlops	done!
blockSize=1024	gridSize=16384	float8	3261.86 ms	2370.1 GFlops	done!
blockSize=1024	gridSize=16384	float16	6528.14 ms	2368.5 GFlops	done!
blockSize=1024	gridSize=32768	float1	831.17 ms	2325.32 GFlops	done!
blockSize=1024	gridSize=32768	float2	1641.66 ms	2354.61 GFlops	done!
blockSize=1024	gridSize=32768	float4	3280.01 ms	2356.99 GFlops	done!
blockSize=1024	gridSize=32768	float8	6554.54 ms	2358.96 GFlops	done!
blockSize=1024	gridSize=32768	float16	13107.8 ms	2359.19 GFlops	done!

----------- Original ------------
# 128	256	float1	1.81807 ms	1038.16 GFlops
# 128	256	float2	2.56228 ms	1473.25 GFlops
# 128	256	float4	4.96376 ms	1520.97 GFlops
# 128	256	float8	9.75011 ms	1548.65 GFlops
# 128	256	float16	19.2745 ms	1566.79 GFlops
# 128	512	float1	2.54907 ms	1480.88 GFlops
# 128	512	float2	4.32608 ms	1745.17 GFlops
# 128	512	float4	8.71695 ms	1732.2 GFlops
# 128	512	float8	17.5477 ms	1720.96 GFlops
# 128	512	float16	34.0012 ms	1776.35 GFlops
# 128	1024	float1	4.07516 ms	1852.63 GFlops
# 128	1024	float2	7.41737 ms	2035.69 GFlops
# 128	1024	float4	14.8215 ms	2037.51 GFlops
# 128	1024	float8	29.7373 ms	2031.05 GFlops
# 128	1024	float16	59.7989 ms	2020.04 GFlops
# 128	2048	float1	7.11918 ms	2120.96 GFlops
# 128	2048	float2	13.7333 ms	2198.96 GFlops
# 128	2048	float4	27.2535 ms	2216.15 GFlops
# 128	2048	float8	54.0485 ms	2234.96 GFlops
# 128	2048	float16	108.354 ms	2229.65 GFlops
# 128	4096	float1	13.9321 ms	2167.58 GFlops
# 128	4096	float2	25.9094 ms	2331.12 GFlops
# 128	4096	float4	51.4048 ms	2349.9 GFlops
# 128	4096	float8	102.45 ms	2358.14 GFlops
# 128	4096	float16	204.642 ms	2361.12 GFlops
# 128	8192	float1	26.9061 ms	2244.77 GFlops
# 128	8192	float2	51.494 ms	2345.82 GFlops
# 128	8192	float4	102.516 ms	2356.63 GFlops
# 128	8192	float8	204.567 ms	2361.98 GFlops
# 128	8192	float16	408.845 ms	2363.65 GFlops
# 128	16384	float1	52.3698 ms	2306.6 GFlops
# 128	16384	float2	102.634 ms	2353.91 GFlops
# 128	16384	float4	204.645 ms	2361.09 GFlops
# 128	16384	float8	408.549 ms	2365.37 GFlops
# 128	16384	float16	815.987 ms	2368.59 GFlops
# 128	32768	float1	104.33 ms	2315.66 GFlops
# 128	32768	float2	205.541 ms	2350.79 GFlops
# 128	32768	float4	410.331 ms	2355.09 GFlops
# 128	32768	float8	819.968 ms	2357.09 GFlops
# 128	32768	float16	1639.01 ms	2358.42 GFlops
# 256	256	float1	3.39973 ms	1110.34 GFlops
# 256	256	float2	4.9853 ms	1514.4 GFlops
# 256	256	float4	9.74875 ms	1548.86 GFlops
# 256	256	float8	19.18 ms	1574.51 GFlops
# 256	256	float16	38.1334 ms	1583.86 GFlops
# 256	512	float1	4.93973 ms	1528.37 GFlops
# 256	512	float2	8.69252 ms	1737.07 GFlops
# 256	512	float4	17.0825 ms	1767.83 GFlops
# 256	512	float8	34.7118 ms	1739.98 GFlops
# 256	512	float16	69.8564 ms	1729.2 GFlops
# 256	1024	float1	7.92832 ms	1904.5 GFlops
# 256	1024	float2	14.8553 ms	2032.87 GFlops
# 256	1024	float4	29.9121 ms	2019.18 GFlops
# 256	1024	float8	59.5497 ms	2028.49 GFlops
# 256	1024	float16	119.353 ms	2024.18 GFlops
# 256	2048	float1	14.0153 ms	2154.72 GFlops
# 256	2048	float2	27.2607 ms	2215.57 GFlops
# 256	2048	float4	54.1659 ms	2230.11 GFlops
# 256	2048	float8	108.077 ms	2235.38 GFlops
# 256	2048	float16	214.013 ms	2257.73 GFlops
# 256	4096	float1	27.3093 ms	2211.63 GFlops
# 256	4096	float2	51.473 ms	2346.78 GFlops
# 256	4096	float4	102.528 ms	2356.36 GFlops
# 256	4096	float8	204.585 ms	2361.78 GFlops
# 256	4096	float16	408.787 ms	2363.99 GFlops
# 256	8192	float1	52.9352 ms	2281.96 GFlops
# 256	8192	float2	102.624 ms	2354.15 GFlops
# 256	8192	float4	204.698 ms	2360.47 GFlops
# 256	8192	float8	408.848 ms	2363.63 GFlops
# 256	8192	float16	816.863 ms	2366.04 GFlops
# 256	16384	float1	104.502 ms	2311.84 GFlops
# 256	16384	float2	204.873 ms	2358.45 GFlops
# 256	16384	float4	408.857 ms	2363.58 GFlops
# 256	16384	float8	816.754 ms	2366.36 GFlops
# 256	16384	float16	1633.21 ms	2366.8 GFlops
# 256	32768	float1	208.19 ms	2320.88 GFlops
# 256	32768	float2	410.702 ms	2352.96 GFlops
# 256	32768	float4	820.129 ms	2356.62 GFlops
# 256	32768	float8	1639.49 ms	2357.73 GFlops
# 256	32768	float16	3276.66 ms	2359.4 GFlops
# 512	256	float1	6.61909 ms	1140.6 GFlops
# 512	256	float2	9.75916 ms	1547.21 GFlops
# 512	256	float4	19.1858 ms	1574.03 GFlops
# 512	256	float8	37.9599 ms	1591.1 GFlops
# 512	256	float16	74.8722 ms	1613.36 GFlops
# 512	512	float1	9.66625 ms	1562.08 GFlops
# 512	512	float2	17.1015 ms	1765.87 GFlops
# 512	512	float4	34.2163 ms	1765.18 GFlops
# 512	512	float8	67.7336 ms	1783.4 GFlops
# 512	512	float16	137.6 ms	1755.75 GFlops
# 512	1024	float1	15.6972 ms	1923.85 GFlops
# 512	1024	float2	29.8545 ms	2023.08 GFlops
# 512	1024	float4	59.5362 ms	2028.95 GFlops
# 512	1024	float8	119.337 ms	2024.46 GFlops
# 512	1024	float16	234.661 ms	2059.07 GFlops
# 512	2048	float1	27.8289 ms	2170.33 GFlops
# 512	2048	float2	54.2323 ms	2227.38 GFlops
# 512	2048	float4	108.376 ms	2229.19 GFlops
# 512	2048	float8	215.888 ms	2238.12 GFlops
# 512	2048	float16	427.017 ms	2263.06 GFlops
# 512	4096	float1	53.1807 ms	2271.43 GFlops
# 512	4096	float2	102.648 ms	2353.59 GFlops
# 512	4096	float4	204.728 ms	2360.13 GFlops
# 512	4096	float8	408.743 ms	2364.24 GFlops
# 512	4096	float16	817.198 ms	2365.08 GFlops
# 512	8192	float1	105.367 ms	2292.87 GFlops
# 512	8192	float2	204.853 ms	2358.69 GFlops
# 512	8192	float4	409.086 ms	2362.26 GFlops
# 512	8192	float8	817.35 ms	2364.64 GFlops
# 512	8192	float16	1634.36 ms	2365.12 GFlops
# 512	16384	float1	208.279 ms	2319.88 GFlops
# 512	16384	float2	409.008 ms	2362.71 GFlops
# 512	16384	float4	815.438 ms	2370.18 GFlops
# 512	16384	float8	1630.43 ms	2370.83 GFlops
# 512	16384	float16	3265.77 ms	2367.27 GFlops
# 512	32768	float1	415.762 ms	2324.33 GFlops
# 512	32768	float2	821.798 ms	2351.84 GFlops
# 512	32768	float4	1639.94 ms	2357.08 GFlops
# 512	32768	float8	3277.94 ms	2358.47 GFlops
# 512	32768	float16	6558.43 ms	2357.56 GFlops
# 1024	256	float1	13.0588 ms	1156.27 GFlops
# 1024	256	float2	19.1961 ms	1573.18 GFlops
# 1024	256	float4	38.0117 ms	1588.93 GFlops
# 1024	256	float8	74.5763 ms	1619.76 GFlops
# 1024	256	float16	145.025 ms	1665.87 GFlops
# 1024	512	float1	19.2093 ms	1572.1 GFlops
# 1024	512	float2	34.2969 ms	1761.03 GFlops
# 1024	512	float4	68.322 ms	1768.04 GFlops
# 1024	512	float8	135.299 ms	1785.61 GFlops
# 1024	512	float16	283.442 ms	1704.7 GFlops
# 1024	1024	float1	31.2583 ms	1932.22 GFlops
# 1024	1024	float2	60.3322 ms	2002.18 GFlops
# 1024	1024	float4	118.853 ms	2032.7 GFlops
# 1024	1024	float8	235.407 ms	2052.55 GFlops
# 1024	1024	float16	481.483 ms	2007.07 GFlops
# 1024	2048	float1	55.5427 ms	2174.83 GFlops
# 1024	2048	float2	108.303 ms	2230.7 GFlops
# 1024	2048	float4	213.584 ms	2262.26 GFlops
# 1024	2048	float8	423.648 ms	2281.06 GFlops
# 1024	2048	float16	866.581 ms	2230.3 GFlops
# 1024	4096	float1	106.351 ms	2271.64 GFlops
# 1024	4096	float2	204.933 ms	2357.76 GFlops
# 1024	4096	float4	409.039 ms	2362.53 GFlops
# 1024	4096	float8	817.268 ms	2364.87 GFlops
# 1024	4096	float16	1635.99 ms	2362.78 GFlops
# 1024	8192	float1	209.17 ms	2310 GFlops
# 1024	8192	float2	409.609 ms	2359.24 GFlops
# 1024	8192	float4	817.457 ms	2364.33 GFlops
# 1024	8192	float8	1633.02 ms	2367.07 GFlops
# 1024	8192	float16	3269.27 ms	2364.73 GFlops
# 1024	16384	float1	416.358 ms	2321 GFlops
# 1024	16384	float2	817.038 ms	2365.54 GFlops
# 1024	16384	float4	1634.09 ms	2365.52 GFlops
# 1024	16384	float8	3261.86 ms	2370.1 GFlops
# 1024	16384	float16	6528.14 ms	2368.5 GFlops
# 1024	32768	float1	831.17 ms	2325.32 GFlops
# 1024	32768	float2	1641.66 ms	2354.61 GFlops
# 1024	32768	float4	3280.01 ms	2356.99 GFlops
# 1024	32768	float8	6554.54 ms	2358.96 GFlops
# 1024	32768	float16	13107.8 ms	2359.19 GFlops

----------- Aggregated at vec_size ------------
# float1	128	256	1.81807 ms	1038.16 GFlops
# float1	128	512	2.54907 ms	1480.88 GFlops
# float1	128	1024	4.07516 ms	1852.63 GFlops
# float1	128	2048	7.11918 ms	2120.96 GFlops
# float1	128	4096	13.9321 ms	2167.58 GFlops
# float1	128	8192	26.9061 ms	2244.77 GFlops
# float1	128	16384	52.3698 ms	2306.6 GFlops
# float1	128	32768	104.33 ms	2315.66 GFlops
# float1	256	256	3.39973 ms	1110.34 GFlops
# float1	256	512	4.93973 ms	1528.37 GFlops
# float1	256	1024	7.92832 ms	1904.5 GFlops
# float1	256	2048	14.0153 ms	2154.72 GFlops
# float1	256	4096	27.3093 ms	2211.63 GFlops
# float1	256	8192	52.9352 ms	2281.96 GFlops
# float1	256	16384	104.502 ms	2311.84 GFlops
# float1	256	32768	208.19 ms	2320.88 GFlops
# float1	512	256	6.61909 ms	1140.6 GFlops
# float1	512	512	9.66625 ms	1562.08 GFlops
# float1	512	1024	15.6972 ms	1923.85 GFlops
# float1	512	2048	27.8289 ms	2170.33 GFlops
# float1	512	4096	53.1807 ms	2271.43 GFlops
# float1	512	8192	105.367 ms	2292.87 GFlops
# float1	512	16384	208.279 ms	2319.88 GFlops
# float1	512	32768	415.762 ms	2324.33 GFlops
# float1	1024	256	13.0588 ms	1156.27 GFlops
# float1	1024	512	19.2093 ms	1572.1 GFlops
# float1	1024	1024	31.2583 ms	1932.22 GFlops
# float1	1024	2048	55.5427 ms	2174.83 GFlops
# float1	1024	4096	106.351 ms	2271.64 GFlops
# float1	1024	8192	209.17 ms	2310 GFlops
# float1	1024	16384	416.358 ms	2321 GFlops
# float1	1024	32768	831.17 ms	2325.32 GFlops

summary: float1	831.17 ms	2325.32 GFlops	1024	32768
--------------------------------------------
# float2	128	256	2.56228 ms	1473.25 GFlops
# float2	128	512	4.32608 ms	1745.17 GFlops
# float2	128	1024	7.41737 ms	2035.69 GFlops
# float2	128	2048	13.7333 ms	2198.96 GFlops
# float2	128	4096	25.9094 ms	2331.12 GFlops
# float2	128	8192	51.494 ms	2345.82 GFlops
# float2	128	16384	102.634 ms	2353.91 GFlops
# float2	128	32768	205.541 ms	2350.79 GFlops
# float2	256	256	4.9853 ms	1514.4 GFlops
# float2	256	512	8.69252 ms	1737.07 GFlops
# float2	256	1024	14.8553 ms	2032.87 GFlops
# float2	256	2048	27.2607 ms	2215.57 GFlops
# float2	256	4096	51.473 ms	2346.78 GFlops
# float2	256	8192	102.624 ms	2354.15 GFlops
# float2	256	16384	204.873 ms	2358.45 GFlops
# float2	256	32768	410.702 ms	2352.96 GFlops
# float2	512	256	9.75916 ms	1547.21 GFlops
# float2	512	512	17.1015 ms	1765.87 GFlops
# float2	512	1024	29.8545 ms	2023.08 GFlops
# float2	512	2048	54.2323 ms	2227.38 GFlops
# float2	512	4096	102.648 ms	2353.59 GFlops
# float2	512	8192	204.853 ms	2358.69 GFlops
# float2	512	16384	409.008 ms	2362.71 GFlops
# float2	512	32768	821.798 ms	2351.84 GFlops
# float2	1024	256	19.1961 ms	1573.18 GFlops
# float2	1024	512	34.2969 ms	1761.03 GFlops
# float2	1024	1024	60.3322 ms	2002.18 GFlops
# float2	1024	2048	108.303 ms	2230.7 GFlops
# float2	1024	4096	204.933 ms	2357.76 GFlops
# float2	1024	8192	409.609 ms	2359.24 GFlops
# float2	1024	16384	817.038 ms	2365.54 GFlops
# float2	1024	32768	1641.66 ms	2354.61 GFlops

summary: float2	817.038 ms	2365.54 GFlops	1024	16384
--------------------------------------------
# float4	128	256	4.96376 ms	1520.97 GFlops
# float4	128	512	8.71695 ms	1732.2 GFlops
# float4	128	1024	14.8215 ms	2037.51 GFlops
# float4	128	2048	27.2535 ms	2216.15 GFlops
# float4	128	4096	51.4048 ms	2349.9 GFlops
# float4	128	8192	102.516 ms	2356.63 GFlops
# float4	128	16384	204.645 ms	2361.09 GFlops
# float4	128	32768	410.331 ms	2355.09 GFlops
# float4	256	256	9.74875 ms	1548.86 GFlops
# float4	256	512	17.0825 ms	1767.83 GFlops
# float4	256	1024	29.9121 ms	2019.18 GFlops
# float4	256	2048	54.1659 ms	2230.11 GFlops
# float4	256	4096	102.528 ms	2356.36 GFlops
# float4	256	8192	204.698 ms	2360.47 GFlops
# float4	256	16384	408.857 ms	2363.58 GFlops
# float4	256	32768	820.129 ms	2356.62 GFlops
# float4	512	256	19.1858 ms	1574.03 GFlops
# float4	512	512	34.2163 ms	1765.18 GFlops
# float4	512	1024	59.5362 ms	2028.95 GFlops
# float4	512	2048	108.376 ms	2229.19 GFlops
# float4	512	4096	204.728 ms	2360.13 GFlops
# float4	512	8192	409.086 ms	2362.26 GFlops
# float4	512	16384	815.438 ms	2370.18 GFlops
# float4	512	32768	1639.94 ms	2357.08 GFlops
# float4	1024	256	38.0117 ms	1588.93 GFlops
# float4	1024	512	68.322 ms	1768.04 GFlops
# float4	1024	1024	118.853 ms	2032.7 GFlops
# float4	1024	2048	213.584 ms	2262.26 GFlops
# float4	1024	4096	409.039 ms	2362.53 GFlops
# float4	1024	8192	817.457 ms	2364.33 GFlops
# float4	1024	16384	1634.09 ms	2365.52 GFlops
# float4	1024	32768	3280.01 ms	2356.99 GFlops

summary: float4	815.438 ms	2370.18 GFlops	512	16384
--------------------------------------------
# float8	128	256	9.75011 ms	1548.65 GFlops
# float8	128	512	17.5477 ms	1720.96 GFlops
# float8	128	1024	29.7373 ms	2031.05 GFlops
# float8	128	2048	54.0485 ms	2234.96 GFlops
# float8	128	4096	102.45 ms	2358.14 GFlops
# float8	128	8192	204.567 ms	2361.98 GFlops
# float8	128	16384	408.549 ms	2365.37 GFlops
# float8	128	32768	819.968 ms	2357.09 GFlops
# float8	256	256	19.18 ms	1574.51 GFlops
# float8	256	512	34.7118 ms	1739.98 GFlops
# float8	256	1024	59.5497 ms	2028.49 GFlops
# float8	256	2048	108.077 ms	2235.38 GFlops
# float8	256	4096	204.585 ms	2361.78 GFlops
# float8	256	8192	408.848 ms	2363.63 GFlops
# float8	256	16384	816.754 ms	2366.36 GFlops
# float8	256	32768	1639.49 ms	2357.73 GFlops
# float8	512	256	37.9599 ms	1591.1 GFlops
# float8	512	512	67.7336 ms	1783.4 GFlops
# float8	512	1024	119.337 ms	2024.46 GFlops
# float8	512	2048	215.888 ms	2238.12 GFlops
# float8	512	4096	408.743 ms	2364.24 GFlops
# float8	512	8192	817.35 ms	2364.64 GFlops
# float8	512	16384	1630.43 ms	2370.83 GFlops
# float8	512	32768	3277.94 ms	2358.47 GFlops
# float8	1024	256	74.5763 ms	1619.76 GFlops
# float8	1024	512	135.299 ms	1785.61 GFlops
# float8	1024	1024	235.407 ms	2052.55 GFlops
# float8	1024	2048	423.648 ms	2281.06 GFlops
# float8	1024	4096	817.268 ms	2364.87 GFlops
# float8	1024	8192	1633.02 ms	2367.07 GFlops
# float8	1024	16384	3261.86 ms	2370.1 GFlops
# float8	1024	32768	6554.54 ms	2358.96 GFlops

summary: float8	1630.43 ms	2370.83 GFlops	512	16384
--------------------------------------------
# float16	128	256	19.2745 ms	1566.79 GFlops
# float16	128	512	34.0012 ms	1776.35 GFlops
# float16	128	1024	59.7989 ms	2020.04 GFlops
# float16	128	2048	108.354 ms	2229.65 GFlops
# float16	128	4096	204.642 ms	2361.12 GFlops
# float16	128	8192	408.845 ms	2363.65 GFlops
# float16	128	16384	815.987 ms	2368.59 GFlops
# float16	128	32768	1639.01 ms	2358.42 GFlops
# float16	256	256	38.1334 ms	1583.86 GFlops
# float16	256	512	69.8564 ms	1729.2 GFlops
# float16	256	1024	119.353 ms	2024.18 GFlops
# float16	256	2048	214.013 ms	2257.73 GFlops
# float16	256	4096	408.787 ms	2363.99 GFlops
# float16	256	8192	816.863 ms	2366.04 GFlops
# float16	256	16384	1633.21 ms	2366.8 GFlops
# float16	256	32768	3276.66 ms	2359.4 GFlops
# float16	512	256	74.8722 ms	1613.36 GFlops
# float16	512	512	137.6 ms	1755.75 GFlops
# float16	512	1024	234.661 ms	2059.07 GFlops
# float16	512	2048	427.017 ms	2263.06 GFlops
# float16	512	4096	817.198 ms	2365.08 GFlops
# float16	512	8192	1634.36 ms	2365.12 GFlops
# float16	512	16384	3265.77 ms	2367.27 GFlops
# float16	512	32768	6558.43 ms	2357.56 GFlops
# float16	1024	256	145.025 ms	1665.87 GFlops
# float16	1024	512	283.442 ms	1704.7 GFlops
# float16	1024	1024	481.483 ms	2007.07 GFlops
# float16	1024	2048	866.581 ms	2230.3 GFlops
# float16	1024	4096	1635.99 ms	2362.78 GFlops
# float16	1024	8192	3269.27 ms	2364.73 GFlops
# float16	1024	16384	6528.14 ms	2368.5 GFlops
# float16	1024	32768	13107.8 ms	2359.19 GFlops

summary: float16	815.987 ms	2368.59 GFlops	128	16384
--------------------------------------------

----------- Aggregated at block & grid size ------------
# 128	256	float1	1.81807 ms	1038.16 GFlops
# 128	256	float2	2.56228 ms	1473.25 GFlops
# 128	256	float4	4.96376 ms	1520.97 GFlops
# 128	256	float8	9.75011 ms	1548.65 GFlops
# 128	256	float16	19.2745 ms	1566.79 GFlops

summary: 128	256	19.2745 ms	1566.79 GFlops	float16
--------------------------------------------
# 128	512	float1	2.54907 ms	1480.88 GFlops
# 128	512	float2	4.32608 ms	1745.17 GFlops
# 128	512	float4	8.71695 ms	1732.2 GFlops
# 128	512	float8	17.5477 ms	1720.96 GFlops
# 128	512	float16	34.0012 ms	1776.35 GFlops

summary: 128	512	34.0012 ms	1776.35 GFlops	float16
--------------------------------------------
# 128	1024	float1	4.07516 ms	1852.63 GFlops
# 128	1024	float2	7.41737 ms	2035.69 GFlops
# 128	1024	float4	14.8215 ms	2037.51 GFlops
# 128	1024	float8	29.7373 ms	2031.05 GFlops
# 128	1024	float16	59.7989 ms	2020.04 GFlops

summary: 128	1024	14.8215 ms	2037.51 GFlops	float4
--------------------------------------------
# 128	2048	float1	7.11918 ms	2120.96 GFlops
# 128	2048	float2	13.7333 ms	2198.96 GFlops
# 128	2048	float4	27.2535 ms	2216.15 GFlops
# 128	2048	float8	54.0485 ms	2234.96 GFlops
# 128	2048	float16	108.354 ms	2229.65 GFlops

summary: 128	2048	54.0485 ms	2234.96 GFlops	float8
--------------------------------------------
# 128	4096	float1	13.9321 ms	2167.58 GFlops
# 128	4096	float2	25.9094 ms	2331.12 GFlops
# 128	4096	float4	51.4048 ms	2349.9 GFlops
# 128	4096	float8	102.45 ms	2358.14 GFlops
# 128	4096	float16	204.642 ms	2361.12 GFlops

summary: 128	4096	204.642 ms	2361.12 GFlops	float16
--------------------------------------------
# 128	8192	float1	26.9061 ms	2244.77 GFlops
# 128	8192	float2	51.494 ms	2345.82 GFlops
# 128	8192	float4	102.516 ms	2356.63 GFlops
# 128	8192	float8	204.567 ms	2361.98 GFlops
# 128	8192	float16	408.845 ms	2363.65 GFlops

summary: 128	8192	408.845 ms	2363.65 GFlops	float16
--------------------------------------------
# 128	16384	float1	52.3698 ms	2306.6 GFlops
# 128	16384	float2	102.634 ms	2353.91 GFlops
# 128	16384	float4	204.645 ms	2361.09 GFlops
# 128	16384	float8	408.549 ms	2365.37 GFlops
# 128	16384	float16	815.987 ms	2368.59 GFlops

summary: 128	16384	815.987 ms	2368.59 GFlops	float16
--------------------------------------------
# 128	32768	float1	104.33 ms	2315.66 GFlops
# 128	32768	float2	205.541 ms	2350.79 GFlops
# 128	32768	float4	410.331 ms	2355.09 GFlops
# 128	32768	float8	819.968 ms	2357.09 GFlops
# 128	32768	float16	1639.01 ms	2358.42 GFlops

summary: 128	32768	1639.01 ms	2358.42 GFlops	float16
--------------------------------------------
# 256	256	float1	3.39973 ms	1110.34 GFlops
# 256	256	float2	4.9853 ms	1514.4 GFlops
# 256	256	float4	9.74875 ms	1548.86 GFlops
# 256	256	float8	19.18 ms	1574.51 GFlops
# 256	256	float16	38.1334 ms	1583.86 GFlops

summary: 256	256	38.1334 ms	1583.86 GFlops	float16
--------------------------------------------
# 256	512	float1	4.93973 ms	1528.37 GFlops
# 256	512	float2	8.69252 ms	1737.07 GFlops
# 256	512	float4	17.0825 ms	1767.83 GFlops
# 256	512	float8	34.7118 ms	1739.98 GFlops
# 256	512	float16	69.8564 ms	1729.2 GFlops

summary: 256	512	17.0825 ms	1767.83 GFlops	float4
--------------------------------------------
# 256	1024	float1	7.92832 ms	1904.5 GFlops
# 256	1024	float2	14.8553 ms	2032.87 GFlops
# 256	1024	float4	29.9121 ms	2019.18 GFlops
# 256	1024	float8	59.5497 ms	2028.49 GFlops
# 256	1024	float16	119.353 ms	2024.18 GFlops

summary: 256	1024	14.8553 ms	2032.87 GFlops	float2
--------------------------------------------
# 256	2048	float1	14.0153 ms	2154.72 GFlops
# 256	2048	float2	27.2607 ms	2215.57 GFlops
# 256	2048	float4	54.1659 ms	2230.11 GFlops
# 256	2048	float8	108.077 ms	2235.38 GFlops
# 256	2048	float16	214.013 ms	2257.73 GFlops

summary: 256	2048	214.013 ms	2257.73 GFlops	float16
--------------------------------------------
# 256	4096	float1	27.3093 ms	2211.63 GFlops
# 256	4096	float2	51.473 ms	2346.78 GFlops
# 256	4096	float4	102.528 ms	2356.36 GFlops
# 256	4096	float8	204.585 ms	2361.78 GFlops
# 256	4096	float16	408.787 ms	2363.99 GFlops

summary: 256	4096	408.787 ms	2363.99 GFlops	float16
--------------------------------------------
# 256	8192	float1	52.9352 ms	2281.96 GFlops
# 256	8192	float2	102.624 ms	2354.15 GFlops
# 256	8192	float4	204.698 ms	2360.47 GFlops
# 256	8192	float8	408.848 ms	2363.63 GFlops
# 256	8192	float16	816.863 ms	2366.04 GFlops

summary: 256	8192	816.863 ms	2366.04 GFlops	float16
--------------------------------------------
# 256	16384	float1	104.502 ms	2311.84 GFlops
# 256	16384	float2	204.873 ms	2358.45 GFlops
# 256	16384	float4	408.857 ms	2363.58 GFlops
# 256	16384	float8	816.754 ms	2366.36 GFlops
# 256	16384	float16	1633.21 ms	2366.8 GFlops

summary: 256	16384	1633.21 ms	2366.8 GFlops	float16
--------------------------------------------
# 256	32768	float1	208.19 ms	2320.88 GFlops
# 256	32768	float2	410.702 ms	2352.96 GFlops
# 256	32768	float4	820.129 ms	2356.62 GFlops
# 256	32768	float8	1639.49 ms	2357.73 GFlops
# 256	32768	float16	3276.66 ms	2359.4 GFlops

summary: 256	32768	3276.66 ms	2359.4 GFlops	float16
--------------------------------------------
# 512	256	float1	6.61909 ms	1140.6 GFlops
# 512	256	float2	9.75916 ms	1547.21 GFlops
# 512	256	float4	19.1858 ms	1574.03 GFlops
# 512	256	float8	37.9599 ms	1591.1 GFlops
# 512	256	float16	74.8722 ms	1613.36 GFlops

summary: 512	256	74.8722 ms	1613.36 GFlops	float16
--------------------------------------------
# 512	512	float1	9.66625 ms	1562.08 GFlops
# 512	512	float2	17.1015 ms	1765.87 GFlops
# 512	512	float4	34.2163 ms	1765.18 GFlops
# 512	512	float8	67.7336 ms	1783.4 GFlops
# 512	512	float16	137.6 ms	1755.75 GFlops

summary: 512	512	67.7336 ms	1783.4 GFlops	float8
--------------------------------------------
# 512	1024	float1	15.6972 ms	1923.85 GFlops
# 512	1024	float2	29.8545 ms	2023.08 GFlops
# 512	1024	float4	59.5362 ms	2028.95 GFlops
# 512	1024	float8	119.337 ms	2024.46 GFlops
# 512	1024	float16	234.661 ms	2059.07 GFlops

summary: 512	1024	234.661 ms	2059.07 GFlops	float16
--------------------------------------------
# 512	2048	float1	27.8289 ms	2170.33 GFlops
# 512	2048	float2	54.2323 ms	2227.38 GFlops
# 512	2048	float4	108.376 ms	2229.19 GFlops
# 512	2048	float8	215.888 ms	2238.12 GFlops
# 512	2048	float16	427.017 ms	2263.06 GFlops

summary: 512	2048	427.017 ms	2263.06 GFlops	float16
--------------------------------------------
# 512	4096	float1	53.1807 ms	2271.43 GFlops
# 512	4096	float2	102.648 ms	2353.59 GFlops
# 512	4096	float4	204.728 ms	2360.13 GFlops
# 512	4096	float8	408.743 ms	2364.24 GFlops
# 512	4096	float16	817.198 ms	2365.08 GFlops

summary: 512	4096	817.198 ms	2365.08 GFlops	float16
--------------------------------------------
# 512	8192	float1	105.367 ms	2292.87 GFlops
# 512	8192	float2	204.853 ms	2358.69 GFlops
# 512	8192	float4	409.086 ms	2362.26 GFlops
# 512	8192	float8	817.35 ms	2364.64 GFlops
# 512	8192	float16	1634.36 ms	2365.12 GFlops

summary: 512	8192	1634.36 ms	2365.12 GFlops	float16
--------------------------------------------
# 512	16384	float1	208.279 ms	2319.88 GFlops
# 512	16384	float2	409.008 ms	2362.71 GFlops
# 512	16384	float4	815.438 ms	2370.18 GFlops
# 512	16384	float8	1630.43 ms	2370.83 GFlops
# 512	16384	float16	3265.77 ms	2367.27 GFlops

summary: 512	16384	1630.43 ms	2370.83 GFlops	float8
--------------------------------------------
# 512	32768	float1	415.762 ms	2324.33 GFlops
# 512	32768	float2	821.798 ms	2351.84 GFlops
# 512	32768	float4	1639.94 ms	2357.08 GFlops
# 512	32768	float8	3277.94 ms	2358.47 GFlops
# 512	32768	float16	6558.43 ms	2357.56 GFlops

summary: 512	32768	3277.94 ms	2358.47 GFlops	float8
--------------------------------------------
# 1024	256	float1	13.0588 ms	1156.27 GFlops
# 1024	256	float2	19.1961 ms	1573.18 GFlops
# 1024	256	float4	38.0117 ms	1588.93 GFlops
# 1024	256	float8	74.5763 ms	1619.76 GFlops
# 1024	256	float16	145.025 ms	1665.87 GFlops

summary: 1024	256	145.025 ms	1665.87 GFlops	float16
--------------------------------------------
# 1024	512	float1	19.2093 ms	1572.1 GFlops
# 1024	512	float2	34.2969 ms	1761.03 GFlops
# 1024	512	float4	68.322 ms	1768.04 GFlops
# 1024	512	float8	135.299 ms	1785.61 GFlops
# 1024	512	float16	283.442 ms	1704.7 GFlops

summary: 1024	512	135.299 ms	1785.61 GFlops	float8
--------------------------------------------
# 1024	1024	float1	31.2583 ms	1932.22 GFlops
# 1024	1024	float2	60.3322 ms	2002.18 GFlops
# 1024	1024	float4	118.853 ms	2032.7 GFlops
# 1024	1024	float8	235.407 ms	2052.55 GFlops
# 1024	1024	float16	481.483 ms	2007.07 GFlops

summary: 1024	1024	235.407 ms	2052.55 GFlops	float8
--------------------------------------------
# 1024	2048	float1	55.5427 ms	2174.83 GFlops
# 1024	2048	float2	108.303 ms	2230.7 GFlops
# 1024	2048	float4	213.584 ms	2262.26 GFlops
# 1024	2048	float8	423.648 ms	2281.06 GFlops
# 1024	2048	float16	866.581 ms	2230.3 GFlops

summary: 1024	2048	423.648 ms	2281.06 GFlops	float8
--------------------------------------------
# 1024	4096	float1	106.351 ms	2271.64 GFlops
# 1024	4096	float2	204.933 ms	2357.76 GFlops
# 1024	4096	float4	409.039 ms	2362.53 GFlops
# 1024	4096	float8	817.268 ms	2364.87 GFlops
# 1024	4096	float16	1635.99 ms	2362.78 GFlops

summary: 1024	4096	817.268 ms	2364.87 GFlops	float8
--------------------------------------------
# 1024	8192	float1	209.17 ms	2310 GFlops
# 1024	8192	float2	409.609 ms	2359.24 GFlops
# 1024	8192	float4	817.457 ms	2364.33 GFlops
# 1024	8192	float8	1633.02 ms	2367.07 GFlops
# 1024	8192	float16	3269.27 ms	2364.73 GFlops

summary: 1024	8192	1633.02 ms	2367.07 GFlops	float8
--------------------------------------------
# 1024	16384	float1	416.358 ms	2321 GFlops
# 1024	16384	float2	817.038 ms	2365.54 GFlops
# 1024	16384	float4	1634.09 ms	2365.52 GFlops
# 1024	16384	float8	3261.86 ms	2370.1 GFlops
# 1024	16384	float16	6528.14 ms	2368.5 GFlops

summary: 1024	16384	3261.86 ms	2370.1 GFlops	float8
--------------------------------------------
# 1024	32768	float1	831.17 ms	2325.32 GFlops
# 1024	32768	float2	1641.66 ms	2354.61 GFlops
# 1024	32768	float4	3280.01 ms	2356.99 GFlops
# 1024	32768	float8	6554.54 ms	2358.96 GFlops
# 1024	32768	float16	13107.8 ms	2359.19 GFlops

summary: 1024	32768	13107.8 ms	2359.19 GFlops	float16
--------------------------------------------
Data type: float
Time for VPU: 1630.43 ms.	BlockSize: 512	GridSize: 16384	VecSize: 8	Bandwidth: 2370.83GFLOPS
