
Starting to launch opencl_compare...
Fast run...
Data size: 33554432

Detection mode: All
------ Start hardware checking ------
Platform: Intel(R) OpenCL
Number of devices: 2
	Computing device 0 : Intel(R) Xeon(R) CPU E5-2650 v3 @ 2.30GHz
	Computing device 1 : Intel(R) Many Integrated Core Acceleration Card
Please enter the index of the device to use (0,1,2...) : Selected device: Intel(R) Xeon(R) CPU E5-2650 v3 @ 2.30GHz
------ End of hardware checking ------

----- Vector Instruction Throughput Test -----
Data type: double.
blockSize=128	gridSize=256	float1	6.76691 ms	278.921 GFlops	done!
blockSize=128	gridSize=256	float2	7.18608 ms	525.304 GFlops	done!
blockSize=128	gridSize=256	float4	54.2029 ms	139.287 GFlops	done!
blockSize=128	gridSize=256	float8	53.5314 ms	282.068 GFlops	done!
blockSize=128	gridSize=256	float16	56.9018 ms	530.721 GFlops	done!
blockSize=128	gridSize=512	float1	12.6867 ms	297.546 GFlops	done!
blockSize=128	gridSize=512	float2	13.2296 ms	570.672 GFlops	done!
blockSize=128	gridSize=512	float4	97.8262 ms	154.35 GFlops	done!
blockSize=128	gridSize=512	float8	99.6753 ms	302.974 GFlops	done!
blockSize=128	gridSize=512	float16	106.544 ms	566.883 GFlops	done!
blockSize=128	gridSize=1024	float1	24.3295 ms	310.313 GFlops	done!
blockSize=128	gridSize=1024	float2	26.1442 ms	577.547 GFlops	done!
blockSize=128	gridSize=1024	float4	189.307 ms	159.524 GFlops	done!
blockSize=128	gridSize=1024	float8	189.803 ms	318.215 GFlops	done!
blockSize=128	gridSize=1024	float16	201.874 ms	598.374 GFlops	done!
blockSize=128	gridSize=2048	float1	47.7131 ms	316.464 GFlops	done!
blockSize=128	gridSize=2048	float2	50.069 ms	603.147 GFlops	done!
blockSize=128	gridSize=2048	float4	371.416 ms	162.615 GFlops	done!
blockSize=128	gridSize=2048	float8	370.269 ms	326.238 GFlops	done!
blockSize=128	gridSize=2048	float16	398.731 ms	605.902 GFlops	done!
blockSize=128	gridSize=4096	float1	92.2977 ms	327.191 GFlops	done!
blockSize=128	gridSize=4096	float2	98.7325 ms	611.733 GFlops	done!
blockSize=128	gridSize=4096	float4	736.521 ms	164.009 GFlops	done!
blockSize=128	gridSize=4096	float8	733.888 ms	329.194 GFlops	done!
blockSize=128	gridSize=4096	float16	788.342 ms	612.911 GFlops	done!
blockSize=128	gridSize=8192	float1	183.427 ms	329.276 GFlops	done!
blockSize=128	gridSize=8192	float2	196.201 ms	615.673 GFlops	done!
blockSize=128	gridSize=8192	float4	1462.81 ms	165.156 GFlops	done!
blockSize=128	gridSize=8192	float8	1463.56 ms	330.143 GFlops	done!
blockSize=128	gridSize=8192	float16	1570.16 ms	615.459 GFlops	done!
blockSize=128	gridSize=16384	float1	364.943 ms	330.999 GFlops	done!
blockSize=128	gridSize=16384	float2	391.462 ms	617.153 GFlops	done!
blockSize=128	gridSize=16384	float4	2917.74 ms	165.602 GFlops	done!
blockSize=128	gridSize=16384	float8	2918.13 ms	331.16 GFlops	done!
blockSize=128	gridSize=16384	float16	3132.04 ms	617.086 GFlops	done!
blockSize=128	gridSize=32768	float1	728.791 ms	331.497 GFlops	done!
blockSize=128	gridSize=32768	float2	782.017 ms	617.869 GFlops	done!
blockSize=128	gridSize=32768	float4	5828.72 ms	165.794 GFlops	done!
blockSize=128	gridSize=32768	float8	5829.89 ms	331.522 GFlops	done!
blockSize=128	gridSize=32768	float16	6255.75 ms	617.907 GFlops	done!
blockSize=256	gridSize=256	float1	13.4825 ms	279.983 GFlops	done!
blockSize=256	gridSize=256	float2	14.9429 ms	505.241 GFlops	done!
blockSize=256	gridSize=256	float4	104.37 ms	144.673 GFlops	done!
blockSize=256	gridSize=256	float8	104.181 ms	289.871 GFlops	done!
blockSize=256	gridSize=256	float16	111.585 ms	541.275 GFlops	done!
blockSize=256	gridSize=512	float1	24.7372 ms	305.198 GFlops	done!
blockSize=256	gridSize=512	float2	26.8495 ms	562.376 GFlops	done!
blockSize=256	gridSize=512	float4	196.007 ms	154.071 GFlops	done!
blockSize=256	gridSize=512	float8	198.604 ms	304.113 GFlops	done!
blockSize=256	gridSize=512	float16	210.113 ms	574.91 GFlops	done!
blockSize=256	gridSize=1024	float1	47.606 ms	317.176 GFlops	done!
blockSize=256	gridSize=1024	float2	51.5177 ms	586.187 GFlops	done!
blockSize=256	gridSize=1024	float4	380.225 ms	158.848 GFlops	done!
blockSize=256	gridSize=1024	float8	380.281 ms	317.65 GFlops	done!
blockSize=256	gridSize=1024	float16	404.879 ms	596.702 GFlops	done!
blockSize=256	gridSize=2048	float1	93.6089 ms	322.608 GFlops	done!
blockSize=256	gridSize=2048	float2	101.866 ms	592.917 GFlops	done!
blockSize=256	gridSize=2048	float4	740.324 ms	163.166 GFlops	done!
blockSize=256	gridSize=2048	float8	741.167 ms	325.962 GFlops	done!
blockSize=256	gridSize=2048	float16	794.942 ms	607.822 GFlops	done!
blockSize=256	gridSize=4096	float1	184.104 ms	328.065 GFlops	done!
blockSize=256	gridSize=4096	float2	197.081 ms	612.927 GFlops	done!
blockSize=256	gridSize=4096	float4	1470.2 ms	164.326 GFlops	done!
blockSize=256	gridSize=4096	float8	1473.14 ms	327.995 GFlops	done!
blockSize=256	gridSize=4096	float16	1580.77 ms	611.329 GFlops	done!
blockSize=256	gridSize=8192	float1	365.913 ms	330.122 GFlops	done!
blockSize=256	gridSize=8192	float2	392.637 ms	615.305 GFlops	done!
blockSize=256	gridSize=8192	float4	2925.22 ms	165.178 GFlops	done!
blockSize=256	gridSize=8192	float8	2926.83 ms	330.175 GFlops	done!
blockSize=256	gridSize=8192	float16	3142.33 ms	615.064 GFlops	done!
blockSize=256	gridSize=16384	float1	729.743 ms	331.064 GFlops	done!
blockSize=256	gridSize=16384	float2	783.377 ms	616.796 GFlops	done!
blockSize=256	gridSize=16384	float4	5835.41 ms	165.604 GFlops	done!
blockSize=256	gridSize=16384	float8	5839.26 ms	330.99 GFlops	done!
blockSize=256	gridSize=16384	float16	6266.93 ms	616.805 GFlops	done!
blockSize=256	gridSize=32768	float1	1457.59 ms	331.496 GFlops	done!
blockSize=256	gridSize=32768	float2	1564.06 ms	617.859 GFlops	done!
blockSize=256	gridSize=32768	float4	11654.7 ms	165.833 GFlops	done!
blockSize=256	gridSize=32768	float8	11659.5 ms	331.529 GFlops	done!
blockSize=256	gridSize=32768	float16	12512.4 ms	617.862 GFlops	done!
blockSize=512	gridSize=256	float1	27.1142 ms	278.443 GFlops	done!
blockSize=512	gridSize=256	float2	29.4391 ms	512.906 GFlops	done!
blockSize=512	gridSize=256	float4	218.465 ms	138.232 GFlops	done!
blockSize=512	gridSize=256	float8	217.377 ms	277.849 GFlops	done!
blockSize=512	gridSize=256	float16	219.583 ms	550.114 GFlops	done!
blockSize=512	gridSize=512	float1	49.7847 ms	303.296 GFlops	done!
blockSize=512	gridSize=512	float2	52.8568 ms	571.336 GFlops	done!
blockSize=512	gridSize=512	float4	397.597 ms	151.907 GFlops	done!
blockSize=512	gridSize=512	float8	397.057 ms	304.229 GFlops	done!
blockSize=512	gridSize=512	float16	420.385 ms	574.692 GFlops	done!
blockSize=512	gridSize=1024	float1	95.5102 ms	316.186 GFlops	done!
blockSize=512	gridSize=1024	float2	102.199 ms	590.981 GFlops	done!
blockSize=512	gridSize=1024	float4	759.039 ms	159.143 GFlops	done!
blockSize=512	gridSize=1024	float8	753.991 ms	320.418 GFlops	done!
blockSize=512	gridSize=1024	float16	807.603 ms	598.294 GFlops	done!
blockSize=512	gridSize=2048	float1	184.712 ms	326.985 GFlops	done!
blockSize=512	gridSize=2048	float2	198.607 ms	608.217 GFlops	done!
blockSize=512	gridSize=2048	float4	1485.63 ms	162.619 GFlops	done!
blockSize=512	gridSize=2048	float8	1483.59 ms	325.686 GFlops	done!
blockSize=512	gridSize=2048	float16	1588.39 ms	608.394 GFlops	done!
blockSize=512	gridSize=4096	float1	368.903 ms	327.446 GFlops	done!
blockSize=512	gridSize=4096	float2	393.99 ms	613.192 GFlops	done!
blockSize=512	gridSize=4096	float4	2944.66 ms	164.088 GFlops	done!
blockSize=512	gridSize=4096	float8	2944.27 ms	328.22 GFlops	done!
blockSize=512	gridSize=4096	float16	3159.58 ms	611.706 GFlops	done!
blockSize=512	gridSize=8192	float1	731.425 ms	330.303 GFlops	done!
blockSize=512	gridSize=8192	float2	784.845 ms	615.642 GFlops	done!
blockSize=512	gridSize=8192	float4	5850.97 ms	165.164 GFlops	done!
blockSize=512	gridSize=8192	float8	5856.21 ms	330.032 GFlops	done!
blockSize=512	gridSize=8192	float16	6279.37 ms	615.583 GFlops	done!
blockSize=512	gridSize=16384	float1	1459.04 ms	331.165 GFlops	done!
blockSize=512	gridSize=16384	float2	1565.87 ms	617.144 GFlops	done!
blockSize=512	gridSize=16384	float4	11668.4 ms	165.639 GFlops	done!
blockSize=512	gridSize=16384	float8	11672.7 ms	331.155 GFlops	done!
blockSize=512	gridSize=16384	float16	12538.5 ms	616.575 GFlops	done!
blockSize=512	gridSize=32768	float1	2914.7 ms	331.55 GFlops	done!
blockSize=512	gridSize=32768	float2	3127.67 ms	617.948 GFlops	done!
blockSize=512	gridSize=32768	float4	23308.9 ms	165.837 GFlops	done!
blockSize=512	gridSize=32768	float8	23316.8 ms	331.56 GFlops	done!
blockSize=512	gridSize=32768	float16	25027.3 ms	617.801 GFlops	done!
blockSize=1024	gridSize=256	float1	55.8439 ms	270.388 GFlops	done!
blockSize=1024	gridSize=256	float2	56.9221 ms	530.532 GFlops	done!
blockSize=1024	gridSize=256	float4	428.396 ms	140.986 GFlops	done!
blockSize=1024	gridSize=256	float8	436.34 ms	276.839 GFlops	done!
blockSize=1024	gridSize=256	float16	443.839 ms	544.323 GFlops	done!
blockSize=1024	gridSize=512	float1	99.8312 ms	302.501 GFlops	done!
blockSize=1024	gridSize=512	float2	107.027 ms	564.327 GFlops	done!
blockSize=1024	gridSize=512	float4	794.516 ms	152.037 GFlops	done!
blockSize=1024	gridSize=512	float8	788.075 ms	306.559 GFlops	done!
blockSize=1024	gridSize=512	float16	841.931 ms	573.899 GFlops	done!
blockSize=1024	gridSize=1024	float1	188.193 ms	320.936 GFlops	done!
blockSize=1024	gridSize=1024	float2	203.167 ms	594.564 GFlops	done!
blockSize=1024	gridSize=1024	float4	1528.3 ms	158.079 GFlops	done!
blockSize=1024	gridSize=1024	float8	1524.93 ms	316.855 GFlops	done!
blockSize=1024	gridSize=1024	float16	1618.73 ms	596.993 GFlops	done!
blockSize=1024	gridSize=2048	float1	370.918 ms	325.668 GFlops	done!
blockSize=1024	gridSize=2048	float2	398.095 ms	606.87 GFlops	done!
blockSize=1024	gridSize=2048	float4	2970.56 ms	162.658 GFlops	done!
blockSize=1024	gridSize=2048	float8	2978.15 ms	324.486 GFlops	done!
blockSize=1024	gridSize=2048	float16	3179.61 ms	607.852 GFlops	done!
blockSize=1024	gridSize=4096	float1	737.03 ms	327.791 GFlops	done!
blockSize=1024	gridSize=4096	float2	787.524 ms	613.548 GFlops	done!
blockSize=1024	gridSize=4096	float4	5884.79 ms	164.215 GFlops	done!
blockSize=1024	gridSize=4096	float8	5873 ms	329.088 GFlops	done!
blockSize=1024	gridSize=4096	float16	6308.33 ms	612.757 GFlops	done!
blockSize=1024	gridSize=8192	float1	1464.04 ms	330.034 GFlops	done!
blockSize=1024	gridSize=8192	float2	1571.4 ms	614.971 GFlops	done!
blockSize=1024	gridSize=8192	float4	11704 ms	165.134 GFlops	done!
blockSize=1024	gridSize=8192	float8	11709.4 ms	330.117 GFlops	done!
blockSize=1024	gridSize=8192	float16	12546.5 ms	616.182 GFlops	done!
blockSize=1024	gridSize=16384	float1	2917.88 ms	331.189 GFlops	done!
blockSize=1024	gridSize=16384	float2	3133.21 ms	616.854 GFlops	done!
blockSize=1024	gridSize=16384	float4	23337.5 ms	165.634 GFlops	done!
blockSize=1024	gridSize=16384	float8	23345.3 ms	331.156 GFlops	done!
blockSize=1024	gridSize=16384	float16	25064.7 ms	616.878 GFlops	done!
blockSize=1024	gridSize=32768	float1	5828.72 ms	331.588 GFlops	done!
blockSize=1024	gridSize=32768	float2	6254.53 ms	618.027 GFlops	done!
blockSize=1024	gridSize=32768	float4	46611.6 ms	165.859 GFlops	done!
blockSize=1024	gridSize=32768	float8	46637.5 ms	331.534 GFlops	done!
blockSize=1024	gridSize=32768	float16	50055.6 ms	617.789 GFlops	done!

----------- Original ------------
# 128	256	float1	6.76691 ms	278.921 GFlops
# 128	256	float2	7.18608 ms	525.304 GFlops
# 128	256	float4	54.2029 ms	139.287 GFlops
# 128	256	float8	53.5314 ms	282.068 GFlops
# 128	256	float16	56.9018 ms	530.721 GFlops
# 128	512	float1	12.6867 ms	297.546 GFlops
# 128	512	float2	13.2296 ms	570.672 GFlops
# 128	512	float4	97.8262 ms	154.35 GFlops
# 128	512	float8	99.6753 ms	302.974 GFlops
# 128	512	float16	106.544 ms	566.883 GFlops
# 128	1024	float1	24.3295 ms	310.313 GFlops
# 128	1024	float2	26.1442 ms	577.547 GFlops
# 128	1024	float4	189.307 ms	159.524 GFlops
# 128	1024	float8	189.803 ms	318.215 GFlops
# 128	1024	float16	201.874 ms	598.374 GFlops
# 128	2048	float1	47.7131 ms	316.464 GFlops
# 128	2048	float2	50.069 ms	603.147 GFlops
# 128	2048	float4	371.416 ms	162.615 GFlops
# 128	2048	float8	370.269 ms	326.238 GFlops
# 128	2048	float16	398.731 ms	605.902 GFlops
# 128	4096	float1	92.2977 ms	327.191 GFlops
# 128	4096	float2	98.7325 ms	611.733 GFlops
# 128	4096	float4	736.521 ms	164.009 GFlops
# 128	4096	float8	733.888 ms	329.194 GFlops
# 128	4096	float16	788.342 ms	612.911 GFlops
# 128	8192	float1	183.427 ms	329.276 GFlops
# 128	8192	float2	196.201 ms	615.673 GFlops
# 128	8192	float4	1462.81 ms	165.156 GFlops
# 128	8192	float8	1463.56 ms	330.143 GFlops
# 128	8192	float16	1570.16 ms	615.459 GFlops
# 128	16384	float1	364.943 ms	330.999 GFlops
# 128	16384	float2	391.462 ms	617.153 GFlops
# 128	16384	float4	2917.74 ms	165.602 GFlops
# 128	16384	float8	2918.13 ms	331.16 GFlops
# 128	16384	float16	3132.04 ms	617.086 GFlops
# 128	32768	float1	728.791 ms	331.497 GFlops
# 128	32768	float2	782.017 ms	617.869 GFlops
# 128	32768	float4	5828.72 ms	165.794 GFlops
# 128	32768	float8	5829.89 ms	331.522 GFlops
# 128	32768	float16	6255.75 ms	617.907 GFlops
# 256	256	float1	13.4825 ms	279.983 GFlops
# 256	256	float2	14.9429 ms	505.241 GFlops
# 256	256	float4	104.37 ms	144.673 GFlops
# 256	256	float8	104.181 ms	289.871 GFlops
# 256	256	float16	111.585 ms	541.275 GFlops
# 256	512	float1	24.7372 ms	305.198 GFlops
# 256	512	float2	26.8495 ms	562.376 GFlops
# 256	512	float4	196.007 ms	154.071 GFlops
# 256	512	float8	198.604 ms	304.113 GFlops
# 256	512	float16	210.113 ms	574.91 GFlops
# 256	1024	float1	47.606 ms	317.176 GFlops
# 256	1024	float2	51.5177 ms	586.187 GFlops
# 256	1024	float4	380.225 ms	158.848 GFlops
# 256	1024	float8	380.281 ms	317.65 GFlops
# 256	1024	float16	404.879 ms	596.702 GFlops
# 256	2048	float1	93.6089 ms	322.608 GFlops
# 256	2048	float2	101.866 ms	592.917 GFlops
# 256	2048	float4	740.324 ms	163.166 GFlops
# 256	2048	float8	741.167 ms	325.962 GFlops
# 256	2048	float16	794.942 ms	607.822 GFlops
# 256	4096	float1	184.104 ms	328.065 GFlops
# 256	4096	float2	197.081 ms	612.927 GFlops
# 256	4096	float4	1470.2 ms	164.326 GFlops
# 256	4096	float8	1473.14 ms	327.995 GFlops
# 256	4096	float16	1580.77 ms	611.329 GFlops
# 256	8192	float1	365.913 ms	330.122 GFlops
# 256	8192	float2	392.637 ms	615.305 GFlops
# 256	8192	float4	2925.22 ms	165.178 GFlops
# 256	8192	float8	2926.83 ms	330.175 GFlops
# 256	8192	float16	3142.33 ms	615.064 GFlops
# 256	16384	float1	729.743 ms	331.064 GFlops
# 256	16384	float2	783.377 ms	616.796 GFlops
# 256	16384	float4	5835.41 ms	165.604 GFlops
# 256	16384	float8	5839.26 ms	330.99 GFlops
# 256	16384	float16	6266.93 ms	616.805 GFlops
# 256	32768	float1	1457.59 ms	331.496 GFlops
# 256	32768	float2	1564.06 ms	617.859 GFlops
# 256	32768	float4	11654.7 ms	165.833 GFlops
# 256	32768	float8	11659.5 ms	331.529 GFlops
# 256	32768	float16	12512.4 ms	617.862 GFlops
# 512	256	float1	27.1142 ms	278.443 GFlops
# 512	256	float2	29.4391 ms	512.906 GFlops
# 512	256	float4	218.465 ms	138.232 GFlops
# 512	256	float8	217.377 ms	277.849 GFlops
# 512	256	float16	219.583 ms	550.114 GFlops
# 512	512	float1	49.7847 ms	303.296 GFlops
# 512	512	float2	52.8568 ms	571.336 GFlops
# 512	512	float4	397.597 ms	151.907 GFlops
# 512	512	float8	397.057 ms	304.229 GFlops
# 512	512	float16	420.385 ms	574.692 GFlops
# 512	1024	float1	95.5102 ms	316.186 GFlops
# 512	1024	float2	102.199 ms	590.981 GFlops
# 512	1024	float4	759.039 ms	159.143 GFlops
# 512	1024	float8	753.991 ms	320.418 GFlops
# 512	1024	float16	807.603 ms	598.294 GFlops
# 512	2048	float1	184.712 ms	326.985 GFlops
# 512	2048	float2	198.607 ms	608.217 GFlops
# 512	2048	float4	1485.63 ms	162.619 GFlops
# 512	2048	float8	1483.59 ms	325.686 GFlops
# 512	2048	float16	1588.39 ms	608.394 GFlops
# 512	4096	float1	368.903 ms	327.446 GFlops
# 512	4096	float2	393.99 ms	613.192 GFlops
# 512	4096	float4	2944.66 ms	164.088 GFlops
# 512	4096	float8	2944.27 ms	328.22 GFlops
# 512	4096	float16	3159.58 ms	611.706 GFlops
# 512	8192	float1	731.425 ms	330.303 GFlops
# 512	8192	float2	784.845 ms	615.642 GFlops
# 512	8192	float4	5850.97 ms	165.164 GFlops
# 512	8192	float8	5856.21 ms	330.032 GFlops
# 512	8192	float16	6279.37 ms	615.583 GFlops
# 512	16384	float1	1459.04 ms	331.165 GFlops
# 512	16384	float2	1565.87 ms	617.144 GFlops
# 512	16384	float4	11668.4 ms	165.639 GFlops
# 512	16384	float8	11672.7 ms	331.155 GFlops
# 512	16384	float16	12538.5 ms	616.575 GFlops
# 512	32768	float1	2914.7 ms	331.55 GFlops
# 512	32768	float2	3127.67 ms	617.948 GFlops
# 512	32768	float4	23308.9 ms	165.837 GFlops
# 512	32768	float8	23316.8 ms	331.56 GFlops
# 512	32768	float16	25027.3 ms	617.801 GFlops
# 1024	256	float1	55.8439 ms	270.388 GFlops
# 1024	256	float2	56.9221 ms	530.532 GFlops
# 1024	256	float4	428.396 ms	140.986 GFlops
# 1024	256	float8	436.34 ms	276.839 GFlops
# 1024	256	float16	443.839 ms	544.323 GFlops
# 1024	512	float1	99.8312 ms	302.501 GFlops
# 1024	512	float2	107.027 ms	564.327 GFlops
# 1024	512	float4	794.516 ms	152.037 GFlops
# 1024	512	float8	788.075 ms	306.559 GFlops
# 1024	512	float16	841.931 ms	573.899 GFlops
# 1024	1024	float1	188.193 ms	320.936 GFlops
# 1024	1024	float2	203.167 ms	594.564 GFlops
# 1024	1024	float4	1528.3 ms	158.079 GFlops
# 1024	1024	float8	1524.93 ms	316.855 GFlops
# 1024	1024	float16	1618.73 ms	596.993 GFlops
# 1024	2048	float1	370.918 ms	325.668 GFlops
# 1024	2048	float2	398.095 ms	606.87 GFlops
# 1024	2048	float4	2970.56 ms	162.658 GFlops
# 1024	2048	float8	2978.15 ms	324.486 GFlops
# 1024	2048	float16	3179.61 ms	607.852 GFlops
# 1024	4096	float1	737.03 ms	327.791 GFlops
# 1024	4096	float2	787.524 ms	613.548 GFlops
# 1024	4096	float4	5884.79 ms	164.215 GFlops
# 1024	4096	float8	5873 ms	329.088 GFlops
# 1024	4096	float16	6308.33 ms	612.757 GFlops
# 1024	8192	float1	1464.04 ms	330.034 GFlops
# 1024	8192	float2	1571.4 ms	614.971 GFlops
# 1024	8192	float4	11704 ms	165.134 GFlops
# 1024	8192	float8	11709.4 ms	330.117 GFlops
# 1024	8192	float16	12546.5 ms	616.182 GFlops
# 1024	16384	float1	2917.88 ms	331.189 GFlops
# 1024	16384	float2	3133.21 ms	616.854 GFlops
# 1024	16384	float4	23337.5 ms	165.634 GFlops
# 1024	16384	float8	23345.3 ms	331.156 GFlops
# 1024	16384	float16	25064.7 ms	616.878 GFlops
# 1024	32768	float1	5828.72 ms	331.588 GFlops
# 1024	32768	float2	6254.53 ms	618.027 GFlops
# 1024	32768	float4	46611.6 ms	165.859 GFlops
# 1024	32768	float8	46637.5 ms	331.534 GFlops
# 1024	32768	float16	50055.6 ms	617.789 GFlops

----------- Aggregated at vec_size ------------
# float1	128	256	6.76691 ms	278.921 GFlops
# float1	128	512	12.6867 ms	297.546 GFlops
# float1	128	1024	24.3295 ms	310.313 GFlops
# float1	128	2048	47.7131 ms	316.464 GFlops
# float1	128	4096	92.2977 ms	327.191 GFlops
# float1	128	8192	183.427 ms	329.276 GFlops
# float1	128	16384	364.943 ms	330.999 GFlops
# float1	128	32768	728.791 ms	331.497 GFlops
# float1	256	256	13.4825 ms	279.983 GFlops
# float1	256	512	24.7372 ms	305.198 GFlops
# float1	256	1024	47.606 ms	317.176 GFlops
# float1	256	2048	93.6089 ms	322.608 GFlops
# float1	256	4096	184.104 ms	328.065 GFlops
# float1	256	8192	365.913 ms	330.122 GFlops
# float1	256	16384	729.743 ms	331.064 GFlops
# float1	256	32768	1457.59 ms	331.496 GFlops
# float1	512	256	27.1142 ms	278.443 GFlops
# float1	512	512	49.7847 ms	303.296 GFlops
# float1	512	1024	95.5102 ms	316.186 GFlops
# float1	512	2048	184.712 ms	326.985 GFlops
# float1	512	4096	368.903 ms	327.446 GFlops
# float1	512	8192	731.425 ms	330.303 GFlops
# float1	512	16384	1459.04 ms	331.165 GFlops
# float1	512	32768	2914.7 ms	331.55 GFlops
# float1	1024	256	55.8439 ms	270.388 GFlops
# float1	1024	512	99.8312 ms	302.501 GFlops
# float1	1024	1024	188.193 ms	320.936 GFlops
# float1	1024	2048	370.918 ms	325.668 GFlops
# float1	1024	4096	737.03 ms	327.791 GFlops
# float1	1024	8192	1464.04 ms	330.034 GFlops
# float1	1024	16384	2917.88 ms	331.189 GFlops
# float1	1024	32768	5828.72 ms	331.588 GFlops

summary: float1	5828.72 ms	331.588 GFlops	1024	32768
--------------------------------------------
# float2	128	256	7.18608 ms	525.304 GFlops
# float2	128	512	13.2296 ms	570.672 GFlops
# float2	128	1024	26.1442 ms	577.547 GFlops
# float2	128	2048	50.069 ms	603.147 GFlops
# float2	128	4096	98.7325 ms	611.733 GFlops
# float2	128	8192	196.201 ms	615.673 GFlops
# float2	128	16384	391.462 ms	617.153 GFlops
# float2	128	32768	782.017 ms	617.869 GFlops
# float2	256	256	14.9429 ms	505.241 GFlops
# float2	256	512	26.8495 ms	562.376 GFlops
# float2	256	1024	51.5177 ms	586.187 GFlops
# float2	256	2048	101.866 ms	592.917 GFlops
# float2	256	4096	197.081 ms	612.927 GFlops
# float2	256	8192	392.637 ms	615.305 GFlops
# float2	256	16384	783.377 ms	616.796 GFlops
# float2	256	32768	1564.06 ms	617.859 GFlops
# float2	512	256	29.4391 ms	512.906 GFlops
# float2	512	512	52.8568 ms	571.336 GFlops
# float2	512	1024	102.199 ms	590.981 GFlops
# float2	512	2048	198.607 ms	608.217 GFlops
# float2	512	4096	393.99 ms	613.192 GFlops
# float2	512	8192	784.845 ms	615.642 GFlops
# float2	512	16384	1565.87 ms	617.144 GFlops
# float2	512	32768	3127.67 ms	617.948 GFlops
# float2	1024	256	56.9221 ms	530.532 GFlops
# float2	1024	512	107.027 ms	564.327 GFlops
# float2	1024	1024	203.167 ms	594.564 GFlops
# float2	1024	2048	398.095 ms	606.87 GFlops
# float2	1024	4096	787.524 ms	613.548 GFlops
# float2	1024	8192	1571.4 ms	614.971 GFlops
# float2	1024	16384	3133.21 ms	616.854 GFlops
# float2	1024	32768	6254.53 ms	618.027 GFlops

summary: float2	6254.53 ms	618.027 GFlops	1024	32768
--------------------------------------------
# float4	128	256	54.2029 ms	139.287 GFlops
# float4	128	512	97.8262 ms	154.35 GFlops
# float4	128	1024	189.307 ms	159.524 GFlops
# float4	128	2048	371.416 ms	162.615 GFlops
# float4	128	4096	736.521 ms	164.009 GFlops
# float4	128	8192	1462.81 ms	165.156 GFlops
# float4	128	16384	2917.74 ms	165.602 GFlops
# float4	128	32768	5828.72 ms	165.794 GFlops
# float4	256	256	104.37 ms	144.673 GFlops
# float4	256	512	196.007 ms	154.071 GFlops
# float4	256	1024	380.225 ms	158.848 GFlops
# float4	256	2048	740.324 ms	163.166 GFlops
# float4	256	4096	1470.2 ms	164.326 GFlops
# float4	256	8192	2925.22 ms	165.178 GFlops
# float4	256	16384	5835.41 ms	165.604 GFlops
# float4	256	32768	11654.7 ms	165.833 GFlops
# float4	512	256	218.465 ms	138.232 GFlops
# float4	512	512	397.597 ms	151.907 GFlops
# float4	512	1024	759.039 ms	159.143 GFlops
# float4	512	2048	1485.63 ms	162.619 GFlops
# float4	512	4096	2944.66 ms	164.088 GFlops
# float4	512	8192	5850.97 ms	165.164 GFlops
# float4	512	16384	11668.4 ms	165.639 GFlops
# float4	512	32768	23308.9 ms	165.837 GFlops
# float4	1024	256	428.396 ms	140.986 GFlops
# float4	1024	512	794.516 ms	152.037 GFlops
# float4	1024	1024	1528.3 ms	158.079 GFlops
# float4	1024	2048	2970.56 ms	162.658 GFlops
# float4	1024	4096	5884.79 ms	164.215 GFlops
# float4	1024	8192	11704 ms	165.134 GFlops
# float4	1024	16384	23337.5 ms	165.634 GFlops
# float4	1024	32768	46611.6 ms	165.859 GFlops

summary: float4	46611.6 ms	165.859 GFlops	1024	32768
--------------------------------------------
# float8	128	256	53.5314 ms	282.068 GFlops
# float8	128	512	99.6753 ms	302.974 GFlops
# float8	128	1024	189.803 ms	318.215 GFlops
# float8	128	2048	370.269 ms	326.238 GFlops
# float8	128	4096	733.888 ms	329.194 GFlops
# float8	128	8192	1463.56 ms	330.143 GFlops
# float8	128	16384	2918.13 ms	331.16 GFlops
# float8	128	32768	5829.89 ms	331.522 GFlops
# float8	256	256	104.181 ms	289.871 GFlops
# float8	256	512	198.604 ms	304.113 GFlops
# float8	256	1024	380.281 ms	317.65 GFlops
# float8	256	2048	741.167 ms	325.962 GFlops
# float8	256	4096	1473.14 ms	327.995 GFlops
# float8	256	8192	2926.83 ms	330.175 GFlops
# float8	256	16384	5839.26 ms	330.99 GFlops
# float8	256	32768	11659.5 ms	331.529 GFlops
# float8	512	256	217.377 ms	277.849 GFlops
# float8	512	512	397.057 ms	304.229 GFlops
# float8	512	1024	753.991 ms	320.418 GFlops
# float8	512	2048	1483.59 ms	325.686 GFlops
# float8	512	4096	2944.27 ms	328.22 GFlops
# float8	512	8192	5856.21 ms	330.032 GFlops
# float8	512	16384	11672.7 ms	331.155 GFlops
# float8	512	32768	23316.8 ms	331.56 GFlops
# float8	1024	256	436.34 ms	276.839 GFlops
# float8	1024	512	788.075 ms	306.559 GFlops
# float8	1024	1024	1524.93 ms	316.855 GFlops
# float8	1024	2048	2978.15 ms	324.486 GFlops
# float8	1024	4096	5873 ms	329.088 GFlops
# float8	1024	8192	11709.4 ms	330.117 GFlops
# float8	1024	16384	23345.3 ms	331.156 GFlops
# float8	1024	32768	46637.5 ms	331.534 GFlops

summary: float8	23316.8 ms	331.56 GFlops	512	32768
--------------------------------------------
# float16	128	256	56.9018 ms	530.721 GFlops
# float16	128	512	106.544 ms	566.883 GFlops
# float16	128	1024	201.874 ms	598.374 GFlops
# float16	128	2048	398.731 ms	605.902 GFlops
# float16	128	4096	788.342 ms	612.911 GFlops
# float16	128	8192	1570.16 ms	615.459 GFlops
# float16	128	16384	3132.04 ms	617.086 GFlops
# float16	128	32768	6255.75 ms	617.907 GFlops
# float16	256	256	111.585 ms	541.275 GFlops
# float16	256	512	210.113 ms	574.91 GFlops
# float16	256	1024	404.879 ms	596.702 GFlops
# float16	256	2048	794.942 ms	607.822 GFlops
# float16	256	4096	1580.77 ms	611.329 GFlops
# float16	256	8192	3142.33 ms	615.064 GFlops
# float16	256	16384	6266.93 ms	616.805 GFlops
# float16	256	32768	12512.4 ms	617.862 GFlops
# float16	512	256	219.583 ms	550.114 GFlops
# float16	512	512	420.385 ms	574.692 GFlops
# float16	512	1024	807.603 ms	598.294 GFlops
# float16	512	2048	1588.39 ms	608.394 GFlops
# float16	512	4096	3159.58 ms	611.706 GFlops
# float16	512	8192	6279.37 ms	615.583 GFlops
# float16	512	16384	12538.5 ms	616.575 GFlops
# float16	512	32768	25027.3 ms	617.801 GFlops
# float16	1024	256	443.839 ms	544.323 GFlops
# float16	1024	512	841.931 ms	573.899 GFlops
# float16	1024	1024	1618.73 ms	596.993 GFlops
# float16	1024	2048	3179.61 ms	607.852 GFlops
# float16	1024	4096	6308.33 ms	612.757 GFlops
# float16	1024	8192	12546.5 ms	616.182 GFlops
# float16	1024	16384	25064.7 ms	616.878 GFlops
# float16	1024	32768	50055.6 ms	617.789 GFlops

summary: float16	6255.75 ms	617.907 GFlops	128	32768
--------------------------------------------

----------- Aggregated at block & grid size ------------
# 128	256	float1	6.76691 ms	278.921 GFlops
# 128	256	float2	7.18608 ms	525.304 GFlops
# 128	256	float4	54.2029 ms	139.287 GFlops
# 128	256	float8	53.5314 ms	282.068 GFlops
# 128	256	float16	56.9018 ms	530.721 GFlops

summary: 128	256	56.9018 ms	530.721 GFlops	float16
--------------------------------------------
# 128	512	float1	12.6867 ms	297.546 GFlops
# 128	512	float2	13.2296 ms	570.672 GFlops
# 128	512	float4	97.8262 ms	154.35 GFlops
# 128	512	float8	99.6753 ms	302.974 GFlops
# 128	512	float16	106.544 ms	566.883 GFlops

summary: 128	512	13.2296 ms	570.672 GFlops	float2
--------------------------------------------
# 128	1024	float1	24.3295 ms	310.313 GFlops
# 128	1024	float2	26.1442 ms	577.547 GFlops
# 128	1024	float4	189.307 ms	159.524 GFlops
# 128	1024	float8	189.803 ms	318.215 GFlops
# 128	1024	float16	201.874 ms	598.374 GFlops

summary: 128	1024	201.874 ms	598.374 GFlops	float16
--------------------------------------------
# 128	2048	float1	47.7131 ms	316.464 GFlops
# 128	2048	float2	50.069 ms	603.147 GFlops
# 128	2048	float4	371.416 ms	162.615 GFlops
# 128	2048	float8	370.269 ms	326.238 GFlops
# 128	2048	float16	398.731 ms	605.902 GFlops

summary: 128	2048	398.731 ms	605.902 GFlops	float16
--------------------------------------------
# 128	4096	float1	92.2977 ms	327.191 GFlops
# 128	4096	float2	98.7325 ms	611.733 GFlops
# 128	4096	float4	736.521 ms	164.009 GFlops
# 128	4096	float8	733.888 ms	329.194 GFlops
# 128	4096	float16	788.342 ms	612.911 GFlops

summary: 128	4096	788.342 ms	612.911 GFlops	float16
--------------------------------------------
# 128	8192	float1	183.427 ms	329.276 GFlops
# 128	8192	float2	196.201 ms	615.673 GFlops
# 128	8192	float4	1462.81 ms	165.156 GFlops
# 128	8192	float8	1463.56 ms	330.143 GFlops
# 128	8192	float16	1570.16 ms	615.459 GFlops

summary: 128	8192	196.201 ms	615.673 GFlops	float2
--------------------------------------------
# 128	16384	float1	364.943 ms	330.999 GFlops
# 128	16384	float2	391.462 ms	617.153 GFlops
# 128	16384	float4	2917.74 ms	165.602 GFlops
# 128	16384	float8	2918.13 ms	331.16 GFlops
# 128	16384	float16	3132.04 ms	617.086 GFlops

summary: 128	16384	391.462 ms	617.153 GFlops	float2
--------------------------------------------
# 128	32768	float1	728.791 ms	331.497 GFlops
# 128	32768	float2	782.017 ms	617.869 GFlops
# 128	32768	float4	5828.72 ms	165.794 GFlops
# 128	32768	float8	5829.89 ms	331.522 GFlops
# 128	32768	float16	6255.75 ms	617.907 GFlops

summary: 128	32768	6255.75 ms	617.907 GFlops	float16
--------------------------------------------
# 256	256	float1	13.4825 ms	279.983 GFlops
# 256	256	float2	14.9429 ms	505.241 GFlops
# 256	256	float4	104.37 ms	144.673 GFlops
# 256	256	float8	104.181 ms	289.871 GFlops
# 256	256	float16	111.585 ms	541.275 GFlops

summary: 256	256	111.585 ms	541.275 GFlops	float16
--------------------------------------------
# 256	512	float1	24.7372 ms	305.198 GFlops
# 256	512	float2	26.8495 ms	562.376 GFlops
# 256	512	float4	196.007 ms	154.071 GFlops
# 256	512	float8	198.604 ms	304.113 GFlops
# 256	512	float16	210.113 ms	574.91 GFlops

summary: 256	512	210.113 ms	574.91 GFlops	float16
--------------------------------------------
# 256	1024	float1	47.606 ms	317.176 GFlops
# 256	1024	float2	51.5177 ms	586.187 GFlops
# 256	1024	float4	380.225 ms	158.848 GFlops
# 256	1024	float8	380.281 ms	317.65 GFlops
# 256	1024	float16	404.879 ms	596.702 GFlops

summary: 256	1024	404.879 ms	596.702 GFlops	float16
--------------------------------------------
# 256	2048	float1	93.6089 ms	322.608 GFlops
# 256	2048	float2	101.866 ms	592.917 GFlops
# 256	2048	float4	740.324 ms	163.166 GFlops
# 256	2048	float8	741.167 ms	325.962 GFlops
# 256	2048	float16	794.942 ms	607.822 GFlops

summary: 256	2048	794.942 ms	607.822 GFlops	float16
--------------------------------------------
# 256	4096	float1	184.104 ms	328.065 GFlops
# 256	4096	float2	197.081 ms	612.927 GFlops
# 256	4096	float4	1470.2 ms	164.326 GFlops
# 256	4096	float8	1473.14 ms	327.995 GFlops
# 256	4096	float16	1580.77 ms	611.329 GFlops

summary: 256	4096	197.081 ms	612.927 GFlops	float2
--------------------------------------------
# 256	8192	float1	365.913 ms	330.122 GFlops
# 256	8192	float2	392.637 ms	615.305 GFlops
# 256	8192	float4	2925.22 ms	165.178 GFlops
# 256	8192	float8	2926.83 ms	330.175 GFlops
# 256	8192	float16	3142.33 ms	615.064 GFlops

summary: 256	8192	392.637 ms	615.305 GFlops	float2
--------------------------------------------
# 256	16384	float1	729.743 ms	331.064 GFlops
# 256	16384	float2	783.377 ms	616.796 GFlops
# 256	16384	float4	5835.41 ms	165.604 GFlops
# 256	16384	float8	5839.26 ms	330.99 GFlops
# 256	16384	float16	6266.93 ms	616.805 GFlops

summary: 256	16384	6266.93 ms	616.805 GFlops	float16
--------------------------------------------
# 256	32768	float1	1457.59 ms	331.496 GFlops
# 256	32768	float2	1564.06 ms	617.859 GFlops
# 256	32768	float4	11654.7 ms	165.833 GFlops
# 256	32768	float8	11659.5 ms	331.529 GFlops
# 256	32768	float16	12512.4 ms	617.862 GFlops

summary: 256	32768	12512.4 ms	617.862 GFlops	float16
--------------------------------------------
# 512	256	float1	27.1142 ms	278.443 GFlops
# 512	256	float2	29.4391 ms	512.906 GFlops
# 512	256	float4	218.465 ms	138.232 GFlops
# 512	256	float8	217.377 ms	277.849 GFlops
# 512	256	float16	219.583 ms	550.114 GFlops

summary: 512	256	219.583 ms	550.114 GFlops	float16
--------------------------------------------
# 512	512	float1	49.7847 ms	303.296 GFlops
# 512	512	float2	52.8568 ms	571.336 GFlops
# 512	512	float4	397.597 ms	151.907 GFlops
# 512	512	float8	397.057 ms	304.229 GFlops
# 512	512	float16	420.385 ms	574.692 GFlops

summary: 512	512	420.385 ms	574.692 GFlops	float16
--------------------------------------------
# 512	1024	float1	95.5102 ms	316.186 GFlops
# 512	1024	float2	102.199 ms	590.981 GFlops
# 512	1024	float4	759.039 ms	159.143 GFlops
# 512	1024	float8	753.991 ms	320.418 GFlops
# 512	1024	float16	807.603 ms	598.294 GFlops

summary: 512	1024	807.603 ms	598.294 GFlops	float16
--------------------------------------------
# 512	2048	float1	184.712 ms	326.985 GFlops
# 512	2048	float2	198.607 ms	608.217 GFlops
# 512	2048	float4	1485.63 ms	162.619 GFlops
# 512	2048	float8	1483.59 ms	325.686 GFlops
# 512	2048	float16	1588.39 ms	608.394 GFlops

summary: 512	2048	1588.39 ms	608.394 GFlops	float16
--------------------------------------------
# 512	4096	float1	368.903 ms	327.446 GFlops
# 512	4096	float2	393.99 ms	613.192 GFlops
# 512	4096	float4	2944.66 ms	164.088 GFlops
# 512	4096	float8	2944.27 ms	328.22 GFlops
# 512	4096	float16	3159.58 ms	611.706 GFlops

summary: 512	4096	393.99 ms	613.192 GFlops	float2
--------------------------------------------
# 512	8192	float1	731.425 ms	330.303 GFlops
# 512	8192	float2	784.845 ms	615.642 GFlops
# 512	8192	float4	5850.97 ms	165.164 GFlops
# 512	8192	float8	5856.21 ms	330.032 GFlops
# 512	8192	float16	6279.37 ms	615.583 GFlops

summary: 512	8192	784.845 ms	615.642 GFlops	float2
--------------------------------------------
# 512	16384	float1	1459.04 ms	331.165 GFlops
# 512	16384	float2	1565.87 ms	617.144 GFlops
# 512	16384	float4	11668.4 ms	165.639 GFlops
# 512	16384	float8	11672.7 ms	331.155 GFlops
# 512	16384	float16	12538.5 ms	616.575 GFlops

summary: 512	16384	1565.87 ms	617.144 GFlops	float2
--------------------------------------------
# 512	32768	float1	2914.7 ms	331.55 GFlops
# 512	32768	float2	3127.67 ms	617.948 GFlops
# 512	32768	float4	23308.9 ms	165.837 GFlops
# 512	32768	float8	23316.8 ms	331.56 GFlops
# 512	32768	float16	25027.3 ms	617.801 GFlops

summary: 512	32768	3127.67 ms	617.948 GFlops	float2
--------------------------------------------
# 1024	256	float1	55.8439 ms	270.388 GFlops
# 1024	256	float2	56.9221 ms	530.532 GFlops
# 1024	256	float4	428.396 ms	140.986 GFlops
# 1024	256	float8	436.34 ms	276.839 GFlops
# 1024	256	float16	443.839 ms	544.323 GFlops

summary: 1024	256	443.839 ms	544.323 GFlops	float16
--------------------------------------------
# 1024	512	float1	99.8312 ms	302.501 GFlops
# 1024	512	float2	107.027 ms	564.327 GFlops
# 1024	512	float4	794.516 ms	152.037 GFlops
# 1024	512	float8	788.075 ms	306.559 GFlops
# 1024	512	float16	841.931 ms	573.899 GFlops

summary: 1024	512	841.931 ms	573.899 GFlops	float16
--------------------------------------------
# 1024	1024	float1	188.193 ms	320.936 GFlops
# 1024	1024	float2	203.167 ms	594.564 GFlops
# 1024	1024	float4	1528.3 ms	158.079 GFlops
# 1024	1024	float8	1524.93 ms	316.855 GFlops
# 1024	1024	float16	1618.73 ms	596.993 GFlops

summary: 1024	1024	1618.73 ms	596.993 GFlops	float16
--------------------------------------------
# 1024	2048	float1	370.918 ms	325.668 GFlops
# 1024	2048	float2	398.095 ms	606.87 GFlops
# 1024	2048	float4	2970.56 ms	162.658 GFlops
# 1024	2048	float8	2978.15 ms	324.486 GFlops
# 1024	2048	float16	3179.61 ms	607.852 GFlops

summary: 1024	2048	3179.61 ms	607.852 GFlops	float16
--------------------------------------------
# 1024	4096	float1	737.03 ms	327.791 GFlops
# 1024	4096	float2	787.524 ms	613.548 GFlops
# 1024	4096	float4	5884.79 ms	164.215 GFlops
# 1024	4096	float8	5873 ms	329.088 GFlops
# 1024	4096	float16	6308.33 ms	612.757 GFlops

summary: 1024	4096	787.524 ms	613.548 GFlops	float2
--------------------------------------------
# 1024	8192	float1	1464.04 ms	330.034 GFlops
# 1024	8192	float2	1571.4 ms	614.971 GFlops
# 1024	8192	float4	11704 ms	165.134 GFlops
# 1024	8192	float8	11709.4 ms	330.117 GFlops
# 1024	8192	float16	12546.5 ms	616.182 GFlops

summary: 1024	8192	12546.5 ms	616.182 GFlops	float16
--------------------------------------------
# 1024	16384	float1	2917.88 ms	331.189 GFlops
# 1024	16384	float2	3133.21 ms	616.854 GFlops
# 1024	16384	float4	23337.5 ms	165.634 GFlops
# 1024	16384	float8	23345.3 ms	331.156 GFlops
# 1024	16384	float16	25064.7 ms	616.878 GFlops

summary: 1024	16384	25064.7 ms	616.878 GFlops	float16
--------------------------------------------
# 1024	32768	float1	5828.72 ms	331.588 GFlops
# 1024	32768	float2	6254.53 ms	618.027 GFlops
# 1024	32768	float4	46611.6 ms	165.859 GFlops
# 1024	32768	float8	46637.5 ms	331.534 GFlops
# 1024	32768	float16	50055.6 ms	617.789 GFlops

summary: 1024	32768	6254.53 ms	618.027 GFlops	float2
--------------------------------------------
Data type: double
Time for VPU: 6254.53 ms.	BlockSize: 1024	GridSize: 32768	VecSize: 2	Bandwidth: 618.027GFLOPS
