
Starting to launch opencl_compare...
Fast run...
Data size: 1024000000

Detection mode: All
------ Start hardware checking ------
Platform: Intel(R) OpenCL
Number of devices: 2
	Computing device 0 : Intel(R) Xeon(R) CPU E5-2650 v3 @ 2.30GHz
	Computing device 1 : Intel(R) Many Integrated Core Acceleration Card
Please enter the index of the device to use (0,1,2...) : Selected device: Intel(R) Many Integrated Core Acceleration Card
------ End of hardware checking ------

---------- Scatter test ---------
Data size: 1000000	Similarity: 0
---------- Warm up over, begin test ---------
Data size: 1000000	Similarity: 0
Data size: 2000000	Similarity: 0
Data size: 4000000	Similarity: 0
Data size: 8000000	Similarity: 0
Data size: 16000000	Similarity: 0
Data size: 32000000	Similarity: 0
Data size: 64000000	Similarity: 0
Data size: 100000000	Similarity: 0
Data size: 200000000	Similarity: 0
Data size: 300000000	Similarity: 0
Data size: 400000000	Similarity: 0
Data size: 500000000	Similarity: 0
Data size: 600000000	Similarity: 0
Data size: 700000000	Similarity: 0
Data size: 800000000	Similarity: 0
Data size: 900000000	Similarity: 0
Data size: 1000000000	Similarity: 0
------------------------------
Scatter stat:
Current # of pass:1
Data size: 1000000	time per tuple: 1.75756 ns.
Data size: 2000000	time per tuple: 1.28901 ns.
Data size: 4000000	time per tuple: 1.32258 ns.
Data size: 8000000	time per tuple: 1.81777 ns.
Data size: 16000000	time per tuple: 1.69019 ns.
Data size: 32000000	time per tuple: 1.87885 ns.
Data size: 64000000	time per tuple: 2.03244 ns.
Data size: 100000000	time per tuple: 2.07381 ns.
Data size: 200000000	time per tuple: 2.12388 ns.
Data size: 300000000	time per tuple: 2.14317 ns.
Data size: 400000000	time per tuple: 2.14277 ns.
Data size: 500000000	time per tuple: 2.14694 ns.
Data size: 600000000	time per tuple: 2.15111 ns.
Data size: 700000000	time per tuple: 2.15192 ns.
Data size: 800000000	time per tuple: 2.14833 ns.
Data size: 900000000	time per tuple: 2.14732 ns.
Data size: 1000000000	time per tuple: 2.14692 ns.
Current # of pass:2
Data size: 1000000	time per tuple: 2.69651 ns.
Data size: 2000000	time per tuple: 1.36921 ns.
Data size: 4000000	time per tuple: 1.40248 ns.
Data size: 8000000	time per tuple: 1.88662 ns.
Data size: 16000000	time per tuple: 1.81505 ns.
Data size: 32000000	time per tuple: 1.95626 ns.
Data size: 64000000	time per tuple: 2.05276 ns.
Data size: 100000000	time per tuple: 2.13945 ns.
Data size: 200000000	time per tuple: 2.22741 ns.
Data size: 300000000	time per tuple: 2.30785 ns.
Data size: 400000000	time per tuple: 2.30658 ns.
Data size: 500000000	time per tuple: 2.33894 ns.
Data size: 600000000	time per tuple: 2.36461 ns.
Data size: 700000000	time per tuple: 2.37848 ns.
Data size: 800000000	time per tuple: 2.36874 ns.
Data size: 900000000	time per tuple: 2.36981 ns.
Data size: 1000000000	time per tuple: 2.37323 ns.
Current # of pass:4
Data size: 1000000	time per tuple: 3.40118 ns.
Data size: 2000000	time per tuple: 1.52623 ns.
Data size: 4000000	time per tuple: 2.06788 ns.
Data size: 8000000	time per tuple: 1.98651 ns.
Data size: 16000000	time per tuple: 1.91339 ns.
Data size: 32000000	time per tuple: 2.05111 ns.
Data size: 64000000	time per tuple: 2.11352 ns.
Data size: 100000000	time per tuple: 2.19874 ns.
Data size: 200000000	time per tuple: 2.29799 ns.
Data size: 300000000	time per tuple: 2.35983 ns.
Data size: 400000000	time per tuple: 2.37891 ns.
Data size: 500000000	time per tuple: 2.43968 ns.
Data size: 600000000	time per tuple: 2.54332 ns.
Data size: 700000000	time per tuple: 2.64695 ns.
Data size: 800000000	time per tuple: 2.71807 ns.
Data size: 900000000	time per tuple: 2.73547 ns.
Data size: 1000000000	time per tuple: 2.76049 ns.
Current # of pass:8
Data size: 1000000	time per tuple: 2.5012 ns.
Data size: 2000000	time per tuple: 1.86944 ns.
Data size: 4000000	time per tuple: 2.44588 ns.
Data size: 8000000	time per tuple: 2.10722 ns.
Data size: 16000000	time per tuple: 2.08624 ns.
Data size: 32000000	time per tuple: 2.18367 ns.
Data size: 64000000	time per tuple: 2.24209 ns.
Data size: 100000000	time per tuple: 2.32454 ns.
Data size: 200000000	time per tuple: 2.43999 ns.
Data size: 300000000	time per tuple: 2.50624 ns.
Data size: 400000000	time per tuple: 2.51345 ns.
Data size: 500000000	time per tuple: 2.56923 ns.
Data size: 600000000	time per tuple: 2.65311 ns.
Data size: 700000000	time per tuple: 2.76993 ns.
Data size: 800000000	time per tuple: 2.84147 ns.
Data size: 900000000	time per tuple: 2.90142 ns.
Data size: 1000000000	time per tuple: 2.97229 ns.
Current # of pass:16
Data size: 1000000	time per tuple: 3.34088 ns.
Data size: 2000000	time per tuple: 2.54664 ns.
Data size: 4000000	time per tuple: 3.05464 ns.
Data size: 8000000	time per tuple: 2.51108 ns.
Data size: 16000000	time per tuple: 2.51125 ns.
Data size: 32000000	time per tuple: 2.57576 ns.
Data size: 64000000	time per tuple: 2.60479 ns.
Data size: 100000000	time per tuple: 2.72659 ns.
Data size: 200000000	time per tuple: 2.83004 ns.
Data size: 300000000	time per tuple: 2.89351 ns.
Data size: 400000000	time per tuple: 2.88878 ns.
Data size: 500000000	time per tuple: 2.94021 ns.
Data size: 600000000	time per tuple: 3.01197 ns.
Data size: 700000000	time per tuple: 3.11963 ns.
Data size: 800000000	time per tuple: 3.19075 ns.
Data size: 900000000	time per tuple: 3.2594 ns.
Data size: 1000000000	time per tuple: 3.34703 ns.
Current # of pass:32
Data size: 1000000	time per tuple: 4.88587 ns.
Data size: 2000000	time per tuple: 3.75874 ns.
Data size: 4000000	time per tuple: 4.17764 ns.
Data size: 8000000	time per tuple: 3.37584 ns.
Data size: 16000000	time per tuple: 3.30128 ns.
Data size: 32000000	time per tuple: 3.3343 ns.
Data size: 64000000	time per tuple: 3.3082 ns.
Data size: 100000000	time per tuple: 3.44687 ns.
Data size: 200000000	time per tuple: 3.62603 ns.
Data size: 300000000	time per tuple: 3.67643 ns.
Data size: 400000000	time per tuple: 3.63486 ns.
Data size: 500000000	time per tuple: 3.68096 ns.
Data size: 600000000	time per tuple: 3.74541 ns.
Data size: 700000000	time per tuple: 3.84267 ns.
Data size: 800000000	time per tuple: 3.89948 ns.
Data size: 900000000	time per tuple: 3.94678 ns.
Data size: 1000000000	time per tuple: 4.04241 ns.
Current # of pass:64
Data size: 1000000	time per tuple: 7.87175 ns.
Data size: 2000000	time per tuple: 6.06535 ns.
Data size: 4000000	time per tuple: 5.56736 ns.
Data size: 8000000	time per tuple: 5.03052 ns.
Data size: 16000000	time per tuple: 4.81815 ns.
Data size: 32000000	time per tuple: 4.78796 ns.
Data size: 64000000	time per tuple: 4.6727 ns.
Data size: 100000000	time per tuple: 4.81268 ns.
Data size: 200000000	time per tuple: 5.12346 ns.
Data size: 300000000	time per tuple: 5.21632 ns.
Data size: 400000000	time per tuple: 5.14891 ns.
Data size: 500000000	time per tuple: 5.1835 ns.
Data size: 600000000	time per tuple: 5.22709 ns.
Data size: 700000000	time per tuple: 5.30713 ns.
Data size: 800000000	time per tuple: 5.34447 ns.
Data size: 900000000	time per tuple: 5.36241 ns.
Data size: 1000000000	time per tuple: 5.45614 ns.

For python:
scatter_1 = [1.75756,1.28901,1.32258,1.81777,1.69019,1.87885,2.03244,2.07381,2.12388,2.14317,2.14277,2.14694,2.15111,2.15192,2.14833,2.14732,2.14692]
scatter_2 = [2.69651,1.36921,1.40248,1.88662,1.81505,1.95626,2.05276,2.13945,2.22741,2.30785,2.30658,2.33894,2.36461,2.37848,2.36874,2.36981,2.37323]
scatter_4 = [3.40118,1.52623,2.06788,1.98651,1.91339,2.05111,2.11352,2.19874,2.29799,2.35983,2.37891,2.43968,2.54332,2.64695,2.71807,2.73547,2.76049]
scatter_8 = [2.5012,1.86944,2.44588,2.10722,2.08624,2.18367,2.24209,2.32454,2.43999,2.50624,2.51345,2.56923,2.65311,2.76993,2.84147,2.90142,2.97229]
scatter_16 = [3.34088,2.54664,3.05464,2.51108,2.51125,2.57576,2.60479,2.72659,2.83004,2.89351,2.88878,2.94021,3.01197,3.11963,3.19075,3.2594,3.34703]
scatter_32 = [4.88587,3.75874,4.17764,3.37584,3.30128,3.3343,3.3082,3.44687,3.62603,3.67643,3.63486,3.68096,3.74541,3.84267,3.89948,3.94678,4.04241]
scatter_64 = [7.87175,6.06535,5.56736,5.03052,4.81815,4.78796,4.6727,4.81268,5.12346,5.21632,5.14891,5.1835,5.22709,5.30713,5.34447,5.36241,5.45614]
For excel:
Current # of pass:1
1.75756
1.28901
1.32258
1.81777
1.69019
1.87885
2.03244
2.07381
2.12388
2.14317
2.14277
2.14694
2.15111
2.15192
2.14833
2.14732
2.14692

Current # of pass:2
2.69651
1.36921
1.40248
1.88662
1.81505
1.95626
2.05276
2.13945
2.22741
2.30785
2.30658
2.33894
2.36461
2.37848
2.36874
2.36981
2.37323

Current # of pass:4
3.40118
1.52623
2.06788
1.98651
1.91339
2.05111
2.11352
2.19874
2.29799
2.35983
2.37891
2.43968
2.54332
2.64695
2.71807
2.73547
2.76049

Current # of pass:8
2.5012
1.86944
2.44588
2.10722
2.08624
2.18367
2.24209
2.32454
2.43999
2.50624
2.51345
2.56923
2.65311
2.76993
2.84147
2.90142
2.97229

Current # of pass:16
3.34088
2.54664
3.05464
2.51108
2.51125
2.57576
2.60479
2.72659
2.83004
2.89351
2.88878
2.94021
3.01197
3.11963
3.19075
3.2594
3.34703

Current # of pass:32
4.88587
3.75874
4.17764
3.37584
3.30128
3.3343
3.3082
3.44687
3.62603
3.67643
3.63486
3.68096
3.74541
3.84267
3.89948
3.94678
4.04241

Current # of pass:64
7.87175
6.06535
5.56736
5.03052
4.81815
4.78796
4.6727
4.81268
5.12346
5.21632
5.14891
5.1835
5.22709
5.30713
5.34447
5.36241
5.45614

Time for scan: 0 ms.	BlockSize: -1
