
Starting to launch opencl_compare...
Fast run...
Data size: 1024000000

Detection mode: All
------ Start hardware checking ------
Platform: NVIDIA CUDA
Number of devices: 2
	Computing device 0 : Tesla K40m
	Computing device 1 : Tesla K40m
Please enter the index of the device to use (0,1,2...) : Selected device: Tesla K40m
------ End of hardware checking ------

---------- Scatter test ---------
Data size: 1000000	Similarity: 0
---------- Warm up over, begin test ---------
Data size: 1000000	Similarity: 0
Data size: 2000000	Similarity: 0
Data size: 4000000	Similarity: 0
Data size: 8000000	Similarity: 0
Data size: 16000000	Similarity: 0
Data size: 32000000	Similarity: 0
Data size: 64000000	Similarity: 0
Data size: 100000000	Similarity: 0
Data size: 200000000	Similarity: 0
Data size: 300000000	Similarity: 0
Data size: 400000000	Similarity: 0
Data size: 500000000	Similarity: 0
Data size: 600000000	Similarity: 0
Data size: 700000000	Similarity: 0
Data size: 800000000	Similarity: 0
Data size: 900000000	Similarity: 0
Data size: 1000000000	Similarity: 0
------------------------------
Scatter stat:
Current # of pass:1
Data size: 1000000	time per tuple: 0.57285 ns.
Data size: 2000000	time per tuple: 0.60181 ns.
Data size: 4000000	time per tuple: 0.660908 ns.
Data size: 8000000	time per tuple: 0.690004 ns.
Data size: 16000000	time per tuple: 0.705506 ns.
Data size: 32000000	time per tuple: 0.713344 ns.
Data size: 64000000	time per tuple: 0.750907 ns.
Data size: 100000000	time per tuple: 1.03044 ns.
Data size: 200000000	time per tuple: 1.28802 ns.
Data size: 300000000	time per tuple: 1.37463 ns.
Data size: 400000000	time per tuple: 1.42358 ns.
Data size: 500000000	time per tuple: 1.44932 ns.
Data size: 600000000	time per tuple: 2.19993 ns.
Data size: 700000000	time per tuple: 4.09457 ns.
Data size: 800000000	time per tuple: 5.55787 ns.
Data size: 900000000	time per tuple: 6.68667 ns.
Data size: 1000000000	time per tuple: 7.59561 ns.
Current # of pass:2
Data size: 1000000	time per tuple: 0.571356 ns.
Data size: 2000000	time per tuple: 0.599845 ns.
Data size: 4000000	time per tuple: 0.661272 ns.
Data size: 8000000	time per tuple: 0.718027 ns.
Data size: 16000000	time per tuple: 0.743772 ns.
Data size: 32000000	time per tuple: 0.753128 ns.
Data size: 64000000	time per tuple: 0.763366 ns.
Data size: 100000000	time per tuple: 0.771777 ns.
Data size: 200000000	time per tuple: 1.09174 ns.
Data size: 300000000	time per tuple: 1.24551 ns.
Data size: 400000000	time per tuple: 1.32929 ns.
Data size: 500000000	time per tuple: 1.38402 ns.
Data size: 600000000	time per tuple: 1.52861 ns.
Data size: 700000000	time per tuple: 1.97491 ns.
Data size: 800000000	time per tuple: 3.14282 ns.
Data size: 900000000	time per tuple: 4.21825 ns.
Data size: 1000000000	time per tuple: 4.65385 ns.
Current # of pass:4
Data size: 1000000	time per tuple: 0.581547 ns.
Data size: 2000000	time per tuple: 0.59661 ns.
Data size: 4000000	time per tuple: 0.659601 ns.
Data size: 8000000	time per tuple: 0.761958 ns.
Data size: 16000000	time per tuple: 0.814778 ns.
Data size: 32000000	time per tuple: 0.827684 ns.
Data size: 64000000	time per tuple: 0.844441 ns.
Data size: 100000000	time per tuple: 0.847667 ns.
Data size: 200000000	time per tuple: 0.884497 ns.
Data size: 300000000	time per tuple: 1.06314 ns.
Data size: 400000000	time per tuple: 1.20153 ns.
Data size: 500000000	time per tuple: 1.26471 ns.
Data size: 600000000	time per tuple: 1.47429 ns.
Data size: 700000000	time per tuple: 1.88325 ns.
Data size: 800000000	time per tuple: 2.32522 ns.
Data size: 900000000	time per tuple: 3.11378 ns.
Data size: 1000000000	time per tuple: 3.4167 ns.
Current # of pass:8
Data size: 1000000	time per tuple: 0.603996 ns.
Data size: 2000000	time per tuple: 0.598796 ns.
Data size: 4000000	time per tuple: 0.653111 ns.
Data size: 8000000	time per tuple: 0.797254 ns.
Data size: 16000000	time per tuple: 0.926231 ns.
Data size: 32000000	time per tuple: 0.956698 ns.
Data size: 64000000	time per tuple: 0.988282 ns.
Data size: 100000000	time per tuple: 0.997462 ns.
Data size: 200000000	time per tuple: 1.01026 ns.
Data size: 300000000	time per tuple: 1.05013 ns.
Data size: 400000000	time per tuple: 1.10632 ns.
Data size: 500000000	time per tuple: 1.16201 ns.
Data size: 600000000	time per tuple: 1.23123 ns.
Data size: 700000000	time per tuple: 1.54873 ns.
Data size: 800000000	time per tuple: 2.28016 ns.
Data size: 900000000	time per tuple: 2.54549 ns.
Data size: 1000000000	time per tuple: 2.83756 ns.
Current # of pass:16
Data size: 1000000	time per tuple: 0.798208 ns.
Data size: 2000000	time per tuple: 0.615056 ns.
Data size: 4000000	time per tuple: 0.679172 ns.
Data size: 8000000	time per tuple: 0.839664 ns.
Data size: 16000000	time per tuple: 1.08611 ns.
Data size: 32000000	time per tuple: 1.17208 ns.
Data size: 64000000	time per tuple: 1.2269 ns.
Data size: 100000000	time per tuple: 1.24873 ns.
Data size: 200000000	time per tuple: 1.26471 ns.
Data size: 300000000	time per tuple: 1.2918 ns.
Data size: 400000000	time per tuple: 1.2918 ns.
Data size: 500000000	time per tuple: 1.30746 ns.
Data size: 600000000	time per tuple: 1.38413 ns.
Data size: 700000000	time per tuple: 1.69041 ns.
Data size: 800000000	time per tuple: 2.43751 ns.
Data size: 900000000	time per tuple: 2.95704 ns.
Data size: 1000000000	time per tuple: 3.33571 ns.
Current # of pass:32
Data size: 1000000	time per tuple: 1.33066 ns.
Data size: 2000000	time per tuple: 0.994818 ns.
Data size: 4000000	time per tuple: 0.862747 ns.
Data size: 8000000	time per tuple: 0.798792 ns.
Data size: 16000000	time per tuple: 1.18974 ns.
Data size: 32000000	time per tuple: 1.66789 ns.
Data size: 64000000	time per tuple: 1.74954 ns.
Data size: 100000000	time per tuple: 1.78446 ns.
Data size: 200000000	time per tuple: 1.81013 ns.
Data size: 300000000	time per tuple: 1.82778 ns.
Data size: 400000000	time per tuple: 1.82173 ns.
Data size: 500000000	time per tuple: 1.82248 ns.
Data size: 600000000	time per tuple: 1.85605 ns.
Data size: 700000000	time per tuple: 1.9748 ns.
Data size: 800000000	time per tuple: 2.21959 ns.
Data size: 900000000	time per tuple: 2.59329 ns.
Data size: 1000000000	time per tuple: 3.01899 ns.
Current # of pass:64
Data size: 1000000	time per tuple: 2.38577 ns.
Data size: 2000000	time per tuple: 1.76156 ns.
Data size: 4000000	time per tuple: 1.48956 ns.
Data size: 8000000	time per tuple: 1.38118 ns.
Data size: 16000000	time per tuple: 1.60429 ns.
Data size: 32000000	time per tuple: 2.49892 ns.
Data size: 64000000	time per tuple: 2.61105 ns.
Data size: 100000000	time per tuple: 2.65629 ns.
Data size: 200000000	time per tuple: 2.69556 ns.
Data size: 300000000	time per tuple: 2.71883 ns.
Data size: 400000000	time per tuple: 2.7082 ns.
Data size: 500000000	time per tuple: 2.71324 ns.
Data size: 600000000	time per tuple: 2.73525 ns.
Data size: 700000000	time per tuple: 2.81728 ns.
Data size: 800000000	time per tuple: 2.87715 ns.
Data size: 900000000	time per tuple: 3.07531 ns.
Data size: 1000000000	time per tuple: 3.21202 ns.

For python:
scatter_1 = [0.57285,0.60181,0.660908,0.690004,0.705506,0.713344,0.750907,1.03044,1.28802,1.37463,1.42358,1.44932,2.19993,4.09457,5.55787,6.68667,7.59561]
scatter_2 = [0.571356,0.599845,0.661272,0.718027,0.743772,0.753128,0.763366,0.771777,1.09174,1.24551,1.32929,1.38402,1.52861,1.97491,3.14282,4.21825,4.65385]
scatter_4 = [0.581547,0.59661,0.659601,0.761958,0.814778,0.827684,0.844441,0.847667,0.884497,1.06314,1.20153,1.26471,1.47429,1.88325,2.32522,3.11378,3.4167]
scatter_8 = [0.603996,0.598796,0.653111,0.797254,0.926231,0.956698,0.988282,0.997462,1.01026,1.05013,1.10632,1.16201,1.23123,1.54873,2.28016,2.54549,2.83756]
scatter_16 = [0.798208,0.615056,0.679172,0.839664,1.08611,1.17208,1.2269,1.24873,1.26471,1.2918,1.2918,1.30746,1.38413,1.69041,2.43751,2.95704,3.33571]
scatter_32 = [1.33066,0.994818,0.862747,0.798792,1.18974,1.66789,1.74954,1.78446,1.81013,1.82778,1.82173,1.82248,1.85605,1.9748,2.21959,2.59329,3.01899]
scatter_64 = [2.38577,1.76156,1.48956,1.38118,1.60429,2.49892,2.61105,2.65629,2.69556,2.71883,2.7082,2.71324,2.73525,2.81728,2.87715,3.07531,3.21202]
For excel:
Current # of pass:1
0.57285
0.60181
0.660908
0.690004
0.705506
0.713344
0.750907
1.03044
1.28802
1.37463
1.42358
1.44932
2.19993
4.09457
5.55787
6.68667
7.59561

Current # of pass:2
0.571356
0.599845
0.661272
0.718027
0.743772
0.753128
0.763366
0.771777
1.09174
1.24551
1.32929
1.38402
1.52861
1.97491
3.14282
4.21825
4.65385

Current # of pass:4
0.581547
0.59661
0.659601
0.761958
0.814778
0.827684
0.844441
0.847667
0.884497
1.06314
1.20153
1.26471
1.47429
1.88325
2.32522
3.11378
3.4167

Current # of pass:8
0.603996
0.598796
0.653111
0.797254
0.926231
0.956698
0.988282
0.997462
1.01026
1.05013
1.10632
1.16201
1.23123
1.54873
2.28016
2.54549
2.83756

Current # of pass:16
0.798208
0.615056
0.679172
0.839664
1.08611
1.17208
1.2269
1.24873
1.26471
1.2918
1.2918
1.30746
1.38413
1.69041
2.43751
2.95704
3.33571

Current # of pass:32
1.33066
0.994818
0.862747
0.798792
1.18974
1.66789
1.74954
1.78446
1.81013
1.82778
1.82173
1.82248
1.85605
1.9748
2.21959
2.59329
3.01899

Current # of pass:64
2.38577
1.76156
1.48956
1.38118
1.60429
2.49892
2.61105
2.65629
2.69556
2.71883
2.7082
2.71324
2.73525
2.81728
2.87715
3.07531
3.21202

Time for scan: 0 ms.	BlockSize: -1
