
Starting to launch opencl_compare...
Fast run...
Data size: 1024000000

Detection mode: All
------ Start hardware checking ------
Platform: Intel(R) OpenCL
Number of devices: 2
	Computing device 0 : Intel(R) Xeon(R) CPU E5-2650 v3 @ 2.30GHz
	Computing device 1 : Intel(R) Many Integrated Core Acceleration Card
Please enter the index of the device to use (0,1,2...) : Selected device: Intel(R) Xeon(R) CPU E5-2650 v3 @ 2.30GHz
------ End of hardware checking ------

---------- Scatter test ---------
Data size: 1000000	Similarity: 0
---------- Warm up over, begin test ---------
Data size: 250000	Similarity: 0
Data size: 500000	Similarity: 0
Data size: 1000000	Similarity: 0
Data size: 2000000	Similarity: 0
Data size: 4000000	Similarity: 0
Data size: 8000000	Similarity: 0
Data size: 16000000	Similarity: 0
Data size: 32000000	Similarity: 0
Data size: 64000000	Similarity: 0
Data size: 100000000	Similarity: 0
Data size: 200000000	Similarity: 0
Data size: 300000000	Similarity: 0
Data size: 400000000	Similarity: 0
Data size: 500000000	Similarity: 0
Data size: 600000000	Similarity: 0
Data size: 700000000	Similarity: 0
Data size: 800000000	Similarity: 0
Data size: 900000000	Similarity: 0
Data size: 1000000000	Similarity: 0
------------------------------
Scatter stat:
Current # of pass:1
Data size: 250000	time per tuple: 6.97772 ns.
Data size: 500000	time per tuple: 4.89323 ns.
Data size: 1000000	time per tuple: 4.39184 ns.
Data size: 2000000	time per tuple: 3.6568 ns.
Data size: 4000000	time per tuple: 2.28525 ns.
Data size: 8000000	time per tuple: 1.22886 ns.
Data size: 16000000	time per tuple: 1.34433 ns.
Data size: 32000000	time per tuple: 1.69355 ns.
Data size: 64000000	time per tuple: 1.83967 ns.
Data size: 100000000	time per tuple: 1.91577 ns.
Data size: 200000000	time per tuple: 1.97976 ns.
Data size: 300000000	time per tuple: 2.00047 ns.
Data size: 400000000	time per tuple: 2.04857 ns.
Data size: 500000000	time per tuple: 2.00316 ns.
Data size: 600000000	time per tuple: 2.13649 ns.
Data size: 700000000	time per tuple: 2.02688 ns.
Data size: 800000000	time per tuple: 2.02765 ns.
Data size: 900000000	time per tuple: 2.02579 ns.
Data size: 1000000000	time per tuple: 2.03702 ns.
Current # of pass:2
Data size: 250000	time per tuple: 7.75585 ns.
Data size: 500000	time per tuple: 5.51642 ns.
Data size: 1000000	time per tuple: 4.42974 ns.
Data size: 2000000	time per tuple: 3.60481 ns.
Data size: 4000000	time per tuple: 2.3214 ns.
Data size: 8000000	time per tuple: 1.22979 ns.
Data size: 16000000	time per tuple: 1.39656 ns.
Data size: 32000000	time per tuple: 1.72328 ns.
Data size: 64000000	time per tuple: 1.84082 ns.
Data size: 100000000	time per tuple: 1.9071 ns.
Data size: 200000000	time per tuple: 1.98084 ns.
Data size: 300000000	time per tuple: 2.009 ns.
Data size: 400000000	time per tuple: 2.06679 ns.
Data size: 500000000	time per tuple: 2.0201 ns.
Data size: 600000000	time per tuple: 2.15237 ns.
Data size: 700000000	time per tuple: 2.04019 ns.
Data size: 800000000	time per tuple: 2.04126 ns.
Data size: 900000000	time per tuple: 2.04106 ns.
Data size: 1000000000	time per tuple: 2.05297 ns.
Current # of pass:4
Data size: 250000	time per tuple: 7.87911 ns.
Data size: 500000	time per tuple: 5.58408 ns.
Data size: 1000000	time per tuple: 4.40701 ns.
Data size: 2000000	time per tuple: 3.66929 ns.
Data size: 4000000	time per tuple: 2.27961 ns.
Data size: 8000000	time per tuple: 1.57493 ns.
Data size: 16000000	time per tuple: 2.19189 ns.
Data size: 32000000	time per tuple: 2.04791 ns.
Data size: 64000000	time per tuple: 1.9219 ns.
Data size: 100000000	time per tuple: 1.90305 ns.
Data size: 200000000	time per tuple: 2.01007 ns.
Data size: 300000000	time per tuple: 2.05421 ns.
Data size: 400000000	time per tuple: 2.10334 ns.
Data size: 500000000	time per tuple: 2.05789 ns.
Data size: 600000000	time per tuple: 2.17472 ns.
Data size: 700000000	time per tuple: 2.08346 ns.
Data size: 800000000	time per tuple: 2.08965 ns.
Data size: 900000000	time per tuple: 2.08077 ns.
Data size: 1000000000	time per tuple: 2.09553 ns.
Current # of pass:8
Data size: 250000	time per tuple: 7.28678 ns.
Data size: 500000	time per tuple: 5.783 ns.
Data size: 1000000	time per tuple: 4.43825 ns.
Data size: 2000000	time per tuple: 3.67758 ns.
Data size: 4000000	time per tuple: 2.50984 ns.
Data size: 8000000	time per tuple: 2.34084 ns.
Data size: 16000000	time per tuple: 3.70861 ns.
Data size: 32000000	time per tuple: 3.41916 ns.
Data size: 64000000	time per tuple: 2.70949 ns.
Data size: 100000000	time per tuple: 1.93571 ns.
Data size: 200000000	time per tuple: 2.05435 ns.
Data size: 300000000	time per tuple: 2.11904 ns.
Data size: 400000000	time per tuple: 2.29982 ns.
Data size: 500000000	time per tuple: 2.13596 ns.
Data size: 600000000	time per tuple: 2.34503 ns.
Data size: 700000000	time per tuple: 2.14778 ns.
Data size: 800000000	time per tuple: 2.1435 ns.
Data size: 900000000	time per tuple: 2.15227 ns.
Data size: 1000000000	time per tuple: 2.14995 ns.
Current # of pass:16
Data size: 250000	time per tuple: 7.80092 ns.
Data size: 500000	time per tuple: 6.42671 ns.
Data size: 1000000	time per tuple: 5.16578 ns.
Data size: 2000000	time per tuple: 4.71532 ns.
Data size: 4000000	time per tuple: 3.76564 ns.
Data size: 8000000	time per tuple: 3.22121 ns.
Data size: 16000000	time per tuple: 5.98804 ns.
Data size: 32000000	time per tuple: 5.4799 ns.
Data size: 64000000	time per tuple: 3.46381 ns.
Data size: 100000000	time per tuple: 2.59034 ns.
Data size: 200000000	time per tuple: 2.60962 ns.
Data size: 300000000	time per tuple: 2.66821 ns.
Data size: 400000000	time per tuple: 2.89407 ns.
Data size: 500000000	time per tuple: 2.71325 ns.
Data size: 600000000	time per tuple: 2.9293 ns.
Data size: 700000000	time per tuple: 2.70551 ns.
Data size: 800000000	time per tuple: 2.69925 ns.
Data size: 900000000	time per tuple: 2.7086 ns.
Data size: 1000000000	time per tuple: 2.70359 ns.
Current # of pass:32
Data size: 250000	time per tuple: 12.2415 ns.
Data size: 500000	time per tuple: 9.82791 ns.
Data size: 1000000	time per tuple: 8.77158 ns.
Data size: 2000000	time per tuple: 8.19353 ns.
Data size: 4000000	time per tuple: 5.74595 ns.
Data size: 8000000	time per tuple: 4.98223 ns.
Data size: 16000000	time per tuple: 9.07989 ns.
Data size: 32000000	time per tuple: 6.90827 ns.
Data size: 64000000	time per tuple: 4.77486 ns.
Data size: 100000000	time per tuple: 4.64225 ns.
Data size: 200000000	time per tuple: 4.59955 ns.
Data size: 300000000	time per tuple: 4.69717 ns.
Data size: 400000000	time per tuple: 4.72938 ns.
Data size: 500000000	time per tuple: 4.69786 ns.
Data size: 600000000	time per tuple: 4.74984 ns.
Data size: 700000000	time per tuple: 4.73063 ns.
Data size: 800000000	time per tuple: 4.7345 ns.
Data size: 900000000	time per tuple: 4.77164 ns.
Data size: 1000000000	time per tuple: 4.76098 ns.
Current # of pass:64
Data size: 250000	time per tuple: 18.3549 ns.
Data size: 500000	time per tuple: 16.2183 ns.
Data size: 1000000	time per tuple: 14.5877 ns.
Data size: 2000000	time per tuple: 13.9699 ns.
Data size: 4000000	time per tuple: 9.80853 ns.
Data size: 8000000	time per tuple: 8.54134 ns.
Data size: 16000000	time per tuple: 11.8431 ns.
Data size: 32000000	time per tuple: 8.0469 ns.
Data size: 64000000	time per tuple: 8.12642 ns.
Data size: 100000000	time per tuple: 8.33644 ns.
Data size: 200000000	time per tuple: 8.42865 ns.
Data size: 300000000	time per tuple: 8.66623 ns.
Data size: 400000000	time per tuple: 8.80529 ns.
Data size: 500000000	time per tuple: 8.89825 ns.
Data size: 600000000	time per tuple: 8.90908 ns.
Data size: 700000000	time per tuple: 8.87967 ns.
Data size: 800000000	time per tuple: 8.91464 ns.
Data size: 900000000	time per tuple: 8.89325 ns.
Data size: 1000000000	time per tuple: 8.90835 ns.

For python:
scatter_1 = [6.97772,4.89323,4.39184,3.6568,2.28525,1.22886,1.34433,1.69355,1.83967,1.91577,1.97976,2.00047,2.04857,2.00316,2.13649,2.02688,2.02765,2.02579,2.03702]
scatter_2 = [7.75585,5.51642,4.42974,3.60481,2.3214,1.22979,1.39656,1.72328,1.84082,1.9071,1.98084,2.009,2.06679,2.0201,2.15237,2.04019,2.04126,2.04106,2.05297]
scatter_4 = [7.87911,5.58408,4.40701,3.66929,2.27961,1.57493,2.19189,2.04791,1.9219,1.90305,2.01007,2.05421,2.10334,2.05789,2.17472,2.08346,2.08965,2.08077,2.09553]
scatter_8 = [7.28678,5.783,4.43825,3.67758,2.50984,2.34084,3.70861,3.41916,2.70949,1.93571,2.05435,2.11904,2.29982,2.13596,2.34503,2.14778,2.1435,2.15227,2.14995]
scatter_16 = [7.80092,6.42671,5.16578,4.71532,3.76564,3.22121,5.98804,5.4799,3.46381,2.59034,2.60962,2.66821,2.89407,2.71325,2.9293,2.70551,2.69925,2.7086,2.70359]
scatter_32 = [12.2415,9.82791,8.77158,8.19353,5.74595,4.98223,9.07989,6.90827,4.77486,4.64225,4.59955,4.69717,4.72938,4.69786,4.74984,4.73063,4.7345,4.77164,4.76098]
scatter_64 = [18.3549,16.2183,14.5877,13.9699,9.80853,8.54134,11.8431,8.0469,8.12642,8.33644,8.42865,8.66623,8.80529,8.89825,8.90908,8.87967,8.91464,8.89325,8.90835]
For excel:
Current # of pass:1
6.97772
4.89323
4.39184
3.6568
2.28525
1.22886
1.34433
1.69355
1.83967
1.91577
1.97976
2.00047
2.04857
2.00316
2.13649
2.02688
2.02765
2.02579
2.03702

Current # of pass:2
7.75585
5.51642
4.42974
3.60481
2.3214
1.22979
1.39656
1.72328
1.84082
1.9071
1.98084
2.009
2.06679
2.0201
2.15237
2.04019
2.04126
2.04106
2.05297

Current # of pass:4
7.87911
5.58408
4.40701
3.66929
2.27961
1.57493
2.19189
2.04791
1.9219
1.90305
2.01007
2.05421
2.10334
2.05789
2.17472
2.08346
2.08965
2.08077
2.09553

Current # of pass:8
7.28678
5.783
4.43825
3.67758
2.50984
2.34084
3.70861
3.41916
2.70949
1.93571
2.05435
2.11904
2.29982
2.13596
2.34503
2.14778
2.1435
2.15227
2.14995

Current # of pass:16
7.80092
6.42671
5.16578
4.71532
3.76564
3.22121
5.98804
5.4799
3.46381
2.59034
2.60962
2.66821
2.89407
2.71325
2.9293
2.70551
2.69925
2.7086
2.70359

Current # of pass:32
12.2415
9.82791
8.77158
8.19353
5.74595
4.98223
9.07989
6.90827
4.77486
4.64225
4.59955
4.69717
4.72938
4.69786
4.74984
4.73063
4.7345
4.77164
4.76098

Current # of pass:64
18.3549
16.2183
14.5877
13.9699
9.80853
8.54134
11.8431
8.0469
8.12642
8.33644
8.42865
8.66623
8.80529
8.89825
8.90908
8.87967
8.91464
8.89325
8.90835

Time for scan: 0 ms.	BlockSize: -1
