
Starting to launch opencl_compare...
Fast run...
Data size: 33554432

Detection mode: All
------ Start hardware checking ------
Platform: NVIDIA CUDA
Number of devices: 2
	Computing device 0 : Tesla K40m
	Computing device 1 : Tesla K40m
Please enter the index of the device to use (0,1,2...) : Selected device: Tesla K40m
------ End of hardware checking ------

----- Vector Instruction Throughput Test -----
Max data size: 33554432
Data type: double
blockSize=128	gridSize=256	double1	1.62392 ms	1162.27 GFlops	done!
blockSize=128	gridSize=256	double2	3.02889 ms	1246.29 GFlops	done!
blockSize=128	gridSize=256	double4	7.10238 ms	1062.99 GFlops	done!
blockSize=128	gridSize=256	double8	12.8395 ms	1176.02 GFlops	done!
blockSize=128	gridSize=256	double16	25.115 ms	1202.43 GFlops	done!
blockSize=128	gridSize=512	double1	2.94224 ms	1282.99 GFlops	done!
blockSize=128	gridSize=512	double2	5.84121 ms	1292.5 GFlops	done!
blockSize=128	gridSize=512	double4	12.8227 ms	1177.56 GFlops	done!
blockSize=128	gridSize=512	double8	24.1982 ms	1247.98 GFlops	done!
blockSize=128	gridSize=512	double16	50.2022 ms	1203.1 GFlops	done!
blockSize=128	gridSize=1024	double1	5.71925 ms	1320.06 GFlops	done!
blockSize=128	gridSize=1024	double2	11.1371 ms	1355.78 GFlops	done!
blockSize=128	gridSize=1024	double4	23.6421 ms	1277.34 GFlops	done!
blockSize=128	gridSize=1024	double8	46.6347 ms	1295.13 GFlops	done!
blockSize=128	gridSize=1024	double16	90.6977 ms	1331.85 GFlops	done!
blockSize=128	gridSize=2048	double1	11.0689 ms	1364.14 GFlops	done!
blockSize=128	gridSize=2048	double2	21.8638 ms	1381.23 GFlops	done!
blockSize=128	gridSize=2048	double4	44.2374 ms	1365.31 GFlops	done!
blockSize=128	gridSize=2048	double8	89.1166 ms	1355.48 GFlops	done!
blockSize=128	gridSize=2048	double16	180.901 ms	1335.49 GFlops	done!
blockSize=128	gridSize=4096	double1	21.8432 ms	1382.53 GFlops	done!
blockSize=128	gridSize=4096	double2	43.1597 ms	1399.41 GFlops	done!
blockSize=128	gridSize=4096	double4	85.9753 ms	1405.01 GFlops	done!
blockSize=128	gridSize=4096	double8	171.615 ms	1407.75 GFlops	done!
blockSize=128	gridSize=4096	double16	358.522 ms	1347.71 GFlops	done!
blockSize=128	gridSize=8192	double1	43.289 ms	1395.23 GFlops	done!
blockSize=128	gridSize=8192	double2	85.909 ms	1406.09 GFlops	done!
blockSize=128	gridSize=8192	double4	171.627 ms	1407.65 GFlops	done!
blockSize=128	gridSize=8192	double8	343.136 ms	1408.14 GFlops	done!
blockSize=128	gridSize=8192	double16	711.543 ms	1358.13 GFlops	done!
blockSize=128	gridSize=16384	double1	86.2849 ms	1399.97 GFlops	done!
blockSize=128	gridSize=16384	double2	171.57 ms	1408.12 GFlops	done!
blockSize=128	gridSize=16384	double4	342.475 ms	1410.86 GFlops	done!
blockSize=128	gridSize=16384	double8	684.36 ms	1412.07 GFlops	done!
blockSize=128	gridSize=16384	double16	1419.78 ms	1361.3 GFlops	done!
blockSize=128	gridSize=32768	double1	172.223 ms	1402.79 GFlops	done!
blockSize=128	gridSize=32768	double2	342.653 ms	1410.13 GFlops	done!
blockSize=128	gridSize=32768	double4	684.131 ms	1412.55 GFlops	done!
blockSize=128	gridSize=32768	double8	1367.65 ms	1413.18 GFlops	done!
blockSize=128	gridSize=32768	double16	2837.37 ms	1362.34 GFlops	done!
blockSize=256	gridSize=256	double1	3.05617 ms	1235.16 GFlops	done!
blockSize=256	gridSize=256	double2	6.60032 ms	1143.85 GFlops	done!
blockSize=256	gridSize=256	double4	13.16 ms	1147.38 GFlops	done!
blockSize=256	gridSize=256	double8	25.0496 ms	1205.57 GFlops	done!
blockSize=256	gridSize=256	double16	49.5716 ms	1218.4 GFlops	done!
blockSize=256	gridSize=512	double1	5.66861 ms	1331.85 GFlops	done!
blockSize=256	gridSize=512	double2	11.88 ms	1271.01 GFlops	done!
blockSize=256	gridSize=512	double4	23.77 ms	1270.47 GFlops	done!
blockSize=256	gridSize=512	double8	47.3577 ms	1275.36 GFlops	done!
blockSize=256	gridSize=512	double16	87.739 ms	1376.77 GFlops	done!
blockSize=256	gridSize=1024	double1	10.9942 ms	1373.4 GFlops	done!
blockSize=256	gridSize=1024	double2	22.2332 ms	1358.29 GFlops	done!
blockSize=256	gridSize=1024	double4	44.6414 ms	1352.96 GFlops	done!
blockSize=256	gridSize=1024	double8	89.2123 ms	1354.03 GFlops	done!
blockSize=256	gridSize=1024	double16	175.367 ms	1377.63 GFlops	done!
blockSize=256	gridSize=2048	double1	21.7139 ms	1390.77 GFlops	done!
blockSize=256	gridSize=2048	double2	43.2011 ms	1398.06 GFlops	done!
blockSize=256	gridSize=2048	double4	86.2229 ms	1400.97 GFlops	done!
blockSize=256	gridSize=2048	double8	171.768 ms	1406.5 GFlops	done!
blockSize=256	gridSize=2048	double16	347.314 ms	1391.2 GFlops	done!
blockSize=256	gridSize=4096	double1	43.2218 ms	1397.39 GFlops	done!
blockSize=256	gridSize=4096	double2	85.9499 ms	1405.42 GFlops	done!
blockSize=256	gridSize=4096	double4	171.611 ms	1407.79 GFlops	done!
blockSize=256	gridSize=4096	double8	343.097 ms	1408.3 GFlops	done!
blockSize=256	gridSize=4096	double16	692.028 ms	1396.43 GFlops	done!
blockSize=256	gridSize=8192	double1	86.1633 ms	1401.94 GFlops	done!
blockSize=256	gridSize=8192	double2	171.517 ms	1408.56 GFlops	done!
blockSize=256	gridSize=8192	double4	342.506 ms	1410.73 GFlops	done!
blockSize=256	gridSize=8192	double8	684.474 ms	1411.84 GFlops	done!
blockSize=256	gridSize=8192	double16	1376.76 ms	1403.83 GFlops	done!
blockSize=256	gridSize=16384	double1	172.049 ms	1404.2 GFlops	done!
blockSize=256	gridSize=16384	double2	1002.76 ms	481.852 GFlops	done!
blockSize=256	gridSize=16384	double4	1658.68 ms	582.612 GFlops	done!
blockSize=256	gridSize=16384	double8	1367.63 ms	1413.2 GFlops	done!
blockSize=256	gridSize=16384	double16	2753.24 ms	1403.97 GFlops	done!
blockSize=256	gridSize=32768	double1	343.993 ms	1404.63 GFlops	done!
blockSize=256	gridSize=32768	double2	684.997 ms	1410.76 GFlops	done!
blockSize=256	gridSize=32768	double4	1367.5 ms	1413.33 GFlops	done!
blockSize=256	gridSize=32768	double8	2733.72 ms	1414 GFlops	done!
blockSize=256	gridSize=32768	double16	5500.22 ms	1405.57 GFlops	done!
blockSize=512	gridSize=256	double1	5.93346 ms	1272.4 GFlops	done!
blockSize=512	gridSize=256	double2	11.8752 ms	1271.52 GFlops	done!
blockSize=512	gridSize=256	double4	23.9773 ms	1259.48 GFlops	done!
blockSize=512	gridSize=256	double8	48.7253 ms	1239.56 GFlops	done!
blockSize=512	gridSize=256	double16	90.1632 ms	1339.75 GFlops	done!
blockSize=512	gridSize=512	double1	11.2322 ms	1344.3 GFlops	done!
blockSize=512	gridSize=512	double2	22.3621 ms	1350.45 GFlops	done!
blockSize=512	gridSize=512	double4	44.64 ms	1353 GFlops	done!
blockSize=512	gridSize=512	double8	89.3083 ms	1352.57 GFlops	done!
blockSize=512	gridSize=512	double16	173.957 ms	1388.8 GFlops	done!
blockSize=512	gridSize=1024	double1	21.8025 ms	1385.12 GFlops	done!
blockSize=512	gridSize=1024	double2	43.2403 ms	1396.8 GFlops	done!
blockSize=512	gridSize=1024	double4	86.0968 ms	1403.03 GFlops	done!
blockSize=512	gridSize=1024	double8	172.513 ms	1400.43 GFlops	done!
blockSize=512	gridSize=1024	double16	345.92 ms	1396.81 GFlops	done!
blockSize=512	gridSize=2048	double1	43.2237 ms	1397.34 GFlops	done!
blockSize=512	gridSize=2048	double2	85.9001 ms	1406.24 GFlops	done!
blockSize=512	gridSize=2048	double4	171.781 ms	1406.39 GFlops	done!
blockSize=512	gridSize=2048	double8	342.931 ms	1408.98 GFlops	done!
blockSize=512	gridSize=2048	double16	685.382 ms	1409.97 GFlops	done!
blockSize=512	gridSize=4096	double1	86.168 ms	1401.87 GFlops	done!
blockSize=512	gridSize=4096	double2	171.575 ms	1408.08 GFlops	done!
blockSize=512	gridSize=4096	double4	342.589 ms	1410.39 GFlops	done!
blockSize=512	gridSize=4096	double8	684.664 ms	1411.45 GFlops	done!
blockSize=512	gridSize=4096	double16	1370.1 ms	1410.65 GFlops	done!
blockSize=512	gridSize=8192	double1	172.097 ms	1403.81 GFlops	done!
blockSize=512	gridSize=8192	double2	342.74 ms	1409.77 GFlops	done!
blockSize=512	gridSize=8192	double4	684.345 ms	1412.11 GFlops	done!
blockSize=512	gridSize=8192	double8	1367.94 ms	1412.88 GFlops	done!
blockSize=512	gridSize=8192	double16	2735.37 ms	1413.14 GFlops	done!
blockSize=512	gridSize=16384	double1	344.008 ms	1404.57 GFlops	done!
blockSize=512	gridSize=16384	double2	684.906 ms	1410.95 GFlops	done!
blockSize=512	gridSize=16384	double4	1367.55 ms	1413.29 GFlops	done!
blockSize=512	gridSize=16384	double8	2733.67 ms	1414.02 GFlops	done!
blockSize=512	gridSize=16384	double16	5469.06 ms	1413.58 GFlops	done!
blockSize=512	gridSize=32768	double1	687.716 ms	1405.18 GFlops	done!
blockSize=512	gridSize=32768	double2	1369.42 ms	1411.35 GFlops	done!
blockSize=512	gridSize=32768	double4	2734.86 ms	1413.41 GFlops	done!
blockSize=512	gridSize=32768	double8	5465.85 ms	1414.41 GFlops	done!
blockSize=512	gridSize=32768	double16	10931.9 ms	1414.38 GFlops	done!
blockSize=1024	gridSize=256	double1	11.2611 ms	1340.85 GFlops	done!
blockSize=1024	gridSize=256	double2	22.4444 ms	1345.5 GFlops	done!
blockSize=1024	gridSize=256	double4	45.106 ms	1339.02 GFlops	done!
blockSize=1024	gridSize=256	double8	90.1506 ms	1339.93 GFlops	done!
blockSize=1024	gridSize=256	double16	178.34 ms	1354.67 GFlops	done!
blockSize=1024	gridSize=512	double1	21.8201 ms	1384 GFlops	done!
blockSize=1024	gridSize=512	double2	43.4721 ms	1389.35 GFlops	done!
blockSize=1024	gridSize=512	double4	86.7911 ms	1391.8 GFlops	done!
blockSize=1024	gridSize=512	double8	173.436 ms	1392.98 GFlops	done!
blockSize=1024	gridSize=512	double16	346.762 ms	1393.42 GFlops	done!
blockSize=1024	gridSize=1024	double1	43.1465 ms	1399.84 GFlops	done!
blockSize=1024	gridSize=1024	double2	85.9129 ms	1406.03 GFlops	done!
blockSize=1024	gridSize=1024	double4	171.528 ms	1408.47 GFlops	done!
blockSize=1024	gridSize=1024	double8	343.227 ms	1407.77 GFlops	done!
blockSize=1024	gridSize=1024	double16	685.387 ms	1409.96 GFlops	done!
blockSize=1024	gridSize=2048	double1	86.2399 ms	1400.7 GFlops	done!
blockSize=1024	gridSize=2048	double2	171.75 ms	1406.65 GFlops	done!
blockSize=1024	gridSize=2048	double4	342.864 ms	1409.26 GFlops	done!
blockSize=1024	gridSize=2048	double8	685.275 ms	1410.19 GFlops	done!
blockSize=1024	gridSize=2048	double16	1369.9 ms	1410.86 GFlops	done!
blockSize=1024	gridSize=4096	double1	172.2 ms	1402.97 GFlops	done!
blockSize=1024	gridSize=4096	double2	342.895 ms	1409.13 GFlops	done!
blockSize=1024	gridSize=4096	double4	685.38 ms	1409.97 GFlops	done!
blockSize=1024	gridSize=4096	double8	1370.32 ms	1410.42 GFlops	done!
blockSize=1024	gridSize=4096	double16	2734.44 ms	1413.62 GFlops	done!
blockSize=1024	gridSize=8192	double1	343.991 ms	1404.64 GFlops	done!
blockSize=1024	gridSize=8192	double2	685.457 ms	1409.82 GFlops	done!
blockSize=1024	gridSize=8192	double4	1368.67 ms	1412.13 GFlops	done!
blockSize=1024	gridSize=8192	double8	2735.38 ms	1413.14 GFlops	done!
blockSize=1024	gridSize=8192	double16	5466.04 ms	1414.36 GFlops	done!
blockSize=1024	gridSize=16384	double1	687.438 ms	1405.75 GFlops	done!
blockSize=1024	gridSize=16384	double2	1369.93 ms	1410.83 GFlops	done!
blockSize=1024	gridSize=16384	double4	2734.41 ms	1413.64 GFlops	done!
blockSize=1024	gridSize=16384	double8	5467.3 ms	1414.03 GFlops	done!
blockSize=1024	gridSize=16384	double16	10927 ms	1415.02 GFlops	done!
blockSize=1024	gridSize=32768	double1	1374.5 ms	1406.13 GFlops	done!
blockSize=1024	gridSize=32768	double2	2737.73 ms	1411.93 GFlops	done!
blockSize=1024	gridSize=32768	double4	5466.26 ms	1414.3 GFlops	done!
blockSize=1024	gridSize=32768	double8	10926.6 ms	1415.07 GFlops	done!
blockSize=1024	gridSize=32768	double16	21844.5 ms	1415.63 GFlops	done!

----------- Original ------------
# [vpu]:128	256	double1	1.62392 ms	1162.27 GFlops
# [vpu]:128	256	double2	3.02889 ms	1246.29 GFlops
# [vpu]:128	256	double4	7.10238 ms	1062.99 GFlops
# [vpu]:128	256	double8	12.8395 ms	1176.02 GFlops
# [vpu]:128	256	double16	25.115 ms	1202.43 GFlops
# [vpu]:128	512	double1	2.94224 ms	1282.99 GFlops
# [vpu]:128	512	double2	5.84121 ms	1292.5 GFlops
# [vpu]:128	512	double4	12.8227 ms	1177.56 GFlops
# [vpu]:128	512	double8	24.1982 ms	1247.98 GFlops
# [vpu]:128	512	double16	50.2022 ms	1203.1 GFlops
# [vpu]:128	1024	double1	5.71925 ms	1320.06 GFlops
# [vpu]:128	1024	double2	11.1371 ms	1355.78 GFlops
# [vpu]:128	1024	double4	23.6421 ms	1277.34 GFlops
# [vpu]:128	1024	double8	46.6347 ms	1295.13 GFlops
# [vpu]:128	1024	double16	90.6977 ms	1331.85 GFlops
# [vpu]:128	2048	double1	11.0689 ms	1364.14 GFlops
# [vpu]:128	2048	double2	21.8638 ms	1381.23 GFlops
# [vpu]:128	2048	double4	44.2374 ms	1365.31 GFlops
# [vpu]:128	2048	double8	89.1166 ms	1355.48 GFlops
# [vpu]:128	2048	double16	180.901 ms	1335.49 GFlops
# [vpu]:128	4096	double1	21.8432 ms	1382.53 GFlops
# [vpu]:128	4096	double2	43.1597 ms	1399.41 GFlops
# [vpu]:128	4096	double4	85.9753 ms	1405.01 GFlops
# [vpu]:128	4096	double8	171.615 ms	1407.75 GFlops
# [vpu]:128	4096	double16	358.522 ms	1347.71 GFlops
# [vpu]:128	8192	double1	43.289 ms	1395.23 GFlops
# [vpu]:128	8192	double2	85.909 ms	1406.09 GFlops
# [vpu]:128	8192	double4	171.627 ms	1407.65 GFlops
# [vpu]:128	8192	double8	343.136 ms	1408.14 GFlops
# [vpu]:128	8192	double16	711.543 ms	1358.13 GFlops
# [vpu]:128	16384	double1	86.2849 ms	1399.97 GFlops
# [vpu]:128	16384	double2	171.57 ms	1408.12 GFlops
# [vpu]:128	16384	double4	342.475 ms	1410.86 GFlops
# [vpu]:128	16384	double8	684.36 ms	1412.07 GFlops
# [vpu]:128	16384	double16	1419.78 ms	1361.3 GFlops
# [vpu]:128	32768	double1	172.223 ms	1402.79 GFlops
# [vpu]:128	32768	double2	342.653 ms	1410.13 GFlops
# [vpu]:128	32768	double4	684.131 ms	1412.55 GFlops
# [vpu]:128	32768	double8	1367.65 ms	1413.18 GFlops
# [vpu]:128	32768	double16	2837.37 ms	1362.34 GFlops
# [vpu]:256	256	double1	3.05617 ms	1235.16 GFlops
# [vpu]:256	256	double2	6.60032 ms	1143.85 GFlops
# [vpu]:256	256	double4	13.16 ms	1147.38 GFlops
# [vpu]:256	256	double8	25.0496 ms	1205.57 GFlops
# [vpu]:256	256	double16	49.5716 ms	1218.4 GFlops
# [vpu]:256	512	double1	5.66861 ms	1331.85 GFlops
# [vpu]:256	512	double2	11.88 ms	1271.01 GFlops
# [vpu]:256	512	double4	23.77 ms	1270.47 GFlops
# [vpu]:256	512	double8	47.3577 ms	1275.36 GFlops
# [vpu]:256	512	double16	87.739 ms	1376.77 GFlops
# [vpu]:256	1024	double1	10.9942 ms	1373.4 GFlops
# [vpu]:256	1024	double2	22.2332 ms	1358.29 GFlops
# [vpu]:256	1024	double4	44.6414 ms	1352.96 GFlops
# [vpu]:256	1024	double8	89.2123 ms	1354.03 GFlops
# [vpu]:256	1024	double16	175.367 ms	1377.63 GFlops
# [vpu]:256	2048	double1	21.7139 ms	1390.77 GFlops
# [vpu]:256	2048	double2	43.2011 ms	1398.06 GFlops
# [vpu]:256	2048	double4	86.2229 ms	1400.97 GFlops
# [vpu]:256	2048	double8	171.768 ms	1406.5 GFlops
# [vpu]:256	2048	double16	347.314 ms	1391.2 GFlops
# [vpu]:256	4096	double1	43.2218 ms	1397.39 GFlops
# [vpu]:256	4096	double2	85.9499 ms	1405.42 GFlops
# [vpu]:256	4096	double4	171.611 ms	1407.79 GFlops
# [vpu]:256	4096	double8	343.097 ms	1408.3 GFlops
# [vpu]:256	4096	double16	692.028 ms	1396.43 GFlops
# [vpu]:256	8192	double1	86.1633 ms	1401.94 GFlops
# [vpu]:256	8192	double2	171.517 ms	1408.56 GFlops
# [vpu]:256	8192	double4	342.506 ms	1410.73 GFlops
# [vpu]:256	8192	double8	684.474 ms	1411.84 GFlops
# [vpu]:256	8192	double16	1376.76 ms	1403.83 GFlops
# [vpu]:256	16384	double1	172.049 ms	1404.2 GFlops
# [vpu]:256	16384	double2	1002.76 ms	481.852 GFlops
# [vpu]:256	16384	double4	1658.68 ms	582.612 GFlops
# [vpu]:256	16384	double8	1367.63 ms	1413.2 GFlops
# [vpu]:256	16384	double16	2753.24 ms	1403.97 GFlops
# [vpu]:256	32768	double1	343.993 ms	1404.63 GFlops
# [vpu]:256	32768	double2	684.997 ms	1410.76 GFlops
# [vpu]:256	32768	double4	1367.5 ms	1413.33 GFlops
# [vpu]:256	32768	double8	2733.72 ms	1414 GFlops
# [vpu]:256	32768	double16	5500.22 ms	1405.57 GFlops
# [vpu]:512	256	double1	5.93346 ms	1272.4 GFlops
# [vpu]:512	256	double2	11.8752 ms	1271.52 GFlops
# [vpu]:512	256	double4	23.9773 ms	1259.48 GFlops
# [vpu]:512	256	double8	48.7253 ms	1239.56 GFlops
# [vpu]:512	256	double16	90.1632 ms	1339.75 GFlops
# [vpu]:512	512	double1	11.2322 ms	1344.3 GFlops
# [vpu]:512	512	double2	22.3621 ms	1350.45 GFlops
# [vpu]:512	512	double4	44.64 ms	1353 GFlops
# [vpu]:512	512	double8	89.3083 ms	1352.57 GFlops
# [vpu]:512	512	double16	173.957 ms	1388.8 GFlops
# [vpu]:512	1024	double1	21.8025 ms	1385.12 GFlops
# [vpu]:512	1024	double2	43.2403 ms	1396.8 GFlops
# [vpu]:512	1024	double4	86.0968 ms	1403.03 GFlops
# [vpu]:512	1024	double8	172.513 ms	1400.43 GFlops
# [vpu]:512	1024	double16	345.92 ms	1396.81 GFlops
# [vpu]:512	2048	double1	43.2237 ms	1397.34 GFlops
# [vpu]:512	2048	double2	85.9001 ms	1406.24 GFlops
# [vpu]:512	2048	double4	171.781 ms	1406.39 GFlops
# [vpu]:512	2048	double8	342.931 ms	1408.98 GFlops
# [vpu]:512	2048	double16	685.382 ms	1409.97 GFlops
# [vpu]:512	4096	double1	86.168 ms	1401.87 GFlops
# [vpu]:512	4096	double2	171.575 ms	1408.08 GFlops
# [vpu]:512	4096	double4	342.589 ms	1410.39 GFlops
# [vpu]:512	4096	double8	684.664 ms	1411.45 GFlops
# [vpu]:512	4096	double16	1370.1 ms	1410.65 GFlops
# [vpu]:512	8192	double1	172.097 ms	1403.81 GFlops
# [vpu]:512	8192	double2	342.74 ms	1409.77 GFlops
# [vpu]:512	8192	double4	684.345 ms	1412.11 GFlops
# [vpu]:512	8192	double8	1367.94 ms	1412.88 GFlops
# [vpu]:512	8192	double16	2735.37 ms	1413.14 GFlops
# [vpu]:512	16384	double1	344.008 ms	1404.57 GFlops
# [vpu]:512	16384	double2	684.906 ms	1410.95 GFlops
# [vpu]:512	16384	double4	1367.55 ms	1413.29 GFlops
# [vpu]:512	16384	double8	2733.67 ms	1414.02 GFlops
# [vpu]:512	16384	double16	5469.06 ms	1413.58 GFlops
# [vpu]:512	32768	double1	687.716 ms	1405.18 GFlops
# [vpu]:512	32768	double2	1369.42 ms	1411.35 GFlops
# [vpu]:512	32768	double4	2734.86 ms	1413.41 GFlops
# [vpu]:512	32768	double8	5465.85 ms	1414.41 GFlops
# [vpu]:512	32768	double16	10931.9 ms	1414.38 GFlops
# [vpu]:1024	256	double1	11.2611 ms	1340.85 GFlops
# [vpu]:1024	256	double2	22.4444 ms	1345.5 GFlops
# [vpu]:1024	256	double4	45.106 ms	1339.02 GFlops
# [vpu]:1024	256	double8	90.1506 ms	1339.93 GFlops
# [vpu]:1024	256	double16	178.34 ms	1354.67 GFlops
# [vpu]:1024	512	double1	21.8201 ms	1384 GFlops
# [vpu]:1024	512	double2	43.4721 ms	1389.35 GFlops
# [vpu]:1024	512	double4	86.7911 ms	1391.8 GFlops
# [vpu]:1024	512	double8	173.436 ms	1392.98 GFlops
# [vpu]:1024	512	double16	346.762 ms	1393.42 GFlops
# [vpu]:1024	1024	double1	43.1465 ms	1399.84 GFlops
# [vpu]:1024	1024	double2	85.9129 ms	1406.03 GFlops
# [vpu]:1024	1024	double4	171.528 ms	1408.47 GFlops
# [vpu]:1024	1024	double8	343.227 ms	1407.77 GFlops
# [vpu]:1024	1024	double16	685.387 ms	1409.96 GFlops
# [vpu]:1024	2048	double1	86.2399 ms	1400.7 GFlops
# [vpu]:1024	2048	double2	171.75 ms	1406.65 GFlops
# [vpu]:1024	2048	double4	342.864 ms	1409.26 GFlops
# [vpu]:1024	2048	double8	685.275 ms	1410.19 GFlops
# [vpu]:1024	2048	double16	1369.9 ms	1410.86 GFlops
# [vpu]:1024	4096	double1	172.2 ms	1402.97 GFlops
# [vpu]:1024	4096	double2	342.895 ms	1409.13 GFlops
# [vpu]:1024	4096	double4	685.38 ms	1409.97 GFlops
# [vpu]:1024	4096	double8	1370.32 ms	1410.42 GFlops
# [vpu]:1024	4096	double16	2734.44 ms	1413.62 GFlops
# [vpu]:1024	8192	double1	343.991 ms	1404.64 GFlops
# [vpu]:1024	8192	double2	685.457 ms	1409.82 GFlops
# [vpu]:1024	8192	double4	1368.67 ms	1412.13 GFlops
# [vpu]:1024	8192	double8	2735.38 ms	1413.14 GFlops
# [vpu]:1024	8192	double16	5466.04 ms	1414.36 GFlops
# [vpu]:1024	16384	double1	687.438 ms	1405.75 GFlops
# [vpu]:1024	16384	double2	1369.93 ms	1410.83 GFlops
# [vpu]:1024	16384	double4	2734.41 ms	1413.64 GFlops
# [vpu]:1024	16384	double8	5467.3 ms	1414.03 GFlops
# [vpu]:1024	16384	double16	10927 ms	1415.02 GFlops
# [vpu]:1024	32768	double1	1374.5 ms	1406.13 GFlops
# [vpu]:1024	32768	double2	2737.73 ms	1411.93 GFlops
# [vpu]:1024	32768	double4	5466.26 ms	1414.3 GFlops
# [vpu]:1024	32768	double8	10926.6 ms	1415.07 GFlops
# [vpu]:1024	32768	double16	21844.5 ms	1415.63 GFlops

----------- Aggregated at vec_size ------------
# [vpu]:double1	128	256	1.62392 ms	1162.27 GFlops
# [vpu]:double1	128	512	2.94224 ms	1282.99 GFlops
# [vpu]:double1	128	1024	5.71925 ms	1320.06 GFlops
# [vpu]:double1	128	2048	11.0689 ms	1364.14 GFlops
# [vpu]:double1	128	4096	21.8432 ms	1382.53 GFlops
# [vpu]:double1	128	8192	43.289 ms	1395.23 GFlops
# [vpu]:double1	128	16384	86.2849 ms	1399.97 GFlops
# [vpu]:double1	128	32768	172.223 ms	1402.79 GFlops
# [vpu]:double1	256	256	3.05617 ms	1235.16 GFlops
# [vpu]:double1	256	512	5.66861 ms	1331.85 GFlops
# [vpu]:double1	256	1024	10.9942 ms	1373.4 GFlops
# [vpu]:double1	256	2048	21.7139 ms	1390.77 GFlops
# [vpu]:double1	256	4096	43.2218 ms	1397.39 GFlops
# [vpu]:double1	256	8192	86.1633 ms	1401.94 GFlops
# [vpu]:double1	256	16384	172.049 ms	1404.2 GFlops
# [vpu]:double1	256	32768	343.993 ms	1404.63 GFlops
# [vpu]:double1	512	256	5.93346 ms	1272.4 GFlops
# [vpu]:double1	512	512	11.2322 ms	1344.3 GFlops
# [vpu]:double1	512	1024	21.8025 ms	1385.12 GFlops
# [vpu]:double1	512	2048	43.2237 ms	1397.34 GFlops
# [vpu]:double1	512	4096	86.168 ms	1401.87 GFlops
# [vpu]:double1	512	8192	172.097 ms	1403.81 GFlops
# [vpu]:double1	512	16384	344.008 ms	1404.57 GFlops
# [vpu]:double1	512	32768	687.716 ms	1405.18 GFlops
# [vpu]:double1	1024	256	11.2611 ms	1340.85 GFlops
# [vpu]:double1	1024	512	21.8201 ms	1384 GFlops
# [vpu]:double1	1024	1024	43.1465 ms	1399.84 GFlops
# [vpu]:double1	1024	2048	86.2399 ms	1400.7 GFlops
# [vpu]:double1	1024	4096	172.2 ms	1402.97 GFlops
# [vpu]:double1	1024	8192	343.991 ms	1404.64 GFlops
# [vpu]:double1	1024	16384	687.438 ms	1405.75 GFlops
# [vpu]:double1	1024	32768	1374.5 ms	1406.13 GFlops

summary: double1	1374.5 ms	1406.13 GFlops	1024	32768
--------------------------------------------
# [vpu]:double2	128	256	3.02889 ms	1246.29 GFlops
# [vpu]:double2	128	512	5.84121 ms	1292.5 GFlops
# [vpu]:double2	128	1024	11.1371 ms	1355.78 GFlops
# [vpu]:double2	128	2048	21.8638 ms	1381.23 GFlops
# [vpu]:double2	128	4096	43.1597 ms	1399.41 GFlops
# [vpu]:double2	128	8192	85.909 ms	1406.09 GFlops
# [vpu]:double2	128	16384	171.57 ms	1408.12 GFlops
# [vpu]:double2	128	32768	342.653 ms	1410.13 GFlops
# [vpu]:double2	256	256	6.60032 ms	1143.85 GFlops
# [vpu]:double2	256	512	11.88 ms	1271.01 GFlops
# [vpu]:double2	256	1024	22.2332 ms	1358.29 GFlops
# [vpu]:double2	256	2048	43.2011 ms	1398.06 GFlops
# [vpu]:double2	256	4096	85.9499 ms	1405.42 GFlops
# [vpu]:double2	256	8192	171.517 ms	1408.56 GFlops
# [vpu]:double2	256	16384	1002.76 ms	481.852 GFlops
# [vpu]:double2	256	32768	684.997 ms	1410.76 GFlops
# [vpu]:double2	512	256	11.8752 ms	1271.52 GFlops
# [vpu]:double2	512	512	22.3621 ms	1350.45 GFlops
# [vpu]:double2	512	1024	43.2403 ms	1396.8 GFlops
# [vpu]:double2	512	2048	85.9001 ms	1406.24 GFlops
# [vpu]:double2	512	4096	171.575 ms	1408.08 GFlops
# [vpu]:double2	512	8192	342.74 ms	1409.77 GFlops
# [vpu]:double2	512	16384	684.906 ms	1410.95 GFlops
# [vpu]:double2	512	32768	1369.42 ms	1411.35 GFlops
# [vpu]:double2	1024	256	22.4444 ms	1345.5 GFlops
# [vpu]:double2	1024	512	43.4721 ms	1389.35 GFlops
# [vpu]:double2	1024	1024	85.9129 ms	1406.03 GFlops
# [vpu]:double2	1024	2048	171.75 ms	1406.65 GFlops
# [vpu]:double2	1024	4096	342.895 ms	1409.13 GFlops
# [vpu]:double2	1024	8192	685.457 ms	1409.82 GFlops
# [vpu]:double2	1024	16384	1369.93 ms	1410.83 GFlops
# [vpu]:double2	1024	32768	2737.73 ms	1411.93 GFlops

summary: double2	2737.73 ms	1411.93 GFlops	1024	32768
--------------------------------------------
# [vpu]:double4	128	256	7.10238 ms	1062.99 GFlops
# [vpu]:double4	128	512	12.8227 ms	1177.56 GFlops
# [vpu]:double4	128	1024	23.6421 ms	1277.34 GFlops
# [vpu]:double4	128	2048	44.2374 ms	1365.31 GFlops
# [vpu]:double4	128	4096	85.9753 ms	1405.01 GFlops
# [vpu]:double4	128	8192	171.627 ms	1407.65 GFlops
# [vpu]:double4	128	16384	342.475 ms	1410.86 GFlops
# [vpu]:double4	128	32768	684.131 ms	1412.55 GFlops
# [vpu]:double4	256	256	13.16 ms	1147.38 GFlops
# [vpu]:double4	256	512	23.77 ms	1270.47 GFlops
# [vpu]:double4	256	1024	44.6414 ms	1352.96 GFlops
# [vpu]:double4	256	2048	86.2229 ms	1400.97 GFlops
# [vpu]:double4	256	4096	171.611 ms	1407.79 GFlops
# [vpu]:double4	256	8192	342.506 ms	1410.73 GFlops
# [vpu]:double4	256	16384	1658.68 ms	582.612 GFlops
# [vpu]:double4	256	32768	1367.5 ms	1413.33 GFlops
# [vpu]:double4	512	256	23.9773 ms	1259.48 GFlops
# [vpu]:double4	512	512	44.64 ms	1353 GFlops
# [vpu]:double4	512	1024	86.0968 ms	1403.03 GFlops
# [vpu]:double4	512	2048	171.781 ms	1406.39 GFlops
# [vpu]:double4	512	4096	342.589 ms	1410.39 GFlops
# [vpu]:double4	512	8192	684.345 ms	1412.11 GFlops
# [vpu]:double4	512	16384	1367.55 ms	1413.29 GFlops
# [vpu]:double4	512	32768	2734.86 ms	1413.41 GFlops
# [vpu]:double4	1024	256	45.106 ms	1339.02 GFlops
# [vpu]:double4	1024	512	86.7911 ms	1391.8 GFlops
# [vpu]:double4	1024	1024	171.528 ms	1408.47 GFlops
# [vpu]:double4	1024	2048	342.864 ms	1409.26 GFlops
# [vpu]:double4	1024	4096	685.38 ms	1409.97 GFlops
# [vpu]:double4	1024	8192	1368.67 ms	1412.13 GFlops
# [vpu]:double4	1024	16384	2734.41 ms	1413.64 GFlops
# [vpu]:double4	1024	32768	5466.26 ms	1414.3 GFlops

summary: double4	5466.26 ms	1414.3 GFlops	1024	32768
--------------------------------------------
# [vpu]:double8	128	256	12.8395 ms	1176.02 GFlops
# [vpu]:double8	128	512	24.1982 ms	1247.98 GFlops
# [vpu]:double8	128	1024	46.6347 ms	1295.13 GFlops
# [vpu]:double8	128	2048	89.1166 ms	1355.48 GFlops
# [vpu]:double8	128	4096	171.615 ms	1407.75 GFlops
# [vpu]:double8	128	8192	343.136 ms	1408.14 GFlops
# [vpu]:double8	128	16384	684.36 ms	1412.07 GFlops
# [vpu]:double8	128	32768	1367.65 ms	1413.18 GFlops
# [vpu]:double8	256	256	25.0496 ms	1205.57 GFlops
# [vpu]:double8	256	512	47.3577 ms	1275.36 GFlops
# [vpu]:double8	256	1024	89.2123 ms	1354.03 GFlops
# [vpu]:double8	256	2048	171.768 ms	1406.5 GFlops
# [vpu]:double8	256	4096	343.097 ms	1408.3 GFlops
# [vpu]:double8	256	8192	684.474 ms	1411.84 GFlops
# [vpu]:double8	256	16384	1367.63 ms	1413.2 GFlops
# [vpu]:double8	256	32768	2733.72 ms	1414 GFlops
# [vpu]:double8	512	256	48.7253 ms	1239.56 GFlops
# [vpu]:double8	512	512	89.3083 ms	1352.57 GFlops
# [vpu]:double8	512	1024	172.513 ms	1400.43 GFlops
# [vpu]:double8	512	2048	342.931 ms	1408.98 GFlops
# [vpu]:double8	512	4096	684.664 ms	1411.45 GFlops
# [vpu]:double8	512	8192	1367.94 ms	1412.88 GFlops
# [vpu]:double8	512	16384	2733.67 ms	1414.02 GFlops
# [vpu]:double8	512	32768	5465.85 ms	1414.41 GFlops
# [vpu]:double8	1024	256	90.1506 ms	1339.93 GFlops
# [vpu]:double8	1024	512	173.436 ms	1392.98 GFlops
# [vpu]:double8	1024	1024	343.227 ms	1407.77 GFlops
# [vpu]:double8	1024	2048	685.275 ms	1410.19 GFlops
# [vpu]:double8	1024	4096	1370.32 ms	1410.42 GFlops
# [vpu]:double8	1024	8192	2735.38 ms	1413.14 GFlops
# [vpu]:double8	1024	16384	5467.3 ms	1414.03 GFlops
# [vpu]:double8	1024	32768	10926.6 ms	1415.07 GFlops

summary: double8	10926.6 ms	1415.07 GFlops	1024	32768
--------------------------------------------
# [vpu]:double16	128	256	25.115 ms	1202.43 GFlops
# [vpu]:double16	128	512	50.2022 ms	1203.1 GFlops
# [vpu]:double16	128	1024	90.6977 ms	1331.85 GFlops
# [vpu]:double16	128	2048	180.901 ms	1335.49 GFlops
# [vpu]:double16	128	4096	358.522 ms	1347.71 GFlops
# [vpu]:double16	128	8192	711.543 ms	1358.13 GFlops
# [vpu]:double16	128	16384	1419.78 ms	1361.3 GFlops
# [vpu]:double16	128	32768	2837.37 ms	1362.34 GFlops
# [vpu]:double16	256	256	49.5716 ms	1218.4 GFlops
# [vpu]:double16	256	512	87.739 ms	1376.77 GFlops
# [vpu]:double16	256	1024	175.367 ms	1377.63 GFlops
# [vpu]:double16	256	2048	347.314 ms	1391.2 GFlops
# [vpu]:double16	256	4096	692.028 ms	1396.43 GFlops
# [vpu]:double16	256	8192	1376.76 ms	1403.83 GFlops
# [vpu]:double16	256	16384	2753.24 ms	1403.97 GFlops
# [vpu]:double16	256	32768	5500.22 ms	1405.57 GFlops
# [vpu]:double16	512	256	90.1632 ms	1339.75 GFlops
# [vpu]:double16	512	512	173.957 ms	1388.8 GFlops
# [vpu]:double16	512	1024	345.92 ms	1396.81 GFlops
# [vpu]:double16	512	2048	685.382 ms	1409.97 GFlops
# [vpu]:double16	512	4096	1370.1 ms	1410.65 GFlops
# [vpu]:double16	512	8192	2735.37 ms	1413.14 GFlops
# [vpu]:double16	512	16384	5469.06 ms	1413.58 GFlops
# [vpu]:double16	512	32768	10931.9 ms	1414.38 GFlops
# [vpu]:double16	1024	256	178.34 ms	1354.67 GFlops
# [vpu]:double16	1024	512	346.762 ms	1393.42 GFlops
# [vpu]:double16	1024	1024	685.387 ms	1409.96 GFlops
# [vpu]:double16	1024	2048	1369.9 ms	1410.86 GFlops
# [vpu]:double16	1024	4096	2734.44 ms	1413.62 GFlops
# [vpu]:double16	1024	8192	5466.04 ms	1414.36 GFlops
# [vpu]:double16	1024	16384	10927 ms	1415.02 GFlops
# [vpu]:double16	1024	32768	21844.5 ms	1415.63 GFlops

summary: double16	21844.5 ms	1415.63 GFlops	1024	32768
--------------------------------------------

----------- Aggregated at block & grid size ------------
# [vpu]:128	256	double1	1.62392 ms	1162.27 GFlops
# [vpu]:128	256	double2	3.02889 ms	1246.29 GFlops
# [vpu]:128	256	double4	7.10238 ms	1062.99 GFlops
# [vpu]:128	256	double8	12.8395 ms	1176.02 GFlops
# [vpu]:128	256	double16	25.115 ms	1202.43 GFlops

summary: 128	256	3.02889 ms	1246.29 GFlops	double2
--------------------------------------------
# [vpu]:128	512	double1	2.94224 ms	1282.99 GFlops
# [vpu]:128	512	double2	5.84121 ms	1292.5 GFlops
# [vpu]:128	512	double4	12.8227 ms	1177.56 GFlops
# [vpu]:128	512	double8	24.1982 ms	1247.98 GFlops
# [vpu]:128	512	double16	50.2022 ms	1203.1 GFlops

summary: 128	512	5.84121 ms	1292.5 GFlops	double2
--------------------------------------------
# [vpu]:128	1024	double1	5.71925 ms	1320.06 GFlops
# [vpu]:128	1024	double2	11.1371 ms	1355.78 GFlops
# [vpu]:128	1024	double4	23.6421 ms	1277.34 GFlops
# [vpu]:128	1024	double8	46.6347 ms	1295.13 GFlops
# [vpu]:128	1024	double16	90.6977 ms	1331.85 GFlops

summary: 128	1024	11.1371 ms	1355.78 GFlops	double2
--------------------------------------------
# [vpu]:128	2048	double1	11.0689 ms	1364.14 GFlops
# [vpu]:128	2048	double2	21.8638 ms	1381.23 GFlops
# [vpu]:128	2048	double4	44.2374 ms	1365.31 GFlops
# [vpu]:128	2048	double8	89.1166 ms	1355.48 GFlops
# [vpu]:128	2048	double16	180.901 ms	1335.49 GFlops

summary: 128	2048	21.8638 ms	1381.23 GFlops	double2
--------------------------------------------
# [vpu]:128	4096	double1	21.8432 ms	1382.53 GFlops
# [vpu]:128	4096	double2	43.1597 ms	1399.41 GFlops
# [vpu]:128	4096	double4	85.9753 ms	1405.01 GFlops
# [vpu]:128	4096	double8	171.615 ms	1407.75 GFlops
# [vpu]:128	4096	double16	358.522 ms	1347.71 GFlops

summary: 128	4096	171.615 ms	1407.75 GFlops	double8
--------------------------------------------
# [vpu]:128	8192	double1	43.289 ms	1395.23 GFlops
# [vpu]:128	8192	double2	85.909 ms	1406.09 GFlops
# [vpu]:128	8192	double4	171.627 ms	1407.65 GFlops
# [vpu]:128	8192	double8	343.136 ms	1408.14 GFlops
# [vpu]:128	8192	double16	711.543 ms	1358.13 GFlops

summary: 128	8192	343.136 ms	1408.14 GFlops	double8
--------------------------------------------
# [vpu]:128	16384	double1	86.2849 ms	1399.97 GFlops
# [vpu]:128	16384	double2	171.57 ms	1408.12 GFlops
# [vpu]:128	16384	double4	342.475 ms	1410.86 GFlops
# [vpu]:128	16384	double8	684.36 ms	1412.07 GFlops
# [vpu]:128	16384	double16	1419.78 ms	1361.3 GFlops

summary: 128	16384	684.36 ms	1412.07 GFlops	double8
--------------------------------------------
# [vpu]:128	32768	double1	172.223 ms	1402.79 GFlops
# [vpu]:128	32768	double2	342.653 ms	1410.13 GFlops
# [vpu]:128	32768	double4	684.131 ms	1412.55 GFlops
# [vpu]:128	32768	double8	1367.65 ms	1413.18 GFlops
# [vpu]:128	32768	double16	2837.37 ms	1362.34 GFlops

summary: 128	32768	1367.65 ms	1413.18 GFlops	double8
--------------------------------------------
# [vpu]:256	256	double1	3.05617 ms	1235.16 GFlops
# [vpu]:256	256	double2	6.60032 ms	1143.85 GFlops
# [vpu]:256	256	double4	13.16 ms	1147.38 GFlops
# [vpu]:256	256	double8	25.0496 ms	1205.57 GFlops
# [vpu]:256	256	double16	49.5716 ms	1218.4 GFlops

summary: 256	256	3.05617 ms	1235.16 GFlops	double1
--------------------------------------------
# [vpu]:256	512	double1	5.66861 ms	1331.85 GFlops
# [vpu]:256	512	double2	11.88 ms	1271.01 GFlops
# [vpu]:256	512	double4	23.77 ms	1270.47 GFlops
# [vpu]:256	512	double8	47.3577 ms	1275.36 GFlops
# [vpu]:256	512	double16	87.739 ms	1376.77 GFlops

summary: 256	512	87.739 ms	1376.77 GFlops	double16
--------------------------------------------
# [vpu]:256	1024	double1	10.9942 ms	1373.4 GFlops
# [vpu]:256	1024	double2	22.2332 ms	1358.29 GFlops
# [vpu]:256	1024	double4	44.6414 ms	1352.96 GFlops
# [vpu]:256	1024	double8	89.2123 ms	1354.03 GFlops
# [vpu]:256	1024	double16	175.367 ms	1377.63 GFlops

summary: 256	1024	175.367 ms	1377.63 GFlops	double16
--------------------------------------------
# [vpu]:256	2048	double1	21.7139 ms	1390.77 GFlops
# [vpu]:256	2048	double2	43.2011 ms	1398.06 GFlops
# [vpu]:256	2048	double4	86.2229 ms	1400.97 GFlops
# [vpu]:256	2048	double8	171.768 ms	1406.5 GFlops
# [vpu]:256	2048	double16	347.314 ms	1391.2 GFlops

summary: 256	2048	171.768 ms	1406.5 GFlops	double8
--------------------------------------------
# [vpu]:256	4096	double1	43.2218 ms	1397.39 GFlops
# [vpu]:256	4096	double2	85.9499 ms	1405.42 GFlops
# [vpu]:256	4096	double4	171.611 ms	1407.79 GFlops
# [vpu]:256	4096	double8	343.097 ms	1408.3 GFlops
# [vpu]:256	4096	double16	692.028 ms	1396.43 GFlops

summary: 256	4096	343.097 ms	1408.3 GFlops	double8
--------------------------------------------
# [vpu]:256	8192	double1	86.1633 ms	1401.94 GFlops
# [vpu]:256	8192	double2	171.517 ms	1408.56 GFlops
# [vpu]:256	8192	double4	342.506 ms	1410.73 GFlops
# [vpu]:256	8192	double8	684.474 ms	1411.84 GFlops
# [vpu]:256	8192	double16	1376.76 ms	1403.83 GFlops

summary: 256	8192	684.474 ms	1411.84 GFlops	double8
--------------------------------------------
# [vpu]:256	16384	double1	172.049 ms	1404.2 GFlops
# [vpu]:256	16384	double2	1002.76 ms	481.852 GFlops
# [vpu]:256	16384	double4	1658.68 ms	582.612 GFlops
# [vpu]:256	16384	double8	1367.63 ms	1413.2 GFlops
# [vpu]:256	16384	double16	2753.24 ms	1403.97 GFlops

summary: 256	16384	1367.63 ms	1413.2 GFlops	double8
--------------------------------------------
# [vpu]:256	32768	double1	343.993 ms	1404.63 GFlops
# [vpu]:256	32768	double2	684.997 ms	1410.76 GFlops
# [vpu]:256	32768	double4	1367.5 ms	1413.33 GFlops
# [vpu]:256	32768	double8	2733.72 ms	1414 GFlops
# [vpu]:256	32768	double16	5500.22 ms	1405.57 GFlops

summary: 256	32768	2733.72 ms	1414 GFlops	double8
--------------------------------------------
# [vpu]:512	256	double1	5.93346 ms	1272.4 GFlops
# [vpu]:512	256	double2	11.8752 ms	1271.52 GFlops
# [vpu]:512	256	double4	23.9773 ms	1259.48 GFlops
# [vpu]:512	256	double8	48.7253 ms	1239.56 GFlops
# [vpu]:512	256	double16	90.1632 ms	1339.75 GFlops

summary: 512	256	90.1632 ms	1339.75 GFlops	double16
--------------------------------------------
# [vpu]:512	512	double1	11.2322 ms	1344.3 GFlops
# [vpu]:512	512	double2	22.3621 ms	1350.45 GFlops
# [vpu]:512	512	double4	44.64 ms	1353 GFlops
# [vpu]:512	512	double8	89.3083 ms	1352.57 GFlops
# [vpu]:512	512	double16	173.957 ms	1388.8 GFlops

summary: 512	512	173.957 ms	1388.8 GFlops	double16
--------------------------------------------
# [vpu]:512	1024	double1	21.8025 ms	1385.12 GFlops
# [vpu]:512	1024	double2	43.2403 ms	1396.8 GFlops
# [vpu]:512	1024	double4	86.0968 ms	1403.03 GFlops
# [vpu]:512	1024	double8	172.513 ms	1400.43 GFlops
# [vpu]:512	1024	double16	345.92 ms	1396.81 GFlops

summary: 512	1024	86.0968 ms	1403.03 GFlops	double4
--------------------------------------------
# [vpu]:512	2048	double1	43.2237 ms	1397.34 GFlops
# [vpu]:512	2048	double2	85.9001 ms	1406.24 GFlops
# [vpu]:512	2048	double4	171.781 ms	1406.39 GFlops
# [vpu]:512	2048	double8	342.931 ms	1408.98 GFlops
# [vpu]:512	2048	double16	685.382 ms	1409.97 GFlops

summary: 512	2048	685.382 ms	1409.97 GFlops	double16
--------------------------------------------
# [vpu]:512	4096	double1	86.168 ms	1401.87 GFlops
# [vpu]:512	4096	double2	171.575 ms	1408.08 GFlops
# [vpu]:512	4096	double4	342.589 ms	1410.39 GFlops
# [vpu]:512	4096	double8	684.664 ms	1411.45 GFlops
# [vpu]:512	4096	double16	1370.1 ms	1410.65 GFlops

summary: 512	4096	684.664 ms	1411.45 GFlops	double8
--------------------------------------------
# [vpu]:512	8192	double1	172.097 ms	1403.81 GFlops
# [vpu]:512	8192	double2	342.74 ms	1409.77 GFlops
# [vpu]:512	8192	double4	684.345 ms	1412.11 GFlops
# [vpu]:512	8192	double8	1367.94 ms	1412.88 GFlops
# [vpu]:512	8192	double16	2735.37 ms	1413.14 GFlops

summary: 512	8192	2735.37 ms	1413.14 GFlops	double16
--------------------------------------------
# [vpu]:512	16384	double1	344.008 ms	1404.57 GFlops
# [vpu]:512	16384	double2	684.906 ms	1410.95 GFlops
# [vpu]:512	16384	double4	1367.55 ms	1413.29 GFlops
# [vpu]:512	16384	double8	2733.67 ms	1414.02 GFlops
# [vpu]:512	16384	double16	5469.06 ms	1413.58 GFlops

summary: 512	16384	2733.67 ms	1414.02 GFlops	double8
--------------------------------------------
# [vpu]:512	32768	double1	687.716 ms	1405.18 GFlops
# [vpu]:512	32768	double2	1369.42 ms	1411.35 GFlops
# [vpu]:512	32768	double4	2734.86 ms	1413.41 GFlops
# [vpu]:512	32768	double8	5465.85 ms	1414.41 GFlops
# [vpu]:512	32768	double16	10931.9 ms	1414.38 GFlops

summary: 512	32768	5465.85 ms	1414.41 GFlops	double8
--------------------------------------------
# [vpu]:1024	256	double1	11.2611 ms	1340.85 GFlops
# [vpu]:1024	256	double2	22.4444 ms	1345.5 GFlops
# [vpu]:1024	256	double4	45.106 ms	1339.02 GFlops
# [vpu]:1024	256	double8	90.1506 ms	1339.93 GFlops
# [vpu]:1024	256	double16	178.34 ms	1354.67 GFlops

summary: 1024	256	178.34 ms	1354.67 GFlops	double16
--------------------------------------------
# [vpu]:1024	512	double1	21.8201 ms	1384 GFlops
# [vpu]:1024	512	double2	43.4721 ms	1389.35 GFlops
# [vpu]:1024	512	double4	86.7911 ms	1391.8 GFlops
# [vpu]:1024	512	double8	173.436 ms	1392.98 GFlops
# [vpu]:1024	512	double16	346.762 ms	1393.42 GFlops

summary: 1024	512	346.762 ms	1393.42 GFlops	double16
--------------------------------------------
# [vpu]:1024	1024	double1	43.1465 ms	1399.84 GFlops
# [vpu]:1024	1024	double2	85.9129 ms	1406.03 GFlops
# [vpu]:1024	1024	double4	171.528 ms	1408.47 GFlops
# [vpu]:1024	1024	double8	343.227 ms	1407.77 GFlops
# [vpu]:1024	1024	double16	685.387 ms	1409.96 GFlops

summary: 1024	1024	685.387 ms	1409.96 GFlops	double16
--------------------------------------------
# [vpu]:1024	2048	double1	86.2399 ms	1400.7 GFlops
# [vpu]:1024	2048	double2	171.75 ms	1406.65 GFlops
# [vpu]:1024	2048	double4	342.864 ms	1409.26 GFlops
# [vpu]:1024	2048	double8	685.275 ms	1410.19 GFlops
# [vpu]:1024	2048	double16	1369.9 ms	1410.86 GFlops

summary: 1024	2048	1369.9 ms	1410.86 GFlops	double16
--------------------------------------------
# [vpu]:1024	4096	double1	172.2 ms	1402.97 GFlops
# [vpu]:1024	4096	double2	342.895 ms	1409.13 GFlops
# [vpu]:1024	4096	double4	685.38 ms	1409.97 GFlops
# [vpu]:1024	4096	double8	1370.32 ms	1410.42 GFlops
# [vpu]:1024	4096	double16	2734.44 ms	1413.62 GFlops

summary: 1024	4096	2734.44 ms	1413.62 GFlops	double16
--------------------------------------------
# [vpu]:1024	8192	double1	343.991 ms	1404.64 GFlops
# [vpu]:1024	8192	double2	685.457 ms	1409.82 GFlops
# [vpu]:1024	8192	double4	1368.67 ms	1412.13 GFlops
# [vpu]:1024	8192	double8	2735.38 ms	1413.14 GFlops
# [vpu]:1024	8192	double16	5466.04 ms	1414.36 GFlops

summary: 1024	8192	5466.04 ms	1414.36 GFlops	double16
--------------------------------------------
# [vpu]:1024	16384	double1	687.438 ms	1405.75 GFlops
# [vpu]:1024	16384	double2	1369.93 ms	1410.83 GFlops
# [vpu]:1024	16384	double4	2734.41 ms	1413.64 GFlops
# [vpu]:1024	16384	double8	5467.3 ms	1414.03 GFlops
# [vpu]:1024	16384	double16	10927 ms	1415.02 GFlops

summary: 1024	16384	10927 ms	1415.02 GFlops	double16
--------------------------------------------
# [vpu]:1024	32768	double1	1374.5 ms	1406.13 GFlops
# [vpu]:1024	32768	double2	2737.73 ms	1411.93 GFlops
# [vpu]:1024	32768	double4	5466.26 ms	1414.3 GFlops
# [vpu]:1024	32768	double8	10926.6 ms	1415.07 GFlops
# [vpu]:1024	32768	double16	21844.5 ms	1415.63 GFlops

summary: 1024	32768	21844.5 ms	1415.63 GFlops	double16
--------------------------------------------
Data type: double
Time for VPU: 21844.5 ms.	BlockSize: 1024	GridSize: 32768	VecSize: 16	Bandwidth: 1415.63 GFLOPS
