
Starting to launch opencl_compare...
Fast run...
Data size: 33554432

Detection mode: All
------ Start hardware checking ------
Platform: Intel(R) OpenCL
Number of devices: 2
	Computing device 0 : Intel(R) Xeon(R) CPU E5-2650 v3 @ 2.30GHz
	Computing device 1 : Intel(R) Many Integrated Core Acceleration Card
Please enter the index of the device to use (0,1,2...) : Selected device: Intel(R) Many Integrated Core Acceleration Card
------ End of hardware checking ------

----- Vector Instruction Throughput Test -----
Max data size: 33554432
Data type: float
blockSize=128	gridSize=256	float1	1.75784 ms	1073.72 GFlops	done!
blockSize=128	gridSize=256	float2	2.56684 ms	1470.63 GFlops	done!
blockSize=128	gridSize=256	float4	4.98348 ms	1514.95 GFlops	done!
blockSize=128	gridSize=256	float8	9.76244 ms	1546.69 GFlops	done!
blockSize=128	gridSize=256	float16	19.305 ms	1564.31 GFlops	done!
blockSize=128	gridSize=512	float1	2.55259 ms	1478.84 GFlops	done!
blockSize=128	gridSize=512	float2	4.41549 ms	1709.83 GFlops	done!
blockSize=128	gridSize=512	float4	8.63458 ms	1748.72 GFlops	done!
blockSize=128	gridSize=512	float8	17.2913 ms	1746.48 GFlops	done!
blockSize=128	gridSize=512	float16	34.7673 ms	1737.21 GFlops	done!
blockSize=128	gridSize=1024	float1	4.0784 ms	1851.15 GFlops	done!
blockSize=128	gridSize=1024	float2	7.48984 ms	2016 GFlops	done!
blockSize=128	gridSize=1024	float4	15.0112 ms	2011.76 GFlops	done!
blockSize=128	gridSize=1024	float8	29.3794 ms	2055.79 GFlops	done!
blockSize=128	gridSize=1024	float16	59.5663 ms	2027.93 GFlops	done!
blockSize=128	gridSize=2048	float1	7.1101 ms	2123.67 GFlops	done!
blockSize=128	gridSize=2048	float2	13.6716 ms	2208.89 GFlops	done!
blockSize=128	gridSize=2048	float4	27.2237 ms	2218.58 GFlops	done!
blockSize=128	gridSize=2048	float8	54.1654 ms	2230.13 GFlops	done!
blockSize=128	gridSize=2048	float16	108.294 ms	2230.89 GFlops	done!
blockSize=128	gridSize=4096	float1	13.9207 ms	2169.35 GFlops	done!
blockSize=128	gridSize=4096	float2	25.9826 ms	2324.55 GFlops	done!
blockSize=128	gridSize=4096	float4	51.4483 ms	2347.91 GFlops	done!
blockSize=128	gridSize=4096	float8	102.445 ms	2358.27 GFlops	done!
blockSize=128	gridSize=4096	float16	204.613 ms	2361.45 GFlops	done!
blockSize=128	gridSize=8192	float1	26.8507 ms	2249.4 GFlops	done!
blockSize=128	gridSize=8192	float2	51.4335 ms	2348.58 GFlops	done!
blockSize=128	gridSize=8192	float4	102.475 ms	2357.57 GFlops	done!
blockSize=128	gridSize=8192	float8	204.553 ms	2362.14 GFlops	done!
blockSize=128	gridSize=8192	float16	408.876 ms	2363.47 GFlops	done!
blockSize=128	gridSize=16384	float1	52.5073 ms	2300.56 GFlops	done!
blockSize=128	gridSize=16384	float2	102.636 ms	2353.88 GFlops	done!
blockSize=128	gridSize=16384	float4	204.57 ms	2361.95 GFlops	done!
blockSize=128	gridSize=16384	float8	408.152 ms	2367.66 GFlops	done!
blockSize=128	gridSize=16384	float16	815.481 ms	2370.05 GFlops	done!
blockSize=128	gridSize=32768	float1	104.329 ms	2315.67 GFlops	done!
blockSize=128	gridSize=32768	float2	205.67 ms	2349.32 GFlops	done!
blockSize=128	gridSize=32768	float4	410.217 ms	2355.75 GFlops	done!
blockSize=128	gridSize=32768	float8	819.576 ms	2358.21 GFlops	done!
blockSize=128	gridSize=32768	float16	1639.07 ms	2358.34 GFlops	done!
blockSize=256	gridSize=256	float1	3.37288 ms	1119.18 GFlops	done!
blockSize=256	gridSize=256	float2	4.98049 ms	1515.86 GFlops	done!
blockSize=256	gridSize=256	float4	9.76107 ms	1546.91 GFlops	done!
blockSize=256	gridSize=256	float8	19.1906 ms	1573.63 GFlops	done!
blockSize=256	gridSize=256	float16	38.1742 ms	1582.17 GFlops	done!
blockSize=256	gridSize=512	float1	4.90203 ms	1540.13 GFlops	done!
blockSize=256	gridSize=512	float2	8.56762 ms	1762.39 GFlops	done!
blockSize=256	gridSize=512	float4	17.3537 ms	1740.2 GFlops	done!
blockSize=256	gridSize=512	float8	34.4411 ms	1753.66 GFlops	done!
blockSize=256	gridSize=512	float16	68.3918 ms	1766.24 GFlops	done!
blockSize=256	gridSize=1024	float1	7.94537 ms	1900.42 GFlops	done!
blockSize=256	gridSize=1024	float2	14.6735 ms	2058.06 GFlops	done!
blockSize=256	gridSize=1024	float4	29.7492 ms	2030.24 GFlops	done!
blockSize=256	gridSize=1024	float8	60.0207 ms	2012.57 GFlops	done!
blockSize=256	gridSize=1024	float16	120.28 ms	2008.57 GFlops	done!
blockSize=256	gridSize=2048	float1	14.0113 ms	2155.33 GFlops	done!
blockSize=256	gridSize=2048	float2	27.249 ms	2216.52 GFlops	done!
blockSize=256	gridSize=2048	float4	54.1742 ms	2229.77 GFlops	done!
blockSize=256	gridSize=2048	float8	108.265 ms	2231.48 GFlops	done!
blockSize=256	gridSize=2048	float16	215.861 ms	2238.4 GFlops	done!
blockSize=256	gridSize=4096	float1	27.627 ms	2186.19 GFlops	done!
blockSize=256	gridSize=4096	float2	51.4793 ms	2346.5 GFlops	done!
blockSize=256	gridSize=4096	float4	102.494 ms	2357.13 GFlops	done!
blockSize=256	gridSize=4096	float8	204.588 ms	2361.74 GFlops	done!
blockSize=256	gridSize=4096	float16	408.9 ms	2363.33 GFlops	done!
blockSize=256	gridSize=8192	float1	53.2599 ms	2268.05 GFlops	done!
blockSize=256	gridSize=8192	float2	102.647 ms	2353.62 GFlops	done!
blockSize=256	gridSize=8192	float4	204.701 ms	2360.44 GFlops	done!
blockSize=256	gridSize=8192	float8	408.851 ms	2363.62 GFlops	done!
blockSize=256	gridSize=8192	float16	817.45 ms	2364.35 GFlops	done!
blockSize=256	gridSize=16384	float1	104.413 ms	2313.82 GFlops	done!
blockSize=256	gridSize=16384	float2	204.952 ms	2357.54 GFlops	done!
blockSize=256	gridSize=16384	float4	408.756 ms	2364.16 GFlops	done!
blockSize=256	gridSize=16384	float8	816.118 ms	2368.21 GFlops	done!
blockSize=256	gridSize=16384	float16	1634.19 ms	2365.38 GFlops	done!
blockSize=256	gridSize=32768	float1	208.178 ms	2321.01 GFlops	done!
blockSize=256	gridSize=32768	float2	410.845 ms	2352.15 GFlops	done!
blockSize=256	gridSize=32768	float4	820.046 ms	2356.86 GFlops	done!
blockSize=256	gridSize=32768	float8	1639.26 ms	2358.06 GFlops	done!
blockSize=256	gridSize=32768	float16	3277.34 ms	2358.91 GFlops	done!
blockSize=512	gridSize=256	float1	6.66025 ms	1133.55 GFlops	done!
blockSize=512	gridSize=256	float2	9.78847 ms	1542.58 GFlops	done!
blockSize=512	gridSize=256	float4	19.2039 ms	1572.54 GFlops	done!
blockSize=512	gridSize=256	float8	37.9635 ms	1590.95 GFlops	done!
blockSize=512	gridSize=256	float16	74.8255 ms	1614.37 GFlops	done!
blockSize=512	gridSize=512	float1	9.70655 ms	1555.6 GFlops	done!
blockSize=512	gridSize=512	float2	17.0445 ms	1771.77 GFlops	done!
blockSize=512	gridSize=512	float4	34.2347 ms	1764.23 GFlops	done!
blockSize=512	gridSize=512	float8	68.2026 ms	1771.13 GFlops	done!
blockSize=512	gridSize=512	float16	139.497 ms	1731.88 GFlops	done!
blockSize=512	gridSize=1024	float1	15.7676 ms	1915.25 GFlops	done!
blockSize=512	gridSize=1024	float2	29.9001 ms	2019.99 GFlops	done!
blockSize=512	gridSize=1024	float4	60.0099 ms	2012.93 GFlops	done!
blockSize=512	gridSize=1024	float8	118.817 ms	2033.3 GFlops	done!
blockSize=512	gridSize=1024	float16	236.607 ms	2042.14 GFlops	done!
blockSize=512	gridSize=2048	float1	27.8671 ms	2167.36 GFlops	done!
blockSize=512	gridSize=2048	float2	54.3436 ms	2222.82 GFlops	done!
blockSize=512	gridSize=2048	float4	108.375 ms	2229.23 GFlops	done!
blockSize=512	gridSize=2048	float8	214.447 ms	2253.16 GFlops	done!
blockSize=512	gridSize=2048	float16	424 ms	2279.17 GFlops	done!
blockSize=512	gridSize=4096	float1	54.6233 ms	2211.44 GFlops	done!
blockSize=512	gridSize=4096	float2	102.685 ms	2352.76 GFlops	done!
blockSize=512	gridSize=4096	float4	204.704 ms	2360.41 GFlops	done!
blockSize=512	gridSize=4096	float8	408.88 ms	2363.45 GFlops	done!
blockSize=512	gridSize=4096	float16	817.276 ms	2364.85 GFlops	done!
blockSize=512	gridSize=8192	float1	104.839 ms	2304.42 GFlops	done!
blockSize=512	gridSize=8192	float2	204.882 ms	2358.35 GFlops	done!
blockSize=512	gridSize=8192	float4	408.952 ms	2363.03 GFlops	done!
blockSize=512	gridSize=8192	float8	817.116 ms	2365.31 GFlops	done!
blockSize=512	gridSize=8192	float16	1633.32 ms	2366.63 GFlops	done!
blockSize=512	gridSize=16384	float1	208.666 ms	2315.59 GFlops	done!
blockSize=512	gridSize=16384	float2	409.435 ms	2360.25 GFlops	done!
blockSize=512	gridSize=16384	float4	816.829 ms	2366.14 GFlops	done!
blockSize=512	gridSize=16384	float8	1631.13 ms	2369.81 GFlops	done!
blockSize=512	gridSize=16384	float16	3259.3 ms	2371.97 GFlops	done!
blockSize=512	gridSize=32768	float1	415.879 ms	2323.68 GFlops	done!
blockSize=512	gridSize=32768	float2	821.355 ms	2353.11 GFlops	done!
blockSize=512	gridSize=32768	float4	1639.6 ms	2357.58 GFlops	done!
blockSize=512	gridSize=32768	float8	3352.78 ms	2305.83 GFlops	done!
blockSize=512	gridSize=32768	float16	6590.49 ms	2346.09 GFlops	done!
blockSize=1024	gridSize=256	float1	13.0939 ms	1153.17 GFlops	done!
blockSize=1024	gridSize=256	float2	19.2644 ms	1567.61 GFlops	done!
blockSize=1024	gridSize=256	float4	37.9522 ms	1591.42 GFlops	done!
blockSize=1024	gridSize=256	float8	74.5701 ms	1619.9 GFlops	done!
blockSize=1024	gridSize=256	float16	144.964 ms	1666.56 GFlops	done!
blockSize=1024	gridSize=512	float1	19.2031 ms	1572.61 GFlops	done!
blockSize=1024	gridSize=512	float2	34.2678 ms	1762.53 GFlops	done!
blockSize=1024	gridSize=512	float4	68.264 ms	1769.54 GFlops	done!
blockSize=1024	gridSize=512	float8	138.242 ms	1747.6 GFlops	done!
blockSize=1024	gridSize=512	float16	281.525 ms	1716.31 GFlops	done!
blockSize=1024	gridSize=1024	float1	31.4391 ms	1921.11 GFlops	done!
blockSize=1024	gridSize=1024	float2	60.1086 ms	2009.63 GFlops	done!
blockSize=1024	gridSize=1024	float4	119.346 ms	2024.31 GFlops	done!
blockSize=1024	gridSize=1024	float8	239.377 ms	2018.51 GFlops	done!
blockSize=1024	gridSize=1024	float16	481.517 ms	2006.93 GFlops	done!
blockSize=1024	gridSize=2048	float1	55.5096 ms	2176.13 GFlops	done!
blockSize=1024	gridSize=2048	float2	108.476 ms	2227.15 GFlops	done!
blockSize=1024	gridSize=2048	float4	216.545 ms	2231.33 GFlops	done!
blockSize=1024	gridSize=2048	float8	425.575 ms	2270.73 GFlops	done!
blockSize=1024	gridSize=2048	float16	866.215 ms	2231.24 GFlops	done!
blockSize=1024	gridSize=4096	float1	107.098 ms	2255.81 GFlops	done!
blockSize=1024	gridSize=4096	float2	204.967 ms	2357.37 GFlops	done!
blockSize=1024	gridSize=4096	float4	409.289 ms	2361.09 GFlops	done!
blockSize=1024	gridSize=4096	float8	817.222 ms	2365.01 GFlops	done!
blockSize=1024	gridSize=4096	float16	1635.75 ms	2363.11 GFlops	done!
blockSize=1024	gridSize=8192	float1	209.323 ms	2308.31 GFlops	done!
blockSize=1024	gridSize=8192	float2	409.675 ms	2358.87 GFlops	done!
blockSize=1024	gridSize=8192	float4	817.654 ms	2363.76 GFlops	done!
blockSize=1024	gridSize=8192	float8	1633.47 ms	2366.42 GFlops	done!
blockSize=1024	gridSize=8192	float16	3270.23 ms	2364.04 GFlops	done!
blockSize=1024	gridSize=16384	float1	416.409 ms	2320.72 GFlops	done!
blockSize=1024	gridSize=16384	float2	817.034 ms	2365.55 GFlops	done!
blockSize=1024	gridSize=16384	float4	1631.01 ms	2369.99 GFlops	done!
blockSize=1024	gridSize=16384	float8	3263.47 ms	2368.93 GFlops	done!
blockSize=1024	gridSize=16384	float16	6527.1 ms	2368.87 GFlops	done!
blockSize=1024	gridSize=32768	float1	831.148 ms	2325.38 GFlops	done!
blockSize=1024	gridSize=32768	float2	1643.6 ms	2351.84 GFlops	done!
blockSize=1024	gridSize=32768	float4	3328.11 ms	2322.92 GFlops	done!
blockSize=1024	gridSize=32768	float8	6906.39 ms	2238.78 GFlops	done!
blockSize=1024	gridSize=32768	float16	13111.5 ms	2358.52 GFlops	done!

----------- Original ------------
# [vpu]:128	256	float1	1.75784 ms	1073.72 GFlops
# [vpu]:128	256	float2	2.56684 ms	1470.63 GFlops
# [vpu]:128	256	float4	4.98348 ms	1514.95 GFlops
# [vpu]:128	256	float8	9.76244 ms	1546.69 GFlops
# [vpu]:128	256	float16	19.305 ms	1564.31 GFlops
# [vpu]:128	512	float1	2.55259 ms	1478.84 GFlops
# [vpu]:128	512	float2	4.41549 ms	1709.83 GFlops
# [vpu]:128	512	float4	8.63458 ms	1748.72 GFlops
# [vpu]:128	512	float8	17.2913 ms	1746.48 GFlops
# [vpu]:128	512	float16	34.7673 ms	1737.21 GFlops
# [vpu]:128	1024	float1	4.0784 ms	1851.15 GFlops
# [vpu]:128	1024	float2	7.48984 ms	2016 GFlops
# [vpu]:128	1024	float4	15.0112 ms	2011.76 GFlops
# [vpu]:128	1024	float8	29.3794 ms	2055.79 GFlops
# [vpu]:128	1024	float16	59.5663 ms	2027.93 GFlops
# [vpu]:128	2048	float1	7.1101 ms	2123.67 GFlops
# [vpu]:128	2048	float2	13.6716 ms	2208.89 GFlops
# [vpu]:128	2048	float4	27.2237 ms	2218.58 GFlops
# [vpu]:128	2048	float8	54.1654 ms	2230.13 GFlops
# [vpu]:128	2048	float16	108.294 ms	2230.89 GFlops
# [vpu]:128	4096	float1	13.9207 ms	2169.35 GFlops
# [vpu]:128	4096	float2	25.9826 ms	2324.55 GFlops
# [vpu]:128	4096	float4	51.4483 ms	2347.91 GFlops
# [vpu]:128	4096	float8	102.445 ms	2358.27 GFlops
# [vpu]:128	4096	float16	204.613 ms	2361.45 GFlops
# [vpu]:128	8192	float1	26.8507 ms	2249.4 GFlops
# [vpu]:128	8192	float2	51.4335 ms	2348.58 GFlops
# [vpu]:128	8192	float4	102.475 ms	2357.57 GFlops
# [vpu]:128	8192	float8	204.553 ms	2362.14 GFlops
# [vpu]:128	8192	float16	408.876 ms	2363.47 GFlops
# [vpu]:128	16384	float1	52.5073 ms	2300.56 GFlops
# [vpu]:128	16384	float2	102.636 ms	2353.88 GFlops
# [vpu]:128	16384	float4	204.57 ms	2361.95 GFlops
# [vpu]:128	16384	float8	408.152 ms	2367.66 GFlops
# [vpu]:128	16384	float16	815.481 ms	2370.05 GFlops
# [vpu]:128	32768	float1	104.329 ms	2315.67 GFlops
# [vpu]:128	32768	float2	205.67 ms	2349.32 GFlops
# [vpu]:128	32768	float4	410.217 ms	2355.75 GFlops
# [vpu]:128	32768	float8	819.576 ms	2358.21 GFlops
# [vpu]:128	32768	float16	1639.07 ms	2358.34 GFlops
# [vpu]:256	256	float1	3.37288 ms	1119.18 GFlops
# [vpu]:256	256	float2	4.98049 ms	1515.86 GFlops
# [vpu]:256	256	float4	9.76107 ms	1546.91 GFlops
# [vpu]:256	256	float8	19.1906 ms	1573.63 GFlops
# [vpu]:256	256	float16	38.1742 ms	1582.17 GFlops
# [vpu]:256	512	float1	4.90203 ms	1540.13 GFlops
# [vpu]:256	512	float2	8.56762 ms	1762.39 GFlops
# [vpu]:256	512	float4	17.3537 ms	1740.2 GFlops
# [vpu]:256	512	float8	34.4411 ms	1753.66 GFlops
# [vpu]:256	512	float16	68.3918 ms	1766.24 GFlops
# [vpu]:256	1024	float1	7.94537 ms	1900.42 GFlops
# [vpu]:256	1024	float2	14.6735 ms	2058.06 GFlops
# [vpu]:256	1024	float4	29.7492 ms	2030.24 GFlops
# [vpu]:256	1024	float8	60.0207 ms	2012.57 GFlops
# [vpu]:256	1024	float16	120.28 ms	2008.57 GFlops
# [vpu]:256	2048	float1	14.0113 ms	2155.33 GFlops
# [vpu]:256	2048	float2	27.249 ms	2216.52 GFlops
# [vpu]:256	2048	float4	54.1742 ms	2229.77 GFlops
# [vpu]:256	2048	float8	108.265 ms	2231.48 GFlops
# [vpu]:256	2048	float16	215.861 ms	2238.4 GFlops
# [vpu]:256	4096	float1	27.627 ms	2186.19 GFlops
# [vpu]:256	4096	float2	51.4793 ms	2346.5 GFlops
# [vpu]:256	4096	float4	102.494 ms	2357.13 GFlops
# [vpu]:256	4096	float8	204.588 ms	2361.74 GFlops
# [vpu]:256	4096	float16	408.9 ms	2363.33 GFlops
# [vpu]:256	8192	float1	53.2599 ms	2268.05 GFlops
# [vpu]:256	8192	float2	102.647 ms	2353.62 GFlops
# [vpu]:256	8192	float4	204.701 ms	2360.44 GFlops
# [vpu]:256	8192	float8	408.851 ms	2363.62 GFlops
# [vpu]:256	8192	float16	817.45 ms	2364.35 GFlops
# [vpu]:256	16384	float1	104.413 ms	2313.82 GFlops
# [vpu]:256	16384	float2	204.952 ms	2357.54 GFlops
# [vpu]:256	16384	float4	408.756 ms	2364.16 GFlops
# [vpu]:256	16384	float8	816.118 ms	2368.21 GFlops
# [vpu]:256	16384	float16	1634.19 ms	2365.38 GFlops
# [vpu]:256	32768	float1	208.178 ms	2321.01 GFlops
# [vpu]:256	32768	float2	410.845 ms	2352.15 GFlops
# [vpu]:256	32768	float4	820.046 ms	2356.86 GFlops
# [vpu]:256	32768	float8	1639.26 ms	2358.06 GFlops
# [vpu]:256	32768	float16	3277.34 ms	2358.91 GFlops
# [vpu]:512	256	float1	6.66025 ms	1133.55 GFlops
# [vpu]:512	256	float2	9.78847 ms	1542.58 GFlops
# [vpu]:512	256	float4	19.2039 ms	1572.54 GFlops
# [vpu]:512	256	float8	37.9635 ms	1590.95 GFlops
# [vpu]:512	256	float16	74.8255 ms	1614.37 GFlops
# [vpu]:512	512	float1	9.70655 ms	1555.6 GFlops
# [vpu]:512	512	float2	17.0445 ms	1771.77 GFlops
# [vpu]:512	512	float4	34.2347 ms	1764.23 GFlops
# [vpu]:512	512	float8	68.2026 ms	1771.13 GFlops
# [vpu]:512	512	float16	139.497 ms	1731.88 GFlops
# [vpu]:512	1024	float1	15.7676 ms	1915.25 GFlops
# [vpu]:512	1024	float2	29.9001 ms	2019.99 GFlops
# [vpu]:512	1024	float4	60.0099 ms	2012.93 GFlops
# [vpu]:512	1024	float8	118.817 ms	2033.3 GFlops
# [vpu]:512	1024	float16	236.607 ms	2042.14 GFlops
# [vpu]:512	2048	float1	27.8671 ms	2167.36 GFlops
# [vpu]:512	2048	float2	54.3436 ms	2222.82 GFlops
# [vpu]:512	2048	float4	108.375 ms	2229.23 GFlops
# [vpu]:512	2048	float8	214.447 ms	2253.16 GFlops
# [vpu]:512	2048	float16	424 ms	2279.17 GFlops
# [vpu]:512	4096	float1	54.6233 ms	2211.44 GFlops
# [vpu]:512	4096	float2	102.685 ms	2352.76 GFlops
# [vpu]:512	4096	float4	204.704 ms	2360.41 GFlops
# [vpu]:512	4096	float8	408.88 ms	2363.45 GFlops
# [vpu]:512	4096	float16	817.276 ms	2364.85 GFlops
# [vpu]:512	8192	float1	104.839 ms	2304.42 GFlops
# [vpu]:512	8192	float2	204.882 ms	2358.35 GFlops
# [vpu]:512	8192	float4	408.952 ms	2363.03 GFlops
# [vpu]:512	8192	float8	817.116 ms	2365.31 GFlops
# [vpu]:512	8192	float16	1633.32 ms	2366.63 GFlops
# [vpu]:512	16384	float1	208.666 ms	2315.59 GFlops
# [vpu]:512	16384	float2	409.435 ms	2360.25 GFlops
# [vpu]:512	16384	float4	816.829 ms	2366.14 GFlops
# [vpu]:512	16384	float8	1631.13 ms	2369.81 GFlops
# [vpu]:512	16384	float16	3259.3 ms	2371.97 GFlops
# [vpu]:512	32768	float1	415.879 ms	2323.68 GFlops
# [vpu]:512	32768	float2	821.355 ms	2353.11 GFlops
# [vpu]:512	32768	float4	1639.6 ms	2357.58 GFlops
# [vpu]:512	32768	float8	3352.78 ms	2305.83 GFlops
# [vpu]:512	32768	float16	6590.49 ms	2346.09 GFlops
# [vpu]:1024	256	float1	13.0939 ms	1153.17 GFlops
# [vpu]:1024	256	float2	19.2644 ms	1567.61 GFlops
# [vpu]:1024	256	float4	37.9522 ms	1591.42 GFlops
# [vpu]:1024	256	float8	74.5701 ms	1619.9 GFlops
# [vpu]:1024	256	float16	144.964 ms	1666.56 GFlops
# [vpu]:1024	512	float1	19.2031 ms	1572.61 GFlops
# [vpu]:1024	512	float2	34.2678 ms	1762.53 GFlops
# [vpu]:1024	512	float4	68.264 ms	1769.54 GFlops
# [vpu]:1024	512	float8	138.242 ms	1747.6 GFlops
# [vpu]:1024	512	float16	281.525 ms	1716.31 GFlops
# [vpu]:1024	1024	float1	31.4391 ms	1921.11 GFlops
# [vpu]:1024	1024	float2	60.1086 ms	2009.63 GFlops
# [vpu]:1024	1024	float4	119.346 ms	2024.31 GFlops
# [vpu]:1024	1024	float8	239.377 ms	2018.51 GFlops
# [vpu]:1024	1024	float16	481.517 ms	2006.93 GFlops
# [vpu]:1024	2048	float1	55.5096 ms	2176.13 GFlops
# [vpu]:1024	2048	float2	108.476 ms	2227.15 GFlops
# [vpu]:1024	2048	float4	216.545 ms	2231.33 GFlops
# [vpu]:1024	2048	float8	425.575 ms	2270.73 GFlops
# [vpu]:1024	2048	float16	866.215 ms	2231.24 GFlops
# [vpu]:1024	4096	float1	107.098 ms	2255.81 GFlops
# [vpu]:1024	4096	float2	204.967 ms	2357.37 GFlops
# [vpu]:1024	4096	float4	409.289 ms	2361.09 GFlops
# [vpu]:1024	4096	float8	817.222 ms	2365.01 GFlops
# [vpu]:1024	4096	float16	1635.75 ms	2363.11 GFlops
# [vpu]:1024	8192	float1	209.323 ms	2308.31 GFlops
# [vpu]:1024	8192	float2	409.675 ms	2358.87 GFlops
# [vpu]:1024	8192	float4	817.654 ms	2363.76 GFlops
# [vpu]:1024	8192	float8	1633.47 ms	2366.42 GFlops
# [vpu]:1024	8192	float16	3270.23 ms	2364.04 GFlops
# [vpu]:1024	16384	float1	416.409 ms	2320.72 GFlops
# [vpu]:1024	16384	float2	817.034 ms	2365.55 GFlops
# [vpu]:1024	16384	float4	1631.01 ms	2369.99 GFlops
# [vpu]:1024	16384	float8	3263.47 ms	2368.93 GFlops
# [vpu]:1024	16384	float16	6527.1 ms	2368.87 GFlops
# [vpu]:1024	32768	float1	831.148 ms	2325.38 GFlops
# [vpu]:1024	32768	float2	1643.6 ms	2351.84 GFlops
# [vpu]:1024	32768	float4	3328.11 ms	2322.92 GFlops
# [vpu]:1024	32768	float8	6906.39 ms	2238.78 GFlops
# [vpu]:1024	32768	float16	13111.5 ms	2358.52 GFlops

----------- Aggregated at vec_size ------------
# [vpu]:float1	128	256	1.75784 ms	1073.72 GFlops
# [vpu]:float1	128	512	2.55259 ms	1478.84 GFlops
# [vpu]:float1	128	1024	4.0784 ms	1851.15 GFlops
# [vpu]:float1	128	2048	7.1101 ms	2123.67 GFlops
# [vpu]:float1	128	4096	13.9207 ms	2169.35 GFlops
# [vpu]:float1	128	8192	26.8507 ms	2249.4 GFlops
# [vpu]:float1	128	16384	52.5073 ms	2300.56 GFlops
# [vpu]:float1	128	32768	104.329 ms	2315.67 GFlops
# [vpu]:float1	256	256	3.37288 ms	1119.18 GFlops
# [vpu]:float1	256	512	4.90203 ms	1540.13 GFlops
# [vpu]:float1	256	1024	7.94537 ms	1900.42 GFlops
# [vpu]:float1	256	2048	14.0113 ms	2155.33 GFlops
# [vpu]:float1	256	4096	27.627 ms	2186.19 GFlops
# [vpu]:float1	256	8192	53.2599 ms	2268.05 GFlops
# [vpu]:float1	256	16384	104.413 ms	2313.82 GFlops
# [vpu]:float1	256	32768	208.178 ms	2321.01 GFlops
# [vpu]:float1	512	256	6.66025 ms	1133.55 GFlops
# [vpu]:float1	512	512	9.70655 ms	1555.6 GFlops
# [vpu]:float1	512	1024	15.7676 ms	1915.25 GFlops
# [vpu]:float1	512	2048	27.8671 ms	2167.36 GFlops
# [vpu]:float1	512	4096	54.6233 ms	2211.44 GFlops
# [vpu]:float1	512	8192	104.839 ms	2304.42 GFlops
# [vpu]:float1	512	16384	208.666 ms	2315.59 GFlops
# [vpu]:float1	512	32768	415.879 ms	2323.68 GFlops
# [vpu]:float1	1024	256	13.0939 ms	1153.17 GFlops
# [vpu]:float1	1024	512	19.2031 ms	1572.61 GFlops
# [vpu]:float1	1024	1024	31.4391 ms	1921.11 GFlops
# [vpu]:float1	1024	2048	55.5096 ms	2176.13 GFlops
# [vpu]:float1	1024	4096	107.098 ms	2255.81 GFlops
# [vpu]:float1	1024	8192	209.323 ms	2308.31 GFlops
# [vpu]:float1	1024	16384	416.409 ms	2320.72 GFlops
# [vpu]:float1	1024	32768	831.148 ms	2325.38 GFlops

summary: float1	831.148 ms	2325.38 GFlops	1024	32768
--------------------------------------------
# [vpu]:float2	128	256	2.56684 ms	1470.63 GFlops
# [vpu]:float2	128	512	4.41549 ms	1709.83 GFlops
# [vpu]:float2	128	1024	7.48984 ms	2016 GFlops
# [vpu]:float2	128	2048	13.6716 ms	2208.89 GFlops
# [vpu]:float2	128	4096	25.9826 ms	2324.55 GFlops
# [vpu]:float2	128	8192	51.4335 ms	2348.58 GFlops
# [vpu]:float2	128	16384	102.636 ms	2353.88 GFlops
# [vpu]:float2	128	32768	205.67 ms	2349.32 GFlops
# [vpu]:float2	256	256	4.98049 ms	1515.86 GFlops
# [vpu]:float2	256	512	8.56762 ms	1762.39 GFlops
# [vpu]:float2	256	1024	14.6735 ms	2058.06 GFlops
# [vpu]:float2	256	2048	27.249 ms	2216.52 GFlops
# [vpu]:float2	256	4096	51.4793 ms	2346.5 GFlops
# [vpu]:float2	256	8192	102.647 ms	2353.62 GFlops
# [vpu]:float2	256	16384	204.952 ms	2357.54 GFlops
# [vpu]:float2	256	32768	410.845 ms	2352.15 GFlops
# [vpu]:float2	512	256	9.78847 ms	1542.58 GFlops
# [vpu]:float2	512	512	17.0445 ms	1771.77 GFlops
# [vpu]:float2	512	1024	29.9001 ms	2019.99 GFlops
# [vpu]:float2	512	2048	54.3436 ms	2222.82 GFlops
# [vpu]:float2	512	4096	102.685 ms	2352.76 GFlops
# [vpu]:float2	512	8192	204.882 ms	2358.35 GFlops
# [vpu]:float2	512	16384	409.435 ms	2360.25 GFlops
# [vpu]:float2	512	32768	821.355 ms	2353.11 GFlops
# [vpu]:float2	1024	256	19.2644 ms	1567.61 GFlops
# [vpu]:float2	1024	512	34.2678 ms	1762.53 GFlops
# [vpu]:float2	1024	1024	60.1086 ms	2009.63 GFlops
# [vpu]:float2	1024	2048	108.476 ms	2227.15 GFlops
# [vpu]:float2	1024	4096	204.967 ms	2357.37 GFlops
# [vpu]:float2	1024	8192	409.675 ms	2358.87 GFlops
# [vpu]:float2	1024	16384	817.034 ms	2365.55 GFlops
# [vpu]:float2	1024	32768	1643.6 ms	2351.84 GFlops

summary: float2	817.034 ms	2365.55 GFlops	1024	16384
--------------------------------------------
# [vpu]:float4	128	256	4.98348 ms	1514.95 GFlops
# [vpu]:float4	128	512	8.63458 ms	1748.72 GFlops
# [vpu]:float4	128	1024	15.0112 ms	2011.76 GFlops
# [vpu]:float4	128	2048	27.2237 ms	2218.58 GFlops
# [vpu]:float4	128	4096	51.4483 ms	2347.91 GFlops
# [vpu]:float4	128	8192	102.475 ms	2357.57 GFlops
# [vpu]:float4	128	16384	204.57 ms	2361.95 GFlops
# [vpu]:float4	128	32768	410.217 ms	2355.75 GFlops
# [vpu]:float4	256	256	9.76107 ms	1546.91 GFlops
# [vpu]:float4	256	512	17.3537 ms	1740.2 GFlops
# [vpu]:float4	256	1024	29.7492 ms	2030.24 GFlops
# [vpu]:float4	256	2048	54.1742 ms	2229.77 GFlops
# [vpu]:float4	256	4096	102.494 ms	2357.13 GFlops
# [vpu]:float4	256	8192	204.701 ms	2360.44 GFlops
# [vpu]:float4	256	16384	408.756 ms	2364.16 GFlops
# [vpu]:float4	256	32768	820.046 ms	2356.86 GFlops
# [vpu]:float4	512	256	19.2039 ms	1572.54 GFlops
# [vpu]:float4	512	512	34.2347 ms	1764.23 GFlops
# [vpu]:float4	512	1024	60.0099 ms	2012.93 GFlops
# [vpu]:float4	512	2048	108.375 ms	2229.23 GFlops
# [vpu]:float4	512	4096	204.704 ms	2360.41 GFlops
# [vpu]:float4	512	8192	408.952 ms	2363.03 GFlops
# [vpu]:float4	512	16384	816.829 ms	2366.14 GFlops
# [vpu]:float4	512	32768	1639.6 ms	2357.58 GFlops
# [vpu]:float4	1024	256	37.9522 ms	1591.42 GFlops
# [vpu]:float4	1024	512	68.264 ms	1769.54 GFlops
# [vpu]:float4	1024	1024	119.346 ms	2024.31 GFlops
# [vpu]:float4	1024	2048	216.545 ms	2231.33 GFlops
# [vpu]:float4	1024	4096	409.289 ms	2361.09 GFlops
# [vpu]:float4	1024	8192	817.654 ms	2363.76 GFlops
# [vpu]:float4	1024	16384	1631.01 ms	2369.99 GFlops
# [vpu]:float4	1024	32768	3328.11 ms	2322.92 GFlops

summary: float4	1631.01 ms	2369.99 GFlops	1024	16384
--------------------------------------------
# [vpu]:float8	128	256	9.76244 ms	1546.69 GFlops
# [vpu]:float8	128	512	17.2913 ms	1746.48 GFlops
# [vpu]:float8	128	1024	29.3794 ms	2055.79 GFlops
# [vpu]:float8	128	2048	54.1654 ms	2230.13 GFlops
# [vpu]:float8	128	4096	102.445 ms	2358.27 GFlops
# [vpu]:float8	128	8192	204.553 ms	2362.14 GFlops
# [vpu]:float8	128	16384	408.152 ms	2367.66 GFlops
# [vpu]:float8	128	32768	819.576 ms	2358.21 GFlops
# [vpu]:float8	256	256	19.1906 ms	1573.63 GFlops
# [vpu]:float8	256	512	34.4411 ms	1753.66 GFlops
# [vpu]:float8	256	1024	60.0207 ms	2012.57 GFlops
# [vpu]:float8	256	2048	108.265 ms	2231.48 GFlops
# [vpu]:float8	256	4096	204.588 ms	2361.74 GFlops
# [vpu]:float8	256	8192	408.851 ms	2363.62 GFlops
# [vpu]:float8	256	16384	816.118 ms	2368.21 GFlops
# [vpu]:float8	256	32768	1639.26 ms	2358.06 GFlops
# [vpu]:float8	512	256	37.9635 ms	1590.95 GFlops
# [vpu]:float8	512	512	68.2026 ms	1771.13 GFlops
# [vpu]:float8	512	1024	118.817 ms	2033.3 GFlops
# [vpu]:float8	512	2048	214.447 ms	2253.16 GFlops
# [vpu]:float8	512	4096	408.88 ms	2363.45 GFlops
# [vpu]:float8	512	8192	817.116 ms	2365.31 GFlops
# [vpu]:float8	512	16384	1631.13 ms	2369.81 GFlops
# [vpu]:float8	512	32768	3352.78 ms	2305.83 GFlops
# [vpu]:float8	1024	256	74.5701 ms	1619.9 GFlops
# [vpu]:float8	1024	512	138.242 ms	1747.6 GFlops
# [vpu]:float8	1024	1024	239.377 ms	2018.51 GFlops
# [vpu]:float8	1024	2048	425.575 ms	2270.73 GFlops
# [vpu]:float8	1024	4096	817.222 ms	2365.01 GFlops
# [vpu]:float8	1024	8192	1633.47 ms	2366.42 GFlops
# [vpu]:float8	1024	16384	3263.47 ms	2368.93 GFlops
# [vpu]:float8	1024	32768	6906.39 ms	2238.78 GFlops

summary: float8	1631.13 ms	2369.81 GFlops	512	16384
--------------------------------------------
# [vpu]:float16	128	256	19.305 ms	1564.31 GFlops
# [vpu]:float16	128	512	34.7673 ms	1737.21 GFlops
# [vpu]:float16	128	1024	59.5663 ms	2027.93 GFlops
# [vpu]:float16	128	2048	108.294 ms	2230.89 GFlops
# [vpu]:float16	128	4096	204.613 ms	2361.45 GFlops
# [vpu]:float16	128	8192	408.876 ms	2363.47 GFlops
# [vpu]:float16	128	16384	815.481 ms	2370.05 GFlops
# [vpu]:float16	128	32768	1639.07 ms	2358.34 GFlops
# [vpu]:float16	256	256	38.1742 ms	1582.17 GFlops
# [vpu]:float16	256	512	68.3918 ms	1766.24 GFlops
# [vpu]:float16	256	1024	120.28 ms	2008.57 GFlops
# [vpu]:float16	256	2048	215.861 ms	2238.4 GFlops
# [vpu]:float16	256	4096	408.9 ms	2363.33 GFlops
# [vpu]:float16	256	8192	817.45 ms	2364.35 GFlops
# [vpu]:float16	256	16384	1634.19 ms	2365.38 GFlops
# [vpu]:float16	256	32768	3277.34 ms	2358.91 GFlops
# [vpu]:float16	512	256	74.8255 ms	1614.37 GFlops
# [vpu]:float16	512	512	139.497 ms	1731.88 GFlops
# [vpu]:float16	512	1024	236.607 ms	2042.14 GFlops
# [vpu]:float16	512	2048	424 ms	2279.17 GFlops
# [vpu]:float16	512	4096	817.276 ms	2364.85 GFlops
# [vpu]:float16	512	8192	1633.32 ms	2366.63 GFlops
# [vpu]:float16	512	16384	3259.3 ms	2371.97 GFlops
# [vpu]:float16	512	32768	6590.49 ms	2346.09 GFlops
# [vpu]:float16	1024	256	144.964 ms	1666.56 GFlops
# [vpu]:float16	1024	512	281.525 ms	1716.31 GFlops
# [vpu]:float16	1024	1024	481.517 ms	2006.93 GFlops
# [vpu]:float16	1024	2048	866.215 ms	2231.24 GFlops
# [vpu]:float16	1024	4096	1635.75 ms	2363.11 GFlops
# [vpu]:float16	1024	8192	3270.23 ms	2364.04 GFlops
# [vpu]:float16	1024	16384	6527.1 ms	2368.87 GFlops
# [vpu]:float16	1024	32768	13111.5 ms	2358.52 GFlops

summary: float16	3259.3 ms	2371.97 GFlops	512	16384
--------------------------------------------

----------- Aggregated at block & grid size ------------
# [vpu]:128	256	float1	1.75784 ms	1073.72 GFlops
# [vpu]:128	256	float2	2.56684 ms	1470.63 GFlops
# [vpu]:128	256	float4	4.98348 ms	1514.95 GFlops
# [vpu]:128	256	float8	9.76244 ms	1546.69 GFlops
# [vpu]:128	256	float16	19.305 ms	1564.31 GFlops

summary: 128	256	19.305 ms	1564.31 GFlops	float16
--------------------------------------------
# [vpu]:128	512	float1	2.55259 ms	1478.84 GFlops
# [vpu]:128	512	float2	4.41549 ms	1709.83 GFlops
# [vpu]:128	512	float4	8.63458 ms	1748.72 GFlops
# [vpu]:128	512	float8	17.2913 ms	1746.48 GFlops
# [vpu]:128	512	float16	34.7673 ms	1737.21 GFlops

summary: 128	512	8.63458 ms	1748.72 GFlops	float4
--------------------------------------------
# [vpu]:128	1024	float1	4.0784 ms	1851.15 GFlops
# [vpu]:128	1024	float2	7.48984 ms	2016 GFlops
# [vpu]:128	1024	float4	15.0112 ms	2011.76 GFlops
# [vpu]:128	1024	float8	29.3794 ms	2055.79 GFlops
# [vpu]:128	1024	float16	59.5663 ms	2027.93 GFlops

summary: 128	1024	29.3794 ms	2055.79 GFlops	float8
--------------------------------------------
# [vpu]:128	2048	float1	7.1101 ms	2123.67 GFlops
# [vpu]:128	2048	float2	13.6716 ms	2208.89 GFlops
# [vpu]:128	2048	float4	27.2237 ms	2218.58 GFlops
# [vpu]:128	2048	float8	54.1654 ms	2230.13 GFlops
# [vpu]:128	2048	float16	108.294 ms	2230.89 GFlops

summary: 128	2048	108.294 ms	2230.89 GFlops	float16
--------------------------------------------
# [vpu]:128	4096	float1	13.9207 ms	2169.35 GFlops
# [vpu]:128	4096	float2	25.9826 ms	2324.55 GFlops
# [vpu]:128	4096	float4	51.4483 ms	2347.91 GFlops
# [vpu]:128	4096	float8	102.445 ms	2358.27 GFlops
# [vpu]:128	4096	float16	204.613 ms	2361.45 GFlops

summary: 128	4096	204.613 ms	2361.45 GFlops	float16
--------------------------------------------
# [vpu]:128	8192	float1	26.8507 ms	2249.4 GFlops
# [vpu]:128	8192	float2	51.4335 ms	2348.58 GFlops
# [vpu]:128	8192	float4	102.475 ms	2357.57 GFlops
# [vpu]:128	8192	float8	204.553 ms	2362.14 GFlops
# [vpu]:128	8192	float16	408.876 ms	2363.47 GFlops

summary: 128	8192	408.876 ms	2363.47 GFlops	float16
--------------------------------------------
# [vpu]:128	16384	float1	52.5073 ms	2300.56 GFlops
# [vpu]:128	16384	float2	102.636 ms	2353.88 GFlops
# [vpu]:128	16384	float4	204.57 ms	2361.95 GFlops
# [vpu]:128	16384	float8	408.152 ms	2367.66 GFlops
# [vpu]:128	16384	float16	815.481 ms	2370.05 GFlops

summary: 128	16384	815.481 ms	2370.05 GFlops	float16
--------------------------------------------
# [vpu]:128	32768	float1	104.329 ms	2315.67 GFlops
# [vpu]:128	32768	float2	205.67 ms	2349.32 GFlops
# [vpu]:128	32768	float4	410.217 ms	2355.75 GFlops
# [vpu]:128	32768	float8	819.576 ms	2358.21 GFlops
# [vpu]:128	32768	float16	1639.07 ms	2358.34 GFlops

summary: 128	32768	1639.07 ms	2358.34 GFlops	float16
--------------------------------------------
# [vpu]:256	256	float1	3.37288 ms	1119.18 GFlops
# [vpu]:256	256	float2	4.98049 ms	1515.86 GFlops
# [vpu]:256	256	float4	9.76107 ms	1546.91 GFlops
# [vpu]:256	256	float8	19.1906 ms	1573.63 GFlops
# [vpu]:256	256	float16	38.1742 ms	1582.17 GFlops

summary: 256	256	38.1742 ms	1582.17 GFlops	float16
--------------------------------------------
# [vpu]:256	512	float1	4.90203 ms	1540.13 GFlops
# [vpu]:256	512	float2	8.56762 ms	1762.39 GFlops
# [vpu]:256	512	float4	17.3537 ms	1740.2 GFlops
# [vpu]:256	512	float8	34.4411 ms	1753.66 GFlops
# [vpu]:256	512	float16	68.3918 ms	1766.24 GFlops

summary: 256	512	68.3918 ms	1766.24 GFlops	float16
--------------------------------------------
# [vpu]:256	1024	float1	7.94537 ms	1900.42 GFlops
# [vpu]:256	1024	float2	14.6735 ms	2058.06 GFlops
# [vpu]:256	1024	float4	29.7492 ms	2030.24 GFlops
# [vpu]:256	1024	float8	60.0207 ms	2012.57 GFlops
# [vpu]:256	1024	float16	120.28 ms	2008.57 GFlops

summary: 256	1024	14.6735 ms	2058.06 GFlops	float2
--------------------------------------------
# [vpu]:256	2048	float1	14.0113 ms	2155.33 GFlops
# [vpu]:256	2048	float2	27.249 ms	2216.52 GFlops
# [vpu]:256	2048	float4	54.1742 ms	2229.77 GFlops
# [vpu]:256	2048	float8	108.265 ms	2231.48 GFlops
# [vpu]:256	2048	float16	215.861 ms	2238.4 GFlops

summary: 256	2048	215.861 ms	2238.4 GFlops	float16
--------------------------------------------
# [vpu]:256	4096	float1	27.627 ms	2186.19 GFlops
# [vpu]:256	4096	float2	51.4793 ms	2346.5 GFlops
# [vpu]:256	4096	float4	102.494 ms	2357.13 GFlops
# [vpu]:256	4096	float8	204.588 ms	2361.74 GFlops
# [vpu]:256	4096	float16	408.9 ms	2363.33 GFlops

summary: 256	4096	408.9 ms	2363.33 GFlops	float16
--------------------------------------------
# [vpu]:256	8192	float1	53.2599 ms	2268.05 GFlops
# [vpu]:256	8192	float2	102.647 ms	2353.62 GFlops
# [vpu]:256	8192	float4	204.701 ms	2360.44 GFlops
# [vpu]:256	8192	float8	408.851 ms	2363.62 GFlops
# [vpu]:256	8192	float16	817.45 ms	2364.35 GFlops

summary: 256	8192	817.45 ms	2364.35 GFlops	float16
--------------------------------------------
# [vpu]:256	16384	float1	104.413 ms	2313.82 GFlops
# [vpu]:256	16384	float2	204.952 ms	2357.54 GFlops
# [vpu]:256	16384	float4	408.756 ms	2364.16 GFlops
# [vpu]:256	16384	float8	816.118 ms	2368.21 GFlops
# [vpu]:256	16384	float16	1634.19 ms	2365.38 GFlops

summary: 256	16384	816.118 ms	2368.21 GFlops	float8
--------------------------------------------
# [vpu]:256	32768	float1	208.178 ms	2321.01 GFlops
# [vpu]:256	32768	float2	410.845 ms	2352.15 GFlops
# [vpu]:256	32768	float4	820.046 ms	2356.86 GFlops
# [vpu]:256	32768	float8	1639.26 ms	2358.06 GFlops
# [vpu]:256	32768	float16	3277.34 ms	2358.91 GFlops

summary: 256	32768	3277.34 ms	2358.91 GFlops	float16
--------------------------------------------
# [vpu]:512	256	float1	6.66025 ms	1133.55 GFlops
# [vpu]:512	256	float2	9.78847 ms	1542.58 GFlops
# [vpu]:512	256	float4	19.2039 ms	1572.54 GFlops
# [vpu]:512	256	float8	37.9635 ms	1590.95 GFlops
# [vpu]:512	256	float16	74.8255 ms	1614.37 GFlops

summary: 512	256	74.8255 ms	1614.37 GFlops	float16
--------------------------------------------
# [vpu]:512	512	float1	9.70655 ms	1555.6 GFlops
# [vpu]:512	512	float2	17.0445 ms	1771.77 GFlops
# [vpu]:512	512	float4	34.2347 ms	1764.23 GFlops
# [vpu]:512	512	float8	68.2026 ms	1771.13 GFlops
# [vpu]:512	512	float16	139.497 ms	1731.88 GFlops

summary: 512	512	17.0445 ms	1771.77 GFlops	float2
--------------------------------------------
# [vpu]:512	1024	float1	15.7676 ms	1915.25 GFlops
# [vpu]:512	1024	float2	29.9001 ms	2019.99 GFlops
# [vpu]:512	1024	float4	60.0099 ms	2012.93 GFlops
# [vpu]:512	1024	float8	118.817 ms	2033.3 GFlops
# [vpu]:512	1024	float16	236.607 ms	2042.14 GFlops

summary: 512	1024	236.607 ms	2042.14 GFlops	float16
--------------------------------------------
# [vpu]:512	2048	float1	27.8671 ms	2167.36 GFlops
# [vpu]:512	2048	float2	54.3436 ms	2222.82 GFlops
# [vpu]:512	2048	float4	108.375 ms	2229.23 GFlops
# [vpu]:512	2048	float8	214.447 ms	2253.16 GFlops
# [vpu]:512	2048	float16	424 ms	2279.17 GFlops

summary: 512	2048	424 ms	2279.17 GFlops	float16
--------------------------------------------
# [vpu]:512	4096	float1	54.6233 ms	2211.44 GFlops
# [vpu]:512	4096	float2	102.685 ms	2352.76 GFlops
# [vpu]:512	4096	float4	204.704 ms	2360.41 GFlops
# [vpu]:512	4096	float8	408.88 ms	2363.45 GFlops
# [vpu]:512	4096	float16	817.276 ms	2364.85 GFlops

summary: 512	4096	817.276 ms	2364.85 GFlops	float16
--------------------------------------------
# [vpu]:512	8192	float1	104.839 ms	2304.42 GFlops
# [vpu]:512	8192	float2	204.882 ms	2358.35 GFlops
# [vpu]:512	8192	float4	408.952 ms	2363.03 GFlops
# [vpu]:512	8192	float8	817.116 ms	2365.31 GFlops
# [vpu]:512	8192	float16	1633.32 ms	2366.63 GFlops

summary: 512	8192	1633.32 ms	2366.63 GFlops	float16
--------------------------------------------
# [vpu]:512	16384	float1	208.666 ms	2315.59 GFlops
# [vpu]:512	16384	float2	409.435 ms	2360.25 GFlops
# [vpu]:512	16384	float4	816.829 ms	2366.14 GFlops
# [vpu]:512	16384	float8	1631.13 ms	2369.81 GFlops
# [vpu]:512	16384	float16	3259.3 ms	2371.97 GFlops

summary: 512	16384	3259.3 ms	2371.97 GFlops	float16
--------------------------------------------
# [vpu]:512	32768	float1	415.879 ms	2323.68 GFlops
# [vpu]:512	32768	float2	821.355 ms	2353.11 GFlops
# [vpu]:512	32768	float4	1639.6 ms	2357.58 GFlops
# [vpu]:512	32768	float8	3352.78 ms	2305.83 GFlops
# [vpu]:512	32768	float16	6590.49 ms	2346.09 GFlops

summary: 512	32768	1639.6 ms	2357.58 GFlops	float4
--------------------------------------------
# [vpu]:1024	256	float1	13.0939 ms	1153.17 GFlops
# [vpu]:1024	256	float2	19.2644 ms	1567.61 GFlops
# [vpu]:1024	256	float4	37.9522 ms	1591.42 GFlops
# [vpu]:1024	256	float8	74.5701 ms	1619.9 GFlops
# [vpu]:1024	256	float16	144.964 ms	1666.56 GFlops

summary: 1024	256	144.964 ms	1666.56 GFlops	float16
--------------------------------------------
# [vpu]:1024	512	float1	19.2031 ms	1572.61 GFlops
# [vpu]:1024	512	float2	34.2678 ms	1762.53 GFlops
# [vpu]:1024	512	float4	68.264 ms	1769.54 GFlops
# [vpu]:1024	512	float8	138.242 ms	1747.6 GFlops
# [vpu]:1024	512	float16	281.525 ms	1716.31 GFlops

summary: 1024	512	68.264 ms	1769.54 GFlops	float4
--------------------------------------------
# [vpu]:1024	1024	float1	31.4391 ms	1921.11 GFlops
# [vpu]:1024	1024	float2	60.1086 ms	2009.63 GFlops
# [vpu]:1024	1024	float4	119.346 ms	2024.31 GFlops
# [vpu]:1024	1024	float8	239.377 ms	2018.51 GFlops
# [vpu]:1024	1024	float16	481.517 ms	2006.93 GFlops

summary: 1024	1024	119.346 ms	2024.31 GFlops	float4
--------------------------------------------
# [vpu]:1024	2048	float1	55.5096 ms	2176.13 GFlops
# [vpu]:1024	2048	float2	108.476 ms	2227.15 GFlops
# [vpu]:1024	2048	float4	216.545 ms	2231.33 GFlops
# [vpu]:1024	2048	float8	425.575 ms	2270.73 GFlops
# [vpu]:1024	2048	float16	866.215 ms	2231.24 GFlops

summary: 1024	2048	425.575 ms	2270.73 GFlops	float8
--------------------------------------------
# [vpu]:1024	4096	float1	107.098 ms	2255.81 GFlops
# [vpu]:1024	4096	float2	204.967 ms	2357.37 GFlops
# [vpu]:1024	4096	float4	409.289 ms	2361.09 GFlops
# [vpu]:1024	4096	float8	817.222 ms	2365.01 GFlops
# [vpu]:1024	4096	float16	1635.75 ms	2363.11 GFlops

summary: 1024	4096	817.222 ms	2365.01 GFlops	float8
--------------------------------------------
# [vpu]:1024	8192	float1	209.323 ms	2308.31 GFlops
# [vpu]:1024	8192	float2	409.675 ms	2358.87 GFlops
# [vpu]:1024	8192	float4	817.654 ms	2363.76 GFlops
# [vpu]:1024	8192	float8	1633.47 ms	2366.42 GFlops
# [vpu]:1024	8192	float16	3270.23 ms	2364.04 GFlops

summary: 1024	8192	1633.47 ms	2366.42 GFlops	float8
--------------------------------------------
# [vpu]:1024	16384	float1	416.409 ms	2320.72 GFlops
# [vpu]:1024	16384	float2	817.034 ms	2365.55 GFlops
# [vpu]:1024	16384	float4	1631.01 ms	2369.99 GFlops
# [vpu]:1024	16384	float8	3263.47 ms	2368.93 GFlops
# [vpu]:1024	16384	float16	6527.1 ms	2368.87 GFlops

summary: 1024	16384	1631.01 ms	2369.99 GFlops	float4
--------------------------------------------
# [vpu]:1024	32768	float1	831.148 ms	2325.38 GFlops
# [vpu]:1024	32768	float2	1643.6 ms	2351.84 GFlops
# [vpu]:1024	32768	float4	3328.11 ms	2322.92 GFlops
# [vpu]:1024	32768	float8	6906.39 ms	2238.78 GFlops
# [vpu]:1024	32768	float16	13111.5 ms	2358.52 GFlops

summary: 1024	32768	13111.5 ms	2358.52 GFlops	float16
--------------------------------------------
Data type: float
Time for VPU: 3259.3 ms.	BlockSize: 512	GridSize: 16384	VecSize: 16	Bandwidth: 2371.97 GFLOPS
