
Starting to launch opencl_compare...
Fast run...
Data size: 1024000000

Detection mode: All
------ Start hardware checking ------
Platform: NVIDIA CUDA
Number of devices: 2
	Computing device 0 : Tesla K40m
	Computing device 1 : Tesla K40m
Please enter the index of the device to use (0,1,2...) : Selected device: Tesla K40m
------ End of hardware checking ------

---------- Gather test ---------
Data size: 1000000	Similarity: 0
---------- Warm up over, begin test ---------
Data size: 1000000	Similarity: 0
Data size: 2000000	Similarity: 0
Data size: 4000000	Similarity: 0
Data size: 8000000	Similarity: 0
Data size: 16000000	Similarity: 0
Data size: 32000000	Similarity: 0
Data size: 64000000	Similarity: 0
Data size: 100000000	Similarity: 0
Data size: 200000000	Similarity: 0
Data size: 300000000	Similarity: 0
Data size: 400000000	Similarity: 3
Data size: 500000000	Similarity: 268
Data size: 600000000	Similarity: 8439
Data size: 700000000	Similarity: 20644
Data size: 800000000	Similarity: 410136
Data size: 900000000	Similarity: 870566
Data size: 1000000000	Similarity: 1328026
------------------------------
Gather stat:
Current # of pass:1
Data size: 1000000	time per tuple: 0.578158 ns.
Data size: 2000000	time per tuple: 0.569694 ns.
Data size: 4000000	time per tuple: 0.614244 ns.
Data size: 8000000	time per tuple: 0.639638 ns.
Data size: 16000000	time per tuple: 0.649944 ns.
Data size: 32000000	time per tuple: 0.656984 ns.
Data size: 64000000	time per tuple: 0.759464 ns.
Data size: 100000000	time per tuple: 1.0322 ns.
Data size: 200000000	time per tuple: 1.28528 ns.
Data size: 300000000	time per tuple: 1.37215 ns.
Data size: 400000000	time per tuple: 1.42164 ns.
Data size: 500000000	time per tuple: 1.44826 ns.
Data size: 600000000	time per tuple: 2.57267 ns.
Data size: 700000000	time per tuple: 4.38126 ns.
Data size: 800000000	time per tuple: 5.75687 ns.
Data size: 900000000	time per tuple: 6.88234 ns.
Data size: 1000000000	time per tuple: 7.82166 ns.
Current # of pass:2
Data size: 1000000	time per tuple: 0.612516 ns.
Data size: 2000000	time per tuple: 0.607497 ns.
Data size: 4000000	time per tuple: 0.660211 ns.
Data size: 8000000	time per tuple: 0.686041 ns.
Data size: 16000000	time per tuple: 0.70021 ns.
Data size: 32000000	time per tuple: 0.710476 ns.
Data size: 64000000	time per tuple: 0.728806 ns.
Data size: 100000000	time per tuple: 0.798337 ns.
Data size: 200000000	time per tuple: 1.07563 ns.
Data size: 300000000	time per tuple: 1.2357 ns.
Data size: 400000000	time per tuple: 1.32247 ns.
Data size: 500000000	time per tuple: 1.37766 ns.
Data size: 600000000	time per tuple: 1.54948 ns.
Data size: 700000000	time per tuple: 2.13027 ns.
Data size: 800000000	time per tuple: 3.60381 ns.
Data size: 900000000	time per tuple: 4.59864 ns.
Data size: 1000000000	time per tuple: 5.07188 ns.
Current # of pass:4
Data size: 1000000	time per tuple: 0.641845 ns.
Data size: 2000000	time per tuple: 0.625438 ns.
Data size: 4000000	time per tuple: 0.711886 ns.
Data size: 8000000	time per tuple: 0.750476 ns.
Data size: 16000000	time per tuple: 0.773023 ns.
Data size: 32000000	time per tuple: 0.788486 ns.
Data size: 64000000	time per tuple: 0.815811 ns.
Data size: 100000000	time per tuple: 0.824672 ns.
Data size: 200000000	time per tuple: 0.851167 ns.
Data size: 300000000	time per tuple: 1.00646 ns.
Data size: 400000000	time per tuple: 1.14282 ns.
Data size: 500000000	time per tuple: 1.24063 ns.
Data size: 600000000	time per tuple: 1.53901 ns.
Data size: 700000000	time per tuple: 1.90796 ns.
Data size: 800000000	time per tuple: 2.58856 ns.
Data size: 900000000	time per tuple: 3.625 ns.
Data size: 1000000000	time per tuple: 3.906 ns.
Current # of pass:8
Data size: 1000000	time per tuple: 0.722268 ns.
Data size: 2000000	time per tuple: 0.660953 ns.
Data size: 4000000	time per tuple: 0.724861 ns.
Data size: 8000000	time per tuple: 0.847474 ns.
Data size: 16000000	time per tuple: 0.887161 ns.
Data size: 32000000	time per tuple: 0.912956 ns.
Data size: 64000000	time per tuple: 0.960786 ns.
Data size: 100000000	time per tuple: 0.994922 ns.
Data size: 200000000	time per tuple: 1.02697 ns.
Data size: 300000000	time per tuple: 1.06333 ns.
Data size: 400000000	time per tuple: 1.10979 ns.
Data size: 500000000	time per tuple: 1.16897 ns.
Data size: 600000000	time per tuple: 1.37487 ns.
Data size: 700000000	time per tuple: 1.97352 ns.
Data size: 800000000	time per tuple: 2.79651 ns.
Data size: 900000000	time per tuple: 3.76084 ns.
Data size: 1000000000	time per tuple: 4.03732 ns.
Current # of pass:16
Data size: 1000000	time per tuple: 0.943143 ns.
Data size: 2000000	time per tuple: 0.791122 ns.
Data size: 4000000	time per tuple: 0.782689 ns.
Data size: 8000000	time per tuple: 0.888701 ns.
Data size: 16000000	time per tuple: 1.07637 ns.
Data size: 32000000	time per tuple: 1.12516 ns.
Data size: 64000000	time per tuple: 1.2393 ns.
Data size: 100000000	time per tuple: 1.30289 ns.
Data size: 200000000	time per tuple: 1.27438 ns.
Data size: 300000000	time per tuple: 1.3078 ns.
Data size: 400000000	time per tuple: 1.39088 ns.
Data size: 500000000	time per tuple: 1.40965 ns.
Data size: 600000000	time per tuple: 1.54539 ns.
Data size: 700000000	time per tuple: 2.26707 ns.
Data size: 800000000	time per tuple: 3.32867 ns.
Data size: 900000000	time per tuple: 4.14579 ns.
Data size: 1000000000	time per tuple: 4.85015 ns.
Current # of pass:32
Data size: 1000000	time per tuple: 1.44647 ns.
Data size: 2000000	time per tuple: 1.1259 ns.
Data size: 4000000	time per tuple: 1.01994 ns.
Data size: 8000000	time per tuple: 0.993184 ns.
Data size: 16000000	time per tuple: 1.38049 ns.
Data size: 32000000	time per tuple: 1.51696 ns.
Data size: 64000000	time per tuple: 1.68305 ns.
Data size: 100000000	time per tuple: 1.77045 ns.
Data size: 200000000	time per tuple: 1.75721 ns.
Data size: 300000000	time per tuple: 1.78004 ns.
Data size: 400000000	time per tuple: 1.84943 ns.
Data size: 500000000	time per tuple: 1.85409 ns.
Data size: 600000000	time per tuple: 1.87729 ns.
Data size: 700000000	time per tuple: 2.12832 ns.
Data size: 800000000	time per tuple: 2.53585 ns.
Data size: 900000000	time per tuple: 2.96055 ns.
Data size: 1000000000	time per tuple: 3.48954 ns.
Current # of pass:64
Data size: 1000000	time per tuple: 2.4974 ns.
Data size: 2000000	time per tuple: 1.89129 ns.
Data size: 4000000	time per tuple: 1.66996 ns.
Data size: 8000000	time per tuple: 1.56746 ns.
Data size: 16000000	time per tuple: 1.80086 ns.
Data size: 32000000	time per tuple: 2.29839 ns.
Data size: 64000000	time per tuple: 2.49178 ns.
Data size: 100000000	time per tuple: 2.59398 ns.
Data size: 200000000	time per tuple: 2.62078 ns.
Data size: 300000000	time per tuple: 2.65274 ns.
Data size: 400000000	time per tuple: 2.69956 ns.
Data size: 500000000	time per tuple: 2.70898 ns.
Data size: 600000000	time per tuple: 2.70902 ns.
Data size: 700000000	time per tuple: 2.81394 ns.
Data size: 800000000	time per tuple: 3.04132 ns.
Data size: 900000000	time per tuple: 3.29664 ns.
Data size: 1000000000	time per tuple: 3.47369 ns.

For python:
gather_1 = [0.578158,0.569694,0.614244,0.639638,0.649944,0.656984,0.759464,1.0322,1.28528,1.37215,1.42164,1.44826,2.57267,4.38126,5.75687,6.88234,7.82166]
gather_2 = [0.612516,0.607497,0.660211,0.686041,0.70021,0.710476,0.728806,0.798337,1.07563,1.2357,1.32247,1.37766,1.54948,2.13027,3.60381,4.59864,5.07188]
gather_4 = [0.641845,0.625438,0.711886,0.750476,0.773023,0.788486,0.815811,0.824672,0.851167,1.00646,1.14282,1.24063,1.53901,1.90796,2.58856,3.625,3.906]
gather_8 = [0.722268,0.660953,0.724861,0.847474,0.887161,0.912956,0.960786,0.994922,1.02697,1.06333,1.10979,1.16897,1.37487,1.97352,2.79651,3.76084,4.03732]
gather_16 = [0.943143,0.791122,0.782689,0.888701,1.07637,1.12516,1.2393,1.30289,1.27438,1.3078,1.39088,1.40965,1.54539,2.26707,3.32867,4.14579,4.85015]
gather_32 = [1.44647,1.1259,1.01994,0.993184,1.38049,1.51696,1.68305,1.77045,1.75721,1.78004,1.84943,1.85409,1.87729,2.12832,2.53585,2.96055,3.48954]
gather_64 = [2.4974,1.89129,1.66996,1.56746,1.80086,2.29839,2.49178,2.59398,2.62078,2.65274,2.69956,2.70898,2.70902,2.81394,3.04132,3.29664,3.47369]
For excel:
Current # of pass:1
0.578158
0.569694
0.614244
0.639638
0.649944
0.656984
0.759464
1.0322
1.28528
1.37215
1.42164
1.44826
2.57267
4.38126
5.75687
6.88234
7.82166

Current # of pass:2
0.612516
0.607497
0.660211
0.686041
0.70021
0.710476
0.728806
0.798337
1.07563
1.2357
1.32247
1.37766
1.54948
2.13027
3.60381
4.59864
5.07188

Current # of pass:4
0.641845
0.625438
0.711886
0.750476
0.773023
0.788486
0.815811
0.824672
0.851167
1.00646
1.14282
1.24063
1.53901
1.90796
2.58856
3.625
3.906

Current # of pass:8
0.722268
0.660953
0.724861
0.847474
0.887161
0.912956
0.960786
0.994922
1.02697
1.06333
1.10979
1.16897
1.37487
1.97352
2.79651
3.76084
4.03732

Current # of pass:16
0.943143
0.791122
0.782689
0.888701
1.07637
1.12516
1.2393
1.30289
1.27438
1.3078
1.39088
1.40965
1.54539
2.26707
3.32867
4.14579
4.85015

Current # of pass:32
1.44647
1.1259
1.01994
0.993184
1.38049
1.51696
1.68305
1.77045
1.75721
1.78004
1.84943
1.85409
1.87729
2.12832
2.53585
2.96055
3.48954

Current # of pass:64
2.4974
1.89129
1.66996
1.56746
1.80086
2.29839
2.49178
2.59398
2.62078
2.65274
2.69956
2.70898
2.70902
2.81394
3.04132
3.29664
3.47369

Time for scan: 0 ms.	BlockSize: -1
