
33583 : 0x248c4eae54d505 : 2 : ittapi_config_mask_get :  --itt-config mask to be applied: 1
33583 : 0x248c4eae54ff69 : 2 : ittapi_config_apply_per_lib :  ITTAPI function instrumented: __itt_domain_create
33583 : 0x248c4eae550a04 : 2 : ittapi_config_apply_per_lib :  ITTAPI function instrumented: __itt_string_handle_create
33583 : 0x248c4eae551227 : 2 : ittapi_config_apply_per_lib :  ITTAPI function instrumented: __itt_pause
33583 : 0x248c4eae5518c3 : 2 : ittapi_config_apply_per_lib :  ITTAPI function instrumented: __itt_resume
33583 : 0x248c4eae552204 : 2 : ittapi_config_apply_per_lib :  ITTAPI function instrumented: __itt_thread_set_name
33583 : 0x248c4eae552b45 : 2 : ittapi_config_apply_per_lib :  ITTAPI function instrumented: __itt_thread_ignore
33583 : 0x248c4eae5532f2 : 2 : ittapi_config_apply_per_lib :  ITTAPI function instrumented: __itt_thr_name_set
33583 : 0x248c4eae55393e : 2 : ittapi_config_apply_per_lib :  ITTAPI function instrumented: __itt_thr_ignore
33583 : 0x248c4eae554414 : 2 : ittapi_config_apply_per_lib :  ITTAPI function not implemented: __itt_enable_attach
33583 : 0x248c4eae55ba50 : 2 : ittapi_config_apply_per_lib :  ITTAPI function NOT instrumented (not matched by --itt-config option): __itt_sync_create

33583 : 0x248c4eae55c325 : 2 : ittapi_config_apply_per_lib :  ITTAPI function NOT instrumented (not matched by --itt-config option): __itt_sync_rename

33583 : 0x248c4eae55c772 : 2 : ittapi_config_apply_per_lib :  ITTAPI function NOT instrumented (not matched by --itt-config option): __itt_sync_destroy

33583 : 0x248c4eae55cc43 : 2 : ittapi_config_apply_per_lib :  ITTAPI function NOT instrumented (not matched by --itt-config option): __itt_sync_prepare

33583 : 0x248c4eae55d051 : 2 : ittapi_config_apply_per_lib :  ITTAPI function NOT instrumented (not matched by --itt-config option): __itt_sync_cancel

33583 : 0x248c4eae55d44f : 2 : ittapi_config_apply_per_lib :  ITTAPI function NOT instrumented (not matched by --itt-config option): __itt_sync_acquired

33583 : 0x248c4eae55d821 : 2 : ittapi_config_apply_per_lib :  ITTAPI function NOT instrumented (not matched by --itt-config option): __itt_sync_releasing

33583 : 0x248c4eae55e71c : 2 : ittapi_config_apply_per_lib :  ITTAPI function not implemented: __itt_suppress_push
33583 : 0x248c4eae55efb5 : 2 : ittapi_config_apply_per_lib :  ITTAPI function not implemented: __itt_suppress_pop
33583 : 0x248c4eae55f6e5 : 2 : ittapi_config_apply_per_lib :  ITTAPI function not implemented: __itt_suppress_mark_range
33583 : 0x248c4eae561e02 : 2 : ittapi_config_apply_per_lib :  ITTAPI function not implemented: __itt_suppress_clear_range
33583 : 0x248c4eae562352 : 2 : ittapi_config_apply_per_lib :  ITTAPI function NOT instrumented (not matched by --itt-config option): __itt_sync_prepare

33583 : 0x248c4eae56379e : 2 : ittapi_config_apply_per_lib :  ITTAPI function NOT instrumented (not matched by --itt-config option): __itt_sync_cancel

33583 : 0x248c4eae563dea : 2 : ittapi_config_apply_per_lib :  ITTAPI function NOT instrumented (not matched by --itt-config option): __itt_sync_acquired

33583 : 0x248c4eae5641d7 : 2 : ittapi_config_apply_per_lib :  ITTAPI function NOT instrumented (not matched by --itt-config option): __itt_sync_releasing

33583 : 0x248c4eae56501d : 2 : ittapi_config_apply_per_lib :  ITTAPI function not implemented: __itt_model_site_begin
33583 : 0x248c4eae5657f8 : 2 : ittapi_config_apply_per_lib :  ITTAPI function not implemented: __itt_model_site_end
33583 : 0x248c4eae565f23 : 2 : ittapi_config_apply_per_lib :  ITTAPI function not implemented: __itt_model_task_begin
33583 : 0x248c4eae566682 : 2 : ittapi_config_apply_per_lib :  ITTAPI function not implemented: __itt_model_task_end
33583 : 0x248c4eae566e99 : 2 : ittapi_config_apply_per_lib :  ITTAPI function not implemented: __itt_model_lock_acquire
33583 : 0x248c4eae568ca9 : 2 : ittapi_config_apply_per_lib :  ITTAPI function not implemented: __itt_model_lock_release
33583 : 0x248c4eae5695c5 : 2 : ittapi_config_apply_per_lib :  ITTAPI function not implemented: __itt_model_record_allocation
33583 : 0x248c4eae569d70 : 2 : ittapi_config_apply_per_lib :  ITTAPI function not implemented: __itt_model_record_deallocation
33583 : 0x248c4eae56a4b3 : 2 : ittapi_config_apply_per_lib :  ITTAPI function not implemented: __itt_model_induction_uses
33583 : 0x248c4eae56ab93 : 2 : ittapi_config_apply_per_lib :  ITTAPI function not implemented: __itt_model_reduction_uses
33583 : 0x248c4eae56b3b2 : 2 : ittapi_config_apply_per_lib :  ITTAPI function not implemented: __itt_model_observe_uses
33583 : 0x248c4eae56badb : 2 : ittapi_config_apply_per_lib :  ITTAPI function not implemented: __itt_model_clear_uses
33583 : 0x248c4eae56c2da : 2 : ittapi_config_apply_per_lib :  ITTAPI function not implemented: __itt_model_site_beginA
33583 : 0x248c4eae56ca19 : 2 : ittapi_config_apply_per_lib :  ITTAPI function not implemented: __itt_model_site_beginAL
33583 : 0x248c4eae56d228 : 2 : ittapi_config_apply_per_lib :  ITTAPI function not implemented: __itt_model_task_beginA
33583 : 0x248c4eae570416 : 2 : ittapi_config_apply_per_lib :  ITTAPI function not implemented: __itt_model_task_beginAL
33583 : 0x248c4eae570c77 : 2 : ittapi_config_apply_per_lib :  ITTAPI function not implemented: __itt_model_iteration_taskA
33583 : 0x248c4eae5713e0 : 2 : ittapi_config_apply_per_lib :  ITTAPI function not implemented: __itt_model_iteration_taskAL
33583 : 0x248c4eae571a85 : 2 : ittapi_config_apply_per_lib :  ITTAPI function not implemented: __itt_model_site_end_2
33583 : 0x248c4eae5720e1 : 2 : ittapi_config_apply_per_lib :  ITTAPI function not implemented: __itt_model_task_end_2
33583 : 0x248c4eae572866 : 2 : ittapi_config_apply_per_lib :  ITTAPI function not implemented: __itt_model_lock_acquire_2
33583 : 0x248c4eae572f91 : 2 : ittapi_config_apply_per_lib :  ITTAPI function not implemented: __itt_model_lock_release_2
33583 : 0x248c4eae57367a : 2 : ittapi_config_apply_per_lib :  ITTAPI function not implemented: __itt_model_aggregate_task
33583 : 0x248c4eae573d3a : 2 : ittapi_config_apply_per_lib :  ITTAPI function not implemented: __itt_model_disable_push
33583 : 0x248c4eae5743f6 : 2 : ittapi_config_apply_per_lib :  ITTAPI function not implemented: __itt_model_disable_pop
33583 : 0x248c4eae576d23 : 2 : ittapi_config_apply_per_lib :  ITTAPI function not implemented: __itt_heap_function_create
33583 : 0x248c4eae5774fa : 2 : ittapi_config_apply_per_lib :  ITTAPI function not implemented: __itt_heap_allocate_begin
33583 : 0x248c4eae577bbe : 2 : ittapi_config_apply_per_lib :  ITTAPI function not implemented: __itt_heap_allocate_end
33583 : 0x248c4eae57837b : 2 : ittapi_config_apply_per_lib :  ITTAPI function not implemented: __itt_heap_free_begin
33583 : 0x248c4eae578a4d : 2 : ittapi_config_apply_per_lib :  ITTAPI function not implemented: __itt_heap_free_end
33583 : 0x248c4eae579156 : 2 : ittapi_config_apply_per_lib :  ITTAPI function not implemented: __itt_heap_reallocate_begin
33583 : 0x248c4eae57984d : 2 : ittapi_config_apply_per_lib :  ITTAPI function not implemented: __itt_heap_reallocate_end
33583 : 0x248c4eae579fc8 : 2 : ittapi_config_apply_per_lib :  ITTAPI function not implemented: __itt_heap_internal_access_begin
33583 : 0x248c4eae57a6fb : 2 : ittapi_config_apply_per_lib :  ITTAPI function not implemented: __itt_heap_internal_access_end
33583 : 0x248c4eae57ae89 : 2 : ittapi_config_apply_per_lib :  ITTAPI function not implemented: __itt_heap_record_memory_growth_begin
33583 : 0x248c4eae57d41b : 2 : ittapi_config_apply_per_lib :  ITTAPI function not implemented: __itt_heap_record_memory_growth_end
33583 : 0x248c4eae57dc1f : 2 : ittapi_config_apply_per_lib :  ITTAPI function not implemented: __itt_heap_reset_detection
33583 : 0x248c4eae57e308 : 2 : ittapi_config_apply_per_lib :  ITTAPI function not implemented: __itt_heap_record
33583 : 0x248c4eae57ea1a : 2 : ittapi_config_apply_per_lib :  ITTAPI function not implemented: __itt_id_create
33583 : 0x248c4eae57f104 : 2 : ittapi_config_apply_per_lib :  ITTAPI function not implemented: __itt_id_destroy
33583 : 0x248c4eae57f72e : 2 : ittapi_config_apply_per_lib :  ITTAPI function instrumented: __itt_get_timestamp
33583 : 0x248c4eae57fdb3 : 2 : ittapi_config_apply_per_lib :  ITTAPI function not implemented: __itt_region_begin
33583 : 0x248c4eae580456 : 2 : ittapi_config_apply_per_lib :  ITTAPI function not implemented: __itt_region_end
33583 : 0x248c4eae580a4d : 2 : ittapi_config_apply_per_lib :  ITTAPI function instrumented: __itt_frame_begin_v3
33583 : 0x248c4eae580ff6 : 2 : ittapi_config_apply_per_lib :  ITTAPI function instrumented: __itt_frame_end_v3
33583 : 0x248c4eae584a84 : 2 : ittapi_config_apply_per_lib :  ITTAPI function instrumented: __itt_frame_submit_v3
33583 : 0x248c4eae584f80 : 2 : ittapi_config_apply_per_lib :  ITTAPI function NOT instrumented (not matched by --itt-config option): __itt_task_group

33583 : 0x248c4eae5853c3 : 2 : ittapi_config_apply_per_lib :  ITTAPI function NOT instrumented (not matched by --itt-config option): __itt_task_begin

33583 : 0x248c4eae5857b7 : 2 : ittapi_config_apply_per_lib :  ITTAPI function NOT instrumented (not matched by --itt-config option): __itt_task_begin_fn

33583 : 0x248c4eae585bf8 : 2 : ittapi_config_apply_per_lib :  ITTAPI function NOT instrumented (not matched by --itt-config option): __itt_task_end

33583 : 0x248c4eae586529 : 2 : ittapi_config_apply_per_lib :  ITTAPI function not implemented: __itt_counter_inc_v3
33583 : 0x248c4eae586ce5 : 2 : ittapi_config_apply_per_lib :  ITTAPI function not implemented: __itt_counter_inc_delta_v3
33583 : 0x248c4eae5873f4 : 2 : ittapi_config_apply_per_lib :  ITTAPI function not implemented: __itt_marker
33583 : 0x248c4eae587a33 : 2 : ittapi_config_apply_per_lib :  ITTAPI function instrumented: __itt_metadata_add
33583 : 0x248c4eae588150 : 2 : ittapi_config_apply_per_lib :  ITTAPI function not implemented: __itt_metadata_str_add
33583 : 0x248c4eae58a4d2 : 2 : ittapi_config_apply_per_lib :  ITTAPI function not implemented: __itt_relation_add_to_current
33583 : 0x248c4eae58acb9 : 2 : ittapi_config_apply_per_lib :  ITTAPI function not implemented: __itt_relation_add
33583 : 0x248c4eae58b282 : 2 : ittapi_config_apply_per_lib :  ITTAPI function instrumented: __itt_event_create
33583 : 0x248c4eae58b652 : 2 : ittapi_config_apply_per_lib :  ITTAPI function NOT instrumented (not matched by --itt-config option): __itt_event_start

33583 : 0x248c4eae58baaf : 2 : ittapi_config_apply_per_lib :  ITTAPI function NOT instrumented (not matched by --itt-config option): __itt_event_end

33583 : 0x248c4eae58beec : 2 : ittapi_config_apply_per_lib :  ITTAPI function NOT instrumented (not matched by --itt-config option): __itt_sync_set_name

33583 : 0x248c4eae58c42c : 2 : ittapi_config_apply_per_lib :  ITTAPI function instrumented: __itt_notify_sync_name
33583 : 0x248c4eae58c9c0 : 2 : ittapi_config_apply_per_lib :  ITTAPI function instrumented: __itt_notify_sync_prepare
33583 : 0x248c4eae58cf57 : 2 : ittapi_config_apply_per_lib :  ITTAPI function instrumented: __itt_notify_sync_cancel
33583 : 0x248c4eae58d523 : 2 : ittapi_config_apply_per_lib :  ITTAPI function instrumented: __itt_notify_sync_acquired
33583 : 0x248c4eae58ed04 : 2 : ittapi_config_apply_per_lib :  ITTAPI function instrumented: __itt_notify_sync_releasing
33583 : 0x248c4eae58f4cb : 2 : ittapi_config_apply_per_lib :  ITTAPI function not implemented: __itt_memory_read
33583 : 0x248c4eae58fbd8 : 2 : ittapi_config_apply_per_lib :  ITTAPI function not implemented: __itt_memory_write
33583 : 0x248c4eae590238 : 2 : ittapi_config_apply_per_lib :  ITTAPI function not implemented: __itt_memory_update
33583 : 0x248c4eae590904 : 2 : ittapi_config_apply_per_lib :  ITTAPI function not implemented: __itt_state_get
33583 : 0x248c4eae590f69 : 2 : ittapi_config_apply_per_lib :  ITTAPI function not implemented: __itt_state_set
33583 : 0x248c4eae592108 : 2 : ittapi_config_apply_per_lib :  ITTAPI function not implemented: __itt_obj_mode_set
33583 : 0x248c4eae5927f3 : 2 : ittapi_config_apply_per_lib :  ITTAPI function not implemented: __itt_thr_mode_set
33583 : 0x248c4eae592d80 : 2 : ittapi_config_apply_per_lib :  ITTAPI function instrumented: __itt_frame_create
33583 : 0x248c4eae5932eb : 2 : ittapi_config_apply_per_lib :  ITTAPI function instrumented: __itt_frame_begin
33583 : 0x248c4eae595a20 : 2 : ittapi_config_apply_per_lib :  ITTAPI function instrumented: __itt_frame_end
33583 : 0x248c4eae596366 : 2 : ittapi_config_apply_per_lib :  ITTAPI function not implemented: __itt_counter_create
33583 : 0x248c4eae596a3d : 2 : ittapi_config_apply_per_lib :  ITTAPI function not implemented: __itt_counter_destroy
33583 : 0x248c4eae5970e4 : 2 : ittapi_config_apply_per_lib :  ITTAPI function not implemented: __itt_counter_inc
33583 : 0x248c4eae5978af : 2 : ittapi_config_apply_per_lib :  ITTAPI function not implemented: __itt_counter_inc_delta
33583 : 0x248c4eae597f4c : 2 : ittapi_config_apply_per_lib :  ITTAPI function not implemented: __itt_mark_create
33583 : 0x248c4eae5985d2 : 2 : ittapi_config_apply_per_lib :  ITTAPI function not implemented: __itt_mark
33583 : 0x248c4eae598d46 : 2 : ittapi_config_apply_per_lib :  ITTAPI function not implemented: __itt_mark_off
33583 : 0x248c4eae5993d9 : 2 : ittapi_config_apply_per_lib :  ITTAPI function not implemented: __itt_mark_global
33583 : 0x248c4eae599ab4 : 2 : ittapi_config_apply_per_lib :  ITTAPI function not implemented: __itt_mark_global_off
33583 : 0x248c4eae59b38a : 2 : ittapi_config_apply_per_lib :  ITTAPI function NOT instrumented (not matched by --itt-config option): __itt_stack_caller_create

33583 : 0x248c4eae59b8b2 : 2 : ittapi_config_apply_per_lib :  ITTAPI function NOT instrumented (not matched by --itt-config option): __itt_stack_caller_destroy

33583 : 0x248c4eae59bcf3 : 2 : ittapi_config_apply_per_lib :  ITTAPI function NOT instrumented (not matched by --itt-config option): __itt_stack_callee_enter

33583 : 0x248c4eae59c147 : 2 : ittapi_config_apply_per_lib :  ITTAPI function NOT instrumented (not matched by --itt-config option): __itt_stack_callee_leave

33583 : 0x248c4eae59c975 : 2 : ittapi_config_apply_per_lib :  ITTAPI function not implemented: __itt_clock_domain_create
33583 : 0x248c4eae59d055 : 2 : ittapi_config_apply_per_lib :  ITTAPI function not implemented: __itt_clock_domain_reset
33583 : 0x248c4eae59d6e0 : 2 : ittapi_config_apply_per_lib :  ITTAPI function not implemented: __itt_id_create_ex
33583 : 0x248c4eae59dd8a : 2 : ittapi_config_apply_per_lib :  ITTAPI function not implemented: __itt_id_destroy_ex
33583 : 0x248c4eae59e1b0 : 2 : ittapi_config_apply_per_lib :  ITTAPI function NOT instrumented (not matched by --itt-config option): __itt_task_begin_ex

33583 : 0x248c4eae59e5b9 : 2 : ittapi_config_apply_per_lib :  ITTAPI function NOT instrumented (not matched by --itt-config option): __itt_task_begin_fn_ex

33583 : 0x248c4eae59fadc : 2 : ittapi_config_apply_per_lib :  ITTAPI function NOT instrumented (not matched by --itt-config option): __itt_task_end_ex

33583 : 0x248c4eae5a0c01 : 2 : ittapi_config_apply_per_lib :  ITTAPI function NOT instrumented (not matched by --itt-config option): __itt_task_begin_overlapped

33583 : 0x248c4eae5a1049 : 2 : ittapi_config_apply_per_lib :  ITTAPI function NOT instrumented (not matched by --itt-config option): __itt_task_begin_overlapped_ex

33583 : 0x248c4eae5a1462 : 2 : ittapi_config_apply_per_lib :  ITTAPI function NOT instrumented (not matched by --itt-config option): __itt_task_end_overlapped

33583 : 0x248c4eae5a188e : 2 : ittapi_config_apply_per_lib :  ITTAPI function NOT instrumented (not matched by --itt-config option): __itt_task_end_overlapped_ex

33583 : 0x248c4eae5a21ee : 2 : ittapi_config_apply_per_lib :  ITTAPI function not implemented: __itt_marker_ex
33583 : 0x248c4eae5a2960 : 2 : ittapi_config_apply_per_lib :  ITTAPI function not implemented: __itt_metadata_add_with_scope
33583 : 0x248c4eae5a3112 : 2 : ittapi_config_apply_per_lib :  ITTAPI function not implemented: __itt_metadata_str_add_with_scope
33583 : 0x248c4eae5a387d : 2 : ittapi_config_apply_per_lib :  ITTAPI function not implemented: __itt_relation_add_to_current_ex
33583 : 0x248c4eae5a3fda : 2 : ittapi_config_apply_per_lib :  ITTAPI function not implemented: __itt_relation_add_ex
33583 : 0x248c4eae5a59fd : 2 : ittapi_config_apply_per_lib :  ITTAPI function not implemented: __itt_track_group_create
33583 : 0x248c4eae5a61ac : 2 : ittapi_config_apply_per_lib :  ITTAPI function not implemented: __itt_track_create
33583 : 0x248c4eae5a6852 : 2 : ittapi_config_apply_per_lib :  ITTAPI function not implemented: __itt_set_track
33583 : 0x248c4eae5a6e2f : 2 : ittapi_config_apply_per_lib :  ITTAPI function instrumented: __itt_api_version
33583 : 0x248c4eae5a748b : 2 : ittapi_config_apply_per_lib :  ITTAPI function not implemented: __itt_av_save
33583 : 0x248c4eae5ea270 : 2 : ittapi_config_mask_get :  --itt-config mask to be applied: 1
33583 : 0x248c4eae5eb538 : 2 : ittapi_config_apply_per_lib :  ITTAPI function instrumented: __itt_domain_create
33583 : 0x248c4eae5ebbdd : 2 : ittapi_config_apply_per_lib :  ITTAPI function instrumented: __itt_string_handle_create
33583 : 0x248c4eae5ec249 : 2 : ittapi_config_apply_per_lib :  ITTAPI function instrumented: __itt_pause
33583 : 0x248c4eae5ec7ff : 2 : ittapi_config_apply_per_lib :  ITTAPI function instrumented: __itt_resume
33583 : 0x248c4eae5f16d3 : 2 : ittapi_config_apply_per_lib :  ITTAPI function instrumented: __itt_thread_set_name
33583 : 0x248c4eae5f1f1f : 2 : ittapi_config_apply_per_lib :  ITTAPI function instrumented: __itt_thread_ignore
33583 : 0x248c4eae5f252a : 2 : ittapi_config_apply_per_lib :  ITTAPI function instrumented: __itt_thr_name_set
33583 : 0x248c4eae5f2afb : 2 : ittapi_config_apply_per_lib :  ITTAPI function instrumented: __itt_thr_ignore
33583 : 0x248c4eae5f3655 : 2 : ittapi_config_apply_per_lib :  ITTAPI function not implemented: __itt_enable_attach
33583 : 0x248c4eae5f3b1a : 2 : ittapi_config_apply_per_lib :  ITTAPI function NOT instrumented (not matched by --itt-config option): __itt_sync_create

33583 : 0x248c4eae5f3f57 : 2 : ittapi_config_apply_per_lib :  ITTAPI function NOT instrumented (not matched by --itt-config option): __itt_sync_rename

33583 : 0x248c4eae5f4360 : 2 : ittapi_config_apply_per_lib :  ITTAPI function NOT instrumented (not matched by --itt-config option): __itt_sync_destroy

33583 : 0x248c4eae5f477e : 2 : ittapi_config_apply_per_lib :  ITTAPI function NOT instrumented (not matched by --itt-config option): __itt_sync_prepare

33583 : 0x248c4eae5f4b72 : 2 : ittapi_config_apply_per_lib :  ITTAPI function NOT instrumented (not matched by --itt-config option): __itt_sync_cancel

33583 : 0x248c4eae5f628b : 2 : ittapi_config_apply_per_lib :  ITTAPI function NOT instrumented (not matched by --itt-config option): __itt_sync_acquired

33583 : 0x248c4eae5f6728 : 2 : ittapi_config_apply_per_lib :  ITTAPI function NOT instrumented (not matched by --itt-config option): __itt_sync_releasing

33583 : 0x248c4eae5f704f : 2 : ittapi_config_apply_per_lib :  ITTAPI function not implemented: __itt_suppress_push
33583 : 0x248c4eae5f789e : 2 : ittapi_config_apply_per_lib :  ITTAPI function not implemented: __itt_suppress_pop
33583 : 0x248c4eae5f7fff : 2 : ittapi_config_apply_per_lib :  ITTAPI function not implemented: __itt_suppress_mark_range
33583 : 0x248c4eae5f874a : 2 : ittapi_config_apply_per_lib :  ITTAPI function not implemented: __itt_suppress_clear_range
33583 : 0x248c4eae5f8b60 : 2 : ittapi_config_apply_per_lib :  ITTAPI function NOT instrumented (not matched by --itt-config option): __itt_sync_prepare

33583 : 0x248c4eae5f8f48 : 2 : ittapi_config_apply_per_lib :  ITTAPI function NOT instrumented (not matched by --itt-config option): __itt_sync_cancel

33583 : 0x248c4eae5f9345 : 2 : ittapi_config_apply_per_lib :  ITTAPI function NOT instrumented (not matched by --itt-config option): __itt_sync_acquired

33583 : 0x248c4eae5f971d : 2 : ittapi_config_apply_per_lib :  ITTAPI function NOT instrumented (not matched by --itt-config option): __itt_sync_releasing

33583 : 0x248c4eae5fb12e : 2 : ittapi_config_apply_per_lib :  ITTAPI function not implemented: __itt_model_site_begin
33583 : 0x248c4eae5fb957 : 2 : ittapi_config_apply_per_lib :  ITTAPI function not implemented: __itt_model_site_end
33583 : 0x248c4eae5fc069 : 2 : ittapi_config_apply_per_lib :  ITTAPI function not implemented: __itt_model_task_begin
33583 : 0x248c4eae5fc784 : 2 : ittapi_config_apply_per_lib :  ITTAPI function not implemented: __itt_model_task_end
33583 : 0x248c4eae5fce72 : 2 : ittapi_config_apply_per_lib :  ITTAPI function not implemented: __itt_model_lock_acquire
33583 : 0x248c4eae5fd56e : 2 : ittapi_config_apply_per_lib :  ITTAPI function not implemented: __itt_model_lock_release
33583 : 0x248c4eae5fdc82 : 2 : ittapi_config_apply_per_lib :  ITTAPI function not implemented: __itt_model_record_allocation
33583 : 0x248c4eae5fe43f : 2 : ittapi_config_apply_per_lib :  ITTAPI function not implemented: __itt_model_record_deallocation
33583 : 0x248c4eae5feb6c : 2 : ittapi_config_apply_per_lib :  ITTAPI function not implemented: __itt_model_induction_uses
33583 : 0x248c4eae5ff231 : 2 : ittapi_config_apply_per_lib :  ITTAPI function not implemented: __itt_model_reduction_uses
33583 : 0x248c4eae603383 : 2 : ittapi_config_apply_per_lib :  ITTAPI function not implemented: __itt_model_observe_uses
33583 : 0x248c4eae603bf7 : 2 : ittapi_config_apply_per_lib :  ITTAPI function not implemented: __itt_model_clear_uses
33583 : 0x248c4eae604398 : 2 : ittapi_config_apply_per_lib :  ITTAPI function not implemented: __itt_model_site_beginA
33583 : 0x248c4eae604afc : 2 : ittapi_config_apply_per_lib :  ITTAPI function not implemented: __itt_model_site_beginAL
33583 : 0x248c4eae605260 : 2 : ittapi_config_apply_per_lib :  ITTAPI function not implemented: __itt_model_task_beginA
33583 : 0x248c4eae6059fa : 2 : ittapi_config_apply_per_lib :  ITTAPI function not implemented: __itt_model_task_beginAL
33583 : 0x248c4eae606104 : 2 : ittapi_config_apply_per_lib :  ITTAPI function not implemented: __itt_model_iteration_taskA
33583 : 0x248c4eae606826 : 2 : ittapi_config_apply_per_lib :  ITTAPI function not implemented: __itt_model_iteration_taskAL
33583 : 0x248c4eae606ef6 : 2 : ittapi_config_apply_per_lib :  ITTAPI function not implemented: __itt_model_site_end_2
33583 : 0x248c4eae607554 : 2 : ittapi_config_apply_per_lib :  ITTAPI function not implemented: __itt_model_task_end_2
33583 : 0x248c4eae60903d : 2 : ittapi_config_apply_per_lib :  ITTAPI function not implemented: __itt_model_lock_acquire_2
33583 : 0x248c4eae609893 : 2 : ittapi_config_apply_per_lib :  ITTAPI function not implemented: __itt_model_lock_release_2
33583 : 0x248c4eae609ff1 : 2 : ittapi_config_apply_per_lib :  ITTAPI function not implemented: __itt_model_aggregate_task
33583 : 0x248c4eae60a71e : 2 : ittapi_config_apply_per_lib :  ITTAPI function not implemented: __itt_model_disable_push
33583 : 0x248c4eae60add8 : 2 : ittapi_config_apply_per_lib :  ITTAPI function not implemented: __itt_model_disable_pop
33583 : 0x248c4eae60b4ef : 2 : ittapi_config_apply_per_lib :  ITTAPI function not implemented: __itt_heap_function_create
33583 : 0x248c4eae60bc39 : 2 : ittapi_config_apply_per_lib :  ITTAPI function not implemented: __itt_heap_allocate_begin
33583 : 0x248c4eae60c306 : 2 : ittapi_config_apply_per_lib :  ITTAPI function not implemented: __itt_heap_allocate_end
33583 : 0x248c4eae60cadf : 2 : ittapi_config_apply_per_lib :  ITTAPI function not implemented: __itt_heap_free_begin
33583 : 0x248c4eae60d1bf : 2 : ittapi_config_apply_per_lib :  ITTAPI function not implemented: __itt_heap_free_end
33583 : 0x248c4eae60ebce : 2 : ittapi_config_apply_per_lib :  ITTAPI function not implemented: __itt_heap_reallocate_begin
33583 : 0x248c4eae60f3ae : 2 : ittapi_config_apply_per_lib :  ITTAPI function not implemented: __itt_heap_reallocate_end
33583 : 0x248c4eae60fadb : 2 : ittapi_config_apply_per_lib :  ITTAPI function not implemented: __itt_heap_internal_access_begin
33583 : 0x248c4eae610260 : 2 : ittapi_config_apply_per_lib :  ITTAPI function not implemented: __itt_heap_internal_access_end
33583 : 0x248c4eae610a3f : 2 : ittapi_config_apply_per_lib :  ITTAPI function not implemented: __itt_heap_record_memory_growth_begin
33583 : 0x248c4eae6111bc : 2 : ittapi_config_apply_per_lib :  ITTAPI function not implemented: __itt_heap_record_memory_growth_end
33583 : 0x248c4eae6118e7 : 2 : ittapi_config_apply_per_lib :  ITTAPI function not implemented: __itt_heap_reset_detection
33583 : 0x248c4eae611fd6 : 2 : ittapi_config_apply_per_lib :  ITTAPI function not implemented: __itt_heap_record
33583 : 0x248c4eae61274e : 2 : ittapi_config_apply_per_lib :  ITTAPI function not implemented: __itt_id_create
33583 : 0x248c4eae612dce : 2 : ittapi_config_apply_per_lib :  ITTAPI function not implemented: __itt_id_destroy
33583 : 0x248c4eae615278 : 2 : ittapi_config_apply_per_lib :  ITTAPI function instrumented: __itt_get_timestamp
33583 : 0x248c4eae615a96 : 2 : ittapi_config_apply_per_lib :  ITTAPI function not implemented: __itt_region_begin
33583 : 0x248c4eae61613b : 2 : ittapi_config_apply_per_lib :  ITTAPI function not implemented: __itt_region_end
33583 : 0x248c4eae616702 : 2 : ittapi_config_apply_per_lib :  ITTAPI function instrumented: __itt_frame_begin_v3
33583 : 0x248c4eae616cb5 : 2 : ittapi_config_apply_per_lib :  ITTAPI function instrumented: __itt_frame_end_v3
33583 : 0x248c4eae617274 : 2 : ittapi_config_apply_per_lib :  ITTAPI function instrumented: __itt_frame_submit_v3
33583 : 0x248c4eae617689 : 2 : ittapi_config_apply_per_lib :  ITTAPI function NOT instrumented (not matched by --itt-config option): __itt_task_group

33583 : 0x248c4eae617ab5 : 2 : ittapi_config_apply_per_lib :  ITTAPI function NOT instrumented (not matched by --itt-config option): __itt_task_begin

33583 : 0x248c4eae617ece : 2 : ittapi_config_apply_per_lib :  ITTAPI function NOT instrumented (not matched by --itt-config option): __itt_task_begin_fn

33583 : 0x248c4eae6182a4 : 2 : ittapi_config_apply_per_lib :  ITTAPI function NOT instrumented (not matched by --itt-config option): __itt_task_end

33583 : 0x248c4eae619cf2 : 2 : ittapi_config_apply_per_lib :  ITTAPI function not implemented: __itt_counter_inc_v3
33583 : 0x248c4eae61a4f8 : 2 : ittapi_config_apply_per_lib :  ITTAPI function not implemented: __itt_counter_inc_delta_v3
33583 : 0x248c4eae61ac0c : 2 : ittapi_config_apply_per_lib :  ITTAPI function not implemented: __itt_marker
33583 : 0x248c4eae61b1f7 : 2 : ittapi_config_apply_per_lib :  ITTAPI function instrumented: __itt_metadata_add
33583 : 0x248c4eae61b916 : 2 : ittapi_config_apply_per_lib :  ITTAPI function not implemented: __itt_metadata_str_add
33583 : 0x248c4eae61c02a : 2 : ittapi_config_apply_per_lib :  ITTAPI function not implemented: __itt_relation_add_to_current
33583 : 0x248c4eae61c6f3 : 2 : ittapi_config_apply_per_lib :  ITTAPI function not implemented: __itt_relation_add
33583 : 0x248c4eae61ccbf : 2 : ittapi_config_apply_per_lib :  ITTAPI function instrumented: __itt_event_create
33583 : 0x248c4eae61d0a8 : 2 : ittapi_config_apply_per_lib :  ITTAPI function NOT instrumented (not matched by --itt-config option): __itt_event_start

33583 : 0x248c4eae61d49e : 2 : ittapi_config_apply_per_lib :  ITTAPI function NOT instrumented (not matched by --itt-config option): __itt_event_end

33583 : 0x248c4eae61eb01 : 2 : ittapi_config_apply_per_lib :  ITTAPI function NOT instrumented (not matched by --itt-config option): __itt_sync_set_name

33583 : 0x248c4eae61f1dc : 2 : ittapi_config_apply_per_lib :  ITTAPI function instrumented: __itt_notify_sync_name
33583 : 0x248c4eae61f792 : 2 : ittapi_config_apply_per_lib :  ITTAPI function instrumented: __itt_notify_sync_prepare
33583 : 0x248c4eae61fcd4 : 2 : ittapi_config_apply_per_lib :  ITTAPI function instrumented: __itt_notify_sync_cancel
33583 : 0x248c4eae62028e : 2 : ittapi_config_apply_per_lib :  ITTAPI function instrumented: __itt_notify_sync_acquired
33583 : 0x248c4eae6207de : 2 : ittapi_config_apply_per_lib :  ITTAPI function instrumented: __itt_notify_sync_releasing
33583 : 0x248c4eae6217cb : 2 : ittapi_config_apply_per_lib :  ITTAPI function not implemented: __itt_memory_read
33583 : 0x248c4eae621ea4 : 2 : ittapi_config_apply_per_lib :  ITTAPI function not implemented: __itt_memory_write
33583 : 0x248c4eae622542 : 2 : ittapi_config_apply_per_lib :  ITTAPI function not implemented: __itt_memory_update
33583 : 0x248c4eae622c7e : 2 : ittapi_config_apply_per_lib :  ITTAPI function not implemented: __itt_state_get
33583 : 0x248c4eae624548 : 2 : ittapi_config_apply_per_lib :  ITTAPI function not implemented: __itt_state_set
33583 : 0x248c4eae624d39 : 2 : ittapi_config_apply_per_lib :  ITTAPI function not implemented: __itt_obj_mode_set
33583 : 0x248c4eae62541b : 2 : ittapi_config_apply_per_lib :  ITTAPI function not implemented: __itt_thr_mode_set
33583 : 0x248c4eae625948 : 2 : ittapi_config_apply_per_lib :  ITTAPI function instrumented: __itt_frame_create
33583 : 0x248c4eae625eb6 : 2 : ittapi_config_apply_per_lib :  ITTAPI function instrumented: __itt_frame_begin
33583 : 0x248c4eae626456 : 2 : ittapi_config_apply_per_lib :  ITTAPI function instrumented: __itt_frame_end
33583 : 0x248c4eae626baf : 2 : ittapi_config_apply_per_lib :  ITTAPI function not implemented: __itt_counter_create
33583 : 0x248c4eae6272ab : 2 : ittapi_config_apply_per_lib :  ITTAPI function not implemented: __itt_counter_destroy
33583 : 0x248c4eae62799d : 2 : ittapi_config_apply_per_lib :  ITTAPI function not implemented: __itt_counter_inc
33583 : 0x248c4eae628143 : 2 : ittapi_config_apply_per_lib :  ITTAPI function not implemented: __itt_counter_inc_delta
33583 : 0x248c4eae62d417 : 2 : ittapi_config_apply_per_lib :  ITTAPI function not implemented: __itt_mark_create
33583 : 0x248c4eae62db93 : 2 : ittapi_config_apply_per_lib :  ITTAPI function not implemented: __itt_mark
33583 : 0x248c4eae62e228 : 2 : ittapi_config_apply_per_lib :  ITTAPI function not implemented: __itt_mark_off
33583 : 0x248c4eae62e82c : 2 : ittapi_config_apply_per_lib :  ITTAPI function not implemented: __itt_mark_global
33583 : 0x248c4eae62ee44 : 2 : ittapi_config_apply_per_lib :  ITTAPI function not implemented: __itt_mark_global_off
33583 : 0x248c4eae62f267 : 2 : ittapi_config_apply_per_lib :  ITTAPI function NOT instrumented (not matched by --itt-config option): __itt_stack_caller_create

33583 : 0x248c4eae63279f : 2 : ittapi_config_apply_per_lib :  ITTAPI function NOT instrumented (not matched by --itt-config option): __itt_stack_caller_destroy

33583 : 0x248c4eae632b2a : 2 : ittapi_config_apply_per_lib :  ITTAPI function NOT instrumented (not matched by --itt-config option): __itt_stack_callee_enter

33583 : 0x248c4eae632e98 : 2 : ittapi_config_apply_per_lib :  ITTAPI function NOT instrumented (not matched by --itt-config option): __itt_stack_callee_leave

33583 : 0x248c4eae6334ec : 2 : ittapi_config_apply_per_lib :  ITTAPI function not implemented: __itt_clock_domain_create
33583 : 0x248c4eae634b79 : 2 : ittapi_config_apply_per_lib :  ITTAPI function not implemented: __itt_clock_domain_reset
33583 : 0x248c4eae6351d1 : 2 : ittapi_config_apply_per_lib :  ITTAPI function not implemented: __itt_id_create_ex
33583 : 0x248c4eae63579f : 2 : ittapi_config_apply_per_lib :  ITTAPI function not implemented: __itt_id_destroy_ex
33583 : 0x248c4eae635af4 : 2 : ittapi_config_apply_per_lib :  ITTAPI function NOT instrumented (not matched by --itt-config option): __itt_task_begin_ex

33583 : 0x248c4eae635e62 : 2 : ittapi_config_apply_per_lib :  ITTAPI function NOT instrumented (not matched by --itt-config option): __itt_task_begin_fn_ex

33583 : 0x248c4eae6361d6 : 2 : ittapi_config_apply_per_lib :  ITTAPI function NOT instrumented (not matched by --itt-config option): __itt_task_end_ex

33583 : 0x248c4eae636531 : 2 : ittapi_config_apply_per_lib :  ITTAPI function NOT instrumented (not matched by --itt-config option): __itt_task_begin_overlapped

33583 : 0x248c4eae6368a7 : 2 : ittapi_config_apply_per_lib :  ITTAPI function NOT instrumented (not matched by --itt-config option): __itt_task_begin_overlapped_ex

33583 : 0x248c4eae636c0f : 2 : ittapi_config_apply_per_lib :  ITTAPI function NOT instrumented (not matched by --itt-config option): __itt_task_end_overlapped

33583 : 0x248c4eae636f4c : 2 : ittapi_config_apply_per_lib :  ITTAPI function NOT instrumented (not matched by --itt-config option): __itt_task_end_overlapped_ex

33583 : 0x248c4eae6385ed : 2 : ittapi_config_apply_per_lib :  ITTAPI function not implemented: __itt_marker_ex
33583 : 0x248c4eae638ce7 : 2 : ittapi_config_apply_per_lib :  ITTAPI function not implemented: __itt_metadata_add_with_scope
33583 : 0x248c4eae639359 : 2 : ittapi_config_apply_per_lib :  ITTAPI function not implemented: __itt_metadata_str_add_with_scope
33583 : 0x248c4eae6399ce : 2 : ittapi_config_apply_per_lib :  ITTAPI function not implemented: __itt_relation_add_to_current_ex
33583 : 0x248c4eae63a024 : 2 : ittapi_config_apply_per_lib :  ITTAPI function not implemented: __itt_relation_add_ex
33583 : 0x248c4eae63a69f : 2 : ittapi_config_apply_per_lib :  ITTAPI function not implemented: __itt_track_group_create
33583 : 0x248c4eae63ac75 : 2 : ittapi_config_apply_per_lib :  ITTAPI function not implemented: __itt_track_create
33583 : 0x248c4eae63b21b : 2 : ittapi_config_apply_per_lib :  ITTAPI function not implemented: __itt_set_track
33583 : 0x248c4eae63b6ef : 2 : ittapi_config_apply_per_lib :  ITTAPI function instrumented: __itt_api_version
33583 : 0x248c4eae63bc4c : 2 : ittapi_config_apply_per_lib :  ITTAPI function not implemented: __itt_av_save