
Starting to generate data...
Output data size : 16000000
Output record data directory : /ghome/zlai/workspace/comparison_gpu/data/data_16000000/rec_16000000.data
Output array data directory :  /ghome/zlai/workspace/comparison_gpu/data/data_16000000/arr_16000000.data
Output location data directory : /ghome/zlai/workspace/comparison_gpu/data/data_16000000/loc_16000000.data
now making: 512000000
equal size
generating finished. Start writing... 
generate 512000000 finished.
Data generation finished...

Starting to generate data...
Output data size : 16000000
Output record data directory : /ghome/zlai/workspace/comparison_gpu/data/data_16000000/rec_16000000.data
Output array data directory :  /ghome/zlai/workspace/comparison_gpu/data/data_16000000/arr_16000000.data
Output location data directory : /ghome/zlai/workspace/comparison_gpu/data/data_16000000/loc_16000000.data
now making: 256000000
equal size
generating finished. Start writing... 

Starting to generate data...
Output data size : 16000000
Output record data directory : /ghome/zlai/workspace/comparison_gpu/data/data_16000000/rec_16000000.data
Output array data directory :  /ghome/zlai/workspace/comparison_gpu/data/data_16000000/arr_16000000.data
Output location data directory : /ghome/zlai/workspace/comparison_gpu/data/data_16000000/loc_16000000.data
now making: 768000000
equal size
generating finished. Start writing... 
generate 256000000 finished.
Data generation finished...
generate 768000000 finished.
Data generation finished...

Starting to generate data...
Output data size : 16000000
Output record data directory : /ghome/zlai/workspace/comparison_gpu/data/data_16000000/rec_16000000.data
Output array data directory :  /ghome/zlai/workspace/comparison_gpu/data/data_16000000/arr_16000000.data
Output location data directory : /ghome/zlai/workspace/comparison_gpu/data/data_16000000/loc_16000000.data
now making: 128000000
equal size
generating finished. Start writing... 
generate 128000000 finished.
Data generation finished...
