
Starting to launch opencl_compare...
Fast run...
Data size: 100000000

Detection mode: All
------ Start hardware checking ------
Platform: Intel(R) OpenCL
Number of devices: 2
	Computing device 0 : Intel(R) Xeon(R) CPU E5-2650 v3 @ 2.30GHz
	Computing device 1 : Intel(R) Many Integrated Core Acceleration Card
Please enter the index of the device to use (0,1,2...) : Selected device: Intel(R) Many Integrated Core Acceleration Card
------ End of hardware checking ------

blockSize=64	gridSize=256	float1	2456.85	1172.23	done!
blockSize=64	gridSize=256	float2	1745.87	1649.6	done!
blockSize=64	gridSize=256	float4	1737.73	1657.33	done!
blockSize=64	gridSize=256	float8	1734.35	1660.56	done!
blockSize=64	gridSize=256	float16	1783.82	1614.52	done!
blockSize=64	gridSize=512	float1	1770.95	1626.24	done!
blockSize=64	gridSize=512	float2	1601.9	1797.86	done!
blockSize=64	gridSize=512	float4	1594.5	1806.21	done!
blockSize=64	gridSize=512	float8	1593.77	1807.04	done!
blockSize=64	gridSize=512	float16	1764.44	1632.24	done!
blockSize=64	gridSize=1024	float1	1479.77	1946.25	done!
blockSize=64	gridSize=1024	float2	1384.55	2080.09	done!
blockSize=64	gridSize=1024	float4	1443.31	1995.42	done!
blockSize=64	gridSize=1024	float8	1440.65	1999.1	done!
blockSize=64	gridSize=1024	float16	1473.17	1954.97	done!
blockSize=64	gridSize=2048	float1	1334.13	2158.71	done!
blockSize=64	gridSize=2048	float2	1305.38	2206.26	done!
blockSize=64	gridSize=2048	float4	1296.74	2220.96	done!
blockSize=64	gridSize=2048	float8	1295.47	2223.14	done!
blockSize=64	gridSize=2048	float16	1337.06	2153.98	done!
blockSize=64	gridSize=4096	float1	1263.99	2278.49	done!
blockSize=64	gridSize=4096	float2	1236.32	2329.49	done!
blockSize=64	gridSize=4096	float4	1237.53	2327.22	done!
blockSize=64	gridSize=4096	float8	1236.8	2328.6	done!
blockSize=64	gridSize=4096	float16	1269.22	2269.12	done!
blockSize=64	gridSize=8192	float1	1257.75	2289.8	done!
blockSize=64	gridSize=8192	float2	1242.22	2318.43	done!
blockSize=64	gridSize=8192	float4	1237.72	2326.86	done!
blockSize=64	gridSize=8192	float8	1236.67	2328.83	done!
blockSize=64	gridSize=8192	float16	1267.77	2271.71	done!
blockSize=64	gridSize=16384	float1	1264.48	2277.62	done!
blockSize=64	gridSize=16384	float2	1238.92	2324.61	done!
blockSize=64	gridSize=16384	float4	1236.85	2328.5	done!
blockSize=64	gridSize=16384	float8	1236.55	2329.06	done!
blockSize=64	gridSize=16384	float16	1260.18	2285.39	done!
blockSize=128	gridSize=256	float1	2440.37	1180.15	done!
blockSize=128	gridSize=256	float2	1745.73	1649.74	done!
blockSize=128	gridSize=256	float4	1737.32	1657.72	done!
blockSize=128	gridSize=256	float8	1736.16	1658.83	done!
blockSize=128	gridSize=256	float16	1784.16	1614.2	done!
blockSize=128	gridSize=512	float1	1772.19	1625.11	done!
blockSize=128	gridSize=512	float2	1601.76	1798.02	done!
blockSize=128	gridSize=512	float4	1594.44	1806.28	done!
blockSize=128	gridSize=512	float8	1728.19	1666.48	done!
blockSize=128	gridSize=512	float16	1763.66	1632.97	done!
blockSize=128	gridSize=1024	float1	1479.05	1947.2	done!
blockSize=128	gridSize=1024	float2	1448.86	1987.77	done!
blockSize=128	gridSize=1024	float4	1440.87	1998.79	done!
blockSize=128	gridSize=1024	float8	1375.34	2094.03	done!
blockSize=128	gridSize=1024	float16	1463.37	1968.06	done!
blockSize=128	gridSize=2048	float1	1332.01	2162.15	done!
blockSize=128	gridSize=2048	float2	1307.35	2202.94	done!
blockSize=128	gridSize=2048	float4	1296.55	2221.28	done!
blockSize=128	gridSize=2048	float8	1303.91	2208.74	done!
blockSize=128	gridSize=2048	float16	1337.93	2152.59	done!
blockSize=128	gridSize=4096	float1	1264.05	2278.4	done!
blockSize=128	gridSize=4096	float2	1242.23	2318.41	done!
blockSize=128	gridSize=4096	float4	1237.37	2327.51	done!
blockSize=128	gridSize=4096	float8	1236.9	2328.41	done!
blockSize=128	gridSize=4096	float16	1268.64	2270.15	done!
blockSize=128	gridSize=8192	float1	1265.18	2276.35	done!
blockSize=128	gridSize=8192	float2	1242.55	2317.81	done!
blockSize=128	gridSize=8192	float4	1238.68	2325.06	done!
blockSize=128	gridSize=8192	float8	1237.34	2327.57	done!
blockSize=128	gridSize=8192	float16	1267.19	2272.74	done!
blockSize=128	gridSize=16384	float1	1271.35	2265.31	done!
blockSize=128	gridSize=16384	float2	1242.62	2317.68	done!
blockSize=128	gridSize=16384	float4	1237.2	2327.83	done!
blockSize=128	gridSize=16384	float8	1239.44	2323.64	done!
blockSize=128	gridSize=16384	float16	1262.96	2280.36	done!
blockSize=256	gridSize=256	float1	2450.81	1175.12	done!
blockSize=256	gridSize=256	float2	1746.1	1649.39	done!
blockSize=256	gridSize=256	float4	1739.19	1655.95	done!
blockSize=256	gridSize=256	float8	1736.9	1658.13	done!
blockSize=256	gridSize=256	float16	1787.36	1611.32	done!
blockSize=256	gridSize=512	float1	1769.94	1627.17	done!
blockSize=256	gridSize=512	float2	1601.29	1798.55	done!
blockSize=256	gridSize=512	float4	1728.95	1665.76	done!
blockSize=256	gridSize=512	float8	1591.03	1810.15	done!
blockSize=256	gridSize=512	float16	1749.87	1645.84	done!
blockSize=256	gridSize=1024	float1	1478.83	1947.48	done!
blockSize=256	gridSize=1024	float2	1446.95	1990.39	done!
blockSize=256	gridSize=1024	float4	1379.59	2087.57	done!
blockSize=256	gridSize=1024	float8	1427.53	2017.48	done!
blockSize=256	gridSize=1024	float16	1477.18	1949.67	done!
blockSize=256	gridSize=2048	float1	1336.17	2155.41	done!
blockSize=256	gridSize=2048	float2	1302.53	2211.09	done!
blockSize=256	gridSize=2048	float4	1286.6	2238.45	done!
blockSize=256	gridSize=2048	float8	1278.06	2253.42	done!
blockSize=256	gridSize=2048	float16	1336.49	2154.89	done!
blockSize=256	gridSize=4096	float1	1270.15	2267.45	done!
blockSize=256	gridSize=4096	float2	1242.57	2317.77	done!
blockSize=256	gridSize=4096	float4	1238.6	2325.21	done!
blockSize=256	gridSize=4096	float8	1237.74	2326.81	done!
blockSize=256	gridSize=4096	float16	1270.85	2266.21	done!
blockSize=256	gridSize=8192	float1	1266.63	2273.75	done!
blockSize=256	gridSize=8192	float2	1242.92	2317.12	done!
blockSize=256	gridSize=8192	float4	1242.93	2317.11	done!
blockSize=256	gridSize=8192	float8	1242.6	2317.72	done!
blockSize=256	gridSize=8192	float16	1267.5	2272.19	done!
blockSize=256	gridSize=16384	float1	1272.96	2262.45	done!
blockSize=256	gridSize=16384	float2	1242.72	2317.5	done!
blockSize=256	gridSize=16384	float4	1238.23	2325.91	done!
blockSize=256	gridSize=16384	float8	1236.22	2329.68	done!
blockSize=256	gridSize=16384	float16	1272.33	2263.56	done!
blockSize=512	gridSize=256	float1	2394.48	1202.77	done!
blockSize=512	gridSize=256	float2	1748.34	1647.28	done!
blockSize=512	gridSize=256	float4	1739.88	1655.29	done!
blockSize=512	gridSize=256	float8	1745.79	1649.68	done!
blockSize=512	gridSize=256	float16	1794.01	1605.34	done!
blockSize=512	gridSize=512	float1	1770.34	1626.8	done!
blockSize=512	gridSize=512	float2	1736.43	1658.57	done!
blockSize=512	gridSize=512	float4	1592.44	1808.55	done!
blockSize=512	gridSize=512	float8	1713.26	1681	done!
blockSize=512	gridSize=512	float16	1728.49	1666.2	done!
blockSize=512	gridSize=1024	float1	1476.59	1950.44	done!
blockSize=512	gridSize=1024	float2	1446.61	1990.86	done!
blockSize=512	gridSize=1024	float4	1428.92	2015.51	done!
blockSize=512	gridSize=1024	float8	1406.24	2048.02	done!
blockSize=512	gridSize=1024	float16	1481.09	1944.51	done!
blockSize=512	gridSize=2048	float1	1331.14	2163.56	done!
blockSize=512	gridSize=2048	float2	1297.02	2220.48	done!
blockSize=512	gridSize=2048	float4	1279.41	2251.05	done!
blockSize=512	gridSize=2048	float8	1308.44	2201.09	done!
blockSize=512	gridSize=2048	float16	1339.78	2149.61	done!
blockSize=512	gridSize=4096	float1	1270.82	2266.25	done!
blockSize=512	gridSize=4096	float2	1243.88	2315.33	done!
blockSize=512	gridSize=4096	float4	1243.71	2315.66	done!
blockSize=512	gridSize=4096	float8	1241.53	2319.72	done!
blockSize=512	gridSize=4096	float16	1268.03	2271.23	done!
blockSize=512	gridSize=8192	float1	1272.85	2262.63	done!
blockSize=512	gridSize=8192	float2	1246.95	2309.64	done!
blockSize=512	gridSize=8192	float4	1242.85	2317.26	done!
blockSize=512	gridSize=8192	float8	1239.66	2323.23	done!
blockSize=512	gridSize=8192	float16	1279.62	2250.68	done!
blockSize=512	gridSize=16384	float1	1270.4	2267.01	done!
blockSize=512	gridSize=16384	float2	1239.57	2323.38	done!
blockSize=512	gridSize=16384	float4	1237.42	2327.42	done!
blockSize=512	gridSize=16384	float8	1245.28	2312.74	done!
blockSize=512	gridSize=16384	float16	1281.58	2247.23	done!
blockSize=1024	gridSize=256	float1	2479.26	1161.63	done!
blockSize=1024	gridSize=256	float2	1749.1	1646.56	done!
blockSize=1024	gridSize=256	float4	1749.05	1646.61	done!
blockSize=1024	gridSize=256	float8	1746.22	1649.28	done!
blockSize=1024	gridSize=256	float16	1790.52	1608.47	done!
blockSize=1024	gridSize=512	float1	1768.28	1628.7	done!
blockSize=1024	gridSize=512	float2	1600.96	1798.93	done!
blockSize=1024	gridSize=512	float4	1587.72	1813.92	done!
blockSize=1024	gridSize=512	float8	1600.81	1799.08	done!
blockSize=1024	gridSize=512	float16	1694.67	1699.45	done!
blockSize=1024	gridSize=1024	float1	1476.99	1949.91	done!
blockSize=1024	gridSize=1024	float2	1435.28	2006.57	done!
blockSize=1024	gridSize=1024	float4	1406.8	2047.2	done!
blockSize=1024	gridSize=1024	float8	1452.93	1982.2	done!
blockSize=1024	gridSize=1024	float16	1480.33	1945.51	done!
blockSize=1024	gridSize=2048	float1	1343.58	2143.52	done!
blockSize=1024	gridSize=2048	float2	1316.09	2188.3	done!
blockSize=1024	gridSize=2048	float4	1313.23	2193.07	done!
blockSize=1024	gridSize=2048	float8	1313.04	2193.39	done!
blockSize=1024	gridSize=2048	float16	1338.25	2152.07	done!
blockSize=1024	gridSize=4096	float1	1281.46	2247.43	done!
blockSize=1024	gridSize=4096	float2	1248.47	2306.83	done!
blockSize=1024	gridSize=4096	float4	1243.01	2316.96	done!
blockSize=1024	gridSize=4096	float8	1241.99	2318.86	done!
blockSize=1024	gridSize=4096	float16	1333.42	2159.87	done!
blockSize=1024	gridSize=8192	float1	1272.24	2263.73	done!
blockSize=1024	gridSize=8192	float2	1246.11	2311.19	done!
blockSize=1024	gridSize=8192	float4	1242.3	2318.27	done!
blockSize=1024	gridSize=8192	float8	1252.17	2300.01	done!
blockSize=1024	gridSize=8192	float16	1306.54	2204.3	done!
blockSize=1024	gridSize=16384	float1	1263.1	2280.11	done!
blockSize=1024	gridSize=16384	float2	1242.88	2317.19	done!
blockSize=1024	gridSize=16384	float4	1245.08	2313.11	done!
blockSize=1024	gridSize=16384	float8	1251.2	2301.79	done!
blockSize=1024	gridSize=16384	float16	1360.63	2116.66	done!

----------- Original ------------
# 64	256	float1	2456.85	1172.23
# 64	256	float2	1745.87	1649.6
# 64	256	float4	1737.73	1657.33
# 64	256	float8	1734.35	1660.56
# 64	256	float16	1783.82	1614.52
# 64	512	float1	1770.95	1626.24
# 64	512	float2	1601.9	1797.86
# 64	512	float4	1594.5	1806.21
# 64	512	float8	1593.77	1807.04
# 64	512	float16	1764.44	1632.24
# 64	1024	float1	1479.77	1946.25
# 64	1024	float2	1384.55	2080.09
# 64	1024	float4	1443.31	1995.42
# 64	1024	float8	1440.65	1999.1
# 64	1024	float16	1473.17	1954.97
# 64	2048	float1	1334.13	2158.71
# 64	2048	float2	1305.38	2206.26
# 64	2048	float4	1296.74	2220.96
# 64	2048	float8	1295.47	2223.14
# 64	2048	float16	1337.06	2153.98
# 64	4096	float1	1263.99	2278.49
# 64	4096	float2	1236.32	2329.49
# 64	4096	float4	1237.53	2327.22
# 64	4096	float8	1236.8	2328.6
# 64	4096	float16	1269.22	2269.12
# 64	8192	float1	1257.75	2289.8
# 64	8192	float2	1242.22	2318.43
# 64	8192	float4	1237.72	2326.86
# 64	8192	float8	1236.67	2328.83
# 64	8192	float16	1267.77	2271.71
# 64	16384	float1	1264.48	2277.62
# 64	16384	float2	1238.92	2324.61
# 64	16384	float4	1236.85	2328.5
# 64	16384	float8	1236.55	2329.06
# 64	16384	float16	1260.18	2285.39
# 128	256	float1	2440.37	1180.15
# 128	256	float2	1745.73	1649.74
# 128	256	float4	1737.32	1657.72
# 128	256	float8	1736.16	1658.83
# 128	256	float16	1784.16	1614.2
# 128	512	float1	1772.19	1625.11
# 128	512	float2	1601.76	1798.02
# 128	512	float4	1594.44	1806.28
# 128	512	float8	1728.19	1666.48
# 128	512	float16	1763.66	1632.97
# 128	1024	float1	1479.05	1947.2
# 128	1024	float2	1448.86	1987.77
# 128	1024	float4	1440.87	1998.79
# 128	1024	float8	1375.34	2094.03
# 128	1024	float16	1463.37	1968.06
# 128	2048	float1	1332.01	2162.15
# 128	2048	float2	1307.35	2202.94
# 128	2048	float4	1296.55	2221.28
# 128	2048	float8	1303.91	2208.74
# 128	2048	float16	1337.93	2152.59
# 128	4096	float1	1264.05	2278.4
# 128	4096	float2	1242.23	2318.41
# 128	4096	float4	1237.37	2327.51
# 128	4096	float8	1236.9	2328.41
# 128	4096	float16	1268.64	2270.15
# 128	8192	float1	1265.18	2276.35
# 128	8192	float2	1242.55	2317.81
# 128	8192	float4	1238.68	2325.06
# 128	8192	float8	1237.34	2327.57
# 128	8192	float16	1267.19	2272.74
# 128	16384	float1	1271.35	2265.31
# 128	16384	float2	1242.62	2317.68
# 128	16384	float4	1237.2	2327.83
# 128	16384	float8	1239.44	2323.64
# 128	16384	float16	1262.96	2280.36
# 256	256	float1	2450.81	1175.12
# 256	256	float2	1746.1	1649.39
# 256	256	float4	1739.19	1655.95
# 256	256	float8	1736.9	1658.13
# 256	256	float16	1787.36	1611.32
# 256	512	float1	1769.94	1627.17
# 256	512	float2	1601.29	1798.55
# 256	512	float4	1728.95	1665.76
# 256	512	float8	1591.03	1810.15
# 256	512	float16	1749.87	1645.84
# 256	1024	float1	1478.83	1947.48
# 256	1024	float2	1446.95	1990.39
# 256	1024	float4	1379.59	2087.57
# 256	1024	float8	1427.53	2017.48
# 256	1024	float16	1477.18	1949.67
# 256	2048	float1	1336.17	2155.41
# 256	2048	float2	1302.53	2211.09
# 256	2048	float4	1286.6	2238.45
# 256	2048	float8	1278.06	2253.42
# 256	2048	float16	1336.49	2154.89
# 256	4096	float1	1270.15	2267.45
# 256	4096	float2	1242.57	2317.77
# 256	4096	float4	1238.6	2325.21
# 256	4096	float8	1237.74	2326.81
# 256	4096	float16	1270.85	2266.21
# 256	8192	float1	1266.63	2273.75
# 256	8192	float2	1242.92	2317.12
# 256	8192	float4	1242.93	2317.11
# 256	8192	float8	1242.6	2317.72
# 256	8192	float16	1267.5	2272.19
# 256	16384	float1	1272.96	2262.45
# 256	16384	float2	1242.72	2317.5
# 256	16384	float4	1238.23	2325.91
# 256	16384	float8	1236.22	2329.68
# 256	16384	float16	1272.33	2263.56
# 512	256	float1	2394.48	1202.77
# 512	256	float2	1748.34	1647.28
# 512	256	float4	1739.88	1655.29
# 512	256	float8	1745.79	1649.68
# 512	256	float16	1794.01	1605.34
# 512	512	float1	1770.34	1626.8
# 512	512	float2	1736.43	1658.57
# 512	512	float4	1592.44	1808.55
# 512	512	float8	1713.26	1681
# 512	512	float16	1728.49	1666.2
# 512	1024	float1	1476.59	1950.44
# 512	1024	float2	1446.61	1990.86
# 512	1024	float4	1428.92	2015.51
# 512	1024	float8	1406.24	2048.02
# 512	1024	float16	1481.09	1944.51
# 512	2048	float1	1331.14	2163.56
# 512	2048	float2	1297.02	2220.48
# 512	2048	float4	1279.41	2251.05
# 512	2048	float8	1308.44	2201.09
# 512	2048	float16	1339.78	2149.61
# 512	4096	float1	1270.82	2266.25
# 512	4096	float2	1243.88	2315.33
# 512	4096	float4	1243.71	2315.66
# 512	4096	float8	1241.53	2319.72
# 512	4096	float16	1268.03	2271.23
# 512	8192	float1	1272.85	2262.63
# 512	8192	float2	1246.95	2309.64
# 512	8192	float4	1242.85	2317.26
# 512	8192	float8	1239.66	2323.23
# 512	8192	float16	1279.62	2250.68
# 512	16384	float1	1270.4	2267.01
# 512	16384	float2	1239.57	2323.38
# 512	16384	float4	1237.42	2327.42
# 512	16384	float8	1245.28	2312.74
# 512	16384	float16	1281.58	2247.23
# 1024	256	float1	2479.26	1161.63
# 1024	256	float2	1749.1	1646.56
# 1024	256	float4	1749.05	1646.61
# 1024	256	float8	1746.22	1649.28
# 1024	256	float16	1790.52	1608.47
# 1024	512	float1	1768.28	1628.7
# 1024	512	float2	1600.96	1798.93
# 1024	512	float4	1587.72	1813.92
# 1024	512	float8	1600.81	1799.08
# 1024	512	float16	1694.67	1699.45
# 1024	1024	float1	1476.99	1949.91
# 1024	1024	float2	1435.28	2006.57
# 1024	1024	float4	1406.8	2047.2
# 1024	1024	float8	1452.93	1982.2
# 1024	1024	float16	1480.33	1945.51
# 1024	2048	float1	1343.58	2143.52
# 1024	2048	float2	1316.09	2188.3
# 1024	2048	float4	1313.23	2193.07
# 1024	2048	float8	1313.04	2193.39
# 1024	2048	float16	1338.25	2152.07
# 1024	4096	float1	1281.46	2247.43
# 1024	4096	float2	1248.47	2306.83
# 1024	4096	float4	1243.01	2316.96
# 1024	4096	float8	1241.99	2318.86
# 1024	4096	float16	1333.42	2159.87
# 1024	8192	float1	1272.24	2263.73
# 1024	8192	float2	1246.11	2311.19
# 1024	8192	float4	1242.3	2318.27
# 1024	8192	float8	1252.17	2300.01
# 1024	8192	float16	1306.54	2204.3
# 1024	16384	float1	1263.1	2280.11
# 1024	16384	float2	1242.88	2317.19
# 1024	16384	float4	1245.08	2313.11
# 1024	16384	float8	1251.2	2301.79
# 1024	16384	float16	1360.63	2116.66

----------- Aggregated at vec_size ------------
# float1	64	256	2456.85	1172.23
# float1	64	512	1770.95	1626.24
# float1	64	1024	1479.77	1946.25
# float1	64	2048	1334.13	2158.71
# float1	64	4096	1263.99	2278.49
# float1	64	8192	1257.75	2289.8
# float1	64	16384	1264.48	2277.62
# float1	128	256	2440.37	1180.15
# float1	128	512	1772.19	1625.11
# float1	128	1024	1479.05	1947.2
# float1	128	2048	1332.01	2162.15
# float1	128	4096	1264.05	2278.4
# float1	128	8192	1265.18	2276.35
# float1	128	16384	1271.35	2265.31
# float1	256	256	2450.81	1175.12
# float1	256	512	1769.94	1627.17
# float1	256	1024	1478.83	1947.48
# float1	256	2048	1336.17	2155.41
# float1	256	4096	1270.15	2267.45
# float1	256	8192	1266.63	2273.75
# float1	256	16384	1272.96	2262.45
# float1	512	256	2394.48	1202.77
# float1	512	512	1770.34	1626.8
# float1	512	1024	1476.59	1950.44
# float1	512	2048	1331.14	2163.56
# float1	512	4096	1270.82	2266.25
# float1	512	8192	1272.85	2262.63
# float1	512	16384	1270.4	2267.01
# float1	1024	256	2479.26	1161.63
# float1	1024	512	1768.28	1628.7
# float1	1024	1024	1476.99	1949.91
# float1	1024	2048	1343.58	2143.52
# float1	1024	4096	1281.46	2247.43
# float1	1024	8192	1272.24	2263.73
# float1	1024	16384	1263.1	2280.11

summary: float1	1257.75	2289.8	64	8192
--------------------------------------------
# float2	64	256	1745.87	1649.6
# float2	64	512	1601.9	1797.86
# float2	64	1024	1384.55	2080.09
# float2	64	2048	1305.38	2206.26
# float2	64	4096	1236.32	2329.49
# float2	64	8192	1242.22	2318.43
# float2	64	16384	1238.92	2324.61
# float2	128	256	1745.73	1649.74
# float2	128	512	1601.76	1798.02
# float2	128	1024	1448.86	1987.77
# float2	128	2048	1307.35	2202.94
# float2	128	4096	1242.23	2318.41
# float2	128	8192	1242.55	2317.81
# float2	128	16384	1242.62	2317.68
# float2	256	256	1746.1	1649.39
# float2	256	512	1601.29	1798.55
# float2	256	1024	1446.95	1990.39
# float2	256	2048	1302.53	2211.09
# float2	256	4096	1242.57	2317.77
# float2	256	8192	1242.92	2317.12
# float2	256	16384	1242.72	2317.5
# float2	512	256	1748.34	1647.28
# float2	512	512	1736.43	1658.57
# float2	512	1024	1446.61	1990.86
# float2	512	2048	1297.02	2220.48
# float2	512	4096	1243.88	2315.33
# float2	512	8192	1246.95	2309.64
# float2	512	16384	1239.57	2323.38
# float2	1024	256	1749.1	1646.56
# float2	1024	512	1600.96	1798.93
# float2	1024	1024	1435.28	2006.57
# float2	1024	2048	1316.09	2188.3
# float2	1024	4096	1248.47	2306.83
# float2	1024	8192	1246.11	2311.19
# float2	1024	16384	1242.88	2317.19

summary: float2	1236.32	2329.49	64	4096
--------------------------------------------
# float4	64	256	1737.73	1657.33
# float4	64	512	1594.5	1806.21
# float4	64	1024	1443.31	1995.42
# float4	64	2048	1296.74	2220.96
# float4	64	4096	1237.53	2327.22
# float4	64	8192	1237.72	2326.86
# float4	64	16384	1236.85	2328.5
# float4	128	256	1737.32	1657.72
# float4	128	512	1594.44	1806.28
# float4	128	1024	1440.87	1998.79
# float4	128	2048	1296.55	2221.28
# float4	128	4096	1237.37	2327.51
# float4	128	8192	1238.68	2325.06
# float4	128	16384	1237.2	2327.83
# float4	256	256	1739.19	1655.95
# float4	256	512	1728.95	1665.76
# float4	256	1024	1379.59	2087.57
# float4	256	2048	1286.6	2238.45
# float4	256	4096	1238.6	2325.21
# float4	256	8192	1242.93	2317.11
# float4	256	16384	1238.23	2325.91
# float4	512	256	1739.88	1655.29
# float4	512	512	1592.44	1808.55
# float4	512	1024	1428.92	2015.51
# float4	512	2048	1279.41	2251.05
# float4	512	4096	1243.71	2315.66
# float4	512	8192	1242.85	2317.26
# float4	512	16384	1237.42	2327.42
# float4	1024	256	1749.05	1646.61
# float4	1024	512	1587.72	1813.92
# float4	1024	1024	1406.8	2047.2
# float4	1024	2048	1313.23	2193.07
# float4	1024	4096	1243.01	2316.96
# float4	1024	8192	1242.3	2318.27
# float4	1024	16384	1245.08	2313.11

summary: float4	1236.85	2328.5	64	16384
--------------------------------------------
# float8	64	256	1734.35	1660.56
# float8	64	512	1593.77	1807.04
# float8	64	1024	1440.65	1999.1
# float8	64	2048	1295.47	2223.14
# float8	64	4096	1236.8	2328.6
# float8	64	8192	1236.67	2328.83
# float8	64	16384	1236.55	2329.06
# float8	128	256	1736.16	1658.83
# float8	128	512	1728.19	1666.48
# float8	128	1024	1375.34	2094.03
# float8	128	2048	1303.91	2208.74
# float8	128	4096	1236.9	2328.41
# float8	128	8192	1237.34	2327.57
# float8	128	16384	1239.44	2323.64
# float8	256	256	1736.9	1658.13
# float8	256	512	1591.03	1810.15
# float8	256	1024	1427.53	2017.48
# float8	256	2048	1278.06	2253.42
# float8	256	4096	1237.74	2326.81
# float8	256	8192	1242.6	2317.72
# float8	256	16384	1236.22	2329.68
# float8	512	256	1745.79	1649.68
# float8	512	512	1713.26	1681
# float8	512	1024	1406.24	2048.02
# float8	512	2048	1308.44	2201.09
# float8	512	4096	1241.53	2319.72
# float8	512	8192	1239.66	2323.23
# float8	512	16384	1245.28	2312.74
# float8	1024	256	1746.22	1649.28
# float8	1024	512	1600.81	1799.08
# float8	1024	1024	1452.93	1982.2
# float8	1024	2048	1313.04	2193.39
# float8	1024	4096	1241.99	2318.86
# float8	1024	8192	1252.17	2300.01
# float8	1024	16384	1251.2	2301.79

summary: float8	1236.22	2329.68	256	16384
--------------------------------------------
# float16	64	256	1783.82	1614.52
# float16	64	512	1764.44	1632.24
# float16	64	1024	1473.17	1954.97
# float16	64	2048	1337.06	2153.98
# float16	64	4096	1269.22	2269.12
# float16	64	8192	1267.77	2271.71
# float16	64	16384	1260.18	2285.39
# float16	128	256	1784.16	1614.2
# float16	128	512	1763.66	1632.97
# float16	128	1024	1463.37	1968.06
# float16	128	2048	1337.93	2152.59
# float16	128	4096	1268.64	2270.15
# float16	128	8192	1267.19	2272.74
# float16	128	16384	1262.96	2280.36
# float16	256	256	1787.36	1611.32
# float16	256	512	1749.87	1645.84
# float16	256	1024	1477.18	1949.67
# float16	256	2048	1336.49	2154.89
# float16	256	4096	1270.85	2266.21
# float16	256	8192	1267.5	2272.19
# float16	256	16384	1272.33	2263.56
# float16	512	256	1794.01	1605.34
# float16	512	512	1728.49	1666.2
# float16	512	1024	1481.09	1944.51
# float16	512	2048	1339.78	2149.61
# float16	512	4096	1268.03	2271.23
# float16	512	8192	1279.62	2250.68
# float16	512	16384	1281.58	2247.23
# float16	1024	256	1790.52	1608.47
# float16	1024	512	1694.67	1699.45
# float16	1024	1024	1480.33	1945.51
# float16	1024	2048	1338.25	2152.07
# float16	1024	4096	1333.42	2159.87
# float16	1024	8192	1306.54	2204.3
# float16	1024	16384	1360.63	2116.66

summary: float16	1260.18	2285.39	64	16384
--------------------------------------------

----------- Aggregated at block & grid size ------------
# 64	256	float1	2456.85	1172.23
# 64	256	float2	1745.87	1649.6
# 64	256	float4	1737.73	1657.33
# 64	256	float8	1734.35	1660.56
# 64	256	float16	1783.82	1614.52

summary: 64	256	1734.35	1660.56	float8
--------------------------------------------
# 64	512	float1	1770.95	1626.24
# 64	512	float2	1601.9	1797.86
# 64	512	float4	1594.5	1806.21
# 64	512	float8	1593.77	1807.04
# 64	512	float16	1764.44	1632.24

summary: 64	512	1593.77	1807.04	float8
--------------------------------------------
# 64	1024	float1	1479.77	1946.25
# 64	1024	float2	1384.55	2080.09
# 64	1024	float4	1443.31	1995.42
# 64	1024	float8	1440.65	1999.1
# 64	1024	float16	1473.17	1954.97

summary: 64	1024	1384.55	2080.09	float2
--------------------------------------------
# 64	2048	float1	1334.13	2158.71
# 64	2048	float2	1305.38	2206.26
# 64	2048	float4	1296.74	2220.96
# 64	2048	float8	1295.47	2223.14
# 64	2048	float16	1337.06	2153.98

summary: 64	2048	1295.47	2223.14	float8
--------------------------------------------
# 64	4096	float1	1263.99	2278.49
# 64	4096	float2	1236.32	2329.49
# 64	4096	float4	1237.53	2327.22
# 64	4096	float8	1236.8	2328.6
# 64	4096	float16	1269.22	2269.12

summary: 64	4096	1236.32	2329.49	float2
--------------------------------------------
# 64	8192	float1	1257.75	2289.8
# 64	8192	float2	1242.22	2318.43
# 64	8192	float4	1237.72	2326.86
# 64	8192	float8	1236.67	2328.83
# 64	8192	float16	1267.77	2271.71

summary: 64	8192	1236.67	2328.83	float8
--------------------------------------------
# 64	16384	float1	1264.48	2277.62
# 64	16384	float2	1238.92	2324.61
# 64	16384	float4	1236.85	2328.5
# 64	16384	float8	1236.55	2329.06
# 64	16384	float16	1260.18	2285.39

summary: 64	16384	1236.55	2329.06	float8
--------------------------------------------
# 128	256	float1	2440.37	1180.15
# 128	256	float2	1745.73	1649.74
# 128	256	float4	1737.32	1657.72
# 128	256	float8	1736.16	1658.83
# 128	256	float16	1784.16	1614.2

summary: 128	256	1736.16	1658.83	float8
--------------------------------------------
# 128	512	float1	1772.19	1625.11
# 128	512	float2	1601.76	1798.02
# 128	512	float4	1594.44	1806.28
# 128	512	float8	1728.19	1666.48
# 128	512	float16	1763.66	1632.97

summary: 128	512	1594.44	1806.28	float4
--------------------------------------------
# 128	1024	float1	1479.05	1947.2
# 128	1024	float2	1448.86	1987.77
# 128	1024	float4	1440.87	1998.79
# 128	1024	float8	1375.34	2094.03
# 128	1024	float16	1463.37	1968.06

summary: 128	1024	1375.34	2094.03	float8
--------------------------------------------
# 128	2048	float1	1332.01	2162.15
# 128	2048	float2	1307.35	2202.94
# 128	2048	float4	1296.55	2221.28
# 128	2048	float8	1303.91	2208.74
# 128	2048	float16	1337.93	2152.59

summary: 128	2048	1296.55	2221.28	float4
--------------------------------------------
# 128	4096	float1	1264.05	2278.4
# 128	4096	float2	1242.23	2318.41
# 128	4096	float4	1237.37	2327.51
# 128	4096	float8	1236.9	2328.41
# 128	4096	float16	1268.64	2270.15

summary: 128	4096	1236.9	2328.41	float8
--------------------------------------------
# 128	8192	float1	1265.18	2276.35
# 128	8192	float2	1242.55	2317.81
# 128	8192	float4	1238.68	2325.06
# 128	8192	float8	1237.34	2327.57
# 128	8192	float16	1267.19	2272.74

summary: 128	8192	1237.34	2327.57	float8
--------------------------------------------
# 128	16384	float1	1271.35	2265.31
# 128	16384	float2	1242.62	2317.68
# 128	16384	float4	1237.2	2327.83
# 128	16384	float8	1239.44	2323.64
# 128	16384	float16	1262.96	2280.36

summary: 128	16384	1237.2	2327.83	float4
--------------------------------------------
# 256	256	float1	2450.81	1175.12
# 256	256	float2	1746.1	1649.39
# 256	256	float4	1739.19	1655.95
# 256	256	float8	1736.9	1658.13
# 256	256	float16	1787.36	1611.32

summary: 256	256	1736.9	1658.13	float8
--------------------------------------------
# 256	512	float1	1769.94	1627.17
# 256	512	float2	1601.29	1798.55
# 256	512	float4	1728.95	1665.76
# 256	512	float8	1591.03	1810.15
# 256	512	float16	1749.87	1645.84

summary: 256	512	1591.03	1810.15	float8
--------------------------------------------
# 256	1024	float1	1478.83	1947.48
# 256	1024	float2	1446.95	1990.39
# 256	1024	float4	1379.59	2087.57
# 256	1024	float8	1427.53	2017.48
# 256	1024	float16	1477.18	1949.67

summary: 256	1024	1379.59	2087.57	float4
--------------------------------------------
# 256	2048	float1	1336.17	2155.41
# 256	2048	float2	1302.53	2211.09
# 256	2048	float4	1286.6	2238.45
# 256	2048	float8	1278.06	2253.42
# 256	2048	float16	1336.49	2154.89

summary: 256	2048	1278.06	2253.42	float8
--------------------------------------------
# 256	4096	float1	1270.15	2267.45
# 256	4096	float2	1242.57	2317.77
# 256	4096	float4	1238.6	2325.21
# 256	4096	float8	1237.74	2326.81
# 256	4096	float16	1270.85	2266.21

summary: 256	4096	1237.74	2326.81	float8
--------------------------------------------
# 256	8192	float1	1266.63	2273.75
# 256	8192	float2	1242.92	2317.12
# 256	8192	float4	1242.93	2317.11
# 256	8192	float8	1242.6	2317.72
# 256	8192	float16	1267.5	2272.19

summary: 256	8192	1242.6	2317.72	float8
--------------------------------------------
# 256	16384	float1	1272.96	2262.45
# 256	16384	float2	1242.72	2317.5
# 256	16384	float4	1238.23	2325.91
# 256	16384	float8	1236.22	2329.68
# 256	16384	float16	1272.33	2263.56

summary: 256	16384	1236.22	2329.68	float8
--------------------------------------------
# 512	256	float1	2394.48	1202.77
# 512	256	float2	1748.34	1647.28
# 512	256	float4	1739.88	1655.29
# 512	256	float8	1745.79	1649.68
# 512	256	float16	1794.01	1605.34

summary: 512	256	1739.88	1655.29	float4
--------------------------------------------
# 512	512	float1	1770.34	1626.8
# 512	512	float2	1736.43	1658.57
# 512	512	float4	1592.44	1808.55
# 512	512	float8	1713.26	1681
# 512	512	float16	1728.49	1666.2

summary: 512	512	1592.44	1808.55	float4
--------------------------------------------
# 512	1024	float1	1476.59	1950.44
# 512	1024	float2	1446.61	1990.86
# 512	1024	float4	1428.92	2015.51
# 512	1024	float8	1406.24	2048.02
# 512	1024	float16	1481.09	1944.51

summary: 512	1024	1406.24	2048.02	float8
--------------------------------------------
# 512	2048	float1	1331.14	2163.56
# 512	2048	float2	1297.02	2220.48
# 512	2048	float4	1279.41	2251.05
# 512	2048	float8	1308.44	2201.09
# 512	2048	float16	1339.78	2149.61

summary: 512	2048	1279.41	2251.05	float4
--------------------------------------------
# 512	4096	float1	1270.82	2266.25
# 512	4096	float2	1243.88	2315.33
# 512	4096	float4	1243.71	2315.66
# 512	4096	float8	1241.53	2319.72
# 512	4096	float16	1268.03	2271.23

summary: 512	4096	1241.53	2319.72	float8
--------------------------------------------
# 512	8192	float1	1272.85	2262.63
# 512	8192	float2	1246.95	2309.64
# 512	8192	float4	1242.85	2317.26
# 512	8192	float8	1239.66	2323.23
# 512	8192	float16	1279.62	2250.68

summary: 512	8192	1239.66	2323.23	float8
--------------------------------------------
# 512	16384	float1	1270.4	2267.01
# 512	16384	float2	1239.57	2323.38
# 512	16384	float4	1237.42	2327.42
# 512	16384	float8	1245.28	2312.74
# 512	16384	float16	1281.58	2247.23

summary: 512	16384	1237.42	2327.42	float4
--------------------------------------------
# 1024	256	float1	2479.26	1161.63
# 1024	256	float2	1749.1	1646.56
# 1024	256	float4	1749.05	1646.61
# 1024	256	float8	1746.22	1649.28
# 1024	256	float16	1790.52	1608.47

summary: 1024	256	1746.22	1649.28	float8
--------------------------------------------
# 1024	512	float1	1768.28	1628.7
# 1024	512	float2	1600.96	1798.93
# 1024	512	float4	1587.72	1813.92
# 1024	512	float8	1600.81	1799.08
# 1024	512	float16	1694.67	1699.45

summary: 1024	512	1587.72	1813.92	float4
--------------------------------------------
# 1024	1024	float1	1476.99	1949.91
# 1024	1024	float2	1435.28	2006.57
# 1024	1024	float4	1406.8	2047.2
# 1024	1024	float8	1452.93	1982.2
# 1024	1024	float16	1480.33	1945.51

summary: 1024	1024	1406.8	2047.2	float4
--------------------------------------------
# 1024	2048	float1	1343.58	2143.52
# 1024	2048	float2	1316.09	2188.3
# 1024	2048	float4	1313.23	2193.07
# 1024	2048	float8	1313.04	2193.39
# 1024	2048	float16	1338.25	2152.07

summary: 1024	2048	1313.04	2193.39	float8
--------------------------------------------
# 1024	4096	float1	1281.46	2247.43
# 1024	4096	float2	1248.47	2306.83
# 1024	4096	float4	1243.01	2316.96
# 1024	4096	float8	1241.99	2318.86
# 1024	4096	float16	1333.42	2159.87

summary: 1024	4096	1241.99	2318.86	float8
--------------------------------------------
# 1024	8192	float1	1272.24	2263.73
# 1024	8192	float2	1246.11	2311.19
# 1024	8192	float4	1242.3	2318.27
# 1024	8192	float8	1252.17	2300.01
# 1024	8192	float16	1306.54	2204.3

summary: 1024	8192	1242.3	2318.27	float4
--------------------------------------------
# 1024	16384	float1	1263.1	2280.11
# 1024	16384	float2	1242.88	2317.19
# 1024	16384	float4	1245.08	2313.11
# 1024	16384	float8	1251.2	2301.79
# 1024	16384	float16	1360.63	2116.66

summary: 1024	16384	1242.88	2317.19	float2
--------------------------------------------
Time for VPU: 1236.22 ms.	BlockSize: 256	GridSize: 16384	VecSize: 8	Bandwidth: 2329.68GFLOPS
