
Starting to launch opencl_compare...
Fast run...
Data size: 100000000

Detection mode: All
------ Start hardware checking ------
Platform: Intel(R) OpenCL
Number of devices: 2
	Computing device 0 : Intel(R) Xeon(R) CPU E5-2650 v3 @ 2.30GHz
	Computing device 1 : Intel(R) Many Integrated Core Acceleration Card
Please enter the index of the device to use (0,1,2...) : Selected device: Intel(R) Xeon(R) CPU E5-2650 v3 @ 2.30GHz
------ End of hardware checking ------

blockSize=64	gridSize=256	float1	20011.1	287.84	done!
blockSize=64	gridSize=256	float2	10537.3	546.627	done!
blockSize=64	gridSize=256	float4	5266.8	1093.64	done!
blockSize=64	gridSize=256	float8	19996.5	288.05	done!
blockSize=64	gridSize=256	float16	10275.9	560.536	done!
blockSize=64	gridSize=512	float1	18926.1	304.341	done!
blockSize=64	gridSize=512	float2	9713.78	592.972	done!
blockSize=64	gridSize=512	float4	5110.94	1126.99	done!
blockSize=64	gridSize=512	float8	18434.4	312.459	done!
blockSize=64	gridSize=512	float16	9467.53	608.395	done!
blockSize=64	gridSize=1024	float1	17926.8	321.306	done!
blockSize=64	gridSize=1024	float2	9340.57	616.665	done!
blockSize=64	gridSize=1024	float4	4923.12	1169.99	done!
blockSize=64	gridSize=1024	float8	18250.1	315.614	done!
blockSize=64	gridSize=1024	float16	9116.16	631.845	done!
blockSize=64	gridSize=2048	float1	17634.3	326.637	done!
blockSize=64	gridSize=2048	float2	9111.57	632.163	done!
blockSize=64	gridSize=2048	float4	4807.87	1198.04	done!
blockSize=64	gridSize=2048	float8	17666.8	326.034	done!
blockSize=64	gridSize=2048	float16	8853.2	650.612	done!
blockSize=64	gridSize=4096	float1	17569.8	327.835	done!
blockSize=64	gridSize=4096	float2	9049.45	636.503	done!
blockSize=64	gridSize=4096	float4	4768.16	1208.01	done!
blockSize=64	gridSize=4096	float8	17539.4	328.404	done!
blockSize=64	gridSize=4096	float16	8784.37	655.71	done!
blockSize=64	gridSize=8192	float1	17445.2	330.176	done!
blockSize=64	gridSize=8192	float2	9010.52	639.253	done!
blockSize=64	gridSize=8192	float4	4747.25	1213.33	done!
blockSize=64	gridSize=8192	float8	17430.9	330.447	done!
blockSize=64	gridSize=8192	float16	8749.59	658.317	done!
blockSize=64	gridSize=16384	float1	17414.7	330.755	done!
blockSize=64	gridSize=16384	float2	8975.84	641.723	done!
blockSize=64	gridSize=16384	float4	4736.66	1216.05	done!
blockSize=64	gridSize=16384	float8	17392.3	331.182	done!
blockSize=64	gridSize=16384	float16	8706.99	661.537	done!
blockSize=128	gridSize=256	float1	19518.2	295.109	done!
blockSize=128	gridSize=256	float2	9791.06	588.292	done!
blockSize=128	gridSize=256	float4	5509	1045.56	done!
blockSize=128	gridSize=256	float8	19016.8	302.89	done!
blockSize=128	gridSize=256	float16	9789.68	588.375	done!
blockSize=128	gridSize=512	float1	18945.2	304.035	done!
blockSize=128	gridSize=512	float2	9623.88	598.511	done!
blockSize=128	gridSize=512	float4	5114.78	1126.15	done!
blockSize=128	gridSize=512	float8	18971.9	303.606	done!
blockSize=128	gridSize=512	float16	9338.26	616.817	done!
blockSize=128	gridSize=1024	float1	18120.8	317.868	done!
blockSize=128	gridSize=1024	float2	9390.19	613.406	done!
blockSize=128	gridSize=1024	float4	4915.98	1171.69	done!
blockSize=128	gridSize=1024	float8	18063.9	318.868	done!
blockSize=128	gridSize=1024	float16	9070.58	635.02	done!
blockSize=128	gridSize=2048	float1	17707.9	325.279	done!
blockSize=128	gridSize=2048	float2	9141.38	630.102	done!
blockSize=128	gridSize=2048	float4	4809.96	1197.52	done!
blockSize=128	gridSize=2048	float8	17660.4	326.154	done!
blockSize=128	gridSize=2048	float16	8860.55	650.072	done!
blockSize=128	gridSize=4096	float1	17575.1	327.737	done!
blockSize=128	gridSize=4096	float2	9032.27	637.713	done!
blockSize=128	gridSize=4096	float4	4771.94	1207.06	done!
blockSize=128	gridSize=4096	float8	17548.4	328.235	done!
blockSize=128	gridSize=4096	float16	8802.57	654.354	done!
blockSize=128	gridSize=8192	float1	17457.4	329.946	done!
blockSize=128	gridSize=8192	float2	9000.52	639.963	done!
blockSize=128	gridSize=8192	float4	4751.29	1212.3	done!
blockSize=128	gridSize=8192	float8	17415.3	330.745	done!
blockSize=128	gridSize=8192	float16	8726.69	660.044	done!
blockSize=128	gridSize=16384	float1	17410.3	330.839	done!
blockSize=128	gridSize=16384	float2	8970.96	642.072	done!
blockSize=128	gridSize=16384	float4	4737.96	1215.71	done!
blockSize=128	gridSize=16384	float8	17383.1	331.356	done!
blockSize=128	gridSize=16384	float16	8699.2	662.13	done!
blockSize=256	gridSize=256	float1	19501.3	295.366	done!
blockSize=256	gridSize=256	float2	10289.5	559.795	done!
blockSize=256	gridSize=256	float4	5512.52	1044.89	done!
blockSize=256	gridSize=256	float8	21471.8	268.258	done!
blockSize=256	gridSize=256	float16	10496.8	548.737	done!
blockSize=256	gridSize=512	float1	18944.1	304.052	done!
blockSize=256	gridSize=512	float2	9613.42	599.162	done!
blockSize=256	gridSize=512	float4	5103.28	1128.69	done!
blockSize=256	gridSize=512	float8	18878.8	305.104	done!
blockSize=256	gridSize=512	float16	9446.92	609.723	done!
blockSize=256	gridSize=1024	float1	18029.4	319.478	done!
blockSize=256	gridSize=1024	float2	9392.45	613.258	done!
blockSize=256	gridSize=1024	float4	4896.88	1176.26	done!
blockSize=256	gridSize=1024	float8	18010.2	319.818	done!
blockSize=256	gridSize=1024	float16	9121.86	631.45	done!
blockSize=256	gridSize=2048	float1	17708.8	325.262	done!
blockSize=256	gridSize=2048	float2	9149.22	629.562	done!
blockSize=256	gridSize=2048	float4	4796.85	1200.79	done!
blockSize=256	gridSize=2048	float8	17673.2	325.917	done!
blockSize=256	gridSize=2048	float16	8840.67	651.535	done!
blockSize=256	gridSize=4096	float1	17537.2	328.444	done!
blockSize=256	gridSize=4096	float2	9040.48	637.135	done!
blockSize=256	gridSize=4096	float4	4769.81	1207.59	done!
blockSize=256	gridSize=4096	float8	17537.5	328.44	done!
blockSize=256	gridSize=4096	float16	8780.63	655.99	done!
blockSize=256	gridSize=8192	float1	17454.4	330.003	done!
blockSize=256	gridSize=8192	float2	9000.95	639.933	done!
blockSize=256	gridSize=8192	float4	4749.75	1212.69	done!
blockSize=256	gridSize=8192	float8	17422.9	330.599	done!
blockSize=256	gridSize=8192	float16	8717.79	660.718	done!
blockSize=256	gridSize=16384	float1	17408.6	330.871	done!
blockSize=256	gridSize=16384	float2	8970.2	642.126	done!
blockSize=256	gridSize=16384	float4	4734.23	1216.67	done!
blockSize=256	gridSize=16384	float8	17386.1	331.299	done!
blockSize=256	gridSize=16384	float16	8694.48	662.489	done!
blockSize=512	gridSize=256	float1	20536.6	280.474	done!
blockSize=512	gridSize=256	float2	10538.1	546.587	done!
blockSize=512	gridSize=256	float4	5504.28	1046.46	done!
blockSize=512	gridSize=256	float8	20971.5	274.658	done!
blockSize=512	gridSize=256	float16	10251	561.899	done!
blockSize=512	gridSize=512	float1	18673.6	308.457	done!
blockSize=512	gridSize=512	float2	9721.84	592.48	done!
blockSize=512	gridSize=512	float4	5088.06	1132.06	done!
blockSize=512	gridSize=512	float8	18879.8	305.089	done!
blockSize=512	gridSize=512	float16	9411.91	611.99	done!
blockSize=512	gridSize=1024	float1	18026.9	319.523	done!
blockSize=512	gridSize=1024	float2	9234.82	623.726	done!
blockSize=512	gridSize=1024	float4	4861.81	1184.74	done!
blockSize=512	gridSize=1024	float8	17914.7	321.524	done!
blockSize=512	gridSize=1024	float16	9039.5	637.204	done!
blockSize=512	gridSize=2048	float1	17653.7	326.278	done!
blockSize=512	gridSize=2048	float2	9139.1	630.259	done!
blockSize=512	gridSize=2048	float4	4805.31	1198.67	done!
blockSize=512	gridSize=2048	float8	17660.5	326.151	done!
blockSize=512	gridSize=2048	float16	8858.13	650.25	done!
blockSize=512	gridSize=4096	float1	17542.3	328.349	done!
blockSize=512	gridSize=4096	float2	9030.39	637.846	done!
blockSize=512	gridSize=4096	float4	4773.39	1206.69	done!
blockSize=512	gridSize=4096	float8	17534.8	328.49	done!
blockSize=512	gridSize=4096	float16	8793.67	655.017	done!
blockSize=512	gridSize=8192	float1	17461	329.877	done!
blockSize=512	gridSize=8192	float2	8994.62	640.382	done!
blockSize=512	gridSize=8192	float4	4740.39	1215.09	done!
blockSize=512	gridSize=8192	float8	17435.5	330.361	done!
blockSize=512	gridSize=8192	float16	8745.84	658.599	done!
blockSize=512	gridSize=16384	float1	17388.8	331.248	done!
blockSize=512	gridSize=16384	float2	8963.81	642.584	done!
blockSize=512	gridSize=16384	float4	4741.26	1214.87	done!
blockSize=512	gridSize=16384	float8	17384.2	331.336	done!
blockSize=512	gridSize=16384	float16	8720.28	660.53	done!
blockSize=1024	gridSize=256	float1	21002.5	274.254	done!
blockSize=1024	gridSize=256	float2	10314.8	558.422	done!
blockSize=1024	gridSize=256	float4	5616.95	1025.47	done!
blockSize=1024	gridSize=256	float8	20485.3	281.177	done!
blockSize=1024	gridSize=256	float16	10449.4	551.225	done!
blockSize=1024	gridSize=512	float1	18685.6	308.259	done!
blockSize=1024	gridSize=512	float2	9718.19	592.703	done!
blockSize=1024	gridSize=512	float4	4990.49	1154.2	done!
blockSize=1024	gridSize=512	float8	18862	305.376	done!
blockSize=1024	gridSize=512	float16	9490.75	606.907	done!
blockSize=1024	gridSize=1024	float1	17945.4	320.975	done!
blockSize=1024	gridSize=1024	float2	9244.97	623.041	done!
blockSize=1024	gridSize=1024	float4	4902.8	1174.84	done!
blockSize=1024	gridSize=1024	float8	17981.3	320.333	done!
blockSize=1024	gridSize=1024	float16	9073.39	634.824	done!
blockSize=1024	gridSize=2048	float1	17732.9	324.821	done!
blockSize=1024	gridSize=2048	float2	9128.39	630.998	done!
blockSize=1024	gridSize=2048	float4	4813.44	1196.65	done!
blockSize=1024	gridSize=2048	float8	17716.5	325.12	done!
blockSize=1024	gridSize=2048	float16	8891.5	647.81	done!
blockSize=1024	gridSize=4096	float1	17552.4	328.16	done!
blockSize=1024	gridSize=4096	float2	9032.31	637.711	done!
blockSize=1024	gridSize=4096	float4	4765.59	1208.66	done!
blockSize=1024	gridSize=4096	float8	17457.1	329.952	done!
blockSize=1024	gridSize=4096	float16	8772.25	656.616	done!
blockSize=1024	gridSize=8192	float1	17434.2	330.385	done!
blockSize=1024	gridSize=8192	float2	8973.04	641.923	done!
blockSize=1024	gridSize=8192	float4	4745.37	1213.81	done!
blockSize=1024	gridSize=8192	float8	17451.3	330.061	done!
blockSize=1024	gridSize=8192	float16	8733.82	659.505	done!
blockSize=1024	gridSize=16384	float1	17384.5	331.329	done!
blockSize=1024	gridSize=16384	float2	8950.65	643.529	done!
blockSize=1024	gridSize=16384	float4	4744.78	1213.97	done!
blockSize=1024	gridSize=16384	float8	17391.9	331.188	done!
blockSize=1024	gridSize=16384	float16	8733.43	659.535	done!

----------- Original ------------
# 64	256	float1	20011.1	287.84
# 64	256	float2	10537.3	546.627
# 64	256	float4	5266.8	1093.64
# 64	256	float8	19996.5	288.05
# 64	256	float16	10275.9	560.536
# 64	512	float1	18926.1	304.341
# 64	512	float2	9713.78	592.972
# 64	512	float4	5110.94	1126.99
# 64	512	float8	18434.4	312.459
# 64	512	float16	9467.53	608.395
# 64	1024	float1	17926.8	321.306
# 64	1024	float2	9340.57	616.665
# 64	1024	float4	4923.12	1169.99
# 64	1024	float8	18250.1	315.614
# 64	1024	float16	9116.16	631.845
# 64	2048	float1	17634.3	326.637
# 64	2048	float2	9111.57	632.163
# 64	2048	float4	4807.87	1198.04
# 64	2048	float8	17666.8	326.034
# 64	2048	float16	8853.2	650.612
# 64	4096	float1	17569.8	327.835
# 64	4096	float2	9049.45	636.503
# 64	4096	float4	4768.16	1208.01
# 64	4096	float8	17539.4	328.404
# 64	4096	float16	8784.37	655.71
# 64	8192	float1	17445.2	330.176
# 64	8192	float2	9010.52	639.253
# 64	8192	float4	4747.25	1213.33
# 64	8192	float8	17430.9	330.447
# 64	8192	float16	8749.59	658.317
# 64	16384	float1	17414.7	330.755
# 64	16384	float2	8975.84	641.723
# 64	16384	float4	4736.66	1216.05
# 64	16384	float8	17392.3	331.182
# 64	16384	float16	8706.99	661.537
# 128	256	float1	19518.2	295.109
# 128	256	float2	9791.06	588.292
# 128	256	float4	5509	1045.56
# 128	256	float8	19016.8	302.89
# 128	256	float16	9789.68	588.375
# 128	512	float1	18945.2	304.035
# 128	512	float2	9623.88	598.511
# 128	512	float4	5114.78	1126.15
# 128	512	float8	18971.9	303.606
# 128	512	float16	9338.26	616.817
# 128	1024	float1	18120.8	317.868
# 128	1024	float2	9390.19	613.406
# 128	1024	float4	4915.98	1171.69
# 128	1024	float8	18063.9	318.868
# 128	1024	float16	9070.58	635.02
# 128	2048	float1	17707.9	325.279
# 128	2048	float2	9141.38	630.102
# 128	2048	float4	4809.96	1197.52
# 128	2048	float8	17660.4	326.154
# 128	2048	float16	8860.55	650.072
# 128	4096	float1	17575.1	327.737
# 128	4096	float2	9032.27	637.713
# 128	4096	float4	4771.94	1207.06
# 128	4096	float8	17548.4	328.235
# 128	4096	float16	8802.57	654.354
# 128	8192	float1	17457.4	329.946
# 128	8192	float2	9000.52	639.963
# 128	8192	float4	4751.29	1212.3
# 128	8192	float8	17415.3	330.745
# 128	8192	float16	8726.69	660.044
# 128	16384	float1	17410.3	330.839
# 128	16384	float2	8970.96	642.072
# 128	16384	float4	4737.96	1215.71
# 128	16384	float8	17383.1	331.356
# 128	16384	float16	8699.2	662.13
# 256	256	float1	19501.3	295.366
# 256	256	float2	10289.5	559.795
# 256	256	float4	5512.52	1044.89
# 256	256	float8	21471.8	268.258
# 256	256	float16	10496.8	548.737
# 256	512	float1	18944.1	304.052
# 256	512	float2	9613.42	599.162
# 256	512	float4	5103.28	1128.69
# 256	512	float8	18878.8	305.104
# 256	512	float16	9446.92	609.723
# 256	1024	float1	18029.4	319.478
# 256	1024	float2	9392.45	613.258
# 256	1024	float4	4896.88	1176.26
# 256	1024	float8	18010.2	319.818
# 256	1024	float16	9121.86	631.45
# 256	2048	float1	17708.8	325.262
# 256	2048	float2	9149.22	629.562
# 256	2048	float4	4796.85	1200.79
# 256	2048	float8	17673.2	325.917
# 256	2048	float16	8840.67	651.535
# 256	4096	float1	17537.2	328.444
# 256	4096	float2	9040.48	637.135
# 256	4096	float4	4769.81	1207.59
# 256	4096	float8	17537.5	328.44
# 256	4096	float16	8780.63	655.99
# 256	8192	float1	17454.4	330.003
# 256	8192	float2	9000.95	639.933
# 256	8192	float4	4749.75	1212.69
# 256	8192	float8	17422.9	330.599
# 256	8192	float16	8717.79	660.718
# 256	16384	float1	17408.6	330.871
# 256	16384	float2	8970.2	642.126
# 256	16384	float4	4734.23	1216.67
# 256	16384	float8	17386.1	331.299
# 256	16384	float16	8694.48	662.489
# 512	256	float1	20536.6	280.474
# 512	256	float2	10538.1	546.587
# 512	256	float4	5504.28	1046.46
# 512	256	float8	20971.5	274.658
# 512	256	float16	10251	561.899
# 512	512	float1	18673.6	308.457
# 512	512	float2	9721.84	592.48
# 512	512	float4	5088.06	1132.06
# 512	512	float8	18879.8	305.089
# 512	512	float16	9411.91	611.99
# 512	1024	float1	18026.9	319.523
# 512	1024	float2	9234.82	623.726
# 512	1024	float4	4861.81	1184.74
# 512	1024	float8	17914.7	321.524
# 512	1024	float16	9039.5	637.204
# 512	2048	float1	17653.7	326.278
# 512	2048	float2	9139.1	630.259
# 512	2048	float4	4805.31	1198.67
# 512	2048	float8	17660.5	326.151
# 512	2048	float16	8858.13	650.25
# 512	4096	float1	17542.3	328.349
# 512	4096	float2	9030.39	637.846
# 512	4096	float4	4773.39	1206.69
# 512	4096	float8	17534.8	328.49
# 512	4096	float16	8793.67	655.017
# 512	8192	float1	17461	329.877
# 512	8192	float2	8994.62	640.382
# 512	8192	float4	4740.39	1215.09
# 512	8192	float8	17435.5	330.361
# 512	8192	float16	8745.84	658.599
# 512	16384	float1	17388.8	331.248
# 512	16384	float2	8963.81	642.584
# 512	16384	float4	4741.26	1214.87
# 512	16384	float8	17384.2	331.336
# 512	16384	float16	8720.28	660.53
# 1024	256	float1	21002.5	274.254
# 1024	256	float2	10314.8	558.422
# 1024	256	float4	5616.95	1025.47
# 1024	256	float8	20485.3	281.177
# 1024	256	float16	10449.4	551.225
# 1024	512	float1	18685.6	308.259
# 1024	512	float2	9718.19	592.703
# 1024	512	float4	4990.49	1154.2
# 1024	512	float8	18862	305.376
# 1024	512	float16	9490.75	606.907
# 1024	1024	float1	17945.4	320.975
# 1024	1024	float2	9244.97	623.041
# 1024	1024	float4	4902.8	1174.84
# 1024	1024	float8	17981.3	320.333
# 1024	1024	float16	9073.39	634.824
# 1024	2048	float1	17732.9	324.821
# 1024	2048	float2	9128.39	630.998
# 1024	2048	float4	4813.44	1196.65
# 1024	2048	float8	17716.5	325.12
# 1024	2048	float16	8891.5	647.81
# 1024	4096	float1	17552.4	328.16
# 1024	4096	float2	9032.31	637.711
# 1024	4096	float4	4765.59	1208.66
# 1024	4096	float8	17457.1	329.952
# 1024	4096	float16	8772.25	656.616
# 1024	8192	float1	17434.2	330.385
# 1024	8192	float2	8973.04	641.923
# 1024	8192	float4	4745.37	1213.81
# 1024	8192	float8	17451.3	330.061
# 1024	8192	float16	8733.82	659.505
# 1024	16384	float1	17384.5	331.329
# 1024	16384	float2	8950.65	643.529
# 1024	16384	float4	4744.78	1213.97
# 1024	16384	float8	17391.9	331.188
# 1024	16384	float16	8733.43	659.535

----------- Aggregated at vec_size ------------
# float1	64	256	20011.1	287.84
# float1	64	512	18926.1	304.341
# float1	64	1024	17926.8	321.306
# float1	64	2048	17634.3	326.637
# float1	64	4096	17569.8	327.835
# float1	64	8192	17445.2	330.176
# float1	64	16384	17414.7	330.755
# float1	128	256	19518.2	295.109
# float1	128	512	18945.2	304.035
# float1	128	1024	18120.8	317.868
# float1	128	2048	17707.9	325.279
# float1	128	4096	17575.1	327.737
# float1	128	8192	17457.4	329.946
# float1	128	16384	17410.3	330.839
# float1	256	256	19501.3	295.366
# float1	256	512	18944.1	304.052
# float1	256	1024	18029.4	319.478
# float1	256	2048	17708.8	325.262
# float1	256	4096	17537.2	328.444
# float1	256	8192	17454.4	330.003
# float1	256	16384	17408.6	330.871
# float1	512	256	20536.6	280.474
# float1	512	512	18673.6	308.457
# float1	512	1024	18026.9	319.523
# float1	512	2048	17653.7	326.278
# float1	512	4096	17542.3	328.349
# float1	512	8192	17461	329.877
# float1	512	16384	17388.8	331.248
# float1	1024	256	21002.5	274.254
# float1	1024	512	18685.6	308.259
# float1	1024	1024	17945.4	320.975
# float1	1024	2048	17732.9	324.821
# float1	1024	4096	17552.4	328.16
# float1	1024	8192	17434.2	330.385
# float1	1024	16384	17384.5	331.329

summary: float1	9999	0	-1	-1
--------------------------------------------
# float2	64	256	10537.3	546.627
# float2	64	512	9713.78	592.972
# float2	64	1024	9340.57	616.665
# float2	64	2048	9111.57	632.163
# float2	64	4096	9049.45	636.503
# float2	64	8192	9010.52	639.253
# float2	64	16384	8975.84	641.723
# float2	128	256	9791.06	588.292
# float2	128	512	9623.88	598.511
# float2	128	1024	9390.19	613.406
# float2	128	2048	9141.38	630.102
# float2	128	4096	9032.27	637.713
# float2	128	8192	9000.52	639.963
# float2	128	16384	8970.96	642.072
# float2	256	256	10289.5	559.795
# float2	256	512	9613.42	599.162
# float2	256	1024	9392.45	613.258
# float2	256	2048	9149.22	629.562
# float2	256	4096	9040.48	637.135
# float2	256	8192	9000.95	639.933
# float2	256	16384	8970.2	642.126
# float2	512	256	10538.1	546.587
# float2	512	512	9721.84	592.48
# float2	512	1024	9234.82	623.726
# float2	512	2048	9139.1	630.259
# float2	512	4096	9030.39	637.846
# float2	512	8192	8994.62	640.382
# float2	512	16384	8963.81	642.584
# float2	1024	256	10314.8	558.422
# float2	1024	512	9718.19	592.703
# float2	1024	1024	9244.97	623.041
# float2	1024	2048	9128.39	630.998
# float2	1024	4096	9032.31	637.711
# float2	1024	8192	8973.04	641.923
# float2	1024	16384	8950.65	643.529

summary: float2	8950.65	643.529	1024	16384
--------------------------------------------
# float4	64	256	5266.8	1093.64
# float4	64	512	5110.94	1126.99
# float4	64	1024	4923.12	1169.99
# float4	64	2048	4807.87	1198.04
# float4	64	4096	4768.16	1208.01
# float4	64	8192	4747.25	1213.33
# float4	64	16384	4736.66	1216.05
# float4	128	256	5509	1045.56
# float4	128	512	5114.78	1126.15
# float4	128	1024	4915.98	1171.69
# float4	128	2048	4809.96	1197.52
# float4	128	4096	4771.94	1207.06
# float4	128	8192	4751.29	1212.3
# float4	128	16384	4737.96	1215.71
# float4	256	256	5512.52	1044.89
# float4	256	512	5103.28	1128.69
# float4	256	1024	4896.88	1176.26
# float4	256	2048	4796.85	1200.79
# float4	256	4096	4769.81	1207.59
# float4	256	8192	4749.75	1212.69
# float4	256	16384	4734.23	1216.67
# float4	512	256	5504.28	1046.46
# float4	512	512	5088.06	1132.06
# float4	512	1024	4861.81	1184.74
# float4	512	2048	4805.31	1198.67
# float4	512	4096	4773.39	1206.69
# float4	512	8192	4740.39	1215.09
# float4	512	16384	4741.26	1214.87
# float4	1024	256	5616.95	1025.47
# float4	1024	512	4990.49	1154.2
# float4	1024	1024	4902.8	1174.84
# float4	1024	2048	4813.44	1196.65
# float4	1024	4096	4765.59	1208.66
# float4	1024	8192	4745.37	1213.81
# float4	1024	16384	4744.78	1213.97

summary: float4	4734.23	1216.67	256	16384
--------------------------------------------
# float8	64	256	19996.5	288.05
# float8	64	512	18434.4	312.459
# float8	64	1024	18250.1	315.614
# float8	64	2048	17666.8	326.034
# float8	64	4096	17539.4	328.404
# float8	64	8192	17430.9	330.447
# float8	64	16384	17392.3	331.182
# float8	128	256	19016.8	302.89
# float8	128	512	18971.9	303.606
# float8	128	1024	18063.9	318.868
# float8	128	2048	17660.4	326.154
# float8	128	4096	17548.4	328.235
# float8	128	8192	17415.3	330.745
# float8	128	16384	17383.1	331.356
# float8	256	256	21471.8	268.258
# float8	256	512	18878.8	305.104
# float8	256	1024	18010.2	319.818
# float8	256	2048	17673.2	325.917
# float8	256	4096	17537.5	328.44
# float8	256	8192	17422.9	330.599
# float8	256	16384	17386.1	331.299
# float8	512	256	20971.5	274.658
# float8	512	512	18879.8	305.089
# float8	512	1024	17914.7	321.524
# float8	512	2048	17660.5	326.151
# float8	512	4096	17534.8	328.49
# float8	512	8192	17435.5	330.361
# float8	512	16384	17384.2	331.336
# float8	1024	256	20485.3	281.177
# float8	1024	512	18862	305.376
# float8	1024	1024	17981.3	320.333
# float8	1024	2048	17716.5	325.12
# float8	1024	4096	17457.1	329.952
# float8	1024	8192	17451.3	330.061
# float8	1024	16384	17391.9	331.188

summary: float8	9999	0	-1	-1
--------------------------------------------
# float16	64	256	10275.9	560.536
# float16	64	512	9467.53	608.395
# float16	64	1024	9116.16	631.845
# float16	64	2048	8853.2	650.612
# float16	64	4096	8784.37	655.71
# float16	64	8192	8749.59	658.317
# float16	64	16384	8706.99	661.537
# float16	128	256	9789.68	588.375
# float16	128	512	9338.26	616.817
# float16	128	1024	9070.58	635.02
# float16	128	2048	8860.55	650.072
# float16	128	4096	8802.57	654.354
# float16	128	8192	8726.69	660.044
# float16	128	16384	8699.2	662.13
# float16	256	256	10496.8	548.737
# float16	256	512	9446.92	609.723
# float16	256	1024	9121.86	631.45
# float16	256	2048	8840.67	651.535
# float16	256	4096	8780.63	655.99
# float16	256	8192	8717.79	660.718
# float16	256	16384	8694.48	662.489
# float16	512	256	10251	561.899
# float16	512	512	9411.91	611.99
# float16	512	1024	9039.5	637.204
# float16	512	2048	8858.13	650.25
# float16	512	4096	8793.67	655.017
# float16	512	8192	8745.84	658.599
# float16	512	16384	8720.28	660.53
# float16	1024	256	10449.4	551.225
# float16	1024	512	9490.75	606.907
# float16	1024	1024	9073.39	634.824
# float16	1024	2048	8891.5	647.81
# float16	1024	4096	8772.25	656.616
# float16	1024	8192	8733.82	659.505
# float16	1024	16384	8733.43	659.535

summary: float16	8694.48	662.489	256	16384
--------------------------------------------

----------- Aggregated at block & grid size ------------
# 64	256	float1	20011.1	287.84
# 64	256	float2	10537.3	546.627
# 64	256	float4	5266.8	1093.64
# 64	256	float8	19996.5	288.05
# 64	256	float16	10275.9	560.536

summary: 64	256	5266.8	1093.64	float4
--------------------------------------------
# 64	512	float1	18926.1	304.341
# 64	512	float2	9713.78	592.972
# 64	512	float4	5110.94	1126.99
# 64	512	float8	18434.4	312.459
# 64	512	float16	9467.53	608.395

summary: 64	512	5110.94	1126.99	float4
--------------------------------------------
# 64	1024	float1	17926.8	321.306
# 64	1024	float2	9340.57	616.665
# 64	1024	float4	4923.12	1169.99
# 64	1024	float8	18250.1	315.614
# 64	1024	float16	9116.16	631.845

summary: 64	1024	4923.12	1169.99	float4
--------------------------------------------
# 64	2048	float1	17634.3	326.637
# 64	2048	float2	9111.57	632.163
# 64	2048	float4	4807.87	1198.04
# 64	2048	float8	17666.8	326.034
# 64	2048	float16	8853.2	650.612

summary: 64	2048	4807.87	1198.04	float4
--------------------------------------------
# 64	4096	float1	17569.8	327.835
# 64	4096	float2	9049.45	636.503
# 64	4096	float4	4768.16	1208.01
# 64	4096	float8	17539.4	328.404
# 64	4096	float16	8784.37	655.71

summary: 64	4096	4768.16	1208.01	float4
--------------------------------------------
# 64	8192	float1	17445.2	330.176
# 64	8192	float2	9010.52	639.253
# 64	8192	float4	4747.25	1213.33
# 64	8192	float8	17430.9	330.447
# 64	8192	float16	8749.59	658.317

summary: 64	8192	4747.25	1213.33	float4
--------------------------------------------
# 64	16384	float1	17414.7	330.755
# 64	16384	float2	8975.84	641.723
# 64	16384	float4	4736.66	1216.05
# 64	16384	float8	17392.3	331.182
# 64	16384	float16	8706.99	661.537

summary: 64	16384	4736.66	1216.05	float4
--------------------------------------------
# 128	256	float1	19518.2	295.109
# 128	256	float2	9791.06	588.292
# 128	256	float4	5509	1045.56
# 128	256	float8	19016.8	302.89
# 128	256	float16	9789.68	588.375

summary: 128	256	5509	1045.56	float4
--------------------------------------------
# 128	512	float1	18945.2	304.035
# 128	512	float2	9623.88	598.511
# 128	512	float4	5114.78	1126.15
# 128	512	float8	18971.9	303.606
# 128	512	float16	9338.26	616.817

summary: 128	512	5114.78	1126.15	float4
--------------------------------------------
# 128	1024	float1	18120.8	317.868
# 128	1024	float2	9390.19	613.406
# 128	1024	float4	4915.98	1171.69
# 128	1024	float8	18063.9	318.868
# 128	1024	float16	9070.58	635.02

summary: 128	1024	4915.98	1171.69	float4
--------------------------------------------
# 128	2048	float1	17707.9	325.279
# 128	2048	float2	9141.38	630.102
# 128	2048	float4	4809.96	1197.52
# 128	2048	float8	17660.4	326.154
# 128	2048	float16	8860.55	650.072

summary: 128	2048	4809.96	1197.52	float4
--------------------------------------------
# 128	4096	float1	17575.1	327.737
# 128	4096	float2	9032.27	637.713
# 128	4096	float4	4771.94	1207.06
# 128	4096	float8	17548.4	328.235
# 128	4096	float16	8802.57	654.354

summary: 128	4096	4771.94	1207.06	float4
--------------------------------------------
# 128	8192	float1	17457.4	329.946
# 128	8192	float2	9000.52	639.963
# 128	8192	float4	4751.29	1212.3
# 128	8192	float8	17415.3	330.745
# 128	8192	float16	8726.69	660.044

summary: 128	8192	4751.29	1212.3	float4
--------------------------------------------
# 128	16384	float1	17410.3	330.839
# 128	16384	float2	8970.96	642.072
# 128	16384	float4	4737.96	1215.71
# 128	16384	float8	17383.1	331.356
# 128	16384	float16	8699.2	662.13

summary: 128	16384	4737.96	1215.71	float4
--------------------------------------------
# 256	256	float1	19501.3	295.366
# 256	256	float2	10289.5	559.795
# 256	256	float4	5512.52	1044.89
# 256	256	float8	21471.8	268.258
# 256	256	float16	10496.8	548.737

summary: 256	256	5512.52	1044.89	float4
--------------------------------------------
# 256	512	float1	18944.1	304.052
# 256	512	float2	9613.42	599.162
# 256	512	float4	5103.28	1128.69
# 256	512	float8	18878.8	305.104
# 256	512	float16	9446.92	609.723

summary: 256	512	5103.28	1128.69	float4
--------------------------------------------
# 256	1024	float1	18029.4	319.478
# 256	1024	float2	9392.45	613.258
# 256	1024	float4	4896.88	1176.26
# 256	1024	float8	18010.2	319.818
# 256	1024	float16	9121.86	631.45

summary: 256	1024	4896.88	1176.26	float4
--------------------------------------------
# 256	2048	float1	17708.8	325.262
# 256	2048	float2	9149.22	629.562
# 256	2048	float4	4796.85	1200.79
# 256	2048	float8	17673.2	325.917
# 256	2048	float16	8840.67	651.535

summary: 256	2048	4796.85	1200.79	float4
--------------------------------------------
# 256	4096	float1	17537.2	328.444
# 256	4096	float2	9040.48	637.135
# 256	4096	float4	4769.81	1207.59
# 256	4096	float8	17537.5	328.44
# 256	4096	float16	8780.63	655.99

summary: 256	4096	4769.81	1207.59	float4
--------------------------------------------
# 256	8192	float1	17454.4	330.003
# 256	8192	float2	9000.95	639.933
# 256	8192	float4	4749.75	1212.69
# 256	8192	float8	17422.9	330.599
# 256	8192	float16	8717.79	660.718

summary: 256	8192	4749.75	1212.69	float4
--------------------------------------------
# 256	16384	float1	17408.6	330.871
# 256	16384	float2	8970.2	642.126
# 256	16384	float4	4734.23	1216.67
# 256	16384	float8	17386.1	331.299
# 256	16384	float16	8694.48	662.489

summary: 256	16384	4734.23	1216.67	float4
--------------------------------------------
# 512	256	float1	20536.6	280.474
# 512	256	float2	10538.1	546.587
# 512	256	float4	5504.28	1046.46
# 512	256	float8	20971.5	274.658
# 512	256	float16	10251	561.899

summary: 512	256	5504.28	1046.46	float4
--------------------------------------------
# 512	512	float1	18673.6	308.457
# 512	512	float2	9721.84	592.48
# 512	512	float4	5088.06	1132.06
# 512	512	float8	18879.8	305.089
# 512	512	float16	9411.91	611.99

summary: 512	512	5088.06	1132.06	float4
--------------------------------------------
# 512	1024	float1	18026.9	319.523
# 512	1024	float2	9234.82	623.726
# 512	1024	float4	4861.81	1184.74
# 512	1024	float8	17914.7	321.524
# 512	1024	float16	9039.5	637.204

summary: 512	1024	4861.81	1184.74	float4
--------------------------------------------
# 512	2048	float1	17653.7	326.278
# 512	2048	float2	9139.1	630.259
# 512	2048	float4	4805.31	1198.67
# 512	2048	float8	17660.5	326.151
# 512	2048	float16	8858.13	650.25

summary: 512	2048	4805.31	1198.67	float4
--------------------------------------------
# 512	4096	float1	17542.3	328.349
# 512	4096	float2	9030.39	637.846
# 512	4096	float4	4773.39	1206.69
# 512	4096	float8	17534.8	328.49
# 512	4096	float16	8793.67	655.017

summary: 512	4096	4773.39	1206.69	float4
--------------------------------------------
# 512	8192	float1	17461	329.877
# 512	8192	float2	8994.62	640.382
# 512	8192	float4	4740.39	1215.09
# 512	8192	float8	17435.5	330.361
# 512	8192	float16	8745.84	658.599

summary: 512	8192	4740.39	1215.09	float4
--------------------------------------------
# 512	16384	float1	17388.8	331.248
# 512	16384	float2	8963.81	642.584
# 512	16384	float4	4741.26	1214.87
# 512	16384	float8	17384.2	331.336
# 512	16384	float16	8720.28	660.53

summary: 512	16384	4741.26	1214.87	float4
--------------------------------------------
# 1024	256	float1	21002.5	274.254
# 1024	256	float2	10314.8	558.422
# 1024	256	float4	5616.95	1025.47
# 1024	256	float8	20485.3	281.177
# 1024	256	float16	10449.4	551.225

summary: 1024	256	5616.95	1025.47	float4
--------------------------------------------
# 1024	512	float1	18685.6	308.259
# 1024	512	float2	9718.19	592.703
# 1024	512	float4	4990.49	1154.2
# 1024	512	float8	18862	305.376
# 1024	512	float16	9490.75	606.907

summary: 1024	512	4990.49	1154.2	float4
--------------------------------------------
# 1024	1024	float1	17945.4	320.975
# 1024	1024	float2	9244.97	623.041
# 1024	1024	float4	4902.8	1174.84
# 1024	1024	float8	17981.3	320.333
# 1024	1024	float16	9073.39	634.824

summary: 1024	1024	4902.8	1174.84	float4
--------------------------------------------
# 1024	2048	float1	17732.9	324.821
# 1024	2048	float2	9128.39	630.998
# 1024	2048	float4	4813.44	1196.65
# 1024	2048	float8	17716.5	325.12
# 1024	2048	float16	8891.5	647.81

summary: 1024	2048	4813.44	1196.65	float4
--------------------------------------------
# 1024	4096	float1	17552.4	328.16
# 1024	4096	float2	9032.31	637.711
# 1024	4096	float4	4765.59	1208.66
# 1024	4096	float8	17457.1	329.952
# 1024	4096	float16	8772.25	656.616

summary: 1024	4096	4765.59	1208.66	float4
--------------------------------------------
# 1024	8192	float1	17434.2	330.385
# 1024	8192	float2	8973.04	641.923
# 1024	8192	float4	4745.37	1213.81
# 1024	8192	float8	17451.3	330.061
# 1024	8192	float16	8733.82	659.505

summary: 1024	8192	4745.37	1213.81	float4
--------------------------------------------
# 1024	16384	float1	17384.5	331.329
# 1024	16384	float2	8950.65	643.529
# 1024	16384	float4	4744.78	1213.97
# 1024	16384	float8	17391.9	331.188
# 1024	16384	float16	8733.43	659.535

summary: 1024	16384	4744.78	1213.97	float4
--------------------------------------------
Time for VPU: 4734.23 ms.	BlockSize: 256	GridSize: 16384	VecSize: 4	Bandwidth: 1216.67GFLOPS
