
Starting to launch opencl_compare...
Fast run...
Data size: 100000000

Detection mode: All
------ Start hardware checking ------
Platform: NVIDIA CUDA
Number of devices: 2
	Computing device 0 : Tesla K40m
	Computing device 1 : Tesla K40m
Please enter the index of the device to use (0,1,2...) : Selected device: Tesla K40m
------ End of hardware checking ------

blockSize=64	gridSize=256	float1	2085.99	1380.64	done!
blockSize=64	gridSize=256	float2	1474.65	1953.01	done!
blockSize=64	gridSize=256	float4	1159.77	2483.25	done!
blockSize=64	gridSize=256	float8	1562.14	1843.63	done!
blockSize=64	gridSize=256	float16	1480.05	1945.88	done!
blockSize=64	gridSize=512	float1	1566.04	1839.03	done!
blockSize=64	gridSize=512	float2	1262.32	2281.52	done!
blockSize=64	gridSize=512	float4	1075.77	2677.14	done!
blockSize=64	gridSize=512	float8	1169.89	2461.78	done!
blockSize=64	gridSize=512	float16	1247.43	2308.74	done!
blockSize=64	gridSize=1024	float1	1325.14	2173.35	done!
blockSize=64	gridSize=1024	float2	1147.03	2510.82	done!
blockSize=64	gridSize=1024	float4	937.256	3072.8	done!
blockSize=64	gridSize=1024	float8	996.048	2891.43	done!
blockSize=64	gridSize=1024	float16	1137.23	2532.46	done!
blockSize=64	gridSize=2048	float1	1210.73	2378.73	done!
blockSize=64	gridSize=2048	float2	1047.48	2749.46	done!
blockSize=64	gridSize=2048	float4	850.975	3384.35	done!
blockSize=64	gridSize=2048	float8	907.068	3175.07	done!
blockSize=64	gridSize=2048	float16	1036.76	2777.88	done!
blockSize=64	gridSize=4096	float1	1175.06	2450.94	done!
blockSize=64	gridSize=4096	float2	1022.24	2817.35	done!
blockSize=64	gridSize=4096	float4	830.317	3468.56	done!
blockSize=64	gridSize=4096	float8	882.755	3262.51	done!
blockSize=64	gridSize=4096	float16	1010.68	2849.57	done!
blockSize=64	gridSize=8192	float1	1159.58	2483.65	done!
blockSize=64	gridSize=8192	float2	1011.25	2847.95	done!
blockSize=64	gridSize=8192	float4	821.837	3504.34	done!
blockSize=64	gridSize=8192	float8	876.872	3284.4	done!
blockSize=64	gridSize=8192	float16	998.607	2884.02	done!
blockSize=64	gridSize=16384	float1	1146.95	2511	done!
blockSize=64	gridSize=16384	float2	1005.72	2863.61	done!
blockSize=64	gridSize=16384	float4	818.434	3518.91	done!
blockSize=64	gridSize=16384	float8	869.1	3313.77	done!
blockSize=64	gridSize=16384	float16	993.233	2899.62	done!
blockSize=128	gridSize=256	float1	1439.87	2000.18	done!
blockSize=128	gridSize=256	float2	1262.18	2281.76	done!
blockSize=128	gridSize=256	float4	1061.13	2714.09	done!
blockSize=128	gridSize=256	float8	1521.91	1892.36	done!
blockSize=128	gridSize=256	float16	1369.65	2102.73	done!
blockSize=128	gridSize=512	float1	1235.21	2331.59	done!
blockSize=128	gridSize=512	float2	1232.85	2336.04	done!
blockSize=128	gridSize=512	float4	1014.32	2839.35	done!
blockSize=128	gridSize=512	float8	1154.66	2494.23	done!
blockSize=128	gridSize=512	float16	1065.19	2703.75	done!
blockSize=128	gridSize=1024	float1	1148.43	2507.78	done!
blockSize=128	gridSize=1024	float2	1146.99	2510.91	done!
blockSize=128	gridSize=1024	float4	918.07	3137.01	done!
blockSize=128	gridSize=1024	float8	967.596	2976.45	done!
blockSize=128	gridSize=1024	float16	1054.5	2731.14	done!
blockSize=128	gridSize=2048	float1	1046.75	2751.37	done!
blockSize=128	gridSize=2048	float2	1046.45	2752.16	done!
blockSize=128	gridSize=2048	float4	832.061	3461.29	done!
blockSize=128	gridSize=2048	float8	889.711	3237.01	done!
blockSize=128	gridSize=2048	float16	1042.31	2763.1	done!
blockSize=128	gridSize=4096	float1	1021.56	2819.22	done!
blockSize=128	gridSize=4096	float2	1021.33	2819.86	done!
blockSize=128	gridSize=4096	float4	811.094	3550.76	done!
blockSize=128	gridSize=4096	float8	867.067	3321.54	done!
blockSize=128	gridSize=4096	float16	1016.89	2832.16	done!
blockSize=128	gridSize=8192	float1	1008.7	2855.16	done!
blockSize=128	gridSize=8192	float2	1008.39	2856.04	done!
blockSize=128	gridSize=8192	float4	804.947	3577.88	done!
blockSize=128	gridSize=8192	float8	855.735	3365.53	done!
blockSize=128	gridSize=8192	float16	1006.53	2861.33	done!
blockSize=128	gridSize=16384	float1	1005.09	2865.41	done!
blockSize=128	gridSize=16384	float2	1003.77	2869.2	done!
blockSize=128	gridSize=16384	float4	799.753	3601.11	done!
blockSize=128	gridSize=16384	float8	853.1	3375.92	done!
blockSize=128	gridSize=16384	float16	1003.33	2870.46	done!
blockSize=256	gridSize=256	float1	1262.66	2280.89	done!
blockSize=256	gridSize=256	float2	1260.98	2283.93	done!
blockSize=256	gridSize=256	float4	1012.87	2843.4	done!
blockSize=256	gridSize=256	float8	1135.65	2536	done!
blockSize=256	gridSize=256	float16	1028.79	2799.4	done!
blockSize=256	gridSize=512	float1	1148.11	2508.48	done!
blockSize=256	gridSize=512	float2	1146.81	2511.32	done!
blockSize=256	gridSize=512	float4	916.122	3143.68	done!
blockSize=256	gridSize=512	float8	952.898	3022.36	done!
blockSize=256	gridSize=512	float16	1018.02	2829.03	done!
blockSize=256	gridSize=1024	float1	1046.54	2751.93	done!
blockSize=256	gridSize=1024	float2	1046.41	2752.26	done!
blockSize=256	gridSize=1024	float4	830.756	3466.72	done!
blockSize=256	gridSize=1024	float8	868.556	3315.85	done!
blockSize=256	gridSize=1024	float16	1003.38	2870.29	done!
blockSize=256	gridSize=2048	float1	1021.3	2819.94	done!
blockSize=256	gridSize=2048	float2	1021.22	2820.17	done!
blockSize=256	gridSize=2048	float4	810.097	3555.13	done!
blockSize=256	gridSize=2048	float8	848.088	3395.87	done!
blockSize=256	gridSize=2048	float16	984.45	2925.49	done!
blockSize=256	gridSize=4096	float1	1010.27	2850.71	done!
blockSize=256	gridSize=4096	float2	1010.09	2851.23	done!
blockSize=256	gridSize=4096	float4	802.458	3588.97	done!
blockSize=256	gridSize=4096	float8	835.713	3446.16	done!
blockSize=256	gridSize=4096	float16	968.51	2973.64	done!
blockSize=256	gridSize=8192	float1	1004.93	2865.87	done!
blockSize=256	gridSize=8192	float2	1004.59	2866.84	done!
blockSize=256	gridSize=8192	float4	798.95	3604.73	done!
blockSize=256	gridSize=8192	float8	832.487	3459.51	done!
blockSize=256	gridSize=8192	float16	963.007	2990.63	done!
blockSize=256	gridSize=16384	float1	1004.75	2866.39	done!
blockSize=256	gridSize=16384	float2	1003.68	2869.43	done!
blockSize=256	gridSize=16384	float4	798.169	3608.26	done!
blockSize=256	gridSize=16384	float8	833.006	3457.36	done!
blockSize=256	gridSize=16384	float16	962.027	2993.68	done!
blockSize=512	gridSize=256	float1	1148.03	2508.65	done!
blockSize=512	gridSize=256	float2	1146.86	2511.2	done!
blockSize=512	gridSize=256	float4	908.916	3168.61	done!
blockSize=512	gridSize=256	float8	925.462	3111.96	done!
blockSize=512	gridSize=256	float16	960.262	2999.18	done!
blockSize=512	gridSize=512	float1	1046.37	2752.39	done!
blockSize=512	gridSize=512	float2	1046.58	2751.83	done!
blockSize=512	gridSize=512	float4	831.741	3462.62	done!
blockSize=512	gridSize=512	float8	842.151	3419.82	done!
blockSize=512	gridSize=512	float16	939.535	3065.35	done!
blockSize=512	gridSize=1024	float1	1021.13	2820.4	done!
blockSize=512	gridSize=1024	float2	1021.27	2820.03	done!
blockSize=512	gridSize=1024	float4	813.773	3539.07	done!
blockSize=512	gridSize=1024	float8	816.927	3525.41	done!
blockSize=512	gridSize=1024	float16	918.485	3135.6	done!
blockSize=512	gridSize=2048	float1	1010.2	2850.91	done!
blockSize=512	gridSize=2048	float2	1010.3	2850.65	done!
blockSize=512	gridSize=2048	float4	796.118	3617.55	done!
blockSize=512	gridSize=2048	float8	808.887	3560.45	done!
blockSize=512	gridSize=2048	float16	907.62	3173.14	done!
blockSize=512	gridSize=4096	float1	1004.72	2866.47	done!
blockSize=512	gridSize=4096	float2	1004.6	2866.81	done!
blockSize=512	gridSize=4096	float4	789.185	3649.33	done!
blockSize=512	gridSize=4096	float8	800.828	3596.28	done!
blockSize=512	gridSize=4096	float16	899.328	3202.39	done!
blockSize=512	gridSize=8192	float1	1004.58	2866.88	done!
blockSize=512	gridSize=8192	float2	1004.48	2867.16	done!
blockSize=512	gridSize=8192	float4	788.471	3652.64	done!
blockSize=512	gridSize=8192	float8	799.205	3603.58	done!
blockSize=512	gridSize=8192	float16	891.143	3231.81	done!
blockSize=512	gridSize=16384	float1	1003.74	2869.27	done!
blockSize=512	gridSize=16384	float2	1003.23	2870.74	done!
blockSize=512	gridSize=16384	float4	789.662	3647.13	done!
blockSize=512	gridSize=16384	float8	797.523	3611.18	done!
blockSize=512	gridSize=16384	float16	884.1	3257.55	done!
blockSize=1024	gridSize=256	float1	1062.66	2710.18	done!
blockSize=1024	gridSize=256	float2	1046.68	2751.54	done!
blockSize=1024	gridSize=256	float4	826.63	3484.03	done!
blockSize=1024	gridSize=256	float8	833.508	3455.27	done!
blockSize=1024	gridSize=256	float16	802.129	3590.44	done!
blockSize=1024	gridSize=512	float1	1020.99	2820.79	done!
blockSize=1024	gridSize=512	float2	1021.34	2819.82	done!
blockSize=1024	gridSize=512	float4	799.276	3603.26	done!
blockSize=1024	gridSize=512	float8	813.225	3541.45	done!
blockSize=1024	gridSize=512	float16	787.137	3658.83	done!
blockSize=1024	gridSize=1024	float1	1017.42	2830.68	done!
blockSize=1024	gridSize=1024	float2	1017.43	2830.67	done!
blockSize=1024	gridSize=1024	float4	793.664	3628.74	done!
blockSize=1024	gridSize=1024	float8	798.073	3608.69	done!
blockSize=1024	gridSize=1024	float16	779.357	3695.35	done!
blockSize=1024	gridSize=2048	float1	1004.74	2866.4	done!
blockSize=1024	gridSize=2048	float2	1004.74	2866.42	done!
blockSize=1024	gridSize=2048	float4	787.352	3657.83	done!
blockSize=1024	gridSize=2048	float8	790.455	3643.47	done!
blockSize=1024	gridSize=2048	float16	777.609	3703.66	done!
blockSize=1024	gridSize=4096	float1	1004.58	2866.87	done!
blockSize=1024	gridSize=4096	float2	1004.72	2866.48	done!
blockSize=1024	gridSize=4096	float4	787.4	3657.61	done!
blockSize=1024	gridSize=4096	float8	788.877	3650.76	done!
blockSize=1024	gridSize=4096	float16	774.866	3716.77	done!
blockSize=1024	gridSize=8192	float1	1004.02	2868.47	done!
blockSize=1024	gridSize=8192	float2	1002.96	2871.5	done!
blockSize=1024	gridSize=8192	float4	787.361	3657.79	done!
blockSize=1024	gridSize=8192	float8	787.57	3656.82	done!
blockSize=1024	gridSize=8192	float16	775.984	3711.42	done!
blockSize=1024	gridSize=16384	float1	1003.24	2870.71	done!
blockSize=1024	gridSize=16384	float2	1002.67	2872.32	done!
blockSize=1024	gridSize=16384	float4	787.302	3658.06	done!
blockSize=1024	gridSize=16384	float8	787.113	3658.94	done!
blockSize=1024	gridSize=16384	float16	775.969	3711.49	done!

----------- Original ------------
# 64	256	float1	2085.99	1380.64
# 64	256	float2	1474.65	1953.01
# 64	256	float4	1159.77	2483.25
# 64	256	float8	1562.14	1843.63
# 64	256	float16	1480.05	1945.88
# 64	512	float1	1566.04	1839.03
# 64	512	float2	1262.32	2281.52
# 64	512	float4	1075.77	2677.14
# 64	512	float8	1169.89	2461.78
# 64	512	float16	1247.43	2308.74
# 64	1024	float1	1325.14	2173.35
# 64	1024	float2	1147.03	2510.82
# 64	1024	float4	937.256	3072.8
# 64	1024	float8	996.048	2891.43
# 64	1024	float16	1137.23	2532.46
# 64	2048	float1	1210.73	2378.73
# 64	2048	float2	1047.48	2749.46
# 64	2048	float4	850.975	3384.35
# 64	2048	float8	907.068	3175.07
# 64	2048	float16	1036.76	2777.88
# 64	4096	float1	1175.06	2450.94
# 64	4096	float2	1022.24	2817.35
# 64	4096	float4	830.317	3468.56
# 64	4096	float8	882.755	3262.51
# 64	4096	float16	1010.68	2849.57
# 64	8192	float1	1159.58	2483.65
# 64	8192	float2	1011.25	2847.95
# 64	8192	float4	821.837	3504.34
# 64	8192	float8	876.872	3284.4
# 64	8192	float16	998.607	2884.02
# 64	16384	float1	1146.95	2511
# 64	16384	float2	1005.72	2863.61
# 64	16384	float4	818.434	3518.91
# 64	16384	float8	869.1	3313.77
# 64	16384	float16	993.233	2899.62
# 128	256	float1	1439.87	2000.18
# 128	256	float2	1262.18	2281.76
# 128	256	float4	1061.13	2714.09
# 128	256	float8	1521.91	1892.36
# 128	256	float16	1369.65	2102.73
# 128	512	float1	1235.21	2331.59
# 128	512	float2	1232.85	2336.04
# 128	512	float4	1014.32	2839.35
# 128	512	float8	1154.66	2494.23
# 128	512	float16	1065.19	2703.75
# 128	1024	float1	1148.43	2507.78
# 128	1024	float2	1146.99	2510.91
# 128	1024	float4	918.07	3137.01
# 128	1024	float8	967.596	2976.45
# 128	1024	float16	1054.5	2731.14
# 128	2048	float1	1046.75	2751.37
# 128	2048	float2	1046.45	2752.16
# 128	2048	float4	832.061	3461.29
# 128	2048	float8	889.711	3237.01
# 128	2048	float16	1042.31	2763.1
# 128	4096	float1	1021.56	2819.22
# 128	4096	float2	1021.33	2819.86
# 128	4096	float4	811.094	3550.76
# 128	4096	float8	867.067	3321.54
# 128	4096	float16	1016.89	2832.16
# 128	8192	float1	1008.7	2855.16
# 128	8192	float2	1008.39	2856.04
# 128	8192	float4	804.947	3577.88
# 128	8192	float8	855.735	3365.53
# 128	8192	float16	1006.53	2861.33
# 128	16384	float1	1005.09	2865.41
# 128	16384	float2	1003.77	2869.2
# 128	16384	float4	799.753	3601.11
# 128	16384	float8	853.1	3375.92
# 128	16384	float16	1003.33	2870.46
# 256	256	float1	1262.66	2280.89
# 256	256	float2	1260.98	2283.93
# 256	256	float4	1012.87	2843.4
# 256	256	float8	1135.65	2536
# 256	256	float16	1028.79	2799.4
# 256	512	float1	1148.11	2508.48
# 256	512	float2	1146.81	2511.32
# 256	512	float4	916.122	3143.68
# 256	512	float8	952.898	3022.36
# 256	512	float16	1018.02	2829.03
# 256	1024	float1	1046.54	2751.93
# 256	1024	float2	1046.41	2752.26
# 256	1024	float4	830.756	3466.72
# 256	1024	float8	868.556	3315.85
# 256	1024	float16	1003.38	2870.29
# 256	2048	float1	1021.3	2819.94
# 256	2048	float2	1021.22	2820.17
# 256	2048	float4	810.097	3555.13
# 256	2048	float8	848.088	3395.87
# 256	2048	float16	984.45	2925.49
# 256	4096	float1	1010.27	2850.71
# 256	4096	float2	1010.09	2851.23
# 256	4096	float4	802.458	3588.97
# 256	4096	float8	835.713	3446.16
# 256	4096	float16	968.51	2973.64
# 256	8192	float1	1004.93	2865.87
# 256	8192	float2	1004.59	2866.84
# 256	8192	float4	798.95	3604.73
# 256	8192	float8	832.487	3459.51
# 256	8192	float16	963.007	2990.63
# 256	16384	float1	1004.75	2866.39
# 256	16384	float2	1003.68	2869.43
# 256	16384	float4	798.169	3608.26
# 256	16384	float8	833.006	3457.36
# 256	16384	float16	962.027	2993.68
# 512	256	float1	1148.03	2508.65
# 512	256	float2	1146.86	2511.2
# 512	256	float4	908.916	3168.61
# 512	256	float8	925.462	3111.96
# 512	256	float16	960.262	2999.18
# 512	512	float1	1046.37	2752.39
# 512	512	float2	1046.58	2751.83
# 512	512	float4	831.741	3462.62
# 512	512	float8	842.151	3419.82
# 512	512	float16	939.535	3065.35
# 512	1024	float1	1021.13	2820.4
# 512	1024	float2	1021.27	2820.03
# 512	1024	float4	813.773	3539.07
# 512	1024	float8	816.927	3525.41
# 512	1024	float16	918.485	3135.6
# 512	2048	float1	1010.2	2850.91
# 512	2048	float2	1010.3	2850.65
# 512	2048	float4	796.118	3617.55
# 512	2048	float8	808.887	3560.45
# 512	2048	float16	907.62	3173.14
# 512	4096	float1	1004.72	2866.47
# 512	4096	float2	1004.6	2866.81
# 512	4096	float4	789.185	3649.33
# 512	4096	float8	800.828	3596.28
# 512	4096	float16	899.328	3202.39
# 512	8192	float1	1004.58	2866.88
# 512	8192	float2	1004.48	2867.16
# 512	8192	float4	788.471	3652.64
# 512	8192	float8	799.205	3603.58
# 512	8192	float16	891.143	3231.81
# 512	16384	float1	1003.74	2869.27
# 512	16384	float2	1003.23	2870.74
# 512	16384	float4	789.662	3647.13
# 512	16384	float8	797.523	3611.18
# 512	16384	float16	884.1	3257.55
# 1024	256	float1	1062.66	2710.18
# 1024	256	float2	1046.68	2751.54
# 1024	256	float4	826.63	3484.03
# 1024	256	float8	833.508	3455.27
# 1024	256	float16	802.129	3590.44
# 1024	512	float1	1020.99	2820.79
# 1024	512	float2	1021.34	2819.82
# 1024	512	float4	799.276	3603.26
# 1024	512	float8	813.225	3541.45
# 1024	512	float16	787.137	3658.83
# 1024	1024	float1	1017.42	2830.68
# 1024	1024	float2	1017.43	2830.67
# 1024	1024	float4	793.664	3628.74
# 1024	1024	float8	798.073	3608.69
# 1024	1024	float16	779.357	3695.35
# 1024	2048	float1	1004.74	2866.4
# 1024	2048	float2	1004.74	2866.42
# 1024	2048	float4	787.352	3657.83
# 1024	2048	float8	790.455	3643.47
# 1024	2048	float16	777.609	3703.66
# 1024	4096	float1	1004.58	2866.87
# 1024	4096	float2	1004.72	2866.48
# 1024	4096	float4	787.4	3657.61
# 1024	4096	float8	788.877	3650.76
# 1024	4096	float16	774.866	3716.77
# 1024	8192	float1	1004.02	2868.47
# 1024	8192	float2	1002.96	2871.5
# 1024	8192	float4	787.361	3657.79
# 1024	8192	float8	787.57	3656.82
# 1024	8192	float16	775.984	3711.42
# 1024	16384	float1	1003.24	2870.71
# 1024	16384	float2	1002.67	2872.32
# 1024	16384	float4	787.302	3658.06
# 1024	16384	float8	787.113	3658.94
# 1024	16384	float16	775.969	3711.49

----------- Aggregated at vec_size ------------
# float1	64	256	2085.99	1380.64
# float1	64	512	1566.04	1839.03
# float1	64	1024	1325.14	2173.35
# float1	64	2048	1210.73	2378.73
# float1	64	4096	1175.06	2450.94
# float1	64	8192	1159.58	2483.65
# float1	64	16384	1146.95	2511
# float1	128	256	1439.87	2000.18
# float1	128	512	1235.21	2331.59
# float1	128	1024	1148.43	2507.78
# float1	128	2048	1046.75	2751.37
# float1	128	4096	1021.56	2819.22
# float1	128	8192	1008.7	2855.16
# float1	128	16384	1005.09	2865.41
# float1	256	256	1262.66	2280.89
# float1	256	512	1148.11	2508.48
# float1	256	1024	1046.54	2751.93
# float1	256	2048	1021.3	2819.94
# float1	256	4096	1010.27	2850.71
# float1	256	8192	1004.93	2865.87
# float1	256	16384	1004.75	2866.39
# float1	512	256	1148.03	2508.65
# float1	512	512	1046.37	2752.39
# float1	512	1024	1021.13	2820.4
# float1	512	2048	1010.2	2850.91
# float1	512	4096	1004.72	2866.47
# float1	512	8192	1004.58	2866.88
# float1	512	16384	1003.74	2869.27
# float1	1024	256	1062.66	2710.18
# float1	1024	512	1020.99	2820.79
# float1	1024	1024	1017.42	2830.68
# float1	1024	2048	1004.74	2866.4
# float1	1024	4096	1004.58	2866.87
# float1	1024	8192	1004.02	2868.47
# float1	1024	16384	1003.24	2870.71

summary: float1	1003.24	2870.71	1024	16384
--------------------------------------------
# float2	64	256	1474.65	1953.01
# float2	64	512	1262.32	2281.52
# float2	64	1024	1147.03	2510.82
# float2	64	2048	1047.48	2749.46
# float2	64	4096	1022.24	2817.35
# float2	64	8192	1011.25	2847.95
# float2	64	16384	1005.72	2863.61
# float2	128	256	1262.18	2281.76
# float2	128	512	1232.85	2336.04
# float2	128	1024	1146.99	2510.91
# float2	128	2048	1046.45	2752.16
# float2	128	4096	1021.33	2819.86
# float2	128	8192	1008.39	2856.04
# float2	128	16384	1003.77	2869.2
# float2	256	256	1260.98	2283.93
# float2	256	512	1146.81	2511.32
# float2	256	1024	1046.41	2752.26
# float2	256	2048	1021.22	2820.17
# float2	256	4096	1010.09	2851.23
# float2	256	8192	1004.59	2866.84
# float2	256	16384	1003.68	2869.43
# float2	512	256	1146.86	2511.2
# float2	512	512	1046.58	2751.83
# float2	512	1024	1021.27	2820.03
# float2	512	2048	1010.3	2850.65
# float2	512	4096	1004.6	2866.81
# float2	512	8192	1004.48	2867.16
# float2	512	16384	1003.23	2870.74
# float2	1024	256	1046.68	2751.54
# float2	1024	512	1021.34	2819.82
# float2	1024	1024	1017.43	2830.67
# float2	1024	2048	1004.74	2866.42
# float2	1024	4096	1004.72	2866.48
# float2	1024	8192	1002.96	2871.5
# float2	1024	16384	1002.67	2872.32

summary: float2	1002.67	2872.32	1024	16384
--------------------------------------------
# float4	64	256	1159.77	2483.25
# float4	64	512	1075.77	2677.14
# float4	64	1024	937.256	3072.8
# float4	64	2048	850.975	3384.35
# float4	64	4096	830.317	3468.56
# float4	64	8192	821.837	3504.34
# float4	64	16384	818.434	3518.91
# float4	128	256	1061.13	2714.09
# float4	128	512	1014.32	2839.35
# float4	128	1024	918.07	3137.01
# float4	128	2048	832.061	3461.29
# float4	128	4096	811.094	3550.76
# float4	128	8192	804.947	3577.88
# float4	128	16384	799.753	3601.11
# float4	256	256	1012.87	2843.4
# float4	256	512	916.122	3143.68
# float4	256	1024	830.756	3466.72
# float4	256	2048	810.097	3555.13
# float4	256	4096	802.458	3588.97
# float4	256	8192	798.95	3604.73
# float4	256	16384	798.169	3608.26
# float4	512	256	908.916	3168.61
# float4	512	512	831.741	3462.62
# float4	512	1024	813.773	3539.07
# float4	512	2048	796.118	3617.55
# float4	512	4096	789.185	3649.33
# float4	512	8192	788.471	3652.64
# float4	512	16384	789.662	3647.13
# float4	1024	256	826.63	3484.03
# float4	1024	512	799.276	3603.26
# float4	1024	1024	793.664	3628.74
# float4	1024	2048	787.352	3657.83
# float4	1024	4096	787.4	3657.61
# float4	1024	8192	787.361	3657.79
# float4	1024	16384	787.302	3658.06

summary: float4	787.302	3658.06	1024	16384
--------------------------------------------
# float8	64	256	1562.14	1843.63
# float8	64	512	1169.89	2461.78
# float8	64	1024	996.048	2891.43
# float8	64	2048	907.068	3175.07
# float8	64	4096	882.755	3262.51
# float8	64	8192	876.872	3284.4
# float8	64	16384	869.1	3313.77
# float8	128	256	1521.91	1892.36
# float8	128	512	1154.66	2494.23
# float8	128	1024	967.596	2976.45
# float8	128	2048	889.711	3237.01
# float8	128	4096	867.067	3321.54
# float8	128	8192	855.735	3365.53
# float8	128	16384	853.1	3375.92
# float8	256	256	1135.65	2536
# float8	256	512	952.898	3022.36
# float8	256	1024	868.556	3315.85
# float8	256	2048	848.088	3395.87
# float8	256	4096	835.713	3446.16
# float8	256	8192	832.487	3459.51
# float8	256	16384	833.006	3457.36
# float8	512	256	925.462	3111.96
# float8	512	512	842.151	3419.82
# float8	512	1024	816.927	3525.41
# float8	512	2048	808.887	3560.45
# float8	512	4096	800.828	3596.28
# float8	512	8192	799.205	3603.58
# float8	512	16384	797.523	3611.18
# float8	1024	256	833.508	3455.27
# float8	1024	512	813.225	3541.45
# float8	1024	1024	798.073	3608.69
# float8	1024	2048	790.455	3643.47
# float8	1024	4096	788.877	3650.76
# float8	1024	8192	787.57	3656.82
# float8	1024	16384	787.113	3658.94

summary: float8	787.113	3658.94	1024	16384
--------------------------------------------
# float16	64	256	1480.05	1945.88
# float16	64	512	1247.43	2308.74
# float16	64	1024	1137.23	2532.46
# float16	64	2048	1036.76	2777.88
# float16	64	4096	1010.68	2849.57
# float16	64	8192	998.607	2884.02
# float16	64	16384	993.233	2899.62
# float16	128	256	1369.65	2102.73
# float16	128	512	1065.19	2703.75
# float16	128	1024	1054.5	2731.14
# float16	128	2048	1042.31	2763.1
# float16	128	4096	1016.89	2832.16
# float16	128	8192	1006.53	2861.33
# float16	128	16384	1003.33	2870.46
# float16	256	256	1028.79	2799.4
# float16	256	512	1018.02	2829.03
# float16	256	1024	1003.38	2870.29
# float16	256	2048	984.45	2925.49
# float16	256	4096	968.51	2973.64
# float16	256	8192	963.007	2990.63
# float16	256	16384	962.027	2993.68
# float16	512	256	960.262	2999.18
# float16	512	512	939.535	3065.35
# float16	512	1024	918.485	3135.6
# float16	512	2048	907.62	3173.14
# float16	512	4096	899.328	3202.39
# float16	512	8192	891.143	3231.81
# float16	512	16384	884.1	3257.55
# float16	1024	256	802.129	3590.44
# float16	1024	512	787.137	3658.83
# float16	1024	1024	779.357	3695.35
# float16	1024	2048	777.609	3703.66
# float16	1024	4096	774.866	3716.77
# float16	1024	8192	775.984	3711.42
# float16	1024	16384	775.969	3711.49

summary: float16	774.866	3716.77	1024	4096
--------------------------------------------

----------- Aggregated at block & grid size ------------
# 64	256	float1	2085.99	1380.64
# 64	256	float2	1474.65	1953.01
# 64	256	float4	1159.77	2483.25
# 64	256	float8	1562.14	1843.63
# 64	256	float16	1480.05	1945.88

summary: 64	256	1159.77	2483.25	float4
--------------------------------------------
# 64	512	float1	1566.04	1839.03
# 64	512	float2	1262.32	2281.52
# 64	512	float4	1075.77	2677.14
# 64	512	float8	1169.89	2461.78
# 64	512	float16	1247.43	2308.74

summary: 64	512	1075.77	2677.14	float4
--------------------------------------------
# 64	1024	float1	1325.14	2173.35
# 64	1024	float2	1147.03	2510.82
# 64	1024	float4	937.256	3072.8
# 64	1024	float8	996.048	2891.43
# 64	1024	float16	1137.23	2532.46

summary: 64	1024	937.256	3072.8	float4
--------------------------------------------
# 64	2048	float1	1210.73	2378.73
# 64	2048	float2	1047.48	2749.46
# 64	2048	float4	850.975	3384.35
# 64	2048	float8	907.068	3175.07
# 64	2048	float16	1036.76	2777.88

summary: 64	2048	850.975	3384.35	float4
--------------------------------------------
# 64	4096	float1	1175.06	2450.94
# 64	4096	float2	1022.24	2817.35
# 64	4096	float4	830.317	3468.56
# 64	4096	float8	882.755	3262.51
# 64	4096	float16	1010.68	2849.57

summary: 64	4096	830.317	3468.56	float4
--------------------------------------------
# 64	8192	float1	1159.58	2483.65
# 64	8192	float2	1011.25	2847.95
# 64	8192	float4	821.837	3504.34
# 64	8192	float8	876.872	3284.4
# 64	8192	float16	998.607	2884.02

summary: 64	8192	821.837	3504.34	float4
--------------------------------------------
# 64	16384	float1	1146.95	2511
# 64	16384	float2	1005.72	2863.61
# 64	16384	float4	818.434	3518.91
# 64	16384	float8	869.1	3313.77
# 64	16384	float16	993.233	2899.62

summary: 64	16384	818.434	3518.91	float4
--------------------------------------------
# 128	256	float1	1439.87	2000.18
# 128	256	float2	1262.18	2281.76
# 128	256	float4	1061.13	2714.09
# 128	256	float8	1521.91	1892.36
# 128	256	float16	1369.65	2102.73

summary: 128	256	1061.13	2714.09	float4
--------------------------------------------
# 128	512	float1	1235.21	2331.59
# 128	512	float2	1232.85	2336.04
# 128	512	float4	1014.32	2839.35
# 128	512	float8	1154.66	2494.23
# 128	512	float16	1065.19	2703.75

summary: 128	512	1014.32	2839.35	float4
--------------------------------------------
# 128	1024	float1	1148.43	2507.78
# 128	1024	float2	1146.99	2510.91
# 128	1024	float4	918.07	3137.01
# 128	1024	float8	967.596	2976.45
# 128	1024	float16	1054.5	2731.14

summary: 128	1024	918.07	3137.01	float4
--------------------------------------------
# 128	2048	float1	1046.75	2751.37
# 128	2048	float2	1046.45	2752.16
# 128	2048	float4	832.061	3461.29
# 128	2048	float8	889.711	3237.01
# 128	2048	float16	1042.31	2763.1

summary: 128	2048	832.061	3461.29	float4
--------------------------------------------
# 128	4096	float1	1021.56	2819.22
# 128	4096	float2	1021.33	2819.86
# 128	4096	float4	811.094	3550.76
# 128	4096	float8	867.067	3321.54
# 128	4096	float16	1016.89	2832.16

summary: 128	4096	811.094	3550.76	float4
--------------------------------------------
# 128	8192	float1	1008.7	2855.16
# 128	8192	float2	1008.39	2856.04
# 128	8192	float4	804.947	3577.88
# 128	8192	float8	855.735	3365.53
# 128	8192	float16	1006.53	2861.33

summary: 128	8192	804.947	3577.88	float4
--------------------------------------------
# 128	16384	float1	1005.09	2865.41
# 128	16384	float2	1003.77	2869.2
# 128	16384	float4	799.753	3601.11
# 128	16384	float8	853.1	3375.92
# 128	16384	float16	1003.33	2870.46

summary: 128	16384	799.753	3601.11	float4
--------------------------------------------
# 256	256	float1	1262.66	2280.89
# 256	256	float2	1260.98	2283.93
# 256	256	float4	1012.87	2843.4
# 256	256	float8	1135.65	2536
# 256	256	float16	1028.79	2799.4

summary: 256	256	1012.87	2843.4	float4
--------------------------------------------
# 256	512	float1	1148.11	2508.48
# 256	512	float2	1146.81	2511.32
# 256	512	float4	916.122	3143.68
# 256	512	float8	952.898	3022.36
# 256	512	float16	1018.02	2829.03

summary: 256	512	916.122	3143.68	float4
--------------------------------------------
# 256	1024	float1	1046.54	2751.93
# 256	1024	float2	1046.41	2752.26
# 256	1024	float4	830.756	3466.72
# 256	1024	float8	868.556	3315.85
# 256	1024	float16	1003.38	2870.29

summary: 256	1024	830.756	3466.72	float4
--------------------------------------------
# 256	2048	float1	1021.3	2819.94
# 256	2048	float2	1021.22	2820.17
# 256	2048	float4	810.097	3555.13
# 256	2048	float8	848.088	3395.87
# 256	2048	float16	984.45	2925.49

summary: 256	2048	810.097	3555.13	float4
--------------------------------------------
# 256	4096	float1	1010.27	2850.71
# 256	4096	float2	1010.09	2851.23
# 256	4096	float4	802.458	3588.97
# 256	4096	float8	835.713	3446.16
# 256	4096	float16	968.51	2973.64

summary: 256	4096	802.458	3588.97	float4
--------------------------------------------
# 256	8192	float1	1004.93	2865.87
# 256	8192	float2	1004.59	2866.84
# 256	8192	float4	798.95	3604.73
# 256	8192	float8	832.487	3459.51
# 256	8192	float16	963.007	2990.63

summary: 256	8192	798.95	3604.73	float4
--------------------------------------------
# 256	16384	float1	1004.75	2866.39
# 256	16384	float2	1003.68	2869.43
# 256	16384	float4	798.169	3608.26
# 256	16384	float8	833.006	3457.36
# 256	16384	float16	962.027	2993.68

summary: 256	16384	798.169	3608.26	float4
--------------------------------------------
# 512	256	float1	1148.03	2508.65
# 512	256	float2	1146.86	2511.2
# 512	256	float4	908.916	3168.61
# 512	256	float8	925.462	3111.96
# 512	256	float16	960.262	2999.18

summary: 512	256	908.916	3168.61	float4
--------------------------------------------
# 512	512	float1	1046.37	2752.39
# 512	512	float2	1046.58	2751.83
# 512	512	float4	831.741	3462.62
# 512	512	float8	842.151	3419.82
# 512	512	float16	939.535	3065.35

summary: 512	512	831.741	3462.62	float4
--------------------------------------------
# 512	1024	float1	1021.13	2820.4
# 512	1024	float2	1021.27	2820.03
# 512	1024	float4	813.773	3539.07
# 512	1024	float8	816.927	3525.41
# 512	1024	float16	918.485	3135.6

summary: 512	1024	813.773	3539.07	float4
--------------------------------------------
# 512	2048	float1	1010.2	2850.91
# 512	2048	float2	1010.3	2850.65
# 512	2048	float4	796.118	3617.55
# 512	2048	float8	808.887	3560.45
# 512	2048	float16	907.62	3173.14

summary: 512	2048	796.118	3617.55	float4
--------------------------------------------
# 512	4096	float1	1004.72	2866.47
# 512	4096	float2	1004.6	2866.81
# 512	4096	float4	789.185	3649.33
# 512	4096	float8	800.828	3596.28
# 512	4096	float16	899.328	3202.39

summary: 512	4096	789.185	3649.33	float4
--------------------------------------------
# 512	8192	float1	1004.58	2866.88
# 512	8192	float2	1004.48	2867.16
# 512	8192	float4	788.471	3652.64
# 512	8192	float8	799.205	3603.58
# 512	8192	float16	891.143	3231.81

summary: 512	8192	788.471	3652.64	float4
--------------------------------------------
# 512	16384	float1	1003.74	2869.27
# 512	16384	float2	1003.23	2870.74
# 512	16384	float4	789.662	3647.13
# 512	16384	float8	797.523	3611.18
# 512	16384	float16	884.1	3257.55

summary: 512	16384	789.662	3647.13	float4
--------------------------------------------
# 1024	256	float1	1062.66	2710.18
# 1024	256	float2	1046.68	2751.54
# 1024	256	float4	826.63	3484.03
# 1024	256	float8	833.508	3455.27
# 1024	256	float16	802.129	3590.44

summary: 1024	256	802.129	3590.44	float16
--------------------------------------------
# 1024	512	float1	1020.99	2820.79
# 1024	512	float2	1021.34	2819.82
# 1024	512	float4	799.276	3603.26
# 1024	512	float8	813.225	3541.45
# 1024	512	float16	787.137	3658.83

summary: 1024	512	787.137	3658.83	float16
--------------------------------------------
# 1024	1024	float1	1017.42	2830.68
# 1024	1024	float2	1017.43	2830.67
# 1024	1024	float4	793.664	3628.74
# 1024	1024	float8	798.073	3608.69
# 1024	1024	float16	779.357	3695.35

summary: 1024	1024	779.357	3695.35	float16
--------------------------------------------
# 1024	2048	float1	1004.74	2866.4
# 1024	2048	float2	1004.74	2866.42
# 1024	2048	float4	787.352	3657.83
# 1024	2048	float8	790.455	3643.47
# 1024	2048	float16	777.609	3703.66

summary: 1024	2048	777.609	3703.66	float16
--------------------------------------------
# 1024	4096	float1	1004.58	2866.87
# 1024	4096	float2	1004.72	2866.48
# 1024	4096	float4	787.4	3657.61
# 1024	4096	float8	788.877	3650.76
# 1024	4096	float16	774.866	3716.77

summary: 1024	4096	774.866	3716.77	float16
--------------------------------------------
# 1024	8192	float1	1004.02	2868.47
# 1024	8192	float2	1002.96	2871.5
# 1024	8192	float4	787.361	3657.79
# 1024	8192	float8	787.57	3656.82
# 1024	8192	float16	775.984	3711.42

summary: 1024	8192	775.984	3711.42	float16
--------------------------------------------
# 1024	16384	float1	1003.24	2870.71
# 1024	16384	float2	1002.67	2872.32
# 1024	16384	float4	787.302	3658.06
# 1024	16384	float8	787.113	3658.94
# 1024	16384	float16	775.969	3711.49

summary: 1024	16384	775.969	3711.49	float16
--------------------------------------------
Time for VPU: 774.866 ms.	BlockSize: 1024	GridSize: 4096	VecSize: 16	Bandwidth: 3716.77GFLOPS
