
Starting to launch opencl_compare...
Fast run...
Data size: 1000
/ghome/zlai/workspace/opencl_study/opencl/bin/executor: /usr/local/cuda/lib64/libOpenCL.so.1: no version information available (required by /ghome/zlai/workspace/opencl_study/opencl/bin/executor)
/ghome/zlai/workspace/opencl_study/opencl/bin/executor: /usr/local/cuda/lib64/libOpenCL.so.1: no version information available (required by /ghome/zlai/workspace/opencl_study/opencl/bin/executor)

Detection mode: All
------ Start hardware checking ------
Platform: NVIDIA CUDA
Number of devices: 2
	Computing device 0 : Tesla K40m
	Computing device 1 : Tesla K40m
Please enter the index of the device to use (0,1,2...) : Selected device: Tesla K40m
------ End of hardware checking ------

Data size : 1073741824 (4096MB)
Case: wg_seq(in+out).
	DS/WG:8KB gs:524288 Time: 44.9256 ms.	Throughput: 178.072 GB/s
	DS/WG:16KB gs:262144 Time: 43.1497 ms.	Throughput: 185.401 GB/s
	DS/WG:32KB gs:131072 Time: 42.7329 ms.	Throughput: 187.209 GB/s
	DS/WG:64KB gs:65536 Time: 42.5157 ms.	Throughput: 188.166 GB/s
	DS/WG:128KB gs:32768 Time: 42.4982 ms.	Throughput: 188.243 GB/s
	DS/WG:256KB gs:16384 Time: 42.6191 ms.	Throughput: 187.709 GB/s
	DS/WG:512KB gs:8192 Time: 44.1866 ms.	Throughput: 181.05 GB/s
	DS/WG:1024KB gs:4096 Time: 45.5793 ms.	Throughput: 175.518 GB/s
	DS/WG:2048KB gs:2048 Time: 45.5847 ms.	Throughput: 175.498 GB/s
	DS/WG:4096KB gs:1024 Time: 45.4741 ms.	Throughput: 175.924 GB/s
	DS/WG:8192KB gs:512 Time: 47.1846 ms.	Throughput: 169.547 GB/s
Case: wg_seq(in only).
	DS/WG:8KB gs:524288 Time: 44.8025 ms.	Throughput: 178.562 GB/s
	DS/WG:16KB gs:262144 Time: 42.0288 ms.	Throughput: 190.346 GB/s
	DS/WG:32KB gs:131072 Time: 41.256 ms.	Throughput: 193.911 GB/s
	DS/WG:64KB gs:65536 Time: 41.247 ms.	Throughput: 193.953 GB/s
	DS/WG:128KB gs:32768 Time: 41.6627 ms.	Throughput: 192.018 GB/s
	DS/WG:256KB gs:16384 Time: 42.0415 ms.	Throughput: 190.288 GB/s
	DS/WG:512KB gs:8192 Time: 43.5782 ms.	Throughput: 183.578 GB/s
	DS/WG:1024KB gs:4096 Time: 44.9092 ms.	Throughput: 178.137 GB/s
	DS/WG:2048KB gs:2048 Time: 45.046 ms.	Throughput: 177.596 GB/s
	DS/WG:4096KB gs:1024 Time: 45.1078 ms.	Throughput: 177.353 GB/s
	DS/WG:8192KB gs:512 Time: 45.4567 ms.	Throughput: 175.992 GB/s
Case: wg_random(in+out).
	DS/WG:8KB gs:524288 Time: 52.7597 ms.	Throughput: 151.631 GB/s
	DS/WG:16KB gs:262144 Time: 47.4683 ms.	Throughput: 168.534 GB/s
	DS/WG:32KB gs:131072 Time: 43.0479 ms.	Throughput: 185.839 GB/s
	DS/WG:64KB gs:65536 Time: 42.9925 ms.	Throughput: 186.079 GB/s
	DS/WG:128KB gs:32768 Time: 42.677 ms.	Throughput: 187.455 GB/s
	DS/WG:256KB gs:16384 Time: 42.9702 ms.	Throughput: 186.176 GB/s
	DS/WG:512KB gs:8192 Time: 44.5204 ms.	Throughput: 179.693 GB/s
	DS/WG:1024KB gs:4096 Time: 45.7672 ms.	Throughput: 174.798 GB/s
	DS/WG:2048KB gs:2048 Time: 45.776 ms.	Throughput: 174.764 GB/s
	DS/WG:4096KB gs:1024 Time: 45.6987 ms.	Throughput: 175.06 GB/s
	DS/WG:8192KB gs:512 Time: 48.9822 ms.	Throughput: 163.325 GB/s
Case: wg_random(in only).
	DS/WG:8KB gs:524288 Time: 49.9549 ms.	Throughput: 160.145 GB/s
	DS/WG:16KB gs:262144 Time: 46.7328 ms.	Throughput: 171.186 GB/s
	DS/WG:32KB gs:131072 Time: 42.4306 ms.	Throughput: 188.543 GB/s
	DS/WG:64KB gs:65536 Time: 42.5923 ms.	Throughput: 187.827 GB/s
	DS/WG:128KB gs:32768 Time: 42.4484 ms.	Throughput: 188.464 GB/s
	DS/WG:256KB gs:16384 Time: 42.601 ms.	Throughput: 187.789 GB/s
	DS/WG:512KB gs:8192 Time: 43.946 ms.	Throughput: 182.042 GB/s
	DS/WG:1024KB gs:4096 Time: 45.11 ms.	Throughput: 177.344 GB/s
	DS/WG:2048KB gs:2048 Time: 45.3116 ms.	Throughput: 176.555 GB/s
	DS/WG:4096KB gs:1024 Time: 45.4465 ms.	Throughput: 176.031 GB/s
	DS/WG:8192KB gs:512 Time: 45.9244 ms.	Throughput: 174.199 GB/s
