
Starting to launch opencl_compare...
Fast run...
Data size: 1000

Detection mode: All
------ Start hardware checking ------
Platform: Intel(R) OpenCL
Number of devices: 2
	Computing device 0 : Intel(R) Xeon(R) CPU E5-2650 v3 @ 2.30GHz
	Computing device 1 : Intel(R) Many Integrated Core Acceleration Card
Please enter the index of the device to use (0,1,2...) : Selected device: Intel(R) Many Integrated Core Acceleration Card
------ End of hardware checking ------

Data size : 536870912 (2048MB)
Case: wg_seq(in+out).
	DS/WG:8KB gs:262144 Time: 689.82 ms.	Throughput: 5.79861 GB/s
	DS/WG:16KB gs:131072 Time: 556.865 ms.	Throughput: 7.18307 GB/s
	DS/WG:32KB gs:65536 Time: 375.362 ms.	Throughput: 10.6564 GB/s
	DS/WG:64KB gs:32768 Time: 260.716 ms.	Throughput: 15.3423 GB/s
	DS/WG:128KB gs:16384 Time: 180.605 ms.	Throughput: 22.1478 GB/s
	DS/WG:256KB gs:8192 Time: 137.286 ms.	Throughput: 29.1363 GB/s
	DS/WG:512KB gs:4096 Time: 96.5477 ms.	Throughput: 41.4303 GB/s
	DS/WG:1024KB gs:2048 Time: 68.6403 ms.	Throughput: 58.2748 GB/s
	DS/WG:2048KB gs:1024 Time: 52.3481 ms.	Throughput: 76.4115 GB/s
	DS/WG:4096KB gs:512 Time: 55.9372 ms.	Throughput: 71.5087 GB/s
	DS/WG:8192KB gs:256 Time: 73.2945 ms.	Throughput: 54.5743 GB/s
Case: wg_seq(in only).
	DS/WG:8KB gs:262144 Time: 319.907 ms.	Throughput: 12.5036 GB/s
	DS/WG:16KB gs:131072 Time: 220.178 ms.	Throughput: 18.1672 GB/s
	DS/WG:32KB gs:65536 Time: 158.449 ms.	Throughput: 25.2448 GB/s
	DS/WG:64KB gs:32768 Time: 116.103 ms.	Throughput: 34.4521 GB/s
	DS/WG:128KB gs:16384 Time: 99.3118 ms.	Throughput: 40.2772 GB/s
	DS/WG:256KB gs:8192 Time: 81.9841 ms.	Throughput: 48.7899 GB/s
	DS/WG:512KB gs:4096 Time: 64.0954 ms.	Throughput: 62.4069 GB/s
	DS/WG:1024KB gs:2048 Time: 44.2212 ms.	Throughput: 90.4544 GB/s
	DS/WG:2048KB gs:1024 Time: 34.2725 ms.	Throughput: 116.712 GB/s
	DS/WG:4096KB gs:512 Time: 38.7037 ms.	Throughput: 103.349 GB/s
	DS/WG:8192KB gs:256 Time: 52.1902 ms.	Throughput: 76.6428 GB/s
Case: wg_random(in+out).
	DS/WG:8KB gs:262144 Time: 75.504 ms.	Throughput: 52.9773 GB/s
	DS/WG:16KB gs:131072 Time: 69.9793 ms.	Throughput: 57.1597 GB/s
	DS/WG:32KB gs:65536 Time: 70.026 ms.	Throughput: 57.1216 GB/s
	DS/WG:64KB gs:32768 Time: 73.4539 ms.	Throughput: 54.4559 GB/s
	DS/WG:128KB gs:16384 Time: 72.4953 ms.	Throughput: 55.176 GB/s
	DS/WG:256KB gs:8192 Time: 68.2638 ms.	Throughput: 58.5962 GB/s
	DS/WG:512KB gs:4096 Time: 63.286 ms.	Throughput: 63.2052 GB/s
	DS/WG:1024KB gs:2048 Time: 56.8648 ms.	Throughput: 70.3423 GB/s
	DS/WG:2048KB gs:1024 Time: 52.5048 ms.	Throughput: 76.1835 GB/s
	DS/WG:4096KB gs:512 Time: 56.5139 ms.	Throughput: 70.7791 GB/s
	DS/WG:8192KB gs:256 Time: 77.5007 ms.	Throughput: 51.6124 GB/s
Case: wg_random(in only).
	DS/WG:8KB gs:262144 Time: 58.419 ms.	Throughput: 68.4709 GB/s
	DS/WG:16KB gs:131072 Time: 52.9844 ms.	Throughput: 75.4939 GB/s
	DS/WG:32KB gs:65536 Time: 51.0413 ms.	Throughput: 78.368 GB/s
	DS/WG:64KB gs:32768 Time: 49.2549 ms.	Throughput: 81.2103 GB/s
	DS/WG:128KB gs:16384 Time: 48.522 ms.	Throughput: 82.4368 GB/s
	DS/WG:256KB gs:8192 Time: 45.8856 ms.	Throughput: 87.1733 GB/s
	DS/WG:512KB gs:4096 Time: 43.0899 ms.	Throughput: 92.8292 GB/s
	DS/WG:1024KB gs:2048 Time: 36.9152 ms.	Throughput: 108.356 GB/s
	DS/WG:2048KB gs:1024 Time: 34.7112 ms.	Throughput: 115.237 GB/s
	DS/WG:4096KB gs:512 Time: 39.8906 ms.	Throughput: 100.274 GB/s
	DS/WG:8192KB gs:256 Time: 52.3861 ms.	Throughput: 76.3561 GB/s
