
Starting to launch opencl_compare...
Fast run...
Data size: 1000

Device type: All
------ Start hardware checking ------
Platform: Intel(R) OpenCL
Number of devices: 2
	Computing device 0 : Intel(R) Xeon(R) CPU E5-2650 v3 @ 2.30GHz
	Computing device 1 : Intel(R) Many Integrated Core Acceleration Card
Please enter the index of the device to use (0,1,2...) : Selected device: Intel(R) Xeon(R) CPU E5-2650 v3 @ 2.30GHz
	Version: OpenCL 1.2 (Build 8)
	Global memory size: 62.8124 GB
	Local memory size: 32 KB
	Compute units: 40
	Maximal local_size: 8192
	Maximal memory object size: 15.7031 GB
	Global memory cache line size: 64 Byte
	Wavefront size: 8
------ End of hardware checking ------

Key-value(AOS):
Length: 33554432	Buckets: 2	Time: 41.5047 ms.(3.01171GB/s)
Length: 33554432	Buckets: 4	Time: 41.6962 ms.(2.99787GB/s)
Length: 33554432	Buckets: 8	Time: 42.781 ms.(2.92186GB/s)
Length: 33554432	Buckets: 16	Time: 44.75 ms.(2.7933GB/s)
Length: 33554432	Buckets: 32	Time: 49.6338 ms.(2.51844GB/s)
Length: 33554432	Buckets: 64	Time: 53.4225 ms.(2.33984GB/s)
Length: 33554432	Buckets: 128	Time: 57.2313 ms.(2.18412GB/s)
Length: 33554432	Buckets: 256	Time: 73.0553 ms.(1.71103GB/s)
Length: 33554432	Buckets: 512	Time: 114.484 ms.(1.09186GB/s)
Length: 33554432	Buckets: 1024	Time: 179.015 ms.(0.698265GB/s)
Length: 33554432	Buckets: 2048	Time: 286.807 ms.(0.435833GB/s)
Length: 33554432	Buckets: 4096	statusError: Failed to execute the kernel. (-5) Tag: -1
