
Starting to launch opencl_compare...
Fast run...
Data size: 1000

Device type: All
------ Start hardware checking ------
Platform: Intel(R) OpenCL
Number of devices: 2
	Computing device 0 : Intel(R) Xeon(R) CPU E5-2650 v3 @ 2.30GHz
	Computing device 1 : Intel(R) Many Integrated Core Acceleration Card
Please enter the index of the device to use (0,1,2...) : Selected device: Intel(R) Many Integrated Core Acceleration Card
	Version: OpenCL 1.2 (Build 8)
	Global memory size: 11.3622 GB
	Local memory size: 32 KB
	Compute units: 240
	Maximal local_size: 8192
	Maximal memory object size: 3.78739 GB
	Global memory cache line size: 64 Byte
	Wavefront size: 16
------ End of hardware checking ------

Key-value(AOS):
Length=33554432 Algo=2 Buckets=2 bLocal=256 bGrid=32768 Time=25.2947ms
Length=33554432 Algo=2 Buckets=4 bLocal=256 bGrid=32768 Time=25.8665ms
Length=33554432 Algo=2 Buckets=8 bLocal=256 bGrid=32768 Time=27.56ms
Length=33554432 Algo=2 Buckets=16 bLocal=16 bGrid=16384 Time=29.3909ms
Length=33554432 Algo=2 Buckets=32 bLocal=16 bGrid=16384 Time=31.0809ms
Length=33554432 Algo=2 Buckets=64 bLocal=16 bGrid=16384 Time=34.9479ms
Length=33554432 Algo=2 Buckets=128 bLocal=16 bGrid=16384 Time=42.3328ms
Length=33554432 Algo=2 Buckets=256 bLocal=16 bGrid=16384 Time=55.4592ms
Length=33554432 Algo=2 Buckets=512 bLocal=16 bGrid=16384 Time=78.9538ms
Length=33554432 Algo=2 Buckets=1024 bLocal=32 bGrid=16384 Time=127.058ms
Length=33554432 Algo=2 Buckets=2048 bLocal=32 bGrid=16384 Time=218.19ms
Length=33554432 Algo=2 Buckets=4096 bLocal=16 bGrid=32768 Time=740.325ms
